#
# A fatal error has been detected by the Java Runtime Environment:
#
#  SIGSEGV (0xb) at pc=0x00007fb37c95913d, pid=9253, tid=140410006755072
#
# JRE version: Java(TM) SE Runtime Environment (7.0_80-b15) (build 1.7.0_80-b15)
# Java VM: Java HotSpot(TM) 64-Bit Server VM (24.80-b11 mixed mode linux-amd64 compressed oops)
# Problematic frame:
# C  [libtesseract.so.3.0.4+0x1f413d]  tesseract::HistogramRect(Pix*, int, int, int, int, int, int*)+0xfd
#
# Failed to write core dump. Core dumps have been disabled. To enable core dumping, try "ulimit -c unlimited" before starting Java again
#
# If you would like to submit a bug report, please visit:
#   http://bugreport.java.com/bugreport/crash.jsp
# The crash happened outside the Java Virtual Machine in native code.
# See problematic frame for where to report the bug.
#

---------------  T H R E A D  ---------------

Current thread (0x00007fb3b800a800):  JavaThread "main" [_thread_in_native, id=9258, stack(0x00007fb3c0835000,0x00007fb3c0936000)]

siginfo:si_signo=SIGSEGV: si_errno=0, si_code=2 (SEGV_ACCERR), si_addr=0x00007fb3b936329b

Registers:
RAX=0x0000000000000001, RBX=0x00007fb3c0932c40, RCX=0x00007fb3b936329b, RDX=0x00007fb3b936329c
RSP=0x00007fb3c0932b80, RBP=0x0000000000000064, RSI=0x0000000000000004, RDI=0x00007fb3b9363298
R8 =0x00000000000000d2, R9 =0x0000000000000448, R10=0x00007fb3b8000078, R11=0x00007fb3b8000078
R12=0x0000000000000004, R13=0x00000000000000ba, R14=0x0000000000000028, R15=0x00007fb3b92e5c10
RIP=0x00007fb37c95913d, EFLAGS=0x0000000000010202, CSGSFS=0x002b000000000033, ERR=0x0000000000000004
  TRAPNO=0x000000000000000e

Top of Stack: (sp=0x00007fb3c0932b80)
0x00007fb3c0932b80:   0000011200000000 00000000000000d2
0x00007fb3c0932b90:   00007fb3c09330a8 0000000000000000
0x00007fb3c0932ba0:   00007fb3c0932c40 00007fb3c09330b0
0x00007fb3c0932bb0:   0000000000000000 00007fb3c09330a8
0x00007fb3c0932bc0:   0000000000000000 00007fb37c9593d9
0x00007fb3c0932bd0:   00007fb3c0932c40 00007fb37c959314
0x00007fb3c0932be0:   00007fb3b800b080 00007fb3b92e5c10
0x00007fb3c0932bf0:   0000000a00000004 000000640000000a
0x00007fb3c0932c00:   00007fb3c0932c38 00007fb3c0932c3c
0x00007fb3c0932c10:   00000000000000c8 0000000000000000
0x00007fb3c0932c20:   00007fb3b92e42a0 0000000000000001
0x00007fb3c0932c30:   00000000bf444259 00007fb3c0932c88
0x00007fb3c0932c40:   000000270000013b 0000002200000012
0x00007fb3c0932c50:   000000130000001e 0000002500000022
0x00007fb3c0932c60:   000000140000001a 0000001a0000001d
0x00007fb3c0932c70:   0000001100000014 0000000f00000012
0x00007fb3c0932c80:   0000001500000017 0000001600000013
0x00007fb3c0932c90:   000000170000000f 000000170000000f
0x00007fb3c0932ca0:   000000100000000d 000000100000000b
0x00007fb3c0932cb0:   0000000e0000000e 0000001100000018
0x00007fb3c0932cc0:   0000001500000011 0000000e00000018
0x00007fb3c0932cd0:   0000001000000012 0000001700000008
0x00007fb3c0932ce0:   0000001400000010 0000001200000010
0x00007fb3c0932cf0:   0000000800000009 0000000a0000000c
0x00007fb3c0932d00:   0000000900000012 0000000d0000000d
0x00007fb3c0932d10:   0000000900000010 0000000a0000000c
0x00007fb3c0932d20:   0000000d00000015 0000000900000012
0x00007fb3c0932d30:   0000001100000015 0000000e00000011
0x00007fb3c0932d40:   0000000d0000000e 0000001000000010
0x00007fb3c0932d50:   0000000f0000000e 0000000800000012
0x00007fb3c0932d60:   0000000f0000000b 0000001500000008
0x00007fb3c0932d70:   000000090000000c 000000140000000b 

Instructions: (pc=0x00007fb37c95913d)
0x00007fb37c95911d:   1f 40 00 31 c0 85 ed 48 89 fa 7e 1f 0f 1f 80 00
0x00007fb37c95912d:   00 00 00 48 89 d1 83 c0 01 48 01 f2 48 83 f1 03
0x00007fb37c95913d:   0f b6 09 83 04 8b 01 39 c5 75 e8 41 83 c5 01 4c
0x00007fb37c95914d:   01 cf 45 39 e8 75 cc 48 83 c4 18 5b 5d 41 5c 41 

Register to memory mapping:

RAX=0x0000000000000001 is an unknown value
RBX=0x00007fb3c0932c40 is pointing into the stack for thread: 0x00007fb3b800a800
RCX=0x00007fb3b936329b is an unknown value
RDX=0x00007fb3b936329c is an unknown value
RSP=0x00007fb3c0932b80 is pointing into the stack for thread: 0x00007fb3b800a800
RBP=0x0000000000000064 is an unknown value
RSI=0x0000000000000004 is an unknown value
RDI=0x00007fb3b9363298 is an unknown value
R8 =0x00000000000000d2 is an unknown value
R9 =0x0000000000000448 is an unknown value
R10=0x00007fb3b8000078 is an unknown value
R11=0x00007fb3b8000078 is an unknown value
R12=0x0000000000000004 is an unknown value
R13=0x00000000000000ba is an unknown value
R14=0x0000000000000028 is an unknown value
R15=0x00007fb3b92e5c10 is an unknown value


Stack: [0x00007fb3c0835000,0x00007fb3c0936000],  sp=0x00007fb3c0932b80,  free space=1014k
Native frames: (J=compiled Java code, j=interpreted, Vv=VM code, C=native code)
C  [libtesseract.so.3.0.4+0x1f413d]  tesseract::HistogramRect(Pix*, int, int, int, int, int, int*)+0xfd

Java frames: (J=compiled Java code, j=interpreted, Vv=VM code)
j  com.sun.jna.Native.invokePointer(JI[Ljava/lang/Object;)J+0
j  com.sun.jna.Function.invokePointer(I[Ljava/lang/Object;)Lcom/sun/jna/Pointer;+6
j  com.sun.jna.Function.invoke([Ljava/lang/Object;Ljava/lang/Class;Z)Ljava/lang/Object;+426
j  com.sun.jna.Function.invoke(Ljava/lang/Class;[Ljava/lang/Object;Ljava/util/Map;)Ljava/lang/Object;+262
j  com.sun.jna.Library$Handler.invoke(Ljava/lang/Object;Ljava/lang/reflect/Method;[Ljava/lang/Object;)Ljava/lang/Object;+316
j  com.sun.proxy.$Proxy0.TessBaseAPIGetUTF8Text(Lnet/sourceforge/tess4j/ITessAPI$TessBaseAPI;)Lcom/sun/jna/Pointer;+16
j  net.sourceforge.tess4j.Tesseract.getOCRText(Ljava/lang/String;I)Ljava/lang/String;+62
j  net.sourceforge.tess4j.Tesseract.doOCR(Ljava/util/List;Ljava/lang/String;Ljava/awt/Rectangle;)Ljava/lang/String;+69
j  net.sourceforge.tess4j.Tesseract.doOCR(Ljava/util/List;Ljava/awt/Rectangle;)Ljava/lang/String;+4
j  net.sourceforge.tess4j.Tesseract.doOCR(Ljava/awt/image/BufferedImage;Ljava/awt/Rectangle;)Ljava/lang/String;+6
j  TesseractExample.main([Ljava/lang/String;)V+68
v  ~StubRoutines::call_stub

---------------  P R O C E S S  ---------------

Java Threads: ( => current thread )
  0x00007fb3b82fc000 JavaThread "Java2D Disposer" daemon [_thread_blocked, id=9271, stack(0x00007fb3ac23c000,0x00007fb3ac33d000)]
  0x00007fb3b8099000 JavaThread "Service Thread" daemon [_thread_blocked, id=9269, stack(0x00007fb3b441f000,0x00007fb3b4520000)]
  0x00007fb3b8096800 JavaThread "C2 CompilerThread1" daemon [_thread_blocked, id=9268, stack(0x00007fb3b4520000,0x00007fb3b4621000)]
  0x00007fb3b8093800 JavaThread "C2 CompilerThread0" daemon [_thread_blocked, id=9267, stack(0x00007fb3b4621000,0x00007fb3b4722000)]
  0x00007fb3b8091800 JavaThread "Signal Dispatcher" daemon [_thread_blocked, id=9266, stack(0x00007fb3b4722000,0x00007fb3b4823000)]
  0x00007fb3b8070800 JavaThread "Finalizer" daemon [_thread_blocked, id=9265, stack(0x00007fb3b4afb000,0x00007fb3b4bfc000)]
  0x00007fb3b806e800 JavaThread "Reference Handler" daemon [_thread_blocked, id=9264, stack(0x00007fb3b4bfc000,0x00007fb3b4cfd000)]
=>0x00007fb3b800a800 JavaThread "main" [_thread_in_native, id=9258, stack(0x00007fb3c0835000,0x00007fb3c0936000)]

Other Threads:
  0x00007fb3b806a000 VMThread [stack: 0x00007fb3b4cfd000,0x00007fb3b4dfe000] [id=9263]
  0x00007fb3b80ab800 WatcherThread [stack: 0x00007fb3b431e000,0x00007fb3b441f000] [id=9270]

VM state:not at safepoint (normal execution)

VM Mutex/Monitor currently owned by a thread: None

Heap
 PSYoungGen      total 17920K, used 8296K [0x00000000ec200000, 0x00000000ed600000, 0x0000000100000000)
  eden space 15360K, 37% used [0x00000000ec200000,0x00000000ec7a0550,0x00000000ed100000)
  from space 2560K, 99% used [0x00000000ed100000,0x00000000ed379ce8,0x00000000ed380000)
  to   space 2560K, 0% used [0x00000000ed380000,0x00000000ed380000,0x00000000ed600000)
 ParOldGen       total 40448K, used 644K [0x00000000c4600000, 0x00000000c6d80000, 0x00000000ec200000)
  object space 40448K, 1% used [0x00000000c4600000,0x00000000c46a1220,0x00000000c6d80000)
 PSPermGen       total 21504K, used 9908K [0x00000000bf400000, 0x00000000c0900000, 0x00000000c4600000)
  object space 21504K, 46% used [0x00000000bf400000,0x00000000bfdad230,0x00000000c0900000)

Card table byte_map: [0x00007fb3bd90d000,0x00007fb3bdb14000] byte_map_base: 0x00007fb3bd313000

Polling page: 0x00007fb3c0954000

Code Cache  [0x00007fb3b5000000, 0x00007fb3b5270000, 0x00007fb3b8000000)
 total_blobs=359 nmethods=55 adapters=257 free_code_cache=48572Kb largest_free_block=49708608

Compilation events (10 events):
Event: 0.813 Thread 0x00007fb3b8093800 nmethod 51 0x00007fb3b5086390 code [0x00007fb3b50864e0, 0x00007fb3b50866d8]
Event: 0.826 Thread 0x00007fb3b8093800   52 %           com.github.jaiimageio.impl.plugins.tiff.TIFFImageWriter::writeTile @ 869 (3310 bytes)
Event: 0.849 Thread 0x00007fb3b8093800 nmethod 52% 0x00007fb3b5086d10 code [0x00007fb3b5086ec0, 0x00007fb3b5087778]
Event: 0.849 Thread 0x00007fb3b8093800   53             sun.awt.image.ByteInterleavedRaster::getByteData (851 bytes)
Event: 0.856 Thread 0x00007fb3b8096800 nmethod 49 0x00007fb3b5091c50 code [0x00007fb3b50921c0, 0x00007fb3b5094a38]
Event: 0.866 Thread 0x00007fb3b8093800 nmethod 53 0x00007fb3b508eb10 code [0x00007fb3b508eca0, 0x00007fb3b508f678]
Event: 0.868 Thread 0x00007fb3b8096800   54             java.lang.ref.Reference::get (5 bytes)
Event: 0.868 Thread 0x00007fb3b8096800 nmethod 54 0x00007fb3b5086b10 code [0x00007fb3b5086c40, 0x00007fb3b5086c98]
Event: 0.884 Thread 0x00007fb3b8093800   55             java.lang.AbstractStringBuilder::<init> (12 bytes)
Event: 0.885 Thread 0x00007fb3b8093800 nmethod 55 0x00007fb3b50867d0 code [0x00007fb3b5086920, 0x00007fb3b5086a38]

GC Heap History (2 events):
Event: 0.747 GC heap before
{Heap before GC invocations=1 (full 0):
 PSYoungGen      total 17920K, used 15360K [0x00000000ec200000, 0x00000000ed600000, 0x0000000100000000)
  eden space 15360K, 100% used [0x00000000ec200000,0x00000000ed100000,0x00000000ed100000)
  from space 2560K, 0% used [0x00000000ed380000,0x00000000ed380000,0x00000000ed600000)
  to   space 2560K, 0% used [0x00000000ed100000,0x00000000ed100000,0x00000000ed380000)
 ParOldGen       total 40448K, used 0K [0x00000000c4600000, 0x00000000c6d80000, 0x00000000ec200000)
  object space 40448K, 0% used [0x00000000c4600000,0x00000000c4600000,0x00000000c6d80000)
 PSPermGen       total 21504K, used 9044K [0x00000000bf400000, 0x00000000c0900000, 0x00000000c4600000)
  object space 21504K, 42% used [0x00000000bf400000,0x00000000bfcd51e8,0x00000000c0900000)
Event: 0.752 GC heap after
Heap after GC invocations=1 (full 0):
 PSYoungGen      total 17920K, used 2535K [0x00000000ec200000, 0x00000000ed600000, 0x0000000100000000)
  eden space 15360K, 0% used [0x00000000ec200000,0x00000000ec200000,0x00000000ed100000)
  from space 2560K, 99% used [0x00000000ed100000,0x00000000ed379ce8,0x00000000ed380000)
  to   space 2560K, 0% used [0x00000000ed380000,0x00000000ed380000,0x00000000ed600000)
 ParOldGen       total 40448K, used 644K [0x00000000c4600000, 0x00000000c6d80000, 0x00000000ec200000)
  object space 40448K, 1% used [0x00000000c4600000,0x00000000c46a1220,0x00000000c6d80000)
 PSPermGen       total 21504K, used 9044K [0x00000000bf400000, 0x00000000c0900000, 0x00000000c4600000)
  object space 21504K, 42% used [0x00000000bf400000,0x00000000bfcd51e8,0x00000000c0900000)
}

Deoptimization events (0 events):
No events

Internal exceptions (10 events):
Event: 0.892 Thread 0x00007fb3b800a800 Threw 0x00000000ec67d2e0 at /HUDSON/workspace/7u-2-build-linux-amd64/jdk7u80/2329/hotspot/src/share/vm/prims/jvm.cpp:1319
Event: 0.892 Thread 0x00007fb3b800a800 Threw 0x00000000ec681948 at /HUDSON/workspace/7u-2-build-linux-amd64/jdk7u80/2329/hotspot/src/share/vm/prims/jvm.cpp:1319
Event: 0.892 Thread 0x00007fb3b800a800 Threw 0x00000000ec685c90 at /HUDSON/workspace/7u-2-build-linux-amd64/jdk7u80/2329/hotspot/src/share/vm/prims/jvm.cpp:1319
Event: 0.893 Thread 0x00007fb3b800a800 Threw 0x00000000ec68b350 at /HUDSON/workspace/7u-2-build-linux-amd64/jdk7u80/2329/hotspot/src/share/vm/prims/jvm.cpp:1319
Event: 0.893 Thread 0x00007fb3b800a800 Threw 0x00000000ec68f860 at /HUDSON/workspace/7u-2-build-linux-amd64/jdk7u80/2329/hotspot/src/share/vm/prims/jvm.cpp:1319
Event: 0.894 Thread 0x00007fb3b800a800 Threw 0x00000000ec693f98 at /HUDSON/workspace/7u-2-build-linux-amd64/jdk7u80/2329/hotspot/src/share/vm/prims/jvm.cpp:1319
Event: 0.894 Thread 0x00007fb3b800a800 Threw 0x00000000ec698348 at /HUDSON/workspace/7u-2-build-linux-amd64/jdk7u80/2329/hotspot/src/share/vm/prims/jvm.cpp:1319
Event: 0.894 Thread 0x00007fb3b800a800 Threw 0x00000000ec69c7f0 at /HUDSON/workspace/7u-2-build-linux-amd64/jdk7u80/2329/hotspot/src/share/vm/prims/jvm.cpp:1319
Event: 0.894 Thread 0x00007fb3b800a800 Threw 0x00000000ec6a0c98 at /HUDSON/workspace/7u-2-build-linux-amd64/jdk7u80/2329/hotspot/src/share/vm/prims/jvm.cpp:1319
Event: 0.901 Thread 0x00007fb3b800a800 Threw 0x00000000ec6d8dd8 at /HUDSON/workspace/7u-2-build-linux-amd64/jdk7u80/2329/hotspot/src/share/vm/prims/jvm.cpp:1319

Events (10 events):
Event: 0.903 loading class 0x00007fb3b92bc410
Event: 0.903 loading class 0x00007fb3b92bc410 done
Event: 0.903 loading class 0x00007fb3b92bd7b0
Event: 0.903 loading class 0x00007fb3b92bd7b0 done
Event: 0.903 loading class 0x00007fb3b92bc430
Event: 0.903 loading class 0x00007fb3b92bc430 done
Event: 0.904 loading class 0x00007fb3b92bd820
Event: 0.904 loading class 0x00007fb3b92bd820 done
Event: 0.904 loading class 0x00007fb3b92bd9c0
Event: 0.904 loading class 0x00007fb3b92bd9c0 done


Dynamic libraries:
00400000-00401000 r-xp 00000000 08:02 13769971                           /usr/lib/jvm/jdk1.7.0_80/bin/java
00600000-00601000 rw-p 00000000 08:02 13769971                           /usr/lib/jvm/jdk1.7.0_80/bin/java
02206000-02227000 rw-p 00000000 00:00 0                                  [heap]
bf400000-c0900000 rw-p 00000000 00:00 0 
c0900000-c4600000 rw-p 00000000 00:00 0 
c4600000-c6d80000 rw-p 00000000 00:00 0 
c6d80000-ec200000 rw-p 00000000 00:00 0 
ec200000-ed600000 rw-p 00000000 00:00 0 
ed600000-100000000 rw-p 00000000 00:00 0 
7fb375b51000-7fb376aaf000 rw-p 00000000 00:00 0 
7fb376aaf000-7fb376aba000 r-xp 00000000 08:02 12067290                   /usr/lib/x86_64-linux-gnu/libjbig.so.0
7fb376aba000-7fb376cb9000 ---p 0000b000 08:02 12067290                   /usr/lib/x86_64-linux-gnu/libjbig.so.0
7fb376cb9000-7fb376cba000 r--p 0000a000 08:02 12067290                   /usr/lib/x86_64-linux-gnu/libjbig.so.0
7fb376cba000-7fb376cbd000 rw-p 0000b000 08:02 12067290                   /usr/lib/x86_64-linux-gnu/libjbig.so.0
7fb376cbd000-7fb376cde000 r-xp 00000000 08:02 24908250                   /lib/x86_64-linux-gnu/liblzma.so.5.0.0
7fb376cde000-7fb376edd000 ---p 00021000 08:02 24908250                   /lib/x86_64-linux-gnu/liblzma.so.5.0.0
7fb376edd000-7fb376ede000 r--p 00020000 08:02 24908250                   /lib/x86_64-linux-gnu/liblzma.so.5.0.0
7fb376ede000-7fb376edf000 rw-p 00021000 08:02 24908250                   /lib/x86_64-linux-gnu/liblzma.so.5.0.0
7fb376edf000-7fb376f15000 r-xp 00000000 08:02 12064354                   /usr/lib/x86_64-linux-gnu/libopenjp2.so.2.1.0
7fb376f15000-7fb377114000 ---p 00036000 08:02 12064354                   /usr/lib/x86_64-linux-gnu/libopenjp2.so.2.1.0
7fb377114000-7fb377115000 r--p 00035000 08:02 12064354                   /usr/lib/x86_64-linux-gnu/libopenjp2.so.2.1.0
7fb377115000-7fb377116000 rw-p 00036000 08:02 12064354                   /usr/lib/x86_64-linux-gnu/libopenjp2.so.2.1.0
7fb377116000-7fb37716f000 r-xp 00000000 08:02 12067858                   /usr/lib/x86_64-linux-gnu/libwebp.so.5.0.4
7fb37716f000-7fb37736f000 ---p 00059000 08:02 12067858                   /usr/lib/x86_64-linux-gnu/libwebp.so.5.0.4
7fb37736f000-7fb377370000 r--p 00059000 08:02 12067858                   /usr/lib/x86_64-linux-gnu/libwebp.so.5.0.4
7fb377370000-7fb377372000 rw-p 0005a000 08:02 12067858                   /usr/lib/x86_64-linux-gnu/libwebp.so.5.0.4
7fb377372000-7fb3773e2000 r-xp 00000000 08:02 12059053                   /usr/lib/x86_64-linux-gnu/libtiff.so.5.2.4
7fb3773e2000-7fb3775e2000 ---p 00070000 08:02 12059053                   /usr/lib/x86_64-linux-gnu/libtiff.so.5.2.4
7fb3775e2000-7fb3775e3000 r--p 00070000 08:02 12059053                   /usr/lib/x86_64-linux-gnu/libtiff.so.5.2.4
7fb3775e3000-7fb3775e6000 rw-p 00071000 08:02 12059053                   /usr/lib/x86_64-linux-gnu/libtiff.so.5.2.4
7fb3775e6000-7fb37763d000 r-xp 00000000 08:02 12067294                   /usr/lib/x86_64-linux-gnu/libjpeg.so.8.0.2
7fb37763d000-7fb37783d000 ---p 00057000 08:02 12067294                   /usr/lib/x86_64-linux-gnu/libjpeg.so.8.0.2
7fb37783d000-7fb37783e000 r--p 00057000 08:02 12067294                   /usr/lib/x86_64-linux-gnu/libjpeg.so.8.0.2
7fb37783e000-7fb37783f000 rw-p 00058000 08:02 12067294                   /usr/lib/x86_64-linux-gnu/libjpeg.so.8.0.2
7fb37783f000-7fb377863000 r-xp 00000000 08:02 24908324                   /lib/x86_64-linux-gnu/libpng12.so.0.54.0
7fb377863000-7fb377a62000 ---p 00024000 08:02 24908324                   /lib/x86_64-linux-gnu/libpng12.so.0.54.0
7fb377a62000-7fb377a63000 r--p 00023000 08:02 24908324                   /lib/x86_64-linux-gnu/libpng12.so.0.54.0
7fb377a63000-7fb377a64000 rw-p 00024000 08:02 24908324                   /lib/x86_64-linux-gnu/libpng12.so.0.54.0
7fb377a64000-7fb377a7d000 r-xp 00000000 08:02 24905186                   /lib/x86_64-linux-gnu/libz.so.1.2.8
7fb377a7d000-7fb377c7c000 ---p 00019000 08:02 24905186                   /lib/x86_64-linux-gnu/libz.so.1.2.8
7fb377c7c000-7fb377c7d000 r--p 00018000 08:02 24905186                   /lib/x86_64-linux-gnu/libz.so.1.2.8
7fb377c7d000-7fb377c7e000 rw-p 00019000 08:02 24905186                   /lib/x86_64-linux-gnu/libz.so.1.2.8
7fb377c7e000-7fb377df0000 r-xp 00000000 08:02 12067707                   /usr/lib/x86_64-linux-gnu/libstdc++.so.6.0.21
7fb377df0000-7fb377ff0000 ---p 00172000 08:02 12067707                   /usr/lib/x86_64-linux-gnu/libstdc++.so.6.0.21
7fb377ff0000-7fb377ffa000 r--p 00172000 08:02 12067707                   /usr/lib/x86_64-linux-gnu/libstdc++.so.6.0.21
7fb377ffa000-7fb377ffc000 rw-p 0017c000 08:02 12067707                   /usr/lib/x86_64-linux-gnu/libstdc++.so.6.0.21
7fb377ffc000-7fb378000000 rw-p 00000000 00:00 0 
7fb378000000-7fb378021000 rw-p 00000000 00:00 0 
7fb378021000-7fb37c000000 ---p 00000000 00:00 0 
7fb37c003000-7fb37c10c000 rw-p 00000000 00:00 0 
7fb37c10c000-7fb37c122000 r-xp 00000000 08:02 24908221                   /lib/x86_64-linux-gnu/libgcc_s.so.1
7fb37c122000-7fb37c321000 ---p 00016000 08:02 24908221                   /lib/x86_64-linux-gnu/libgcc_s.so.1
7fb37c321000-7fb37c322000 rw-p 00015000 08:02 24908221                   /lib/x86_64-linux-gnu/libgcc_s.so.1
7fb37c322000-7fb37c55f000 r-xp 00000000 08:02 12066280                   /usr/lib/liblept.so.5.0.0
7fb37c55f000-7fb37c75e000 ---p 0023d000 08:02 12066280                   /usr/lib/liblept.so.5.0.0
7fb37c75e000-7fb37c75f000 r--p 0023c000 08:02 12066280                   /usr/lib/liblept.so.5.0.0
7fb37c75f000-7fb37c765000 rw-p 0023d000 08:02 12066280                   /usr/lib/liblept.so.5.0.0
7fb37c765000-7fb37ca4e000 r-xp 00000000 08:02 12066283                   /usr/lib/libtesseract.so.3.0.4
7fb37ca4e000-7fb37cc4e000 ---p 002e9000 08:02 12066283                   /usr/lib/libtesseract.so.3.0.4
7fb37cc4e000-7fb37cc52000 r--p 002e9000 08:02 12066283                   /usr/lib/libtesseract.so.3.0.4
7fb37cc52000-7fb37cc53000 rw-p 002ed000 08:02 12066283                   /usr/lib/libtesseract.so.3.0.4
7fb37cc53000-7fb37cee7000 rw-p 00000000 00:00 0 
7fb37cee7000-7fb37cefe000 r-xp 00000000 08:02 19139143                   /tmp/jna-795320491/jna1234928859285386672.tmp (deleted)
7fb37cefe000-7fb37cffd000 ---p 00017000 08:02 19139143                   /tmp/jna-795320491/jna1234928859285386672.tmp (deleted)
7fb37cffd000-7fb37cfff000 rw-p 00016000 08:02 19139143                   /tmp/jna-795320491/jna1234928859285386672.tmp (deleted)
7fb37cfff000-7fb380000000 rw-p 00000000 00:00 0 
7fb380000000-7fb380021000 rw-p 00000000 00:00 0 
7fb380021000-7fb384000000 ---p 00000000 00:00 0 
7fb384000000-7fb384021000 rw-p 00000000 00:00 0 
7fb384021000-7fb388000000 ---p 00000000 00:00 0 
7fb388000000-7fb388490000 rw-p 00000000 00:00 0 
7fb388490000-7fb38c000000 ---p 00000000 00:00 0 
7fb38c000000-7fb38c438000 rw-p 00000000 00:00 0 
7fb38c438000-7fb390000000 ---p 00000000 00:00 0 
7fb390000000-7fb390021000 rw-p 00000000 00:00 0 
7fb390021000-7fb394000000 ---p 00000000 00:00 0 
7fb394000000-7fb394021000 rw-p 00000000 00:00 0 
7fb394021000-7fb398000000 ---p 00000000 00:00 0 
7fb398000000-7fb398021000 rw-p 00000000 00:00 0 
7fb398021000-7fb39c000000 ---p 00000000 00:00 0 
7fb39c000000-7fb39c021000 rw-p 00000000 00:00 0 
7fb39c021000-7fb3a0000000 ---p 00000000 00:00 0 
7fb3a0000000-7fb3a0021000 rw-p 00000000 00:00 0 
7fb3a0021000-7fb3a4000000 ---p 00000000 00:00 0 
7fb3a4000000-7fb3a4021000 rw-p 00000000 00:00 0 
7fb3a4021000-7fb3a8000000 ---p 00000000 00:00 0 
7fb3a8000000-7fb3a8021000 rw-p 00000000 00:00 0 
7fb3a8021000-7fb3ac000000 ---p 00000000 00:00 0 
7fb3ac001000-7fb3ac03b000 r-xp 00000000 08:02 13646715                   /usr/lib/jvm/jdk1.7.0_80/jre/lib/amd64/libjpeg.so
7fb3ac03b000-7fb3ac23b000 ---p 0003a000 08:02 13646715                   /usr/lib/jvm/jdk1.7.0_80/jre/lib/amd64/libjpeg.so
7fb3ac23b000-7fb3ac23c000 rw-p 0003a000 08:02 13646715                   /usr/lib/jvm/jdk1.7.0_80/jre/lib/amd64/libjpeg.so
7fb3ac23c000-7fb3ac23f000 ---p 00000000 00:00 0 
7fb3ac23f000-7fb3ac33d000 rw-p 00000000 00:00 0 
7fb3ac33d000-7fb3ac342000 r-xp 00000000 08:02 12066558                   /usr/lib/x86_64-linux-gnu/libXdmcp.so.6.0.0
7fb3ac342000-7fb3ac541000 ---p 00005000 08:02 12066558                   /usr/lib/x86_64-linux-gnu/libXdmcp.so.6.0.0
7fb3ac541000-7fb3ac542000 r--p 00004000 08:02 12066558                   /usr/lib/x86_64-linux-gnu/libXdmcp.so.6.0.0
7fb3ac542000-7fb3ac543000 rw-p 00005000 08:02 12066558                   /usr/lib/x86_64-linux-gnu/libXdmcp.so.6.0.0
7fb3ac543000-7fb3ac545000 r-xp 00000000 08:02 12066547                   /usr/lib/x86_64-linux-gnu/libXau.so.6.0.0
7fb3ac545000-7fb3ac745000 ---p 00002000 08:02 12066547                   /usr/lib/x86_64-linux-gnu/libXau.so.6.0.0
7fb3ac745000-7fb3ac746000 r--p 00002000 08:02 12066547                   /usr/lib/x86_64-linux-gnu/libXau.so.6.0.0
7fb3ac746000-7fb3ac747000 rw-p 00003000 08:02 12066547                   /usr/lib/x86_64-linux-gnu/libXau.so.6.0.0
7fb3ac747000-7fb3ac768000 r-xp 00000000 08:02 12067956                   /usr/lib/x86_64-linux-gnu/libxcb.so.1.1.0
7fb3ac768000-7fb3ac967000 ---p 00021000 08:02 12067956                   /usr/lib/x86_64-linux-gnu/libxcb.so.1.1.0
7fb3ac967000-7fb3ac968000 r--p 00020000 08:02 12067956                   /usr/lib/x86_64-linux-gnu/libxcb.so.1.1.0
7fb3ac968000-7fb3ac969000 rw-p 00021000 08:02 12067956                   /usr/lib/x86_64-linux-gnu/libxcb.so.1.1.0
7fb3ac969000-7fb3ac978000 r-xp 00000000 08:02 12066568                   /usr/lib/x86_64-linux-gnu/libXi.so.6.1.0
7fb3ac978000-7fb3acb77000 ---p 0000f000 08:02 12066568                   /usr/lib/x86_64-linux-gnu/libXi.so.6.1.0
7fb3acb77000-7fb3acb78000 r--p 0000e000 08:02 12066568                   /usr/lib/x86_64-linux-gnu/libXi.so.6.1.0
7fb3acb78000-7fb3acb79000 rw-p 0000f000 08:02 12066568                   /usr/lib/x86_64-linux-gnu/libXi.so.6.1.0
7fb3acb79000-7fb3acb7e000 r-xp 00000000 08:02 12066586                   /usr/lib/x86_64-linux-gnu/libXtst.so.6.1.0
7fb3acb7e000-7fb3acd7d000 ---p 00005000 08:02 12066586                   /usr/lib/x86_64-linux-gnu/libXtst.so.6.1.0
7fb3acd7d000-7fb3acd7e000 r--p 00004000 08:02 12066586                   /usr/lib/x86_64-linux-gnu/libXtst.so.6.1.0
7fb3acd7e000-7fb3acd7f000 rw-p 00005000 08:02 12066586                   /usr/lib/x86_64-linux-gnu/libXtst.so.6.1.0
7fb3acd7f000-7fb3acd88000 r-xp 00000000 08:02 12066580                   /usr/lib/x86_64-linux-gnu/libXrender.so.1.3.0
7fb3acd88000-7fb3acf87000 ---p 00009000 08:02 12066580                   /usr/lib/x86_64-linux-gnu/libXrender.so.1.3.0
7fb3acf87000-7fb3acf88000 r--p 00008000 08:02 12066580                   /usr/lib/x86_64-linux-gnu/libXrender.so.1.3.0
7fb3acf88000-7fb3acf89000 rw-p 00009000 08:02 12066580                   /usr/lib/x86_64-linux-gnu/libXrender.so.1.3.0
7fb3acf89000-7fb3ad0be000 r-xp 00000000 08:02 12066543                   /usr/lib/x86_64-linux-gnu/libX11.so.6.3.0
7fb3ad0be000-7fb3ad2be000 ---p 00135000 08:02 12066543                   /usr/lib/x86_64-linux-gnu/libX11.so.6.3.0
7fb3ad2be000-7fb3ad2bf000 r--p 00135000 08:02 12066543                   /usr/lib/x86_64-linux-gnu/libX11.so.6.3.0
7fb3ad2bf000-7fb3ad2c3000 rw-p 00136000 08:02 12066543                   /usr/lib/x86_64-linux-gnu/libX11.so.6.3.0
7fb3ad2c3000-7fb3ad2d4000 r-xp 00000000 08:02 12066560                   /usr/lib/x86_64-linux-gnu/libXext.so.6.4.0
7fb3ad2d4000-7fb3ad4d3000 ---p 00011000 08:02 12066560                   /usr/lib/x86_64-linux-gnu/libXext.so.6.4.0
7fb3ad4d3000-7fb3ad4d4000 r--p 00010000 08:02 12066560                   /usr/lib/x86_64-linux-gnu/libXext.so.6.4.0
7fb3ad4d4000-7fb3ad4d5000 rw-p 00011000 08:02 12066560                   /usr/lib/x86_64-linux-gnu/libXext.so.6.4.0
7fb3ad4d5000-7fb3ad525000 r-xp 00000000 08:02 13646705                   /usr/lib/jvm/jdk1.7.0_80/jre/lib/amd64/xawt/libmawt.so
7fb3ad525000-7fb3ad725000 ---p 00050000 08:02 13646705                   /usr/lib/jvm/jdk1.7.0_80/jre/lib/amd64/xawt/libmawt.so
7fb3ad725000-7fb3ad729000 rw-p 00050000 08:02 13646705                   /usr/lib/jvm/jdk1.7.0_80/jre/lib/amd64/xawt/libmawt.so
7fb3ad729000-7fb3ad72a000 rw-p 00000000 00:00 0 
7fb3ad72a000-7fb3ad7cc000 r-xp 00000000 08:02 13646725                   /usr/lib/jvm/jdk1.7.0_80/jre/lib/amd64/libawt.so
7fb3ad7cc000-7fb3ad9cc000 ---p 000a2000 08:02 13646725                   /usr/lib/jvm/jdk1.7.0_80/jre/lib/amd64/libawt.so
7fb3ad9cc000-7fb3ad9d8000 rw-p 000a2000 08:02 13646725                   /usr/lib/jvm/jdk1.7.0_80/jre/lib/amd64/libawt.so
7fb3ad9d8000-7fb3ad9fc000 rw-p 00000000 00:00 0 
7fb3ad9fc000-7fb3ada0c000 r-xp 00000000 08:02 13646692                   /usr/lib/jvm/jdk1.7.0_80/jre/lib/amd64/libnio.so
7fb3ada0c000-7fb3adc0c000 ---p 00010000 08:02 13646692                   /usr/lib/jvm/jdk1.7.0_80/jre/lib/amd64/libnio.so
7fb3adc0c000-7fb3adc0d000 rw-p 00010000 08:02 13646692                   /usr/lib/jvm/jdk1.7.0_80/jre/lib/amd64/libnio.so
7fb3adc0d000-7fb3adfa0000 r--s 03191000 08:02 8128837                    /home/headrun/Downloads/tika-app-1.17.jar
7fb3adfa0000-7fb3b0000000 rw-p 00000000 00:00 0 
7fb3b0000000-7fb3b0021000 rw-p 00000000 00:00 0 
7fb3b0021000-7fb3b4000000 ---p 00000000 00:00 0 
7fb3b4079000-7fb3b4090000 r-xp 00000000 08:02 13646726                   /usr/lib/jvm/jdk1.7.0_80/jre/lib/amd64/libnet.so
7fb3b4090000-7fb3b428f000 ---p 00017000 08:02 13646726                   /usr/lib/jvm/jdk1.7.0_80/jre/lib/amd64/libnet.so
7fb3b428f000-7fb3b4290000 rw-p 00016000 08:02 13646726                   /usr/lib/jvm/jdk1.7.0_80/jre/lib/amd64/libnet.so
7fb3b4290000-7fb3b431e000 rw-p 00000000 00:00 0 
7fb3b431e000-7fb3b431f000 ---p 00000000 00:00 0 
7fb3b431f000-7fb3b441f000 rw-p 00000000 00:00 0 
7fb3b441f000-7fb3b4422000 ---p 00000000 00:00 0 
7fb3b4422000-7fb3b4520000 rw-p 00000000 00:00 0 
7fb3b4520000-7fb3b4523000 ---p 00000000 00:00 0 
7fb3b4523000-7fb3b4621000 rw-p 00000000 00:00 0 
7fb3b4621000-7fb3b4624000 ---p 00000000 00:00 0 
7fb3b4624000-7fb3b4722000 rw-p 00000000 00:00 0 
7fb3b4722000-7fb3b4725000 ---p 00000000 00:00 0 
7fb3b4725000-7fb3b4823000 rw-p 00000000 00:00 0 
7fb3b4823000-7fb3b4afb000 r--p 00000000 08:02 12058653                   /usr/lib/locale/locale-archive
7fb3b4afb000-7fb3b4afe000 ---p 00000000 00:00 0 
7fb3b4afe000-7fb3b4bfc000 rw-p 00000000 00:00 0 
7fb3b4bfc000-7fb3b4bff000 ---p 00000000 00:00 0 
7fb3b4bff000-7fb3b4cfd000 rw-p 00000000 00:00 0 
7fb3b4cfd000-7fb3b4cfe000 ---p 00000000 00:00 0 
7fb3b4cfe000-7fb3b5000000 rw-p 00000000 00:00 0 
7fb3b5000000-7fb3b5270000 rwxp 00000000 00:00 0 
7fb3b5270000-7fb3b9363000 rw-p 00000000 00:00 0 
7fb3b9363000-7fb3bc000000 ---p 00000000 00:00 0 
7fb3bc01f000-7fb3bc023000 r--s 0008b000 08:02 13647318                   /usr/lib/jvm/jdk1.7.0_80/jre/lib/jsse.jar
7fb3bc023000-7fb3bc02e000 r--s 0037c000 08:02 13647395                   /usr/lib/jvm/jdk1.7.0_80/jre/lib/charsets.jar
7fb3bc02e000-7fb3bc032000 r--s 000f7000 08:02 13647329                   /usr/lib/jvm/jdk1.7.0_80/jre/lib/ext/localedata.jar
7fb3bc032000-7fb3bc03c000 r--s 00253000 08:02 13646769                   /usr/lib/jvm/jdk1.7.0_80/jre/lib/resources.jar
7fb3bc03c000-7fb3bc03f000 r--s 00017000 08:02 8132360                    /home/headrun/Downloads/marvin_1.5.5.jar
7fb3bc03f000-7fb3bc055000 r--s 0023f000 08:02 8139468                    /home/headrun/Downloads/pdfbox-2.0.3.jar
7fb3bc055000-7fb3bc05b000 r--s 00163000 08:02 8139467                    /home/headrun/Downloads/fontbox-2.0.3.jar
7fb3bc05b000-7fb3bc069000 r--s 00083000 08:02 8141858                    /home/headrun/Downloads/opencv-3.0.0-1.0.jar
7fb3bc069000-7fb3bc06c000 r--s 031c7000 08:02 12847991                   /home/headrun/Downloads/asprise-ocr-java-15.3.1-trial-linux/aocr.jar
7fb3bc06c000-7fb3bc076000 r--s 00081000 08:02 13108978                   /home/headrun/Downloads/jar_files (1)/xmlgraphics-commons-1.4.jar
7fb3bc076000-7fb3bc078000 r--s 02050000 08:02 13110944                   /home/headrun/Downloads/jar_files (1)/tess4j-3.2.1.jar
7fb3bc078000-7fb3bc07c000 r--s 00015000 08:02 13110932                   /home/headrun/Downloads/jar_files (1)/rococoa-core-0.5.jar
7fb3bc07c000-7fb3bc086000 r--s 00069000 08:02 13110945                   /home/headrun/Downloads/jar_files (1)/logback-core-1.1.7.jar
7fb3bc086000-7fb3bc08d000 r--s 00044000 08:02 13110925                   /home/headrun/Downloads/jar_files (1)/logback-classic-1.1.7.jar
7fb3bc08d000-7fb3bc08f000 r--s 00004000 08:02 13109142                   /home/headrun/Downloads/jar_files (1)/log4j-over-slf4j-1.7.21.jar
7fb3bc08f000-7fb3bc098000 r--s 0006f000 08:02 13108979                   /home/headrun/Downloads/jar_files (1)/log4j-1.2.17.jar
7fb3bc098000-7fb3bc09d000 r--s 00229000 08:02 13110922                   /home/headrun/Downloads/jar_files (1)/lept4j-1.2.3.jar
7fb3bc09d000-7fb3bc09f000 r--s 00000000 08:02 13110924                   /home/headrun/Downloads/jar_files (1)/jul-to-slf4j-1.7.21.jar
7fb3bc09f000-7fb3bc0a3000 r--s 000dc000 08:02 13109139                   /home/headrun/Downloads/jar_files (1)/jna-4.1.0.jar
7fb3bc0a3000-7fb3bc0a5000 r--s 00003000 08:02 13110923                   /home/headrun/Downloads/jar_files (1)/jcl-over-slf4j-1.7.21.jar
7fb3bc0a5000-7fb3bc0b0000 r--s 00088000 08:02 13109141                   /home/headrun/Downloads/jar_files (1)/jai-imageio-core-1.3.1.jar
7fb3bc0b0000-7fb3bc0bc000 r--s 00108000 08:02 13108977                   /home/headrun/Downloads/jar_files (1)/itext-2.1.7.jar
7fb3bc0bc000-7fb3bc0c1000 r--s 00028000 08:02 13109140                   /home/headrun/Downloads/jar_files (1)/ghost4j-1.0.1.jar
7fb3bc0c1000-7fb3bc0c5000 r--s 0002f000 08:02 13110931                   /home/headrun/Downloads/jar_files (1)/commons-io-2.5.jar
7fb3bc0c5000-7fb3bc0d3000 r--s 0007f000 08:02 13110929                   /home/headrun/Downloads/jar_files (1)/commons-collections-3.2.1.jar
7fb3bc0d3000-7fb3bc0d8000 r--s 00035000 08:02 13110930                   /home/headrun/Downloads/jar_files (1)/commons-beanutils-1.9.2.jar
7fb3bc0d8000-7fb3bc0e6000 r--s 00374000 08:02 13901063                   /home/headrun/Downloads/PDFxStream.Java-3.5.0/lib/PDFxStream.jar
7fb3bc0e6000-7fb3bcee3000 rw-p 00000000 00:00 0 
7fb3bcee3000-7fb3bd0a3000 r--s 039fb000 08:02 13647374                   /usr/lib/jvm/jdk1.7.0_80/jre/lib/rt.jar
7fb3bd0a3000-7fb3bd3a2000 rw-p 00000000 00:00 0 
7fb3bd3a2000-7fb3bd3a3000 ---p 00000000 00:00 0 
7fb3bd3a3000-7fb3bd4a3000 rw-p 00000000 00:00 0 
7fb3bd4a3000-7fb3bd4a4000 ---p 00000000 00:00 0 
7fb3bd4a4000-7fb3bd5a4000 rw-p 00000000 00:00 0 
7fb3bd5a4000-7fb3bd5a5000 ---p 00000000 00:00 0 
7fb3bd5a5000-7fb3bd6a5000 rw-p 00000000 00:00 0 
7fb3bd6a5000-7fb3bd6a6000 ---p 00000000 00:00 0 
7fb3bd6a6000-7fb3bd7b1000 rw-p 00000000 00:00 0 
7fb3bd7b1000-7fb3bd7cf000 rw-p 00000000 00:00 0 
7fb3bd7cf000-7fb3bd7e3000 rw-p 00000000 00:00 0 
7fb3bd7e3000-7fb3bd90d000 rw-p 00000000 00:00 0 
7fb3bd90d000-7fb3bd918000 rw-p 00000000 00:00 0 
7fb3bd918000-7fb3bd936000 rw-p 00000000 00:00 0 
7fb3bd936000-7fb3bd94a000 rw-p 00000000 00:00 0 
7fb3bd94a000-7fb3bda74000 rw-p 00000000 00:00 0 
7fb3bda74000-7fb3bda7e000 rw-p 00000000 00:00 0 
7fb3bda7e000-7fb3bdb13000 rw-p 00000000 00:00 0 
7fb3bdb13000-7fb3bdb14000 rw-p 00000000 00:00 0 
7fb3bdb14000-7fb3bdb2b000 r-xp 00000000 08:02 13646721                   /usr/lib/jvm/jdk1.7.0_80/jre/lib/amd64/libzip.so
7fb3bdb2b000-7fb3bdd2b000 ---p 00017000 08:02 13646721                   /usr/lib/jvm/jdk1.7.0_80/jre/lib/amd64/libzip.so
7fb3bdd2b000-7fb3bdd2c000 rw-p 00017000 08:02 13646721                   /usr/lib/jvm/jdk1.7.0_80/jre/lib/amd64/libzip.so
7fb3bdd2c000-7fb3bdd37000 r-xp 00000000 08:02 24909811                   /lib/x86_64-linux-gnu/libnss_files-2.23.so
7fb3bdd37000-7fb3bdf36000 ---p 0000b000 08:02 24909811                   /lib/x86_64-linux-gnu/libnss_files-2.23.so
7fb3bdf36000-7fb3bdf37000 r--p 0000a000 08:02 24909811                   /lib/x86_64-linux-gnu/libnss_files-2.23.so
7fb3bdf37000-7fb3bdf38000 rw-p 0000b000 08:02 24909811                   /lib/x86_64-linux-gnu/libnss_files-2.23.so
7fb3bdf38000-7fb3bdf3e000 rw-p 00000000 00:00 0 
7fb3bdf3e000-7fb3bdf49000 r-xp 00000000 08:02 24909815                   /lib/x86_64-linux-gnu/libnss_nis-2.23.so
7fb3bdf49000-7fb3be148000 ---p 0000b000 08:02 24909815                   /lib/x86_64-linux-gnu/libnss_nis-2.23.so
7fb3be148000-7fb3be149000 r--p 0000a000 08:02 24909815                   /lib/x86_64-linux-gnu/libnss_nis-2.23.so
7fb3be149000-7fb3be14a000 rw-p 0000b000 08:02 24909815                   /lib/x86_64-linux-gnu/libnss_nis-2.23.so
7fb3be14a000-7fb3be160000 r-xp 00000000 08:02 24909795                   /lib/x86_64-linux-gnu/libnsl-2.23.so
7fb3be160000-7fb3be35f000 ---p 00016000 08:02 24909795                   /lib/x86_64-linux-gnu/libnsl-2.23.so
7fb3be35f000-7fb3be360000 r--p 00015000 08:02 24909795                   /lib/x86_64-linux-gnu/libnsl-2.23.so
7fb3be360000-7fb3be361000 rw-p 00016000 08:02 24909795                   /lib/x86_64-linux-gnu/libnsl-2.23.so
7fb3be361000-7fb3be363000 rw-p 00000000 00:00 0 
7fb3be363000-7fb3be36b000 r-xp 00000000 08:02 24909806                   /lib/x86_64-linux-gnu/libnss_compat-2.23.so
7fb3be36b000-7fb3be56a000 ---p 00008000 08:02 24909806                   /lib/x86_64-linux-gnu/libnss_compat-2.23.so
7fb3be56a000-7fb3be56b000 r--p 00007000 08:02 24909806                   /lib/x86_64-linux-gnu/libnss_compat-2.23.so
7fb3be56b000-7fb3be56c000 rw-p 00008000 08:02 24909806                   /lib/x86_64-linux-gnu/libnss_compat-2.23.so
7fb3be56c000-7fb3be595000 r-xp 00000000 08:02 13646687                   /usr/lib/jvm/jdk1.7.0_80/jre/lib/amd64/libjava.so
7fb3be595000-7fb3be795000 ---p 00029000 08:02 13646687                   /usr/lib/jvm/jdk1.7.0_80/jre/lib/amd64/libjava.so
7fb3be795000-7fb3be797000 rw-p 00029000 08:02 13646687                   /usr/lib/jvm/jdk1.7.0_80/jre/lib/amd64/libjava.so
7fb3be797000-7fb3be7a4000 r-xp 00000000 08:02 13646714                   /usr/lib/jvm/jdk1.7.0_80/jre/lib/amd64/libverify.so
7fb3be7a4000-7fb3be9a3000 ---p 0000d000 08:02 13646714                   /usr/lib/jvm/jdk1.7.0_80/jre/lib/amd64/libverify.so
7fb3be9a3000-7fb3be9a5000 rw-p 0000c000 08:02 13646714                   /usr/lib/jvm/jdk1.7.0_80/jre/lib/amd64/libverify.so
7fb3be9a5000-7fb3be9ac000 r-xp 00000000 08:02 24909816                   /lib/x86_64-linux-gnu/librt-2.23.so
7fb3be9ac000-7fb3bebab000 ---p 00007000 08:02 24909816                   /lib/x86_64-linux-gnu/librt-2.23.so
7fb3bebab000-7fb3bebac000 r--p 00006000 08:02 24909816                   /lib/x86_64-linux-gnu/librt-2.23.so
7fb3bebac000-7fb3bebad000 rw-p 00007000 08:02 24909816                   /lib/x86_64-linux-gnu/librt-2.23.so
7fb3bebad000-7fb3becb5000 r-xp 00000000 08:02 24909793                   /lib/x86_64-linux-gnu/libm-2.23.so
7fb3becb5000-7fb3beeb4000 ---p 00108000 08:02 24909793                   /lib/x86_64-linux-gnu/libm-2.23.so
7fb3beeb4000-7fb3beeb5000 r--p 00107000 08:02 24909793                   /lib/x86_64-linux-gnu/libm-2.23.so
7fb3beeb5000-7fb3beeb6000 rw-p 00108000 08:02 24909793                   /lib/x86_64-linux-gnu/libm-2.23.so
7fb3beeb6000-7fb3bfa2c000 r-xp 00000000 08:02 13646741                   /usr/lib/jvm/jdk1.7.0_80/jre/lib/amd64/server/libjvm.so
7fb3bfa2c000-7fb3bfc2b000 ---p 00b76000 08:02 13646741                   /usr/lib/jvm/jdk1.7.0_80/jre/lib/amd64/server/libjvm.so
7fb3bfc2b000-7fb3bfcef000 rw-p 00b75000 08:02 13646741                   /usr/lib/jvm/jdk1.7.0_80/jre/lib/amd64/server/libjvm.so
7fb3bfcef000-7fb3bfd30000 rw-p 00000000 00:00 0 
7fb3bfd30000-7fb3bfef0000 r-xp 00000000 08:02 24909798                   /lib/x86_64-linux-gnu/libc-2.23.so
7fb3bfef0000-7fb3c00f0000 ---p 001c0000 08:02 24909798                   /lib/x86_64-linux-gnu/libc-2.23.so
7fb3c00f0000-7fb3c00f4000 r--p 001c0000 08:02 24909798                   /lib/x86_64-linux-gnu/libc-2.23.so
7fb3c00f4000-7fb3c00f6000 rw-p 001c4000 08:02 24909798                   /lib/x86_64-linux-gnu/libc-2.23.so
7fb3c00f6000-7fb3c00fa000 rw-p 00000000 00:00 0 
7fb3c00fa000-7fb3c00fd000 r-xp 00000000 08:02 24909800                   /lib/x86_64-linux-gnu/libdl-2.23.so
7fb3c00fd000-7fb3c02fc000 ---p 00003000 08:02 24909800                   /lib/x86_64-linux-gnu/libdl-2.23.so
7fb3c02fc000-7fb3c02fd000 r--p 00002000 08:02 24909800                   /lib/x86_64-linux-gnu/libdl-2.23.so
7fb3c02fd000-7fb3c02fe000 rw-p 00003000 08:02 24909800                   /lib/x86_64-linux-gnu/libdl-2.23.so
7fb3c02fe000-7fb3c0313000 r-xp 00000000 08:02 13647422                   /usr/lib/jvm/jdk1.7.0_80/lib/amd64/jli/libjli.so
7fb3c0313000-7fb3c0512000 ---p 00015000 08:02 13647422                   /usr/lib/jvm/jdk1.7.0_80/lib/amd64/jli/libjli.so
7fb3c0512000-7fb3c0513000 rw-p 00014000 08:02 13647422                   /usr/lib/jvm/jdk1.7.0_80/lib/amd64/jli/libjli.so
7fb3c0513000-7fb3c052b000 r-xp 00000000 08:02 24909797                   /lib/x86_64-linux-gnu/libpthread-2.23.so
7fb3c052b000-7fb3c072a000 ---p 00018000 08:02 24909797                   /lib/x86_64-linux-gnu/libpthread-2.23.so
7fb3c072a000-7fb3c072b000 r--p 00017000 08:02 24909797                   /lib/x86_64-linux-gnu/libpthread-2.23.so
7fb3c072b000-7fb3c072c000 rw-p 00018000 08:02 24909797                   /lib/x86_64-linux-gnu/libpthread-2.23.so
7fb3c072c000-7fb3c0730000 rw-p 00000000 00:00 0 
7fb3c0730000-7fb3c0756000 r-xp 00000000 08:02 24909796                   /lib/x86_64-linux-gnu/ld-2.23.so
7fb3c0756000-7fb3c0757000 r--s 00009000 08:02 13110928                   /home/headrun/Downloads/jar_files (1)/slf4j-api-1.7.20.jar
7fb3c0757000-7fb3c0759000 r--s 0000d000 08:02 13108980                   /home/headrun/Downloads/jar_files (1)/commons-logging-1.1.1.jar
7fb3c0759000-7fb3c0760000 r--s 00040000 08:02 13110927                   /home/headrun/Downloads/jar_files (1)/cglib-2.2.2.jar
7fb3c0760000-7fb3c077f000 rw-p 00000000 00:00 0 
7fb3c077f000-7fb3c0835000 rw-p 00000000 00:00 0 
7fb3c0835000-7fb3c0838000 ---p 00000000 00:00 0 
7fb3c0838000-7fb3c093b000 rw-p 00000000 00:00 0 
7fb3c093b000-7fb3c093c000 r--s 0000a000 08:02 13110926                   /home/headrun/Downloads/jar_files (1)/asm-3.3.1.jar
7fb3c093c000-7fb3c094b000 r--s 0017c000 08:02 13646600                   /home/headrun/Downloads/itextpdf-5.1.0.jar
7fb3c094b000-7fb3c0953000 rw-s 00000000 08:02 19139141                   /tmp/hsperfdata_headrun/9253
7fb3c0953000-7fb3c0954000 rw-p 00000000 00:00 0 
7fb3c0954000-7fb3c0955000 r--p 00000000 00:00 0 
7fb3c0955000-7fb3c0956000 r--p 00025000 08:02 24909796                   /lib/x86_64-linux-gnu/ld-2.23.so
7fb3c0956000-7fb3c0957000 rw-p 00026000 08:02 24909796                   /lib/x86_64-linux-gnu/ld-2.23.so
7fb3c0957000-7fb3c0958000 rw-p 00000000 00:00 0 
7fffb1c15000-7fffb1c37000 rw-p 00000000 00:00 0                          [stack]
7fffb1c8a000-7fffb1c8d000 r--p 00000000 00:00 0                          [vvar]
7fffb1c8d000-7fffb1c8f000 r-xp 00000000 00:00 0                          [vdso]
ffffffffff600000-ffffffffff601000 r-xp 00000000 00:00 0                  [vsyscall]

VM Arguments:
jvm_args: -Dfile.encoding=UTF-8 
java_command: TesseractExample
Launcher Type: SUN_STANDARD

Environment Variables:
JAVA_HOME=/usr/lib/jvm/java-8-oracle
CLASSPATH=/usr/lib/jvm/jdk1.7.0_80/lib/tools.jar:/usr/lib/jvm/jdk1.7.0_80/jre/rt.jar
PATH=/home/headrun/bin:/home/headrun/.local/bin:/usr/lib/jvm/jdk1.7.0_80/bin:/usr/local/sbin:/usr/local/bin:/usr/sbin:/usr/bin:/sbin:/bin:/usr/games:/usr/local/games:/snap/bin:/usr/lib/jvm/java-8-oracle/bin:/usr/lib/jvm/java-8-oracle/db/bin:/usr/lib/jvm/java-8-oracle/jre/bin
SHELL=/bin/bash
DISPLAY=:0

Signal Handlers:
SIGSEGV: [libjvm.so+0x9a3b20], sa_mask[0]=0x7ffbfeff, sa_flags=0x10000004
SIGBUS: [libjvm.so+0x9a3b20], sa_mask[0]=0x7ffbfeff, sa_flags=0x10000004
SIGFPE: [libjvm.so+0x81e740], sa_mask[0]=0x7ffbfeff, sa_flags=0x10000004
SIGPIPE: [libjvm.so+0x81e740], sa_mask[0]=0x7ffbfeff, sa_flags=0x10000004
SIGXFSZ: [libjvm.so+0x81e740], sa_mask[0]=0x7ffbfeff, sa_flags=0x10000004
SIGILL: [libjvm.so+0x81e740], sa_mask[0]=0x7ffbfeff, sa_flags=0x10000004
SIGUSR1: SIG_DFL, sa_mask[0]=0x00000000, sa_flags=0x00000000
SIGUSR2: [libjvm.so+0x81ffb0], sa_mask[0]=0x00000004, sa_flags=0x10000004
SIGHUP: [libjvm.so+0x8210d0], sa_mask[0]=0x7ffbfeff, sa_flags=0x10000004
SIGINT: [libjvm.so+0x8210d0], sa_mask[0]=0x7ffbfeff, sa_flags=0x10000004
SIGTERM: [libjvm.so+0x8210d0], sa_mask[0]=0x7ffbfeff, sa_flags=0x10000004
SIGQUIT: [libjvm.so+0x8210d0], sa_mask[0]=0x7ffbfeff, sa_flags=0x10000004


---------------  S Y S T E M  ---------------

OS:stretch/sid

uname:Linux 4.13.0-32-generic #35~16.04.1-Ubuntu SMP Thu Jan 25 10:13:43 UTC 2018 x86_64
libc:glibc 2.23 NPTL 2.23 
rlimit: STACK 8192k, CORE 0k, NPROC 14968, NOFILE 1048576, AS infinity
load average:0.45 0.72 0.85

/proc/meminfo:
MemTotal:        3900928 kB
MemFree:          727128 kB
MemAvailable:     899952 kB
Buffers:           31120 kB
Cached:           588480 kB
SwapCached:        39788 kB
Active:          2419036 kB
Inactive:         552140 kB
Active(anon):    2272132 kB
Inactive(anon):   344596 kB
Active(file):     146904 kB
Inactive(file):   207544 kB
Unevictable:         336 kB
Mlocked:             336 kB
SwapTotal:       4055036 kB
SwapFree:        3902960 kB
Dirty:               432 kB
Writeback:             0 kB
AnonPages:       2312196 kB
Mapped:           315848 kB
Shmem:            265148 kB
Slab:              85976 kB
SReclaimable:      41824 kB
SUnreclaim:        44152 kB
KernelStack:       11504 kB
PageTables:        50416 kB
NFS_Unstable:          0 kB
Bounce:                0 kB
WritebackTmp:          0 kB
CommitLimit:     6005500 kB
Committed_AS:    8619032 kB
VmallocTotal:   34359738367 kB
VmallocUsed:           0 kB
VmallocChunk:          0 kB
HardwareCorrupted:     0 kB
AnonHugePages:         0 kB
ShmemHugePages:        0 kB
ShmemPmdMapped:        0 kB
CmaTotal:              0 kB
CmaFree:               0 kB
HugePages_Total:       0
HugePages_Free:        0
HugePages_Rsvd:        0
HugePages_Surp:        0
Hugepagesize:       2048 kB
DirectMap4k:      191984 kB
DirectMap2M:     3864576 kB


CPU:total 4 (2 cores per cpu, 2 threads per core) family 6 model 58 stepping 9, cmov, cx8, fxsr, mmx, sse, sse2, sse3, ssse3, sse4.1, sse4.2, popcnt, avx, erms, ht, tsc, tscinvbit, tscinv

/proc/cpuinfo:
processor	: 0
vendor_id	: GenuineIntel
cpu family	: 6
model		: 58
model name	: Intel(R) Core(TM) i3-3110M CPU @ 2.40GHz
stepping	: 9
microcode	: 0x15
cpu MHz		: 2394.374
cache size	: 3072 KB
physical id	: 0
siblings	: 4
core id		: 0
cpu cores	: 2
apicid		: 0
initial apicid	: 0
fpu		: yes
fpu_exception	: yes
cpuid level	: 13
wp		: yes
flags		: fpu vme de pse tsc msr pae mce cx8 apic sep mtrr pge mca cmov pat pse36 clflush dts acpi mmx fxsr sse sse2 ss ht tm pbe syscall nx rdtscp lm constant_tsc arch_perfmon pebs bts rep_good nopl xtopology nonstop_tsc cpuid aperfmperf pni pclmulqdq dtes64 monitor ds_cpl vmx est tm2 ssse3 cx16 xtpr pdcm pcid sse4_1 sse4_2 x2apic popcnt tsc_deadline_timer xsave avx f16c lahf_lm cpuid_fault epb pti tpr_shadow vnmi flexpriority ept vpid fsgsbase smep erms xsaveopt dtherm arat pln pts
bugs		: cpu_meltdown spectre_v1 spectre_v2
bogomips	: 4788.74
clflush size	: 64
cache_alignment	: 64
address sizes	: 36 bits physical, 48 bits virtual
power management:

processor	: 1
vendor_id	: GenuineIntel
cpu family	: 6
model		: 58
model name	: Intel(R) Core(TM) i3-3110M CPU @ 2.40GHz
stepping	: 9
microcode	: 0x15
cpu MHz		: 2394.374
cache size	: 3072 KB
physical id	: 0
siblings	: 4
core id		: 1
cpu cores	: 2
apicid		: 2
initial apicid	: 2
fpu		: yes
fpu_exception	: yes
cpuid level	: 13
wp		: yes
flags		: fpu vme de pse tsc msr pae mce cx8 apic sep mtrr pge mca cmov pat pse36 clflush dts acpi mmx fxsr sse sse2 ss ht tm pbe syscall nx rdtscp lm constant_tsc arch_perfmon pebs bts rep_good nopl xtopology nonstop_tsc cpuid aperfmperf pni pclmulqdq dtes64 monitor ds_cpl vmx est tm2 ssse3 cx16 xtpr pdcm pcid sse4_1 sse4_2 x2apic popcnt tsc_deadline_timer xsave avx f16c lahf_lm cpuid_fault epb pti tpr_shadow vnmi flexpriority ept vpid fsgsbase smep erms xsaveopt dtherm arat pln pts
bugs		: cpu_meltdown spectre_v1 spectre_v2
bogomips	: 4788.74
clflush size	: 64
cache_alignment	: 64
address sizes	: 36 bits physical, 48 bits virtual
power management:

processor	: 2
vendor_id	: GenuineIntel
cpu family	: 6
model		: 58
model name	: Intel(R) Core(TM) i3-3110M CPU @ 2.40GHz
stepping	: 9
microcode	: 0x15
cpu MHz		: 2394.374
cache size	: 3072 KB
physical id	: 0
siblings	: 4
core id		: 0
cpu cores	: 2
apicid		: 1
initial apicid	: 1
fpu		: yes
fpu_exception	: yes
cpuid level	: 13
wp		: yes
flags		: fpu vme de pse tsc msr pae mce cx8 apic sep mtrr pge mca cmov pat pse36 clflush dts acpi mmx fxsr sse sse2 ss ht tm pbe syscall nx rdtscp lm constant_tsc arch_perfmon pebs bts rep_good nopl xtopology nonstop_tsc cpuid aperfmperf pni pclmulqdq dtes64 monitor ds_cpl vmx est tm2 ssse3 cx16 xtpr pdcm pcid sse4_1 sse4_2 x2apic popcnt tsc_deadline_timer xsave avx f16c lahf_lm cpuid_fault epb pti tpr_shadow vnmi flexpriority ept vpid fsgsbase smep erms xsaveopt dtherm arat pln pts
bugs		: cpu_meltdown spectre_v1 spectre_v2
bogomips	: 4788.74
clflush size	: 64
cache_alignment	: 64
address sizes	: 36 bits physical, 48 bits virtual
power management:

processor	: 3
vendor_id	: GenuineIntel
cpu family	: 6
model		: 58
model name	: Intel(R) Core(TM) i3-3110M CPU @ 2.40GHz
stepping	: 9
microcode	: 0x15
cpu MHz		: 2394.374
cache size	: 3072 KB
physical id	: 0
siblings	: 4
core id		: 1
cpu cores	: 2
apicid		: 3
initial apicid	: 3
fpu		: yes
fpu_exception	: yes
cpuid level	: 13
wp		: yes
flags		: fpu vme de pse tsc msr pae mce cx8 apic sep mtrr pge mca cmov pat pse36 clflush dts acpi mmx fxsr sse sse2 ss ht tm pbe syscall nx rdtscp lm constant_tsc arch_perfmon pebs bts rep_good nopl xtopology nonstop_tsc cpuid aperfmperf pni pclmulqdq dtes64 monitor ds_cpl vmx est tm2 ssse3 cx16 xtpr pdcm pcid sse4_1 sse4_2 x2apic popcnt tsc_deadline_timer xsave avx f16c lahf_lm cpuid_fault epb pti tpr_shadow vnmi flexpriority ept vpid fsgsbase smep erms xsaveopt dtherm arat pln pts
bugs		: cpu_meltdown spectre_v1 spectre_v2
bogomips	: 4788.74
clflush size	: 64
cache_alignment	: 64
address sizes	: 36 bits physical, 48 bits virtual
power management:



Memory: 4k page, physical 3900928k(727128k free), swap 4055036k(3902960k free)

vm_info: Java HotSpot(TM) 64-Bit Server VM (24.80-b11) for linux-amd64 JRE (1.7.0_80-b15), built on Apr 10 2015 19:53:14 by "java_re" with gcc 4.3.0 20080428 (Red Hat 4.3.0-8)

time: Sat Feb 10 13:59:08 2018
elapsed time: 0 seconds

