#
# A fatal error has been detected by the Java Runtime Environment:
#
#  SIGSEGV (0xb) at pc=0x00007fdf0c44e704, pid=23461, tid=140596403115776
#
# JRE version: Java(TM) SE Runtime Environment (7.0_80-b15) (build 1.7.0_80-b15)
# Java VM: Java HotSpot(TM) 64-Bit Server VM (24.80-b11 mixed mode linux-amd64 compressed oops)
# Problematic frame:
# C  [libaocr_x64.so+0xa5704]  Java_com_asprise_ocr_Ocr_doGetBuildInfo+0x18f3a
#
# Failed to write core dump. Core dumps have been disabled. To enable core dumping, try "ulimit -c unlimited" before starting Java again
#
# If you would like to submit a bug report, please visit:
#   http://bugreport.java.com/bugreport/crash.jsp
# The crash happened outside the Java Virtual Machine in native code.
# See problematic frame for where to report the bug.
#

---------------  T H R E A D  ---------------

Current thread (0x00007fdf2000a800):  JavaThread "main" [_thread_in_native, id=23467, stack(0x00007fdf269a1000,0x00007fdf26aa2000)]

siginfo:si_signo=SIGSEGV: si_errno=0, si_code=1 (SEGV_MAPERR), si_addr=0x0000000000000000

Registers:
RAX=0x0000000000000000, RBX=0x00007fdf211a5330, RCX=0x0000000000000000, RDX=0x0000000000000000
RSP=0x00007fdf26a9f970, RBP=0x00007fdf26a9fb20, RSI=0x00007fdf26262770, RDI=0x00007fdf26261540
R8 =0x00007fdf26262770, R9 =0x00007fdf26aa1700, R10=0x0000000000000001, R11=0x0000000000000000
R12=0x00000000000000a0, R13=0x000000000000005a, R14=0x0000000000000000, R15=0x00007fdf20592d50
RIP=0x00007fdf0c44e704, EFLAGS=0x0000000000010213, CSGSFS=0x002b000000000033, ERR=0x0000000000000004
  TRAPNO=0x000000000000000e

Top of Stack: (sp=0x00007fdf26a9f970)
0x00007fdf26a9f970:   0000000000000000 0000003000000020
0x00007fdf26a9f980:   00007fdf26aa0228 00007fdf26a9fc10
0x00007fdf26a9f990:   0000000000000000 0000001fffffff00
0x00007fdf26a9f9a0:   0000000000000000 00007fdf26a9fe60
0x00007fdf26a9f9b0:   0000000000000000 00007fdf20592d50
0x00007fdf26a9f9c0:   00007fdf26a9fb20 00007fdf25ef17f7
0x00007fdf26a9f9d0:   00007fdf26a9fe30 0000003000000018
0x00007fdf26a9f9e0:   00007fdf26a9fab0 00007fdf26a9f9f0
0x00007fdf26a9f9f0:   0000000000000000 0000000000000000
0x00007fdf26a9fa00:   0000000000000000 0000000000000000
0x00007fdf26a9fa10:   0000000000000000 0000000000000033
0x00007fdf26a9fa20:   0000000000000000 00007fdf2119b3c0
0x00007fdf26a9fa30:   00007fdf211a5330 00007fdf2031d7b0
0x00007fdf26a9fa40:   00000000000000e6 00007fdf0c6edbba
0x00007fdf26a9fa50:   00007fdf26a9faa0 0000000000000000
0x00007fdf26a9fa60:   00007fdf0c9e1f10 00007fdf0c9e1c32
0x00007fdf26a9fa70:   00007fdf26a9faa0 00000000ffffff00
0x00007fdf26a9fa80:   00007fdf26a9fb20 00000000000000a0
0x00007fdf26a9fa90:   000000000000005a 0000000000000000
0x00007fdf26a9faa0:   00007fdf20592d50 00007fdf25f2053c
0x00007fdf26a9fab0:   00007fdf211d3f20 0000000000000000
0x00007fdf26a9fac0:   00007fdf20592d50 00007fdf25f20dca
0x00007fdf26a9fad0:   00007fdf26a9fe20 00000000ffffff00
0x00007fdf26a9fae0:   00007fdf211a5330 00007fdf2119b3c0
0x00007fdf26a9faf0:   0000001f00000000 00007fdf26a9fc70
0x00007fdf26a9fb00:   000000a00000005a 0000000026a9fbe8
0x00007fdf26a9fb10:   00000000ffffff00 00000000000000a0
0x00007fdf26a9fb20:   00007fdf26a9ff80 00007fdf0c431641
0x00007fdf26a9fb30:   00007fdf26a9fc44 00007fdf20592b70
0x00007fdf26a9fb40:   00007fdf26a9fdb0 0000000000000000
0x00007fdf26a9fb50:   00007fdf26a9fc70 00007fdf26aa0228
0x00007fdf26a9fb60:   0000000000000014 00007fdf20592d50 

Instructions: (pc=0x00007fdf0c44e704)
0x00007fdf0c44e6e4:   c7 e8 a6 9d fe ff 48 8d 85 98 fe ff ff 48 89 c7
0x00007fdf0c44e6f4:   e8 48 5b 1b 00 83 45 ec 01 48 8b 85 d0 fe ff ff
0x00007fdf0c44e704:   8b 00 3b 45 ec 0f 9f c0 84 c0 0f 85 11 ff ff ff
0x00007fdf0c44e714:   48 8d 85 d0 fe ff ff 48 89 c7 e8 0d 62 1b 00 48 

Register to memory mapping:

RAX=0x0000000000000000 is an unknown value
RBX=0x00007fdf211a5330 is an unknown value
RCX=0x0000000000000000 is an unknown value
RDX=0x0000000000000000 is an unknown value
RSP=0x00007fdf26a9f970 is pointing into the stack for thread: 0x00007fdf2000a800
RBP=0x00007fdf26a9fb20 is pointing into the stack for thread: 0x00007fdf2000a800
RSI=0x00007fdf26262770: <offset 0x3c6770> in /lib/x86_64-linux-gnu/libc.so.6 at 0x00007fdf25e9c000
RDI=0x00007fdf26261540: _IO_2_1_stderr_+0 in /lib/x86_64-linux-gnu/libc.so.6 at 0x00007fdf25e9c000
R8 =0x00007fdf26262770: <offset 0x3c6770> in /lib/x86_64-linux-gnu/libc.so.6 at 0x00007fdf25e9c000
R9 =0x00007fdf26aa1700 is pointing into the stack for thread: 0x00007fdf2000a800
R10=0x0000000000000001 is an unknown value
R11=0x0000000000000000 is an unknown value
R12=0x00000000000000a0 is an unknown value
R13=0x000000000000005a is an unknown value
R14=0x0000000000000000 is an unknown value
R15=0x00007fdf20592d50 is an unknown value


Stack: [0x00007fdf269a1000,0x00007fdf26aa2000],  sp=0x00007fdf26a9f970,  free space=1018k
Native frames: (J=compiled Java code, j=interpreted, Vv=VM code, C=native code)
C  [libaocr_x64.so+0xa5704]  Java_com_asprise_ocr_Ocr_doGetBuildInfo+0x18f3a
C  [libaocr_x64.so+0x88641]  Java_com_asprise_ocr_Ocr_doStart+0x3cc0
C  [libaocr_x64.so+0x8b7bf]  com_asprise_ocr_recognize+0x2451
C  [libaocr_x64.so+0x8c5b8]  Java_com_asprise_ocr_Ocr_doRecognize+0x150
j  com.asprise.ocr.Ocr.doRecognize(Ljava/lang/String;IIIIILjava/lang/String;Ljava/lang/String;Ljava/lang/String;Ljava/lang/String;Ljava/lang/String;)Ljava/lang/String;+0
j  com.asprise.ocr.Ocr.recognize(Ljava/lang/String;IIIIILjava/lang/String;Ljava/lang/String;[Ljava/lang/Object;)Ljava/lang/String;+135
j  ReadTextfrImage.main([Ljava/lang/String;)V+290
v  ~StubRoutines::call_stub
V  [libjvm.so+0x6020a5]  JavaCalls::call_helper(JavaValue*, methodHandle*, JavaCallArguments*, Thread*)+0x365
V  [libjvm.so+0x600b08]  JavaCalls::call(JavaValue*, methodHandle, JavaCallArguments*, Thread*)+0x28
V  [libjvm.so+0x63abb9]  jni_invoke_static(JNIEnv_*, JavaValue*, _jobject*, JNICallType, _jmethodID*, JNI_ArgumentPusher*, Thread*)+0x219
V  [libjvm.so+0x6437d2]  jni_CallStaticVoidMethod+0x162
C  [libjli.so+0x36d9]  JavaMain+0x7e9

Java frames: (J=compiled Java code, j=interpreted, Vv=VM code)
j  com.asprise.ocr.Ocr.doRecognize(Ljava/lang/String;IIIIILjava/lang/String;Ljava/lang/String;Ljava/lang/String;Ljava/lang/String;Ljava/lang/String;)Ljava/lang/String;+0
j  com.asprise.ocr.Ocr.recognize(Ljava/lang/String;IIIIILjava/lang/String;Ljava/lang/String;[Ljava/lang/Object;)Ljava/lang/String;+135
j  ReadTextfrImage.main([Ljava/lang/String;)V+290
v  ~StubRoutines::call_stub

---------------  P R O C E S S  ---------------

Java Threads: ( => current thread )
  0x00007fdf20267000 JavaThread "Java2D Disposer" daemon [_thread_blocked, id=23481, stack(0x00007fdf0e840000,0x00007fdf0e941000)]
  0x00007fdf20099000 JavaThread "Service Thread" daemon [_thread_blocked, id=23478, stack(0x00007fdf145f3000,0x00007fdf146f4000)]
  0x00007fdf20096800 JavaThread "C2 CompilerThread1" daemon [_thread_blocked, id=23477, stack(0x00007fdf146f4000,0x00007fdf147f5000)]
  0x00007fdf20093800 JavaThread "C2 CompilerThread0" daemon [_thread_blocked, id=23476, stack(0x00007fdf147f5000,0x00007fdf148f6000)]
  0x00007fdf20091800 JavaThread "Signal Dispatcher" daemon [_thread_blocked, id=23475, stack(0x00007fdf148f6000,0x00007fdf149f7000)]
  0x00007fdf20070800 JavaThread "Finalizer" daemon [_thread_blocked, id=23474, stack(0x00007fdf14ccf000,0x00007fdf14dd0000)]
  0x00007fdf2006e800 JavaThread "Reference Handler" daemon [_thread_blocked, id=23473, stack(0x00007fdf14dd0000,0x00007fdf14ed1000)]
=>0x00007fdf2000a800 JavaThread "main" [_thread_in_native, id=23467, stack(0x00007fdf269a1000,0x00007fdf26aa2000)]

Other Threads:
  0x00007fdf2006a000 VMThread [stack: 0x00007fdf14ed1000,0x00007fdf14fd2000] [id=23472]
  0x00007fdf2009b800 WatcherThread [stack: 0x00007fdf144f2000,0x00007fdf145f3000] [id=23479]

VM state:not at safepoint (normal execution)

VM Mutex/Monitor currently owned by a thread: None

Heap
 PSYoungGen      total 17920K, used 4989K [0x00000000ec200000, 0x00000000ed600000, 0x0000000100000000)
  eden space 15360K, 32% used [0x00000000ec200000,0x00000000ec6df780,0x00000000ed100000)
  from space 2560K, 0% used [0x00000000ed380000,0x00000000ed380000,0x00000000ed600000)
  to   space 2560K, 0% used [0x00000000ed100000,0x00000000ed100000,0x00000000ed380000)
 ParOldGen       total 40448K, used 0K [0x00000000c4600000, 0x00000000c6d80000, 0x00000000ec200000)
  object space 40448K, 0% used [0x00000000c4600000,0x00000000c4600000,0x00000000c6d80000)
 PSPermGen       total 21504K, used 5982K [0x00000000bf400000, 0x00000000c0900000, 0x00000000c4600000)
  object space 21504K, 27% used [0x00000000bf400000,0x00000000bf9d79e0,0x00000000c0900000)

Card table byte_map: [0x00007fdf1c9cf000,0x00007fdf1cbd6000] byte_map_base: 0x00007fdf1c3d5000

Polling page: 0x00007fdf26ac0000

Code Cache  [0x00007fdf1cbd6000, 0x00007fdf1ce46000, 0x00007fdf1fbd6000)
 total_blobs=380 nmethods=31 adapters=303 free_code_cache=48605Kb largest_free_block=49755008

Compilation events (10 events):
Event: 1.140 Thread 0x00007fdf20093800 nmethod 27 0x00007fdf1cc56c90 code [0x00007fdf1cc56de0, 0x00007fdf1cc57018]
Event: 1.152 Thread 0x00007fdf20096800 nmethod 26 0x00007fdf1cc57b90 code [0x00007fdf1cc57ce0, 0x00007fdf1cc58928]
Event: 1.543 Thread 0x00007fdf20093800   28 %           sun.security.provider.DigestBase::engineUpdate @ 136 (188 bytes)
Event: 1.547 Thread 0x00007fdf20093800 nmethod 28% 0x00007fdf1cc57650 code [0x00007fdf1cc577c0, 0x00007fdf1cc579e8]
Event: 1.547 Thread 0x00007fdf20096800   29             sun.security.provider.DigestBase::engineUpdate (188 bytes)
Event: 1.551 Thread 0x00007fdf20096800 nmethod 29 0x00007fdf1cc60a10 code [0x00007fdf1cc60b80, 0x00007fdf1cc60ef8]
Event: 1.591 Thread 0x00007fdf20093800   30             sun.security.provider.DigestBase::engineUpdate (188 bytes)
Event: 1.595 Thread 0x00007fdf20093800 nmethod 30 0x00007fdf1cc60250 code [0x00007fdf1cc603c0, 0x00007fdf1cc60738]
Event: 1.801 Thread 0x00007fdf20096800   31             java.util.zip.ZStreamRef::address (5 bytes)
Event: 1.801 Thread 0x00007fdf20096800 nmethod 31 0x00007fdf1cc61350 code [0x00007fdf1cc61480, 0x00007fdf1cc614d8]

GC Heap History (0 events):
No events

Deoptimization events (3 events):
Event: 0.974 Thread 0x00007fdf2000a800 Uncommon trap: reason=unstable_if action=reinterpret pc=0x00007fdf1cc3a4ec method=java.lang.String.indexOf([CII[CIII)I @ 3
Event: 1.513 Thread 0x00007fdf2000a800 Uncommon trap: reason=unstable_if action=reinterpret pc=0x00007fdf1cc5301c method=sun.security.provider.DigestBase.engineUpdate([BII)V @ 168
Event: 1.583 Thread 0x00007fdf2000a800 Uncommon trap: reason=unstable_if action=reinterpret pc=0x00007fdf1cc60e60 method=sun.security.provider.DigestBase.engineUpdate([BII)V @ 119

Internal exceptions (10 events):
Event: 0.488 Thread 0x00007fdf2000a800 Threw 0x00000000ec4c3d80 at /HUDSON/workspace/7u-2-build-linux-amd64/jdk7u80/2329/hotspot/src/share/vm/prims/jvm.cpp:1319
Event: 0.489 Thread 0x00007fdf2000a800 Threw 0x00000000ec4c9640 at /HUDSON/workspace/7u-2-build-linux-amd64/jdk7u80/2329/hotspot/src/share/vm/prims/jvm.cpp:1319
Event: 0.493 Thread 0x00007fdf2000a800 Threw 0x00000000ec5047f0 at /HUDSON/workspace/7u-2-build-linux-amd64/jdk7u80/2329/hotspot/src/share/vm/prims/jvm.cpp:1319
Event: 0.494 Thread 0x00007fdf2000a800 Threw 0x00000000ec509bc0 at /HUDSON/workspace/7u-2-build-linux-amd64/jdk7u80/2329/hotspot/src/share/vm/prims/jvm.cpp:1319
Event: 0.501 Thread 0x00007fdf2000a800 Threw 0x00000000ec521c38 at /HUDSON/workspace/7u-2-build-linux-amd64/jdk7u80/2329/hotspot/src/share/vm/prims/jvm.cpp:1319
Event: 0.837 Thread 0x00007fdf2000a800 Threw 0x00000000ec6371c0 at /HUDSON/workspace/7u-2-build-linux-amd64/jdk7u80/2329/hotspot/src/share/vm/prims/jvm.cpp:1319
Event: 0.840 Thread 0x00007fdf2000a800 Threw 0x00000000ec650070 at /HUDSON/workspace/7u-2-build-linux-amd64/jdk7u80/2329/hotspot/src/share/vm/prims/jvm.cpp:1319
Event: 0.842 Thread 0x00007fdf2000a800 Threw 0x00000000ec6547a8 at /HUDSON/workspace/7u-2-build-linux-amd64/jdk7u80/2329/hotspot/src/share/vm/prims/jvm.cpp:1319
Event: 0.857 Thread 0x00007fdf2000a800 Threw 0x00000000ec662e50 at /HUDSON/workspace/7u-2-build-linux-amd64/jdk7u80/2329/hotspot/src/share/vm/prims/jvm.cpp:1319
Event: 0.860 Thread 0x00007fdf2000a800 Threw 0x00000000ec671230 at /HUDSON/workspace/7u-2-build-linux-amd64/jdk7u80/2329/hotspot/src/share/vm/prims/jvm.cpp:1319

Events (10 events):
Event: 1.529 loading class 0x00007fdf1c276ae0 done
Event: 1.530 loading class 0x00007fdef442ade0
Event: 1.532 loading class 0x00007fdef442ade0 done
Event: 1.583 Thread 0x00007fdf2000a800 Uncommon trap: trap_request=0xffffff75 fr.pc=0x00007fdf1cc60e60
Event: 1.583 Thread 0x00007fdf2000a800 DEOPT PACKING pc=0x00007fdf1cc60e60 sp=0x00007fdf26a9fe10
Event: 1.583 Thread 0x00007fdf2000a800 DEOPT UNPACKING pc=0x00007fdf1cc0f445 sp=0x00007fdf26a9fdd8 mode 2
Event: 2.299 loading class 0x00007fdf1c240be0
Event: 2.310 loading class 0x00007fdf1c240be0 done
Event: 2.310 loading class 0x00007fdf1c25bf80
Event: 2.323 loading class 0x00007fdf1c25bf80 done


Dynamic libraries:
00400000-00401000 r-xp 00000000 08:02 13769971                           /usr/lib/jvm/jdk1.7.0_80/bin/java
00600000-00601000 rw-p 00000000 08:02 13769971                           /usr/lib/jvm/jdk1.7.0_80/bin/java
010fa000-0111b000 rw-p 00000000 00:00 0                                  [heap]
bf400000-c0900000 rw-p 00000000 00:00 0 
c0900000-c4600000 rw-p 00000000 00:00 0 
c4600000-c6d80000 rw-p 00000000 00:00 0 
c6d80000-ec200000 rw-p 00000000 00:00 0 
ec200000-ed600000 rw-p 00000000 00:00 0 
ed600000-100000000 rw-p 00000000 00:00 0 
7fdede9ae000-7fdedfdea000 rw-p 00000000 00:00 0 
7fdedfdea000-7fdedfe00000 r-xp 00000000 08:02 24908221                   /lib/x86_64-linux-gnu/libgcc_s.so.1
7fdedfe00000-7fdedffff000 ---p 00016000 08:02 24908221                   /lib/x86_64-linux-gnu/libgcc_s.so.1
7fdedffff000-7fdee0000000 rw-p 00015000 08:02 24908221                   /lib/x86_64-linux-gnu/libgcc_s.so.1
7fdee0000000-7fdee0021000 rw-p 00000000 00:00 0 
7fdee0021000-7fdee4000000 ---p 00000000 00:00 0 
7fdee4000000-7fdee4021000 rw-p 00000000 00:00 0 
7fdee4021000-7fdee8000000 ---p 00000000 00:00 0 
7fdee8000000-7fdee829b000 rw-p 00000000 00:00 0 
7fdee829b000-7fdeec000000 ---p 00000000 00:00 0 
7fdeec000000-7fdeec021000 rw-p 00000000 00:00 0 
7fdeec021000-7fdef0000000 ---p 00000000 00:00 0 
7fdef0000000-7fdef0021000 rw-p 00000000 00:00 0 
7fdef0021000-7fdef4000000 ---p 00000000 00:00 0 
7fdef4000000-7fdef4438000 rw-p 00000000 00:00 0 
7fdef4438000-7fdef8000000 ---p 00000000 00:00 0 
7fdef8000000-7fdef8021000 rw-p 00000000 00:00 0 
7fdef8021000-7fdefc000000 ---p 00000000 00:00 0 
7fdefc000000-7fdefc021000 rw-p 00000000 00:00 0 
7fdefc021000-7fdf00000000 ---p 00000000 00:00 0 
7fdf00000000-7fdf00021000 rw-p 00000000 00:00 0 
7fdf00021000-7fdf04000000 ---p 00000000 00:00 0 
7fdf04000000-7fdf04021000 rw-p 00000000 00:00 0 
7fdf04021000-7fdf08000000 ---p 00000000 00:00 0 
7fdf08000000-7fdf08021000 rw-p 00000000 00:00 0 
7fdf08021000-7fdf0c000000 ---p 00000000 00:00 0 
7fdf0c027000-7fdf0c199000 r-xp 00000000 08:02 12067707                   /usr/lib/x86_64-linux-gnu/libstdc++.so.6.0.21
7fdf0c199000-7fdf0c399000 ---p 00172000 08:02 12067707                   /usr/lib/x86_64-linux-gnu/libstdc++.so.6.0.21
7fdf0c399000-7fdf0c3a3000 r--p 00172000 08:02 12067707                   /usr/lib/x86_64-linux-gnu/libstdc++.so.6.0.21
7fdf0c3a3000-7fdf0c3a5000 rw-p 0017c000 08:02 12067707                   /usr/lib/x86_64-linux-gnu/libstdc++.so.6.0.21
7fdf0c3a5000-7fdf0c3a9000 rw-p 00000000 00:00 0 
7fdf0c3a9000-7fdf0caed000 r-xp 00000000 08:02 16646150                   /tmp/libaocr_x64.so
7fdf0caed000-7fdf0ccec000 ---p 00744000 08:02 16646150                   /tmp/libaocr_x64.so
7fdf0ccec000-7fdf0e36e000 rw-p 00743000 08:02 16646150                   /tmp/libaocr_x64.so
7fdf0e36e000-7fdf0e605000 rw-p 00000000 00:00 0 
7fdf0e605000-7fdf0e63f000 r-xp 00000000 08:02 13646715                   /usr/lib/jvm/jdk1.7.0_80/jre/lib/amd64/libjpeg.so
7fdf0e63f000-7fdf0e83f000 ---p 0003a000 08:02 13646715                   /usr/lib/jvm/jdk1.7.0_80/jre/lib/amd64/libjpeg.so
7fdf0e83f000-7fdf0e840000 rw-p 0003a000 08:02 13646715                   /usr/lib/jvm/jdk1.7.0_80/jre/lib/amd64/libjpeg.so
7fdf0e840000-7fdf0e843000 ---p 00000000 00:00 0 
7fdf0e843000-7fdf0e941000 rw-p 00000000 00:00 0 
7fdf0e941000-7fdf0e946000 r-xp 00000000 08:02 12066558                   /usr/lib/x86_64-linux-gnu/libXdmcp.so.6.0.0
7fdf0e946000-7fdf0eb45000 ---p 00005000 08:02 12066558                   /usr/lib/x86_64-linux-gnu/libXdmcp.so.6.0.0
7fdf0eb45000-7fdf0eb46000 r--p 00004000 08:02 12066558                   /usr/lib/x86_64-linux-gnu/libXdmcp.so.6.0.0
7fdf0eb46000-7fdf0eb47000 rw-p 00005000 08:02 12066558                   /usr/lib/x86_64-linux-gnu/libXdmcp.so.6.0.0
7fdf0eb47000-7fdf0eb49000 r-xp 00000000 08:02 12066547                   /usr/lib/x86_64-linux-gnu/libXau.so.6.0.0
7fdf0eb49000-7fdf0ed49000 ---p 00002000 08:02 12066547                   /usr/lib/x86_64-linux-gnu/libXau.so.6.0.0
7fdf0ed49000-7fdf0ed4a000 r--p 00002000 08:02 12066547                   /usr/lib/x86_64-linux-gnu/libXau.so.6.0.0
7fdf0ed4a000-7fdf0ed4b000 rw-p 00003000 08:02 12066547                   /usr/lib/x86_64-linux-gnu/libXau.so.6.0.0
7fdf0ed4b000-7fdf0ed6c000 r-xp 00000000 08:02 12067956                   /usr/lib/x86_64-linux-gnu/libxcb.so.1.1.0
7fdf0ed6c000-7fdf0ef6b000 ---p 00021000 08:02 12067956                   /usr/lib/x86_64-linux-gnu/libxcb.so.1.1.0
7fdf0ef6b000-7fdf0ef6c000 r--p 00020000 08:02 12067956                   /usr/lib/x86_64-linux-gnu/libxcb.so.1.1.0
7fdf0ef6c000-7fdf0ef6d000 rw-p 00021000 08:02 12067956                   /usr/lib/x86_64-linux-gnu/libxcb.so.1.1.0
7fdf0ef6d000-7fdf0ef7c000 r-xp 00000000 08:02 12066568                   /usr/lib/x86_64-linux-gnu/libXi.so.6.1.0
7fdf0ef7c000-7fdf0f17b000 ---p 0000f000 08:02 12066568                   /usr/lib/x86_64-linux-gnu/libXi.so.6.1.0
7fdf0f17b000-7fdf0f17c000 r--p 0000e000 08:02 12066568                   /usr/lib/x86_64-linux-gnu/libXi.so.6.1.0
7fdf0f17c000-7fdf0f17d000 rw-p 0000f000 08:02 12066568                   /usr/lib/x86_64-linux-gnu/libXi.so.6.1.0
7fdf0f17d000-7fdf0f182000 r-xp 00000000 08:02 12066586                   /usr/lib/x86_64-linux-gnu/libXtst.so.6.1.0
7fdf0f182000-7fdf0f381000 ---p 00005000 08:02 12066586                   /usr/lib/x86_64-linux-gnu/libXtst.so.6.1.0
7fdf0f381000-7fdf0f382000 r--p 00004000 08:02 12066586                   /usr/lib/x86_64-linux-gnu/libXtst.so.6.1.0
7fdf0f382000-7fdf0f383000 rw-p 00005000 08:02 12066586                   /usr/lib/x86_64-linux-gnu/libXtst.so.6.1.0
7fdf0f383000-7fdf0f38c000 r-xp 00000000 08:02 12066580                   /usr/lib/x86_64-linux-gnu/libXrender.so.1.3.0
7fdf0f38c000-7fdf0f58b000 ---p 00009000 08:02 12066580                   /usr/lib/x86_64-linux-gnu/libXrender.so.1.3.0
7fdf0f58b000-7fdf0f58c000 r--p 00008000 08:02 12066580                   /usr/lib/x86_64-linux-gnu/libXrender.so.1.3.0
7fdf0f58c000-7fdf0f58d000 rw-p 00009000 08:02 12066580                   /usr/lib/x86_64-linux-gnu/libXrender.so.1.3.0
7fdf0f58d000-7fdf0f6c2000 r-xp 00000000 08:02 12066543                   /usr/lib/x86_64-linux-gnu/libX11.so.6.3.0
7fdf0f6c2000-7fdf0f8c2000 ---p 00135000 08:02 12066543                   /usr/lib/x86_64-linux-gnu/libX11.so.6.3.0
7fdf0f8c2000-7fdf0f8c3000 r--p 00135000 08:02 12066543                   /usr/lib/x86_64-linux-gnu/libX11.so.6.3.0
7fdf0f8c3000-7fdf0f8c7000 rw-p 00136000 08:02 12066543                   /usr/lib/x86_64-linux-gnu/libX11.so.6.3.0
7fdf0f8c7000-7fdf0f8d8000 r-xp 00000000 08:02 12066560                   /usr/lib/x86_64-linux-gnu/libXext.so.6.4.0
7fdf0f8d8000-7fdf0fad7000 ---p 00011000 08:02 12066560                   /usr/lib/x86_64-linux-gnu/libXext.so.6.4.0
7fdf0fad7000-7fdf0fad8000 r--p 00010000 08:02 12066560                   /usr/lib/x86_64-linux-gnu/libXext.so.6.4.0
7fdf0fad8000-7fdf0fad9000 rw-p 00011000 08:02 12066560                   /usr/lib/x86_64-linux-gnu/libXext.so.6.4.0
7fdf0fad9000-7fdf0fb29000 r-xp 00000000 08:02 13646705                   /usr/lib/jvm/jdk1.7.0_80/jre/lib/amd64/xawt/libmawt.so
7fdf0fb29000-7fdf0fd29000 ---p 00050000 08:02 13646705                   /usr/lib/jvm/jdk1.7.0_80/jre/lib/amd64/xawt/libmawt.so
7fdf0fd29000-7fdf0fd2d000 rw-p 00050000 08:02 13646705                   /usr/lib/jvm/jdk1.7.0_80/jre/lib/amd64/xawt/libmawt.so
7fdf0fd2d000-7fdf0fd2e000 rw-p 00000000 00:00 0 
7fdf0fd2e000-7fdf0fdd0000 r-xp 00000000 08:02 13646725                   /usr/lib/jvm/jdk1.7.0_80/jre/lib/amd64/libawt.so
7fdf0fdd0000-7fdf0ffd0000 ---p 000a2000 08:02 13646725                   /usr/lib/jvm/jdk1.7.0_80/jre/lib/amd64/libawt.so
7fdf0ffd0000-7fdf0ffdc000 rw-p 000a2000 08:02 13646725                   /usr/lib/jvm/jdk1.7.0_80/jre/lib/amd64/libawt.so
7fdf0ffdc000-7fdf10000000 rw-p 00000000 00:00 0 
7fdf10000000-7fdf10021000 rw-p 00000000 00:00 0 
7fdf10021000-7fdf14000000 ---p 00000000 00:00 0 
7fdf14032000-7fdf14036000 r--s 0008b000 08:02 13647318                   /usr/lib/jvm/jdk1.7.0_80/jre/lib/jsse.jar
7fdf14036000-7fdf14039000 r--s 07cb5000 08:02 8136923                    /home/headrun/Downloads/java-ocr-api-15.3.0.3.jar
7fdf14039000-7fdf1403c000 r--s 00017000 08:02 8132360                    /home/headrun/Downloads/marvin_1.5.5.jar
7fdf1403c000-7fdf140ca000 rw-p 00000000 00:00 0 
7fdf140ca000-7fdf1445d000 r--s 03191000 08:02 8128837                    /home/headrun/Downloads/tika-app-1.17.jar
7fdf1445d000-7fdf14473000 r--s 0023f000 08:02 8139468                    /home/headrun/Downloads/pdfbox-2.0.3.jar
7fdf14473000-7fdf14479000 r--s 00163000 08:02 8139467                    /home/headrun/Downloads/fontbox-2.0.3.jar
7fdf14479000-7fdf14487000 r--s 00083000 08:02 8141858                    /home/headrun/Downloads/opencv-3.0.0-1.0.jar
7fdf14487000-7fdf1448a000 r--s 031c7000 08:02 12847991                   /home/headrun/Downloads/asprise-ocr-java-15.3.1-trial-linux/aocr.jar
7fdf1448a000-7fdf14494000 r--s 00081000 08:02 13108978                   /home/headrun/Downloads/jar_files (1)/xmlgraphics-commons-1.4.jar
7fdf14494000-7fdf14496000 r--s 02050000 08:02 13110944                   /home/headrun/Downloads/jar_files (1)/tess4j-3.2.1.jar
7fdf14496000-7fdf1449a000 r--s 00015000 08:02 13110932                   /home/headrun/Downloads/jar_files (1)/rococoa-core-0.5.jar
7fdf1449a000-7fdf144a4000 r--s 00069000 08:02 13110945                   /home/headrun/Downloads/jar_files (1)/logback-core-1.1.7.jar
7fdf144a4000-7fdf144ab000 r--s 00044000 08:02 13110925                   /home/headrun/Downloads/jar_files (1)/logback-classic-1.1.7.jar
7fdf144ab000-7fdf144ad000 r--s 00004000 08:02 13109142                   /home/headrun/Downloads/jar_files (1)/log4j-over-slf4j-1.7.21.jar
7fdf144ad000-7fdf144b6000 r--s 0006f000 08:02 13108979                   /home/headrun/Downloads/jar_files (1)/log4j-1.2.17.jar
7fdf144b6000-7fdf144bb000 r--s 00229000 08:02 13110922                   /home/headrun/Downloads/jar_files (1)/lept4j-1.2.3.jar
7fdf144bb000-7fdf144bd000 r--s 00000000 08:02 13110924                   /home/headrun/Downloads/jar_files (1)/jul-to-slf4j-1.7.21.jar
7fdf144bd000-7fdf144c1000 r--s 000dc000 08:02 13109139                   /home/headrun/Downloads/jar_files (1)/jna-4.1.0.jar
7fdf144c1000-7fdf144c3000 r--s 00003000 08:02 13110923                   /home/headrun/Downloads/jar_files (1)/jcl-over-slf4j-1.7.21.jar
7fdf144c3000-7fdf144ce000 r--s 00088000 08:02 13109141                   /home/headrun/Downloads/jar_files (1)/jai-imageio-core-1.3.1.jar
7fdf144ce000-7fdf144da000 r--s 00108000 08:02 13108977                   /home/headrun/Downloads/jar_files (1)/itext-2.1.7.jar
7fdf144da000-7fdf144df000 r--s 00028000 08:02 13109140                   /home/headrun/Downloads/jar_files (1)/ghost4j-1.0.1.jar
7fdf144df000-7fdf144ed000 r--s 0007f000 08:02 13110929                   /home/headrun/Downloads/jar_files (1)/commons-collections-3.2.1.jar
7fdf144ed000-7fdf144f2000 r--s 00035000 08:02 13110930                   /home/headrun/Downloads/jar_files (1)/commons-beanutils-1.9.2.jar
7fdf144f2000-7fdf144f3000 ---p 00000000 00:00 0 
7fdf144f3000-7fdf145f3000 rw-p 00000000 00:00 0 
7fdf145f3000-7fdf145f6000 ---p 00000000 00:00 0 
7fdf145f6000-7fdf146f4000 rw-p 00000000 00:00 0 
7fdf146f4000-7fdf146f7000 ---p 00000000 00:00 0 
7fdf146f7000-7fdf147f5000 rw-p 00000000 00:00 0 
7fdf147f5000-7fdf147f8000 ---p 00000000 00:00 0 
7fdf147f8000-7fdf148f6000 rw-p 00000000 00:00 0 
7fdf148f6000-7fdf148f9000 ---p 00000000 00:00 0 
7fdf148f9000-7fdf149f7000 rw-p 00000000 00:00 0 
7fdf149f7000-7fdf14ccf000 r--p 00000000 08:02 12058653                   /usr/lib/locale/locale-archive
7fdf14ccf000-7fdf14cd2000 ---p 00000000 00:00 0 
7fdf14cd2000-7fdf14dd0000 rw-p 00000000 00:00 0 
7fdf14dd0000-7fdf14dd3000 ---p 00000000 00:00 0 
7fdf14dd3000-7fdf14ed1000 rw-p 00000000 00:00 0 
7fdf14ed1000-7fdf14ed2000 ---p 00000000 00:00 0 
7fdf14ed2000-7fdf15de0000 rw-p 00000000 00:00 0 
7fdf15de0000-7fdf15fa0000 r--s 039fb000 08:02 13647374                   /usr/lib/jvm/jdk1.7.0_80/jre/lib/rt.jar
7fdf15fa0000-7fdf18000000 rw-p 00000000 00:00 0 
7fdf18000000-7fdf18021000 rw-p 00000000 00:00 0 
7fdf18021000-7fdf1c000000 ---p 00000000 00:00 0 
7fdf1c001000-7fdf1c010000 r--s 0017c000 08:02 13646600                   /home/headrun/Downloads/itextpdf-5.1.0.jar
7fdf1c010000-7fdf1c48d000 rw-p 00000000 00:00 0 
7fdf1c48d000-7fdf1c48e000 ---p 00000000 00:00 0 
7fdf1c48e000-7fdf1c58e000 rw-p 00000000 00:00 0 
7fdf1c58e000-7fdf1c58f000 ---p 00000000 00:00 0 
7fdf1c58f000-7fdf1c68f000 rw-p 00000000 00:00 0 
7fdf1c68f000-7fdf1c690000 ---p 00000000 00:00 0 
7fdf1c690000-7fdf1c790000 rw-p 00000000 00:00 0 
7fdf1c790000-7fdf1c791000 ---p 00000000 00:00 0 
7fdf1c791000-7fdf1c8a5000 rw-p 00000000 00:00 0 
7fdf1c8a5000-7fdf1c9cf000 rw-p 00000000 00:00 0 
7fdf1c9cf000-7fdf1c9da000 rw-p 00000000 00:00 0 
7fdf1c9da000-7fdf1c9f8000 rw-p 00000000 00:00 0 
7fdf1c9f8000-7fdf1ca0c000 rw-p 00000000 00:00 0 
7fdf1ca0c000-7fdf1cb36000 rw-p 00000000 00:00 0 
7fdf1cb36000-7fdf1cb40000 rw-p 00000000 00:00 0 
7fdf1cb40000-7fdf1cbd5000 rw-p 00000000 00:00 0 
7fdf1cbd5000-7fdf1cbd6000 rw-p 00000000 00:00 0 
7fdf1cbd6000-7fdf1ce46000 rwxp 00000000 00:00 0 
7fdf1ce46000-7fdf1fbd6000 rw-p 00000000 00:00 0 
7fdf1fbd6000-7fdf1fbed000 r-xp 00000000 08:02 13646721                   /usr/lib/jvm/jdk1.7.0_80/jre/lib/amd64/libzip.so
7fdf1fbed000-7fdf1fded000 ---p 00017000 08:02 13646721                   /usr/lib/jvm/jdk1.7.0_80/jre/lib/amd64/libzip.so
7fdf1fded000-7fdf1fdee000 rw-p 00017000 08:02 13646721                   /usr/lib/jvm/jdk1.7.0_80/jre/lib/amd64/libzip.so
7fdf1fdee000-7fdf1fdf9000 r-xp 00000000 08:02 24909811                   /lib/x86_64-linux-gnu/libnss_files-2.23.so
7fdf1fdf9000-7fdf1fff8000 ---p 0000b000 08:02 24909811                   /lib/x86_64-linux-gnu/libnss_files-2.23.so
7fdf1fff8000-7fdf1fff9000 r--p 0000a000 08:02 24909811                   /lib/x86_64-linux-gnu/libnss_files-2.23.so
7fdf1fff9000-7fdf1fffa000 rw-p 0000b000 08:02 24909811                   /lib/x86_64-linux-gnu/libnss_files-2.23.so
7fdf1fffa000-7fdf20000000 rw-p 00000000 00:00 0 
7fdf20000000-7fdf212bd000 rw-p 00000000 00:00 0 
7fdf212bd000-7fdf24000000 ---p 00000000 00:00 0 
7fdf24000000-7fdf2400e000 r--s 00374000 08:02 13901063                   /home/headrun/Downloads/PDFxStream.Java-3.5.0/lib/PDFxStream.jar
7fdf2400e000-7fdf2408c000 rw-p 00000000 00:00 0 
7fdf2408c000-7fdf240aa000 rw-p 00000000 00:00 0 
7fdf240aa000-7fdf240b5000 r-xp 00000000 08:02 24909815                   /lib/x86_64-linux-gnu/libnss_nis-2.23.so
7fdf240b5000-7fdf242b4000 ---p 0000b000 08:02 24909815                   /lib/x86_64-linux-gnu/libnss_nis-2.23.so
7fdf242b4000-7fdf242b5000 r--p 0000a000 08:02 24909815                   /lib/x86_64-linux-gnu/libnss_nis-2.23.so
7fdf242b5000-7fdf242b6000 rw-p 0000b000 08:02 24909815                   /lib/x86_64-linux-gnu/libnss_nis-2.23.so
7fdf242b6000-7fdf242cc000 r-xp 00000000 08:02 24909795                   /lib/x86_64-linux-gnu/libnsl-2.23.so
7fdf242cc000-7fdf244cb000 ---p 00016000 08:02 24909795                   /lib/x86_64-linux-gnu/libnsl-2.23.so
7fdf244cb000-7fdf244cc000 r--p 00015000 08:02 24909795                   /lib/x86_64-linux-gnu/libnsl-2.23.so
7fdf244cc000-7fdf244cd000 rw-p 00016000 08:02 24909795                   /lib/x86_64-linux-gnu/libnsl-2.23.so
7fdf244cd000-7fdf244cf000 rw-p 00000000 00:00 0 
7fdf244cf000-7fdf244d7000 r-xp 00000000 08:02 24909806                   /lib/x86_64-linux-gnu/libnss_compat-2.23.so
7fdf244d7000-7fdf246d6000 ---p 00008000 08:02 24909806                   /lib/x86_64-linux-gnu/libnss_compat-2.23.so
7fdf246d6000-7fdf246d7000 r--p 00007000 08:02 24909806                   /lib/x86_64-linux-gnu/libnss_compat-2.23.so
7fdf246d7000-7fdf246d8000 rw-p 00008000 08:02 24909806                   /lib/x86_64-linux-gnu/libnss_compat-2.23.so
7fdf246d8000-7fdf24701000 r-xp 00000000 08:02 13646687                   /usr/lib/jvm/jdk1.7.0_80/jre/lib/amd64/libjava.so
7fdf24701000-7fdf24901000 ---p 00029000 08:02 13646687                   /usr/lib/jvm/jdk1.7.0_80/jre/lib/amd64/libjava.so
7fdf24901000-7fdf24903000 rw-p 00029000 08:02 13646687                   /usr/lib/jvm/jdk1.7.0_80/jre/lib/amd64/libjava.so
7fdf24903000-7fdf24910000 r-xp 00000000 08:02 13646714                   /usr/lib/jvm/jdk1.7.0_80/jre/lib/amd64/libverify.so
7fdf24910000-7fdf24b0f000 ---p 0000d000 08:02 13646714                   /usr/lib/jvm/jdk1.7.0_80/jre/lib/amd64/libverify.so
7fdf24b0f000-7fdf24b11000 rw-p 0000c000 08:02 13646714                   /usr/lib/jvm/jdk1.7.0_80/jre/lib/amd64/libverify.so
7fdf24b11000-7fdf24b18000 r-xp 00000000 08:02 24909816                   /lib/x86_64-linux-gnu/librt-2.23.so
7fdf24b18000-7fdf24d17000 ---p 00007000 08:02 24909816                   /lib/x86_64-linux-gnu/librt-2.23.so
7fdf24d17000-7fdf24d18000 r--p 00006000 08:02 24909816                   /lib/x86_64-linux-gnu/librt-2.23.so
7fdf24d18000-7fdf24d19000 rw-p 00007000 08:02 24909816                   /lib/x86_64-linux-gnu/librt-2.23.so
7fdf24d19000-7fdf24e21000 r-xp 00000000 08:02 24909793                   /lib/x86_64-linux-gnu/libm-2.23.so
7fdf24e21000-7fdf25020000 ---p 00108000 08:02 24909793                   /lib/x86_64-linux-gnu/libm-2.23.so
7fdf25020000-7fdf25021000 r--p 00107000 08:02 24909793                   /lib/x86_64-linux-gnu/libm-2.23.so
7fdf25021000-7fdf25022000 rw-p 00108000 08:02 24909793                   /lib/x86_64-linux-gnu/libm-2.23.so
7fdf25022000-7fdf25b98000 r-xp 00000000 08:02 13646741                   /usr/lib/jvm/jdk1.7.0_80/jre/lib/amd64/server/libjvm.so
7fdf25b98000-7fdf25d97000 ---p 00b76000 08:02 13646741                   /usr/lib/jvm/jdk1.7.0_80/jre/lib/amd64/server/libjvm.so
7fdf25d97000-7fdf25e5b000 rw-p 00b75000 08:02 13646741                   /usr/lib/jvm/jdk1.7.0_80/jre/lib/amd64/server/libjvm.so
7fdf25e5b000-7fdf25e9c000 rw-p 00000000 00:00 0 
7fdf25e9c000-7fdf2605c000 r-xp 00000000 08:02 24909798                   /lib/x86_64-linux-gnu/libc-2.23.so
7fdf2605c000-7fdf2625c000 ---p 001c0000 08:02 24909798                   /lib/x86_64-linux-gnu/libc-2.23.so
7fdf2625c000-7fdf26260000 r--p 001c0000 08:02 24909798                   /lib/x86_64-linux-gnu/libc-2.23.so
7fdf26260000-7fdf26262000 rw-p 001c4000 08:02 24909798                   /lib/x86_64-linux-gnu/libc-2.23.so
7fdf26262000-7fdf26266000 rw-p 00000000 00:00 0 
7fdf26266000-7fdf26269000 r-xp 00000000 08:02 24909800                   /lib/x86_64-linux-gnu/libdl-2.23.so
7fdf26269000-7fdf26468000 ---p 00003000 08:02 24909800                   /lib/x86_64-linux-gnu/libdl-2.23.so
7fdf26468000-7fdf26469000 r--p 00002000 08:02 24909800                   /lib/x86_64-linux-gnu/libdl-2.23.so
7fdf26469000-7fdf2646a000 rw-p 00003000 08:02 24909800                   /lib/x86_64-linux-gnu/libdl-2.23.so
7fdf2646a000-7fdf2647f000 r-xp 00000000 08:02 13647422                   /usr/lib/jvm/jdk1.7.0_80/lib/amd64/jli/libjli.so
7fdf2647f000-7fdf2667e000 ---p 00015000 08:02 13647422                   /usr/lib/jvm/jdk1.7.0_80/lib/amd64/jli/libjli.so
7fdf2667e000-7fdf2667f000 rw-p 00014000 08:02 13647422                   /usr/lib/jvm/jdk1.7.0_80/lib/amd64/jli/libjli.so
7fdf2667f000-7fdf26697000 r-xp 00000000 08:02 24909797                   /lib/x86_64-linux-gnu/libpthread-2.23.so
7fdf26697000-7fdf26896000 ---p 00018000 08:02 24909797                   /lib/x86_64-linux-gnu/libpthread-2.23.so
7fdf26896000-7fdf26897000 r--p 00017000 08:02 24909797                   /lib/x86_64-linux-gnu/libpthread-2.23.so
7fdf26897000-7fdf26898000 rw-p 00018000 08:02 24909797                   /lib/x86_64-linux-gnu/libpthread-2.23.so
7fdf26898000-7fdf2689c000 rw-p 00000000 00:00 0 
7fdf2689c000-7fdf268c2000 r-xp 00000000 08:02 24909796                   /lib/x86_64-linux-gnu/ld-2.23.so
7fdf268c2000-7fdf268c3000 r--s 00009000 08:02 13110928                   /home/headrun/Downloads/jar_files (1)/slf4j-api-1.7.20.jar
7fdf268c3000-7fdf268c5000 r--s 0000d000 08:02 13108980                   /home/headrun/Downloads/jar_files (1)/commons-logging-1.1.1.jar
7fdf268c5000-7fdf268cc000 r--s 00040000 08:02 13110927                   /home/headrun/Downloads/jar_files (1)/cglib-2.2.2.jar
7fdf268cc000-7fdf268eb000 rw-p 00000000 00:00 0 
7fdf268eb000-7fdf269a1000 rw-p 00000000 00:00 0 
7fdf269a1000-7fdf269a4000 ---p 00000000 00:00 0 
7fdf269a4000-7fdf26aa7000 rw-p 00000000 00:00 0 
7fdf26aa7000-7fdf26aab000 r--s 0002f000 08:02 13110931                   /home/headrun/Downloads/jar_files (1)/commons-io-2.5.jar
7fdf26aab000-7fdf26aac000 r--s 0000a000 08:02 13110926                   /home/headrun/Downloads/jar_files (1)/asm-3.3.1.jar
7fdf26aac000-7fdf26ab7000 r--s 0037c000 08:02 13647395                   /usr/lib/jvm/jdk1.7.0_80/jre/lib/charsets.jar
7fdf26ab7000-7fdf26abf000 rw-s 00000000 08:02 19139717                   /tmp/hsperfdata_headrun/23461
7fdf26abf000-7fdf26ac0000 rw-p 00000000 00:00 0 
7fdf26ac0000-7fdf26ac1000 r--p 00000000 00:00 0 
7fdf26ac1000-7fdf26ac2000 r--p 00025000 08:02 24909796                   /lib/x86_64-linux-gnu/ld-2.23.so
7fdf26ac2000-7fdf26ac3000 rw-p 00026000 08:02 24909796                   /lib/x86_64-linux-gnu/ld-2.23.so
7fdf26ac3000-7fdf26ac4000 rw-p 00000000 00:00 0 
7ffc15ab6000-7ffc15ad8000 rw-p 00000000 00:00 0                          [stack]
7ffc15b7c000-7ffc15b7f000 r--p 00000000 00:00 0                          [vvar]
7ffc15b7f000-7ffc15b81000 r-xp 00000000 00:00 0                          [vdso]
ffffffffff600000-ffffffffff601000 r-xp 00000000 00:00 0                  [vsyscall]

VM Arguments:
jvm_args: -Dfile.encoding=UTF-8 
java_command: ReadTextfrImage
Launcher Type: SUN_STANDARD

Environment Variables:
JAVA_HOME=/usr/lib/jvm/java-8-oracle
CLASSPATH=/usr/lib/jvm/jdk1.7.0_80/lib/tools.jar:/usr/lib/jvm/jdk1.7.0_80/jre/rt.jar
PATH=/home/headrun/bin:/home/headrun/.local/bin:/usr/lib/jvm/jdk1.7.0_80/bin:/usr/local/sbin:/usr/local/bin:/usr/sbin:/usr/bin:/sbin:/bin:/usr/games:/usr/local/games:/snap/bin:/usr/lib/jvm/java-8-oracle/bin:/usr/lib/jvm/java-8-oracle/db/bin:/usr/lib/jvm/java-8-oracle/jre/bin
SHELL=/bin/bash
DISPLAY=:0

Signal Handlers:
SIGSEGV: [libjvm.so+0x9a3b20], sa_mask[0]=0x7ffbfeff, sa_flags=0x10000004
SIGBUS: [libjvm.so+0x9a3b20], sa_mask[0]=0x7ffbfeff, sa_flags=0x10000004
SIGFPE: [libjvm.so+0x81e740], sa_mask[0]=0x7ffbfeff, sa_flags=0x10000004
SIGPIPE: [libjvm.so+0x81e740], sa_mask[0]=0x7ffbfeff, sa_flags=0x10000004
SIGXFSZ: [libjvm.so+0x81e740], sa_mask[0]=0x7ffbfeff, sa_flags=0x10000004
SIGILL: [libjvm.so+0x81e740], sa_mask[0]=0x7ffbfeff, sa_flags=0x10000004
SIGUSR1: SIG_DFL, sa_mask[0]=0x00000000, sa_flags=0x00000000
SIGUSR2: [libjvm.so+0x81ffb0], sa_mask[0]=0x00000004, sa_flags=0x10000004
SIGHUP: [libjvm.so+0x8210d0], sa_mask[0]=0x7ffbfeff, sa_flags=0x10000004
SIGINT: [libjvm.so+0x8210d0], sa_mask[0]=0x7ffbfeff, sa_flags=0x10000004
SIGTERM: [libjvm.so+0x8210d0], sa_mask[0]=0x7ffbfeff, sa_flags=0x10000004
SIGQUIT: [libjvm.so+0x8210d0], sa_mask[0]=0x7ffbfeff, sa_flags=0x10000004


---------------  S Y S T E M  ---------------

OS:stretch/sid

uname:Linux 4.13.0-32-generic #35~16.04.1-Ubuntu SMP Thu Jan 25 10:13:43 UTC 2018 x86_64
libc:glibc 2.23 NPTL 2.23 
rlimit: STACK 8192k, CORE 0k, NPROC 14968, NOFILE 1048576, AS infinity
load average:0.43 0.82 0.88

/proc/meminfo:
MemTotal:        3900928 kB
MemFree:          743604 kB
MemAvailable:     854856 kB
Buffers:            8648 kB
Cached:           651804 kB
SwapCached:        94928 kB
Active:          2189832 kB
Inactive:         733400 kB
Active(anon):    2044720 kB
Inactive(anon):   585640 kB
Active(file):     145112 kB
Inactive(file):   147760 kB
Unevictable:         352 kB
Mlocked:             352 kB
SwapTotal:       4055036 kB
SwapFree:        3234812 kB
Dirty:               736 kB
Writeback:             0 kB
AnonPages:       2191576 kB
Mapped:           385416 kB
Shmem:            367572 kB
Slab:              97268 kB
SReclaimable:      41832 kB
SUnreclaim:        55436 kB
KernelStack:       21088 kB
PageTables:        60468 kB
NFS_Unstable:          0 kB
Bounce:                0 kB
WritebackTmp:          0 kB
CommitLimit:     6005500 kB
Committed_AS:   13005348 kB
VmallocTotal:   34359738367 kB
VmallocUsed:           0 kB
VmallocChunk:          0 kB
HardwareCorrupted:     0 kB
AnonHugePages:         0 kB
ShmemHugePages:        0 kB
ShmemPmdMapped:        0 kB
CmaTotal:              0 kB
CmaFree:               0 kB
HugePages_Total:       0
HugePages_Free:        0
HugePages_Rsvd:        0
HugePages_Surp:        0
Hugepagesize:       2048 kB
DirectMap4k:      224752 kB
DirectMap2M:     3831808 kB


CPU:total 4 (2 cores per cpu, 2 threads per core) family 6 model 58 stepping 9, cmov, cx8, fxsr, mmx, sse, sse2, sse3, ssse3, sse4.1, sse4.2, popcnt, avx, erms, ht, tsc, tscinvbit, tscinv

/proc/cpuinfo:
processor	: 0
vendor_id	: GenuineIntel
cpu family	: 6
model		: 58
model name	: Intel(R) Core(TM) i3-3110M CPU @ 2.40GHz
stepping	: 9
microcode	: 0x15
cpu MHz		: 2394.374
cache size	: 3072 KB
physical id	: 0
siblings	: 4
core id		: 0
cpu cores	: 2
apicid		: 0
initial apicid	: 0
fpu		: yes
fpu_exception	: yes
cpuid level	: 13
wp		: yes
flags		: fpu vme de pse tsc msr pae mce cx8 apic sep mtrr pge mca cmov pat pse36 clflush dts acpi mmx fxsr sse sse2 ss ht tm pbe syscall nx rdtscp lm constant_tsc arch_perfmon pebs bts rep_good nopl xtopology nonstop_tsc cpuid aperfmperf pni pclmulqdq dtes64 monitor ds_cpl vmx est tm2 ssse3 cx16 xtpr pdcm pcid sse4_1 sse4_2 x2apic popcnt tsc_deadline_timer xsave avx f16c lahf_lm cpuid_fault epb pti tpr_shadow vnmi flexpriority ept vpid fsgsbase smep erms xsaveopt dtherm arat pln pts
bugs		: cpu_meltdown spectre_v1 spectre_v2
bogomips	: 4788.74
clflush size	: 64
cache_alignment	: 64
address sizes	: 36 bits physical, 48 bits virtual
power management:

processor	: 1
vendor_id	: GenuineIntel
cpu family	: 6
model		: 58
model name	: Intel(R) Core(TM) i3-3110M CPU @ 2.40GHz
stepping	: 9
microcode	: 0x15
cpu MHz		: 2394.374
cache size	: 3072 KB
physical id	: 0
siblings	: 4
core id		: 1
cpu cores	: 2
apicid		: 2
initial apicid	: 2
fpu		: yes
fpu_exception	: yes
cpuid level	: 13
wp		: yes
flags		: fpu vme de pse tsc msr pae mce cx8 apic sep mtrr pge mca cmov pat pse36 clflush dts acpi mmx fxsr sse sse2 ss ht tm pbe syscall nx rdtscp lm constant_tsc arch_perfmon pebs bts rep_good nopl xtopology nonstop_tsc cpuid aperfmperf pni pclmulqdq dtes64 monitor ds_cpl vmx est tm2 ssse3 cx16 xtpr pdcm pcid sse4_1 sse4_2 x2apic popcnt tsc_deadline_timer xsave avx f16c lahf_lm cpuid_fault epb pti tpr_shadow vnmi flexpriority ept vpid fsgsbase smep erms xsaveopt dtherm arat pln pts
bugs		: cpu_meltdown spectre_v1 spectre_v2
bogomips	: 4788.74
clflush size	: 64
cache_alignment	: 64
address sizes	: 36 bits physical, 48 bits virtual
power management:

processor	: 2
vendor_id	: GenuineIntel
cpu family	: 6
model		: 58
model name	: Intel(R) Core(TM) i3-3110M CPU @ 2.40GHz
stepping	: 9
microcode	: 0x15
cpu MHz		: 2394.374
cache size	: 3072 KB
physical id	: 0
siblings	: 4
core id		: 0
cpu cores	: 2
apicid		: 1
initial apicid	: 1
fpu		: yes
fpu_exception	: yes
cpuid level	: 13
wp		: yes
flags		: fpu vme de pse tsc msr pae mce cx8 apic sep mtrr pge mca cmov pat pse36 clflush dts acpi mmx fxsr sse sse2 ss ht tm pbe syscall nx rdtscp lm constant_tsc arch_perfmon pebs bts rep_good nopl xtopology nonstop_tsc cpuid aperfmperf pni pclmulqdq dtes64 monitor ds_cpl vmx est tm2 ssse3 cx16 xtpr pdcm pcid sse4_1 sse4_2 x2apic popcnt tsc_deadline_timer xsave avx f16c lahf_lm cpuid_fault epb pti tpr_shadow vnmi flexpriority ept vpid fsgsbase smep erms xsaveopt dtherm arat pln pts
bugs		: cpu_meltdown spectre_v1 spectre_v2
bogomips	: 4788.74
clflush size	: 64
cache_alignment	: 64
address sizes	: 36 bits physical, 48 bits virtual
power management:

processor	: 3
vendor_id	: GenuineIntel
cpu family	: 6
model		: 58
model name	: Intel(R) Core(TM) i3-3110M CPU @ 2.40GHz
stepping	: 9
microcode	: 0x15
cpu MHz		: 2394.374
cache size	: 3072 KB
physical id	: 0
siblings	: 4
core id		: 1
cpu cores	: 2
apicid		: 3
initial apicid	: 3
fpu		: yes
fpu_exception	: yes
cpuid level	: 13
wp		: yes
flags		: fpu vme de pse tsc msr pae mce cx8 apic sep mtrr pge mca cmov pat pse36 clflush dts acpi mmx fxsr sse sse2 ss ht tm pbe syscall nx rdtscp lm constant_tsc arch_perfmon pebs bts rep_good nopl xtopology nonstop_tsc cpuid aperfmperf pni pclmulqdq dtes64 monitor ds_cpl vmx est tm2 ssse3 cx16 xtpr pdcm pcid sse4_1 sse4_2 x2apic popcnt tsc_deadline_timer xsave avx f16c lahf_lm cpuid_fault epb pti tpr_shadow vnmi flexpriority ept vpid fsgsbase smep erms xsaveopt dtherm arat pln pts
bugs		: cpu_meltdown spectre_v1 spectre_v2
bogomips	: 4788.74
clflush size	: 64
cache_alignment	: 64
address sizes	: 36 bits physical, 48 bits virtual
power management:



Memory: 4k page, physical 3900928k(743604k free), swap 4055036k(3234812k free)

vm_info: Java HotSpot(TM) 64-Bit Server VM (24.80-b11) for linux-amd64 JRE (1.7.0_80-b15), built on Apr 10 2015 19:53:14 by "java_re" with gcc 4.3.0 20080428 (Red Hat 4.3.0-8)

time: Sat Feb 10 18:52:51 2018
elapsed time: 3 seconds

