#
# A fatal error has been detected by the Java Runtime Environment:
#
#  SIGSEGV (0xb) at pc=0x00007f9b140bb704, pid=24347, tid=140305147389696
#
# JRE version: Java(TM) SE Runtime Environment (7.0_80-b15) (build 1.7.0_80-b15)
# Java VM: Java HotSpot(TM) 64-Bit Server VM (24.80-b11 mixed mode linux-amd64 compressed oops)
# Problematic frame:
# C  [libaocr_x64.so+0xa5704]  Java_com_asprise_ocr_Ocr_doGetBuildInfo+0x18f3a
#
# Failed to write core dump. Core dumps have been disabled. To enable core dumping, try "ulimit -c unlimited" before starting Java again
#
# If you would like to submit a bug report, please visit:
#   http://bugreport.java.com/bugreport/crash.jsp
# The crash happened outside the Java Virtual Machine in native code.
# See problematic frame for where to report the bug.
#

---------------  T H R E A D  ---------------

Current thread (0x00007f9b5000a800):  JavaThread "main" [_thread_in_native, id=24353, stack(0x00007f9b56686000,0x00007f9b56787000)]

siginfo:si_signo=SIGSEGV: si_errno=0, si_code=1 (SEGV_MAPERR), si_addr=0x0000000000000000

Registers:
RAX=0x0000000000000000, RBX=0x00007f9b511d4760, RCX=0x0000000000000000, RDX=0x0000000000000000
RSP=0x00007f9b56784970, RBP=0x00007f9b56784b20, RSI=0x00007f9b55f47770, RDI=0x00007f9b55f46540
R8 =0x00007f9b55f47770, R9 =0x00007f9b56786700, R10=0x0000000000000001, R11=0x0000000000000000
R12=0x00000000000000a0, R13=0x000000000000005a, R14=0x0000000000000000, R15=0x00007f9b505cac50
RIP=0x00007f9b140bb704, EFLAGS=0x0000000000010213, CSGSFS=0x002b000000000033, ERR=0x0000000000000004
  TRAPNO=0x000000000000000e

Top of Stack: (sp=0x00007f9b56784970)
0x00007f9b56784970:   0000000000000000 0000003000000020
0x00007f9b56784980:   00007f9b56785228 00007f9b56784c10
0x00007f9b56784990:   0000000000000000 0000001fffffff00
0x00007f9b567849a0:   0000000000000000 00007f9b56784e60
0x00007f9b567849b0:   0000000000000000 00007f9b505cac50
0x00007f9b567849c0:   00007f9b56784b20 00007f9b55bd67f7
0x00007f9b567849d0:   00007f9b56784e30 0000003000000018
0x00007f9b567849e0:   00007f9b56784ab0 00007f9b567849f0
0x00007f9b567849f0:   0000000000000000 0000000000000000
0x00007f9b56784a00:   0000000000000000 0000000000000000
0x00007f9b56784a10:   0000000000000000 0000000000000033
0x00007f9b56784a20:   0000000000000000 00007f9b505cadd0
0x00007f9b56784a30:   00007f9b511d4760 00007f9b50346d90
0x00007f9b56784a40:   00000000000000e6 00007f9b1435abba
0x00007f9b56784a50:   00007f9b56784aa0 0000000000000000
0x00007f9b56784a60:   00007f9b1464ef10 00007f9b1464ec32
0x00007f9b56784a70:   00007f9b56784aa0 00000000ffffff00
0x00007f9b56784a80:   00007f9b56784b20 00000000000000a0
0x00007f9b56784a90:   000000000000005a 0000000000000000
0x00007f9b56784aa0:   00007f9b505cac50 00007f9b55c0553c
0x00007f9b56784ab0:   00007f9b5123ce50 0000000000000000
0x00007f9b56784ac0:   00007f9b505cac50 00007f9b55c05dca
0x00007f9b56784ad0:   00007f9b56784e20 00000000ffffff00
0x00007f9b56784ae0:   00007f9b511d4760 00007f9b505cadd0
0x00007f9b56784af0:   0000001f00000000 00007f9b56784c70
0x00007f9b56784b00:   000000a00000005a 0000000056784be8
0x00007f9b56784b10:   00000000ffffff00 00000000000000a0
0x00007f9b56784b20:   00007f9b56784f80 00007f9b1409e641
0x00007f9b56784b30:   00007f9b56784c44 00007f9b511d35c0
0x00007f9b56784b40:   00007f9b56784db0 00007f9b00000000
0x00007f9b56784b50:   00007f9b56784c70 00007f9b56785228
0x00007f9b56784b60:   0000000000000014 00007f9b505cac50 

Instructions: (pc=0x00007f9b140bb704)
0x00007f9b140bb6e4:   c7 e8 a6 9d fe ff 48 8d 85 98 fe ff ff 48 89 c7
0x00007f9b140bb6f4:   e8 48 5b 1b 00 83 45 ec 01 48 8b 85 d0 fe ff ff
0x00007f9b140bb704:   8b 00 3b 45 ec 0f 9f c0 84 c0 0f 85 11 ff ff ff
0x00007f9b140bb714:   48 8d 85 d0 fe ff ff 48 89 c7 e8 0d 62 1b 00 48 

Register to memory mapping:

RAX=0x0000000000000000 is an unknown value
RBX=0x00007f9b511d4760 is an unknown value
RCX=0x0000000000000000 is an unknown value
RDX=0x0000000000000000 is an unknown value
RSP=0x00007f9b56784970 is pointing into the stack for thread: 0x00007f9b5000a800
RBP=0x00007f9b56784b20 is pointing into the stack for thread: 0x00007f9b5000a800
RSI=0x00007f9b55f47770: <offset 0x3c6770> in /lib/x86_64-linux-gnu/libc.so.6 at 0x00007f9b55b81000
RDI=0x00007f9b55f46540: _IO_2_1_stderr_+0 in /lib/x86_64-linux-gnu/libc.so.6 at 0x00007f9b55b81000
R8 =0x00007f9b55f47770: <offset 0x3c6770> in /lib/x86_64-linux-gnu/libc.so.6 at 0x00007f9b55b81000
R9 =0x00007f9b56786700 is pointing into the stack for thread: 0x00007f9b5000a800
R10=0x0000000000000001 is an unknown value
R11=0x0000000000000000 is an unknown value
R12=0x00000000000000a0 is an unknown value
R13=0x000000000000005a is an unknown value
R14=0x0000000000000000 is an unknown value
R15=0x00007f9b505cac50 is an unknown value


Stack: [0x00007f9b56686000,0x00007f9b56787000],  sp=0x00007f9b56784970,  free space=1018k
Native frames: (J=compiled Java code, j=interpreted, Vv=VM code, C=native code)
C  [libaocr_x64.so+0xa5704]  Java_com_asprise_ocr_Ocr_doGetBuildInfo+0x18f3a
C  [libaocr_x64.so+0x88641]  Java_com_asprise_ocr_Ocr_doStart+0x3cc0
C  [libaocr_x64.so+0x8b7bf]  com_asprise_ocr_recognize+0x2451
C  [libaocr_x64.so+0x8c5b8]  Java_com_asprise_ocr_Ocr_doRecognize+0x150
j  com.asprise.ocr.Ocr.doRecognize(Ljava/lang/String;IIIIILjava/lang/String;Ljava/lang/String;Ljava/lang/String;Ljava/lang/String;Ljava/lang/String;)Ljava/lang/String;+0
j  com.asprise.ocr.Ocr.recognize(Ljava/lang/String;IIIIILjava/lang/String;Ljava/lang/String;[Ljava/lang/Object;)Ljava/lang/String;+135
j  ReadTextfrImage.main([Ljava/lang/String;)V+290
v  ~StubRoutines::call_stub
V  [libjvm.so+0x6020a5]  JavaCalls::call_helper(JavaValue*, methodHandle*, JavaCallArguments*, Thread*)+0x365
V  [libjvm.so+0x600b08]  JavaCalls::call(JavaValue*, methodHandle, JavaCallArguments*, Thread*)+0x28
V  [libjvm.so+0x63abb9]  jni_invoke_static(JNIEnv_*, JavaValue*, _jobject*, JNICallType, _jmethodID*, JNI_ArgumentPusher*, Thread*)+0x219
V  [libjvm.so+0x6437d2]  jni_CallStaticVoidMethod+0x162
C  [libjli.so+0x36d9]  JavaMain+0x7e9

Java frames: (J=compiled Java code, j=interpreted, Vv=VM code)
j  com.asprise.ocr.Ocr.doRecognize(Ljava/lang/String;IIIIILjava/lang/String;Ljava/lang/String;Ljava/lang/String;Ljava/lang/String;Ljava/lang/String;)Ljava/lang/String;+0
j  com.asprise.ocr.Ocr.recognize(Ljava/lang/String;IIIIILjava/lang/String;Ljava/lang/String;[Ljava/lang/Object;)Ljava/lang/String;+135
j  ReadTextfrImage.main([Ljava/lang/String;)V+290
v  ~StubRoutines::call_stub

---------------  P R O C E S S  ---------------

Java Threads: ( => current thread )
  0x00007f9b50280000 JavaThread "Java2D Disposer" daemon [_thread_blocked, id=24366, stack(0x00007f9b164ad000,0x00007f9b165ae000)]
  0x00007f9b500a1000 JavaThread "Service Thread" daemon [_thread_blocked, id=24364, stack(0x00007f9b442ec000,0x00007f9b443ed000)]
  0x00007f9b5009e800 JavaThread "C2 CompilerThread1" daemon [_thread_blocked, id=24363, stack(0x00007f9b443ed000,0x00007f9b444ee000)]
  0x00007f9b5009b800 JavaThread "C2 CompilerThread0" daemon [_thread_blocked, id=24362, stack(0x00007f9b444ee000,0x00007f9b445ef000)]
  0x00007f9b50099800 JavaThread "Signal Dispatcher" daemon [_thread_blocked, id=24361, stack(0x00007f9b445ef000,0x00007f9b446f0000)]
  0x00007f9b50070800 JavaThread "Finalizer" daemon [_thread_blocked, id=24360, stack(0x00007f9b449c8000,0x00007f9b44ac9000)]
  0x00007f9b5006e800 JavaThread "Reference Handler" daemon [_thread_blocked, id=24359, stack(0x00007f9b44ac9000,0x00007f9b44bca000)]
=>0x00007f9b5000a800 JavaThread "main" [_thread_in_native, id=24353, stack(0x00007f9b56686000,0x00007f9b56787000)]

Other Threads:
  0x00007f9b5006a000 VMThread [stack: 0x00007f9b44bca000,0x00007f9b44ccb000] [id=24358]
  0x00007f9b500ab800 WatcherThread [stack: 0x00007f9b441eb000,0x00007f9b442ec000] [id=24365]

VM state:not at safepoint (normal execution)

VM Mutex/Monitor currently owned by a thread: None

Heap
 PSYoungGen      total 17920K, used 5035K [0x00000000ec200000, 0x00000000ed600000, 0x0000000100000000)
  eden space 15360K, 32% used [0x00000000ec200000,0x00000000ec6eafd8,0x00000000ed100000)
  from space 2560K, 0% used [0x00000000ed380000,0x00000000ed380000,0x00000000ed600000)
  to   space 2560K, 0% used [0x00000000ed100000,0x00000000ed100000,0x00000000ed380000)
 ParOldGen       total 40448K, used 0K [0x00000000c4600000, 0x00000000c6d80000, 0x00000000ec200000)
  object space 40448K, 0% used [0x00000000c4600000,0x00000000c4600000,0x00000000c6d80000)
 PSPermGen       total 21504K, used 5982K [0x00000000bf400000, 0x00000000c0900000, 0x00000000c4600000)
  object space 21504K, 27% used [0x00000000bf400000,0x00000000bf9d79e0,0x00000000c0900000)

Card table byte_map: [0x00007f9b4c5aa000,0x00007f9b4c7b1000] byte_map_base: 0x00007f9b4bfb0000

Polling page: 0x00007f9b567a5000

Code Cache  [0x00007f9b4c7b1000, 0x00007f9b4ca21000, 0x00007f9b4f7b1000)
 total_blobs=380 nmethods=31 adapters=303 free_code_cache=48605Kb largest_free_block=49744512

Compilation events (10 events):
Event: 0.384 Thread 0x00007f9b5009e800 nmethod 27 0x00007f9b4c835c50 code [0x00007f9b4c835da0, 0x00007f9b4c835fd8]
Event: 0.394 Thread 0x00007f9b5009b800 nmethod 26 0x00007f9b4c82f5d0 code [0x00007f9b4c82f720, 0x00007f9b4c830368]
Event: 0.531 Thread 0x00007f9b5009e800   28 %           sun.security.provider.DigestBase::engineUpdate @ 136 (188 bytes)
Event: 0.536 Thread 0x00007f9b5009e800 nmethod 28% 0x00007f9b4c82ee90 code [0x00007f9b4c82f000, 0x00007f9b4c82f228]
Event: 0.536 Thread 0x00007f9b5009b800   29             sun.security.provider.DigestBase::engineUpdate (188 bytes)
Event: 0.540 Thread 0x00007f9b5009b800 nmethod 29 0x00007f9b4c835450 code [0x00007f9b4c8355c0, 0x00007f9b4c835978]
Event: 0.579 Thread 0x00007f9b5009e800   30             sun.security.provider.DigestBase::engineUpdate (188 bytes)
Event: 0.586 Thread 0x00007f9b5009e800 nmethod 30 0x00007f9b4c837790 code [0x00007f9b4c837900, 0x00007f9b4c837c78]
Event: 0.701 Thread 0x00007f9b5009b800   31             java.util.zip.ZStreamRef::address (5 bytes)
Event: 0.702 Thread 0x00007f9b5009b800 nmethod 31 0x00007f9b4c835250 code [0x00007f9b4c835380, 0x00007f9b4c8353d8]

GC Heap History (0 events):
No events

Deoptimization events (3 events):
Event: 0.282 Thread 0x00007f9b5000a800 Uncommon trap: reason=unstable_if action=reinterpret pc=0x00007f9b4c8154ec method=java.lang.String.indexOf([CII[CIII)I @ 3
Event: 0.527 Thread 0x00007f9b5000a800 Uncommon trap: reason=unstable_if action=reinterpret pc=0x00007f9b4c83635c method=sun.security.provider.DigestBase.engineUpdate([BII)V @ 168
Event: 0.572 Thread 0x00007f9b5000a800 Uncommon trap: reason=unstable_if action=reinterpret pc=0x00007f9b4c8358c4 method=sun.security.provider.DigestBase.engineUpdate([BII)V @ 119

Internal exceptions (10 events):
Event: 0.166 Thread 0x00007f9b5000a800 Threw 0x00000000ec4ce2f0 at /HUDSON/workspace/7u-2-build-linux-amd64/jdk7u80/2329/hotspot/src/share/vm/prims/jvm.cpp:1319
Event: 0.166 Thread 0x00007f9b5000a800 Threw 0x00000000ec4d3798 at /HUDSON/workspace/7u-2-build-linux-amd64/jdk7u80/2329/hotspot/src/share/vm/prims/jvm.cpp:1319
Event: 0.168 Thread 0x00007f9b5000a800 Threw 0x00000000ec4e58e0 at /HUDSON/workspace/7u-2-build-linux-amd64/jdk7u80/2329/hotspot/src/share/vm/prims/jvm.cpp:1319
Event: 0.170 Thread 0x00007f9b5000a800 Threw 0x00000000ec4eb1a0 at /HUDSON/workspace/7u-2-build-linux-amd64/jdk7u80/2329/hotspot/src/share/vm/prims/jvm.cpp:1319
Event: 0.176 Thread 0x00007f9b5000a800 Threw 0x00000000ec521320 at /HUDSON/workspace/7u-2-build-linux-amd64/jdk7u80/2329/hotspot/src/share/vm/prims/jvm.cpp:1319
Event: 0.268 Thread 0x00007f9b5000a800 Threw 0x00000000ec637270 at /HUDSON/workspace/7u-2-build-linux-amd64/jdk7u80/2329/hotspot/src/share/vm/prims/jvm.cpp:1319
Event: 0.270 Thread 0x00007f9b5000a800 Threw 0x00000000ec64a7b0 at /HUDSON/workspace/7u-2-build-linux-amd64/jdk7u80/2329/hotspot/src/share/vm/prims/jvm.cpp:1319
Event: 0.271 Thread 0x00007f9b5000a800 Threw 0x00000000ec6537e0 at /HUDSON/workspace/7u-2-build-linux-amd64/jdk7u80/2329/hotspot/src/share/vm/prims/jvm.cpp:1319
Event: 0.273 Thread 0x00007f9b5000a800 Threw 0x00000000ec661e88 at /HUDSON/workspace/7u-2-build-linux-amd64/jdk7u80/2329/hotspot/src/share/vm/prims/jvm.cpp:1319
Event: 0.274 Thread 0x00007f9b5000a800 Threw 0x00000000ec670228 at /HUDSON/workspace/7u-2-build-linux-amd64/jdk7u80/2329/hotspot/src/share/vm/prims/jvm.cpp:1319

Events (10 events):
Event: 0.527 loading class 0x00007f9b4c195ae0 done
Event: 0.528 loading class 0x00007f9b24135310
Event: 0.528 loading class 0x00007f9b24135310 done
Event: 0.572 Thread 0x00007f9b5000a800 Uncommon trap: trap_request=0xffffff75 fr.pc=0x00007f9b4c8358c4
Event: 0.572 Thread 0x00007f9b5000a800 DEOPT PACKING pc=0x00007f9b4c8358c4 sp=0x00007f9b56784e00
Event: 0.572 Thread 0x00007f9b5000a800 DEOPT UNPACKING pc=0x00007f9b4c7ea445 sp=0x00007f9b56784dd8 mode 2
Event: 0.875 loading class 0x00007f9b4c15fbe0
Event: 0.875 loading class 0x00007f9b4c15fbe0 done
Event: 0.876 loading class 0x00007f9b4c17af80
Event: 0.876 loading class 0x00007f9b4c17af80 done


Dynamic libraries:
00400000-00401000 r-xp 00000000 08:02 13769971                           /usr/lib/jvm/jdk1.7.0_80/bin/java
00600000-00601000 rw-p 00000000 08:02 13769971                           /usr/lib/jvm/jdk1.7.0_80/bin/java
0140f000-01430000 rw-p 00000000 00:00 0                                  [heap]
bf400000-c0900000 rw-p 00000000 00:00 0 
c0900000-c4600000 rw-p 00000000 00:00 0 
c4600000-c6d80000 rw-p 00000000 00:00 0 
c6d80000-ec200000 rw-p 00000000 00:00 0 
ec200000-ed600000 rw-p 00000000 00:00 0 
ed600000-100000000 rw-p 00000000 00:00 0 
7f9b0e550000-7f9b0fa68000 rw-p 00000000 00:00 0 
7f9b0fa68000-7f9b0fa7e000 r-xp 00000000 08:02 24908221                   /lib/x86_64-linux-gnu/libgcc_s.so.1
7f9b0fa7e000-7f9b0fc7d000 ---p 00016000 08:02 24908221                   /lib/x86_64-linux-gnu/libgcc_s.so.1
7f9b0fc7d000-7f9b0fc7e000 rw-p 00015000 08:02 24908221                   /lib/x86_64-linux-gnu/libgcc_s.so.1
7f9b0fc7e000-7f9b0fdf0000 r-xp 00000000 08:02 12067707                   /usr/lib/x86_64-linux-gnu/libstdc++.so.6.0.21
7f9b0fdf0000-7f9b0fff0000 ---p 00172000 08:02 12067707                   /usr/lib/x86_64-linux-gnu/libstdc++.so.6.0.21
7f9b0fff0000-7f9b0fffa000 r--p 00172000 08:02 12067707                   /usr/lib/x86_64-linux-gnu/libstdc++.so.6.0.21
7f9b0fffa000-7f9b0fffc000 rw-p 0017c000 08:02 12067707                   /usr/lib/x86_64-linux-gnu/libstdc++.so.6.0.21
7f9b0fffc000-7f9b10000000 rw-p 00000000 00:00 0 
7f9b10000000-7f9b10021000 rw-p 00000000 00:00 0 
7f9b10021000-7f9b14000000 ---p 00000000 00:00 0 
7f9b14016000-7f9b1475a000 r-xp 00000000 08:02 16646150                   /tmp/libaocr_x64.so
7f9b1475a000-7f9b14959000 ---p 00744000 08:02 16646150                   /tmp/libaocr_x64.so
7f9b14959000-7f9b15fdb000 rw-p 00743000 08:02 16646150                   /tmp/libaocr_x64.so
7f9b15fdb000-7f9b16272000 rw-p 00000000 00:00 0 
7f9b16272000-7f9b162ac000 r-xp 00000000 08:02 13646715                   /usr/lib/jvm/jdk1.7.0_80/jre/lib/amd64/libjpeg.so
7f9b162ac000-7f9b164ac000 ---p 0003a000 08:02 13646715                   /usr/lib/jvm/jdk1.7.0_80/jre/lib/amd64/libjpeg.so
7f9b164ac000-7f9b164ad000 rw-p 0003a000 08:02 13646715                   /usr/lib/jvm/jdk1.7.0_80/jre/lib/amd64/libjpeg.so
7f9b164ad000-7f9b164b0000 ---p 00000000 00:00 0 
7f9b164b0000-7f9b165ae000 rw-p 00000000 00:00 0 
7f9b165ae000-7f9b165b3000 r-xp 00000000 08:02 12066558                   /usr/lib/x86_64-linux-gnu/libXdmcp.so.6.0.0
7f9b165b3000-7f9b167b2000 ---p 00005000 08:02 12066558                   /usr/lib/x86_64-linux-gnu/libXdmcp.so.6.0.0
7f9b167b2000-7f9b167b3000 r--p 00004000 08:02 12066558                   /usr/lib/x86_64-linux-gnu/libXdmcp.so.6.0.0
7f9b167b3000-7f9b167b4000 rw-p 00005000 08:02 12066558                   /usr/lib/x86_64-linux-gnu/libXdmcp.so.6.0.0
7f9b167b4000-7f9b167b6000 r-xp 00000000 08:02 12066547                   /usr/lib/x86_64-linux-gnu/libXau.so.6.0.0
7f9b167b6000-7f9b169b6000 ---p 00002000 08:02 12066547                   /usr/lib/x86_64-linux-gnu/libXau.so.6.0.0
7f9b169b6000-7f9b169b7000 r--p 00002000 08:02 12066547                   /usr/lib/x86_64-linux-gnu/libXau.so.6.0.0
7f9b169b7000-7f9b169b8000 rw-p 00003000 08:02 12066547                   /usr/lib/x86_64-linux-gnu/libXau.so.6.0.0
7f9b169b8000-7f9b169d9000 r-xp 00000000 08:02 12067956                   /usr/lib/x86_64-linux-gnu/libxcb.so.1.1.0
7f9b169d9000-7f9b16bd8000 ---p 00021000 08:02 12067956                   /usr/lib/x86_64-linux-gnu/libxcb.so.1.1.0
7f9b16bd8000-7f9b16bd9000 r--p 00020000 08:02 12067956                   /usr/lib/x86_64-linux-gnu/libxcb.so.1.1.0
7f9b16bd9000-7f9b16bda000 rw-p 00021000 08:02 12067956                   /usr/lib/x86_64-linux-gnu/libxcb.so.1.1.0
7f9b16bda000-7f9b16be9000 r-xp 00000000 08:02 12066568                   /usr/lib/x86_64-linux-gnu/libXi.so.6.1.0
7f9b16be9000-7f9b16de8000 ---p 0000f000 08:02 12066568                   /usr/lib/x86_64-linux-gnu/libXi.so.6.1.0
7f9b16de8000-7f9b16de9000 r--p 0000e000 08:02 12066568                   /usr/lib/x86_64-linux-gnu/libXi.so.6.1.0
7f9b16de9000-7f9b16dea000 rw-p 0000f000 08:02 12066568                   /usr/lib/x86_64-linux-gnu/libXi.so.6.1.0
7f9b16dea000-7f9b16def000 r-xp 00000000 08:02 12066586                   /usr/lib/x86_64-linux-gnu/libXtst.so.6.1.0
7f9b16def000-7f9b16fee000 ---p 00005000 08:02 12066586                   /usr/lib/x86_64-linux-gnu/libXtst.so.6.1.0
7f9b16fee000-7f9b16fef000 r--p 00004000 08:02 12066586                   /usr/lib/x86_64-linux-gnu/libXtst.so.6.1.0
7f9b16fef000-7f9b16ff0000 rw-p 00005000 08:02 12066586                   /usr/lib/x86_64-linux-gnu/libXtst.so.6.1.0
7f9b16ff0000-7f9b16ff9000 r-xp 00000000 08:02 12066580                   /usr/lib/x86_64-linux-gnu/libXrender.so.1.3.0
7f9b16ff9000-7f9b171f8000 ---p 00009000 08:02 12066580                   /usr/lib/x86_64-linux-gnu/libXrender.so.1.3.0
7f9b171f8000-7f9b171f9000 r--p 00008000 08:02 12066580                   /usr/lib/x86_64-linux-gnu/libXrender.so.1.3.0
7f9b171f9000-7f9b171fa000 rw-p 00009000 08:02 12066580                   /usr/lib/x86_64-linux-gnu/libXrender.so.1.3.0
7f9b171fa000-7f9b1732f000 r-xp 00000000 08:02 12066543                   /usr/lib/x86_64-linux-gnu/libX11.so.6.3.0
7f9b1732f000-7f9b1752f000 ---p 00135000 08:02 12066543                   /usr/lib/x86_64-linux-gnu/libX11.so.6.3.0
7f9b1752f000-7f9b17530000 r--p 00135000 08:02 12066543                   /usr/lib/x86_64-linux-gnu/libX11.so.6.3.0
7f9b17530000-7f9b17534000 rw-p 00136000 08:02 12066543                   /usr/lib/x86_64-linux-gnu/libX11.so.6.3.0
7f9b17534000-7f9b17545000 r-xp 00000000 08:02 12066560                   /usr/lib/x86_64-linux-gnu/libXext.so.6.4.0
7f9b17545000-7f9b17744000 ---p 00011000 08:02 12066560                   /usr/lib/x86_64-linux-gnu/libXext.so.6.4.0
7f9b17744000-7f9b17745000 r--p 00010000 08:02 12066560                   /usr/lib/x86_64-linux-gnu/libXext.so.6.4.0
7f9b17745000-7f9b17746000 rw-p 00011000 08:02 12066560                   /usr/lib/x86_64-linux-gnu/libXext.so.6.4.0
7f9b17746000-7f9b17796000 r-xp 00000000 08:02 13646705                   /usr/lib/jvm/jdk1.7.0_80/jre/lib/amd64/xawt/libmawt.so
7f9b17796000-7f9b17996000 ---p 00050000 08:02 13646705                   /usr/lib/jvm/jdk1.7.0_80/jre/lib/amd64/xawt/libmawt.so
7f9b17996000-7f9b1799a000 rw-p 00050000 08:02 13646705                   /usr/lib/jvm/jdk1.7.0_80/jre/lib/amd64/xawt/libmawt.so
7f9b1799a000-7f9b1799b000 rw-p 00000000 00:00 0 
7f9b1799b000-7f9b17a3d000 r-xp 00000000 08:02 13646725                   /usr/lib/jvm/jdk1.7.0_80/jre/lib/amd64/libawt.so
7f9b17a3d000-7f9b17c3d000 ---p 000a2000 08:02 13646725                   /usr/lib/jvm/jdk1.7.0_80/jre/lib/amd64/libawt.so
7f9b17c3d000-7f9b17c49000 rw-p 000a2000 08:02 13646725                   /usr/lib/jvm/jdk1.7.0_80/jre/lib/amd64/libawt.so
7f9b17c49000-7f9b17c6d000 rw-p 00000000 00:00 0 
7f9b17c6d000-7f9b18000000 r--s 03191000 08:02 8128837                    /home/headrun/Downloads/tika-app-1.17.jar
7f9b18000000-7f9b18021000 rw-p 00000000 00:00 0 
7f9b18021000-7f9b1c000000 ---p 00000000 00:00 0 
7f9b1c000000-7f9b1c021000 rw-p 00000000 00:00 0 
7f9b1c021000-7f9b20000000 ---p 00000000 00:00 0 
7f9b20000000-7f9b20441000 rw-p 00000000 00:00 0 
7f9b20441000-7f9b24000000 ---p 00000000 00:00 0 
7f9b24000000-7f9b24185000 rw-p 00000000 00:00 0 
7f9b24185000-7f9b28000000 ---p 00000000 00:00 0 
7f9b28000000-7f9b28021000 rw-p 00000000 00:00 0 
7f9b28021000-7f9b2c000000 ---p 00000000 00:00 0 
7f9b2c000000-7f9b2c021000 rw-p 00000000 00:00 0 
7f9b2c021000-7f9b30000000 ---p 00000000 00:00 0 
7f9b30000000-7f9b30021000 rw-p 00000000 00:00 0 
7f9b30021000-7f9b34000000 ---p 00000000 00:00 0 
7f9b34000000-7f9b34021000 rw-p 00000000 00:00 0 
7f9b34021000-7f9b38000000 ---p 00000000 00:00 0 
7f9b38000000-7f9b38021000 rw-p 00000000 00:00 0 
7f9b38021000-7f9b3c000000 ---p 00000000 00:00 0 
7f9b3c000000-7f9b3c021000 rw-p 00000000 00:00 0 
7f9b3c021000-7f9b40000000 ---p 00000000 00:00 0 
7f9b40000000-7f9b40021000 rw-p 00000000 00:00 0 
7f9b40021000-7f9b44000000 ---p 00000000 00:00 0 
7f9b4402e000-7f9b44032000 r--s 0008b000 08:02 13647318                   /usr/lib/jvm/jdk1.7.0_80/jre/lib/jsse.jar
7f9b440ae000-7f9b440b1000 r--s 07cb5000 08:02 8136923                    /home/headrun/Downloads/java-ocr-api-15.3.0.3.jar
7f9b440b1000-7f9b440b4000 r--s 00017000 08:02 8132360                    /home/headrun/Downloads/marvin_1.5.5.jar
7f9b440b4000-7f9b44142000 rw-p 00000000 00:00 0 
7f9b44142000-7f9b44158000 r--s 0023f000 08:02 8139468                    /home/headrun/Downloads/pdfbox-2.0.3.jar
7f9b44158000-7f9b4415e000 r--s 00163000 08:02 8139467                    /home/headrun/Downloads/fontbox-2.0.3.jar
7f9b4415e000-7f9b4416c000 r--s 00083000 08:02 8141858                    /home/headrun/Downloads/opencv-3.0.0-1.0.jar
7f9b4416c000-7f9b4416f000 r--s 031c7000 08:02 12847991                   /home/headrun/Downloads/asprise-ocr-java-15.3.1-trial-linux/aocr.jar
7f9b4416f000-7f9b44179000 r--s 00081000 08:02 13108978                   /home/headrun/Downloads/jar_files (1)/xmlgraphics-commons-1.4.jar
7f9b44179000-7f9b4417b000 r--s 02050000 08:02 13110944                   /home/headrun/Downloads/jar_files (1)/tess4j-3.2.1.jar
7f9b4417b000-7f9b4417f000 r--s 00015000 08:02 13110932                   /home/headrun/Downloads/jar_files (1)/rococoa-core-0.5.jar
7f9b4417f000-7f9b44189000 r--s 00069000 08:02 13110945                   /home/headrun/Downloads/jar_files (1)/logback-core-1.1.7.jar
7f9b44189000-7f9b44190000 r--s 00044000 08:02 13110925                   /home/headrun/Downloads/jar_files (1)/logback-classic-1.1.7.jar
7f9b44190000-7f9b44192000 r--s 00004000 08:02 13109142                   /home/headrun/Downloads/jar_files (1)/log4j-over-slf4j-1.7.21.jar
7f9b44192000-7f9b4419b000 r--s 0006f000 08:02 13108979                   /home/headrun/Downloads/jar_files (1)/log4j-1.2.17.jar
7f9b4419b000-7f9b441a0000 r--s 00229000 08:02 13110922                   /home/headrun/Downloads/jar_files (1)/lept4j-1.2.3.jar
7f9b441a0000-7f9b441a4000 r--s 000dc000 08:02 13109139                   /home/headrun/Downloads/jar_files (1)/jna-4.1.0.jar
7f9b441a4000-7f9b441af000 r--s 00088000 08:02 13109141                   /home/headrun/Downloads/jar_files (1)/jai-imageio-core-1.3.1.jar
7f9b441af000-7f9b441bb000 r--s 00108000 08:02 13108977                   /home/headrun/Downloads/jar_files (1)/itext-2.1.7.jar
7f9b441bb000-7f9b441c0000 r--s 00028000 08:02 13109140                   /home/headrun/Downloads/jar_files (1)/ghost4j-1.0.1.jar
7f9b441c0000-7f9b441ce000 r--s 0007f000 08:02 13110929                   /home/headrun/Downloads/jar_files (1)/commons-collections-3.2.1.jar
7f9b441ce000-7f9b441dc000 r--s 00374000 08:02 13901063                   /home/headrun/Downloads/PDFxStream.Java-3.5.0/lib/PDFxStream.jar
7f9b441dc000-7f9b441eb000 r--s 0017c000 08:02 13646600                   /home/headrun/Downloads/itextpdf-5.1.0.jar
7f9b441eb000-7f9b441ec000 ---p 00000000 00:00 0 
7f9b441ec000-7f9b442ec000 rw-p 00000000 00:00 0 
7f9b442ec000-7f9b442ef000 ---p 00000000 00:00 0 
7f9b442ef000-7f9b443ed000 rw-p 00000000 00:00 0 
7f9b443ed000-7f9b443f0000 ---p 00000000 00:00 0 
7f9b443f0000-7f9b444ee000 rw-p 00000000 00:00 0 
7f9b444ee000-7f9b444f1000 ---p 00000000 00:00 0 
7f9b444f1000-7f9b445ef000 rw-p 00000000 00:00 0 
7f9b445ef000-7f9b445f2000 ---p 00000000 00:00 0 
7f9b445f2000-7f9b446f0000 rw-p 00000000 00:00 0 
7f9b446f0000-7f9b449c8000 r--p 00000000 08:02 12058653                   /usr/lib/locale/locale-archive
7f9b449c8000-7f9b449cb000 ---p 00000000 00:00 0 
7f9b449cb000-7f9b44ac9000 rw-p 00000000 00:00 0 
7f9b44ac9000-7f9b44acc000 ---p 00000000 00:00 0 
7f9b44acc000-7f9b44bca000 rw-p 00000000 00:00 0 
7f9b44bca000-7f9b44bcb000 ---p 00000000 00:00 0 
7f9b44bcb000-7f9b45bda000 rw-p 00000000 00:00 0 
7f9b45bda000-7f9b45d9a000 r--s 039fb000 08:02 13647374                   /usr/lib/jvm/jdk1.7.0_80/jre/lib/rt.jar
7f9b45d9a000-7f9b48000000 rw-p 00000000 00:00 0 
7f9b48000000-7f9b48021000 rw-p 00000000 00:00 0 
7f9b48021000-7f9b4c000000 ---p 00000000 00:00 0 
7f9b4c001000-7f9b4c006000 r--s 00035000 08:02 13110930                   /home/headrun/Downloads/jar_files (1)/commons-beanutils-1.9.2.jar
7f9b4c006000-7f9b4c1a6000 rw-p 00000000 00:00 0 
7f9b4c1a6000-7f9b4c1a7000 ---p 00000000 00:00 0 
7f9b4c1a7000-7f9b4c2a7000 rw-p 00000000 00:00 0 
7f9b4c2a7000-7f9b4c2a8000 ---p 00000000 00:00 0 
7f9b4c2a8000-7f9b4c3a8000 rw-p 00000000 00:00 0 
7f9b4c3a8000-7f9b4c3a9000 ---p 00000000 00:00 0 
7f9b4c3a9000-7f9b4c4a9000 rw-p 00000000 00:00 0 
7f9b4c4a9000-7f9b4c4aa000 ---p 00000000 00:00 0 
7f9b4c4aa000-7f9b4c5b5000 rw-p 00000000 00:00 0 
7f9b4c5b5000-7f9b4c5d3000 rw-p 00000000 00:00 0 
7f9b4c5d3000-7f9b4c5e7000 rw-p 00000000 00:00 0 
7f9b4c5e7000-7f9b4c711000 rw-p 00000000 00:00 0 
7f9b4c711000-7f9b4c71b000 rw-p 00000000 00:00 0 
7f9b4c71b000-7f9b4c7b0000 rw-p 00000000 00:00 0 
7f9b4c7b0000-7f9b4c7b1000 rw-p 00000000 00:00 0 
7f9b4c7b1000-7f9b4ca21000 rwxp 00000000 00:00 0 
7f9b4ca21000-7f9b4f7b1000 rw-p 00000000 00:00 0 
7f9b4f7b1000-7f9b4f7c8000 r-xp 00000000 08:02 13646721                   /usr/lib/jvm/jdk1.7.0_80/jre/lib/amd64/libzip.so
7f9b4f7c8000-7f9b4f9c8000 ---p 00017000 08:02 13646721                   /usr/lib/jvm/jdk1.7.0_80/jre/lib/amd64/libzip.so
7f9b4f9c8000-7f9b4f9c9000 rw-p 00017000 08:02 13646721                   /usr/lib/jvm/jdk1.7.0_80/jre/lib/amd64/libzip.so
7f9b4f9c9000-7f9b4f9d4000 r-xp 00000000 08:02 24909811                   /lib/x86_64-linux-gnu/libnss_files-2.23.so
7f9b4f9d4000-7f9b4fbd3000 ---p 0000b000 08:02 24909811                   /lib/x86_64-linux-gnu/libnss_files-2.23.so
7f9b4fbd3000-7f9b4fbd4000 r--p 0000a000 08:02 24909811                   /lib/x86_64-linux-gnu/libnss_files-2.23.so
7f9b4fbd4000-7f9b4fbd5000 rw-p 0000b000 08:02 24909811                   /lib/x86_64-linux-gnu/libnss_files-2.23.so
7f9b4fbd5000-7f9b4fbdb000 rw-p 00000000 00:00 0 
7f9b4fbdb000-7f9b4fbe6000 r-xp 00000000 08:02 24909815                   /lib/x86_64-linux-gnu/libnss_nis-2.23.so
7f9b4fbe6000-7f9b4fde5000 ---p 0000b000 08:02 24909815                   /lib/x86_64-linux-gnu/libnss_nis-2.23.so
7f9b4fde5000-7f9b4fde6000 r--p 0000a000 08:02 24909815                   /lib/x86_64-linux-gnu/libnss_nis-2.23.so
7f9b4fde6000-7f9b4fde7000 rw-p 0000b000 08:02 24909815                   /lib/x86_64-linux-gnu/libnss_nis-2.23.so
7f9b4fde7000-7f9b4fdfd000 r-xp 00000000 08:02 24909795                   /lib/x86_64-linux-gnu/libnsl-2.23.so
7f9b4fdfd000-7f9b4fffc000 ---p 00016000 08:02 24909795                   /lib/x86_64-linux-gnu/libnsl-2.23.so
7f9b4fffc000-7f9b4fffd000 r--p 00015000 08:02 24909795                   /lib/x86_64-linux-gnu/libnsl-2.23.so
7f9b4fffd000-7f9b4fffe000 rw-p 00016000 08:02 24909795                   /lib/x86_64-linux-gnu/libnsl-2.23.so
7f9b4fffe000-7f9b50000000 rw-p 00000000 00:00 0 
7f9b50000000-7f9b512b5000 rw-p 00000000 00:00 0 
7f9b512b5000-7f9b54000000 ---p 00000000 00:00 0 
7f9b54000000-7f9b54002000 r--s 00000000 08:02 13110924                   /home/headrun/Downloads/jar_files (1)/jul-to-slf4j-1.7.21.jar
7f9b54002000-7f9b54004000 r--s 00003000 08:02 13110923                   /home/headrun/Downloads/jar_files (1)/jcl-over-slf4j-1.7.21.jar
7f9b54004000-7f9b54058000 rw-p 00000000 00:00 0 
7f9b54058000-7f9b54076000 rw-p 00000000 00:00 0 
7f9b54076000-7f9b5408a000 rw-p 00000000 00:00 0 
7f9b5408a000-7f9b541b4000 rw-p 00000000 00:00 0 
7f9b541b4000-7f9b541bc000 r-xp 00000000 08:02 24909806                   /lib/x86_64-linux-gnu/libnss_compat-2.23.so
7f9b541bc000-7f9b543bb000 ---p 00008000 08:02 24909806                   /lib/x86_64-linux-gnu/libnss_compat-2.23.so
7f9b543bb000-7f9b543bc000 r--p 00007000 08:02 24909806                   /lib/x86_64-linux-gnu/libnss_compat-2.23.so
7f9b543bc000-7f9b543bd000 rw-p 00008000 08:02 24909806                   /lib/x86_64-linux-gnu/libnss_compat-2.23.so
7f9b543bd000-7f9b543e6000 r-xp 00000000 08:02 13646687                   /usr/lib/jvm/jdk1.7.0_80/jre/lib/amd64/libjava.so
7f9b543e6000-7f9b545e6000 ---p 00029000 08:02 13646687                   /usr/lib/jvm/jdk1.7.0_80/jre/lib/amd64/libjava.so
7f9b545e6000-7f9b545e8000 rw-p 00029000 08:02 13646687                   /usr/lib/jvm/jdk1.7.0_80/jre/lib/amd64/libjava.so
7f9b545e8000-7f9b545f5000 r-xp 00000000 08:02 13646714                   /usr/lib/jvm/jdk1.7.0_80/jre/lib/amd64/libverify.so
7f9b545f5000-7f9b547f4000 ---p 0000d000 08:02 13646714                   /usr/lib/jvm/jdk1.7.0_80/jre/lib/amd64/libverify.so
7f9b547f4000-7f9b547f6000 rw-p 0000c000 08:02 13646714                   /usr/lib/jvm/jdk1.7.0_80/jre/lib/amd64/libverify.so
7f9b547f6000-7f9b547fd000 r-xp 00000000 08:02 24909816                   /lib/x86_64-linux-gnu/librt-2.23.so
7f9b547fd000-7f9b549fc000 ---p 00007000 08:02 24909816                   /lib/x86_64-linux-gnu/librt-2.23.so
7f9b549fc000-7f9b549fd000 r--p 00006000 08:02 24909816                   /lib/x86_64-linux-gnu/librt-2.23.so
7f9b549fd000-7f9b549fe000 rw-p 00007000 08:02 24909816                   /lib/x86_64-linux-gnu/librt-2.23.so
7f9b549fe000-7f9b54b06000 r-xp 00000000 08:02 24909793                   /lib/x86_64-linux-gnu/libm-2.23.so
7f9b54b06000-7f9b54d05000 ---p 00108000 08:02 24909793                   /lib/x86_64-linux-gnu/libm-2.23.so
7f9b54d05000-7f9b54d06000 r--p 00107000 08:02 24909793                   /lib/x86_64-linux-gnu/libm-2.23.so
7f9b54d06000-7f9b54d07000 rw-p 00108000 08:02 24909793                   /lib/x86_64-linux-gnu/libm-2.23.so
7f9b54d07000-7f9b5587d000 r-xp 00000000 08:02 13646741                   /usr/lib/jvm/jdk1.7.0_80/jre/lib/amd64/server/libjvm.so
7f9b5587d000-7f9b55a7c000 ---p 00b76000 08:02 13646741                   /usr/lib/jvm/jdk1.7.0_80/jre/lib/amd64/server/libjvm.so
7f9b55a7c000-7f9b55b40000 rw-p 00b75000 08:02 13646741                   /usr/lib/jvm/jdk1.7.0_80/jre/lib/amd64/server/libjvm.so
7f9b55b40000-7f9b55b81000 rw-p 00000000 00:00 0 
7f9b55b81000-7f9b55d41000 r-xp 00000000 08:02 24909798                   /lib/x86_64-linux-gnu/libc-2.23.so
7f9b55d41000-7f9b55f41000 ---p 001c0000 08:02 24909798                   /lib/x86_64-linux-gnu/libc-2.23.so
7f9b55f41000-7f9b55f45000 r--p 001c0000 08:02 24909798                   /lib/x86_64-linux-gnu/libc-2.23.so
7f9b55f45000-7f9b55f47000 rw-p 001c4000 08:02 24909798                   /lib/x86_64-linux-gnu/libc-2.23.so
7f9b55f47000-7f9b55f4b000 rw-p 00000000 00:00 0 
7f9b55f4b000-7f9b55f4e000 r-xp 00000000 08:02 24909800                   /lib/x86_64-linux-gnu/libdl-2.23.so
7f9b55f4e000-7f9b5614d000 ---p 00003000 08:02 24909800                   /lib/x86_64-linux-gnu/libdl-2.23.so
7f9b5614d000-7f9b5614e000 r--p 00002000 08:02 24909800                   /lib/x86_64-linux-gnu/libdl-2.23.so
7f9b5614e000-7f9b5614f000 rw-p 00003000 08:02 24909800                   /lib/x86_64-linux-gnu/libdl-2.23.so
7f9b5614f000-7f9b56164000 r-xp 00000000 08:02 13647422                   /usr/lib/jvm/jdk1.7.0_80/lib/amd64/jli/libjli.so
7f9b56164000-7f9b56363000 ---p 00015000 08:02 13647422                   /usr/lib/jvm/jdk1.7.0_80/lib/amd64/jli/libjli.so
7f9b56363000-7f9b56364000 rw-p 00014000 08:02 13647422                   /usr/lib/jvm/jdk1.7.0_80/lib/amd64/jli/libjli.so
7f9b56364000-7f9b5637c000 r-xp 00000000 08:02 24909797                   /lib/x86_64-linux-gnu/libpthread-2.23.so
7f9b5637c000-7f9b5657b000 ---p 00018000 08:02 24909797                   /lib/x86_64-linux-gnu/libpthread-2.23.so
7f9b5657b000-7f9b5657c000 r--p 00017000 08:02 24909797                   /lib/x86_64-linux-gnu/libpthread-2.23.so
7f9b5657c000-7f9b5657d000 rw-p 00018000 08:02 24909797                   /lib/x86_64-linux-gnu/libpthread-2.23.so
7f9b5657d000-7f9b56581000 rw-p 00000000 00:00 0 
7f9b56581000-7f9b565a7000 r-xp 00000000 08:02 24909796                   /lib/x86_64-linux-gnu/ld-2.23.so
7f9b565a7000-7f9b565a8000 r--s 00009000 08:02 13110928                   /home/headrun/Downloads/jar_files (1)/slf4j-api-1.7.20.jar
7f9b565a8000-7f9b565aa000 r--s 0000d000 08:02 13108980                   /home/headrun/Downloads/jar_files (1)/commons-logging-1.1.1.jar
7f9b565aa000-7f9b565b1000 r--s 00040000 08:02 13110927                   /home/headrun/Downloads/jar_files (1)/cglib-2.2.2.jar
7f9b565b1000-7f9b565d0000 rw-p 00000000 00:00 0 
7f9b565d0000-7f9b56686000 rw-p 00000000 00:00 0 
7f9b56686000-7f9b56689000 ---p 00000000 00:00 0 
7f9b56689000-7f9b5678c000 rw-p 00000000 00:00 0 
7f9b5678c000-7f9b56790000 r--s 0002f000 08:02 13110931                   /home/headrun/Downloads/jar_files (1)/commons-io-2.5.jar
7f9b56790000-7f9b56791000 r--s 0000a000 08:02 13110926                   /home/headrun/Downloads/jar_files (1)/asm-3.3.1.jar
7f9b56791000-7f9b5679c000 r--s 0037c000 08:02 13647395                   /usr/lib/jvm/jdk1.7.0_80/jre/lib/charsets.jar
7f9b5679c000-7f9b567a4000 rw-s 00000000 08:02 19139717                   /tmp/hsperfdata_headrun/24347
7f9b567a4000-7f9b567a5000 rw-p 00000000 00:00 0 
7f9b567a5000-7f9b567a6000 r--p 00000000 00:00 0 
7f9b567a6000-7f9b567a7000 r--p 00025000 08:02 24909796                   /lib/x86_64-linux-gnu/ld-2.23.so
7f9b567a7000-7f9b567a8000 rw-p 00026000 08:02 24909796                   /lib/x86_64-linux-gnu/ld-2.23.so
7f9b567a8000-7f9b567a9000 rw-p 00000000 00:00 0 
7ffca6e81000-7ffca6ea3000 rw-p 00000000 00:00 0                          [stack]
7ffca6ee0000-7ffca6ee3000 r--p 00000000 00:00 0                          [vvar]
7ffca6ee3000-7ffca6ee5000 r-xp 00000000 00:00 0                          [vdso]
ffffffffff600000-ffffffffff601000 r-xp 00000000 00:00 0                  [vsyscall]

VM Arguments:
jvm_args: -Dfile.encoding=UTF-8 
java_command: ReadTextfrImage
Launcher Type: SUN_STANDARD

Environment Variables:
JAVA_HOME=/usr/lib/jvm/java-8-oracle
CLASSPATH=/usr/lib/jvm/jdk1.7.0_80/lib/tools.jar:/usr/lib/jvm/jdk1.7.0_80/jre/rt.jar
PATH=/home/headrun/bin:/home/headrun/.local/bin:/usr/lib/jvm/jdk1.7.0_80/bin:/usr/local/sbin:/usr/local/bin:/usr/sbin:/usr/bin:/sbin:/bin:/usr/games:/usr/local/games:/snap/bin:/usr/lib/jvm/java-8-oracle/bin:/usr/lib/jvm/java-8-oracle/db/bin:/usr/lib/jvm/java-8-oracle/jre/bin
SHELL=/bin/bash
DISPLAY=:0

Signal Handlers:
SIGSEGV: [libjvm.so+0x9a3b20], sa_mask[0]=0x7ffbfeff, sa_flags=0x10000004
SIGBUS: [libjvm.so+0x9a3b20], sa_mask[0]=0x7ffbfeff, sa_flags=0x10000004
SIGFPE: [libjvm.so+0x81e740], sa_mask[0]=0x7ffbfeff, sa_flags=0x10000004
SIGPIPE: [libjvm.so+0x81e740], sa_mask[0]=0x7ffbfeff, sa_flags=0x10000004
SIGXFSZ: [libjvm.so+0x81e740], sa_mask[0]=0x7ffbfeff, sa_flags=0x10000004
SIGILL: [libjvm.so+0x81e740], sa_mask[0]=0x7ffbfeff, sa_flags=0x10000004
SIGUSR1: SIG_DFL, sa_mask[0]=0x00000000, sa_flags=0x00000000
SIGUSR2: [libjvm.so+0x81ffb0], sa_mask[0]=0x00000004, sa_flags=0x10000004
SIGHUP: [libjvm.so+0x8210d0], sa_mask[0]=0x7ffbfeff, sa_flags=0x10000004
SIGINT: [libjvm.so+0x8210d0], sa_mask[0]=0x7ffbfeff, sa_flags=0x10000004
SIGTERM: [libjvm.so+0x8210d0], sa_mask[0]=0x7ffbfeff, sa_flags=0x10000004
SIGQUIT: [libjvm.so+0x8210d0], sa_mask[0]=0x7ffbfeff, sa_flags=0x10000004


---------------  S Y S T E M  ---------------

OS:stretch/sid

uname:Linux 4.13.0-32-generic #35~16.04.1-Ubuntu SMP Thu Jan 25 10:13:43 UTC 2018 x86_64
libc:glibc 2.23 NPTL 2.23 
rlimit: STACK 8192k, CORE 0k, NPROC 14968, NOFILE 1048576, AS infinity
load average:0.38 0.73 0.83

/proc/meminfo:
MemTotal:        3900928 kB
MemFree:          480660 kB
MemAvailable:     804268 kB
Buffers:           20928 kB
Cached:           840836 kB
SwapCached:       105908 kB
Active:          2448872 kB
Inactive:         737772 kB
Active(anon):    2080808 kB
Inactive(anon):   600812 kB
Active(file):     368064 kB
Inactive(file):   136960 kB
Unevictable:         352 kB
Mlocked:             352 kB
SwapTotal:       4055036 kB
SwapFree:        3295484 kB
Dirty:               708 kB
Writeback:             0 kB
AnonPages:       2256548 kB
Mapped:           383480 kB
Shmem:            356736 kB
Slab:              97552 kB
SReclaimable:      42236 kB
SUnreclaim:        55316 kB
KernelStack:       20848 kB
PageTables:        59236 kB
NFS_Unstable:          0 kB
Bounce:                0 kB
WritebackTmp:          0 kB
CommitLimit:     6005500 kB
Committed_AS:   12754696 kB
VmallocTotal:   34359738367 kB
VmallocUsed:           0 kB
VmallocChunk:          0 kB
HardwareCorrupted:     0 kB
AnonHugePages:         0 kB
ShmemHugePages:        0 kB
ShmemPmdMapped:        0 kB
CmaTotal:              0 kB
CmaFree:               0 kB
HugePages_Total:       0
HugePages_Free:        0
HugePages_Rsvd:        0
HugePages_Surp:        0
Hugepagesize:       2048 kB
DirectMap4k:      224752 kB
DirectMap2M:     3831808 kB


CPU:total 4 (2 cores per cpu, 2 threads per core) family 6 model 58 stepping 9, cmov, cx8, fxsr, mmx, sse, sse2, sse3, ssse3, sse4.1, sse4.2, popcnt, avx, erms, ht, tsc, tscinvbit, tscinv

/proc/cpuinfo:
processor	: 0
vendor_id	: GenuineIntel
cpu family	: 6
model		: 58
model name	: Intel(R) Core(TM) i3-3110M CPU @ 2.40GHz
stepping	: 9
microcode	: 0x15
cpu MHz		: 2394.374
cache size	: 3072 KB
physical id	: 0
siblings	: 4
core id		: 0
cpu cores	: 2
apicid		: 0
initial apicid	: 0
fpu		: yes
fpu_exception	: yes
cpuid level	: 13
wp		: yes
flags		: fpu vme de pse tsc msr pae mce cx8 apic sep mtrr pge mca cmov pat pse36 clflush dts acpi mmx fxsr sse sse2 ss ht tm pbe syscall nx rdtscp lm constant_tsc arch_perfmon pebs bts rep_good nopl xtopology nonstop_tsc cpuid aperfmperf pni pclmulqdq dtes64 monitor ds_cpl vmx est tm2 ssse3 cx16 xtpr pdcm pcid sse4_1 sse4_2 x2apic popcnt tsc_deadline_timer xsave avx f16c lahf_lm cpuid_fault epb pti tpr_shadow vnmi flexpriority ept vpid fsgsbase smep erms xsaveopt dtherm arat pln pts
bugs		: cpu_meltdown spectre_v1 spectre_v2
bogomips	: 4788.74
clflush size	: 64
cache_alignment	: 64
address sizes	: 36 bits physical, 48 bits virtual
power management:

processor	: 1
vendor_id	: GenuineIntel
cpu family	: 6
model		: 58
model name	: Intel(R) Core(TM) i3-3110M CPU @ 2.40GHz
stepping	: 9
microcode	: 0x15
cpu MHz		: 2394.374
cache size	: 3072 KB
physical id	: 0
siblings	: 4
core id		: 1
cpu cores	: 2
apicid		: 2
initial apicid	: 2
fpu		: yes
fpu_exception	: yes
cpuid level	: 13
wp		: yes
flags		: fpu vme de pse tsc msr pae mce cx8 apic sep mtrr pge mca cmov pat pse36 clflush dts acpi mmx fxsr sse sse2 ss ht tm pbe syscall nx rdtscp lm constant_tsc arch_perfmon pebs bts rep_good nopl xtopology nonstop_tsc cpuid aperfmperf pni pclmulqdq dtes64 monitor ds_cpl vmx est tm2 ssse3 cx16 xtpr pdcm pcid sse4_1 sse4_2 x2apic popcnt tsc_deadline_timer xsave avx f16c lahf_lm cpuid_fault epb pti tpr_shadow vnmi flexpriority ept vpid fsgsbase smep erms xsaveopt dtherm arat pln pts
bugs		: cpu_meltdown spectre_v1 spectre_v2
bogomips	: 4788.74
clflush size	: 64
cache_alignment	: 64
address sizes	: 36 bits physical, 48 bits virtual
power management:

processor	: 2
vendor_id	: GenuineIntel
cpu family	: 6
model		: 58
model name	: Intel(R) Core(TM) i3-3110M CPU @ 2.40GHz
stepping	: 9
microcode	: 0x15
cpu MHz		: 2394.374
cache size	: 3072 KB
physical id	: 0
siblings	: 4
core id		: 0
cpu cores	: 2
apicid		: 1
initial apicid	: 1
fpu		: yes
fpu_exception	: yes
cpuid level	: 13
wp		: yes
flags		: fpu vme de pse tsc msr pae mce cx8 apic sep mtrr pge mca cmov pat pse36 clflush dts acpi mmx fxsr sse sse2 ss ht tm pbe syscall nx rdtscp lm constant_tsc arch_perfmon pebs bts rep_good nopl xtopology nonstop_tsc cpuid aperfmperf pni pclmulqdq dtes64 monitor ds_cpl vmx est tm2 ssse3 cx16 xtpr pdcm pcid sse4_1 sse4_2 x2apic popcnt tsc_deadline_timer xsave avx f16c lahf_lm cpuid_fault epb pti tpr_shadow vnmi flexpriority ept vpid fsgsbase smep erms xsaveopt dtherm arat pln pts
bugs		: cpu_meltdown spectre_v1 spectre_v2
bogomips	: 4788.74
clflush size	: 64
cache_alignment	: 64
address sizes	: 36 bits physical, 48 bits virtual
power management:

processor	: 3
vendor_id	: GenuineIntel
cpu family	: 6
model		: 58
model name	: Intel(R) Core(TM) i3-3110M CPU @ 2.40GHz
stepping	: 9
microcode	: 0x15
cpu MHz		: 2394.374
cache size	: 3072 KB
physical id	: 0
siblings	: 4
core id		: 1
cpu cores	: 2
apicid		: 3
initial apicid	: 3
fpu		: yes
fpu_exception	: yes
cpuid level	: 13
wp		: yes
flags		: fpu vme de pse tsc msr pae mce cx8 apic sep mtrr pge mca cmov pat pse36 clflush dts acpi mmx fxsr sse sse2 ss ht tm pbe syscall nx rdtscp lm constant_tsc arch_perfmon pebs bts rep_good nopl xtopology nonstop_tsc cpuid aperfmperf pni pclmulqdq dtes64 monitor ds_cpl vmx est tm2 ssse3 cx16 xtpr pdcm pcid sse4_1 sse4_2 x2apic popcnt tsc_deadline_timer xsave avx f16c lahf_lm cpuid_fault epb pti tpr_shadow vnmi flexpriority ept vpid fsgsbase smep erms xsaveopt dtherm arat pln pts
bugs		: cpu_meltdown spectre_v1 spectre_v2
bogomips	: 4788.74
clflush size	: 64
cache_alignment	: 64
address sizes	: 36 bits physical, 48 bits virtual
power management:



Memory: 4k page, physical 3900928k(480660k free), swap 4055036k(3295484k free)

vm_info: Java HotSpot(TM) 64-Bit Server VM (24.80-b11) for linux-amd64 JRE (1.7.0_80-b15), built on Apr 10 2015 19:53:14 by "java_re" with gcc 4.3.0 20080428 (Red Hat 4.3.0-8)

time: Sat Feb 10 19:04:03 2018
elapsed time: 1 seconds

