#
# A fatal error has been detected by the Java Runtime Environment:
#
#  SIGSEGV (0xb) at pc=0x00007f1f85f5f13d, pid=29639, tid=139774508607232
#
# JRE version: Java(TM) SE Runtime Environment (7.0_80-b15) (build 1.7.0_80-b15)
# Java VM: Java HotSpot(TM) 64-Bit Server VM (24.80-b11 mixed mode linux-amd64 compressed oops)
# Problematic frame:
# C  [libtesseract.so.3.0.4+0x1f413d]  tesseract::HistogramRect(Pix*, int, int, int, int, int, int*)+0xfd
#
# Failed to write core dump. Core dumps have been disabled. To enable core dumping, try "ulimit -c unlimited" before starting Java again
#
# If you would like to submit a bug report, please visit:
#   http://bugreport.java.com/bugreport/crash.jsp
# The crash happened outside the Java Virtual Machine in native code.
# See problematic frame for where to report the bug.
#

---------------  T H R E A D  ---------------

Current thread (0x00007f1fc400a800):  JavaThread "main" [_thread_in_native, id=29644, stack(0x00007f1fc9df2000,0x00007f1fc9ef3000)]

siginfo:si_signo=SIGSEGV: si_errno=0, si_code=2 (SEGV_ACCERR), si_addr=0x00007f1fc5418003

Registers:
RAX=0x0000000000000004, RBX=0x00007f1fc9eefc40, RCX=0x00007f1fc5418003, RDX=0x00007f1fc5418004
RSP=0x00007f1fc9eefb80, RBP=0x0000000000000127, RSI=0x0000000000000004, RDI=0x00007f1fc5417ff4
R8 =0x0000000000000125, R9 =0x00000000000006b4, R10=0x00007f1fc4000078, R11=0x00007f1fc4000078
R12=0x0000000000000004, R13=0x0000000000000115, R14=0x0000000000000050, R15=0x00007f1fc5213d70
RIP=0x00007f1f85f5f13d, EFLAGS=0x0000000000010206, CSGSFS=0x002b000000000033, ERR=0x0000000000000004
  TRAPNO=0x000000000000000e

Top of Stack: (sp=0x00007f1fc9eefb80)
0x00007f1fc9eefb80:   000001ad00000000 0000000000000125
0x00007f1fc9eefb90:   00007f1fc9ef00a8 0000000000000000
0x00007f1fc9eefba0:   00007f1fc9eefc40 00007f1fc9ef00b0
0x00007f1fc9eefbb0:   0000000000000000 00007f1fc9ef00a8
0x00007f1fc9eefbc0:   0000000000000000 00007f1f85f5f3d9
0x00007f1fc9eefbd0:   00007f1fc9eefc40 00007f1f85f5f314
0x00007f1fc9eefbe0:   00007f1fc400b0e0 00007f1fc5213d70
0x00007f1fc9eefbf0:   0000001400000004 00000127000000a8
0x00007f1fc9eefc00:   00007f1fc9eefc38 00007f1fc9eefc3c
0x00007f1fc9eefc10:   000000000000007d 0000000000000000
0x00007f1fc9eefc20:   00007f1fc524f500 0000000000000001
0x00007f1fc9eefc30:   00000000bf444259 00007f1fc9eefc88
0x00007f1fc9eefc40:   0000000000000003 0000000000000000
0x00007f1fc9eefc50:   0000000000000000 0000000000000000
0x00007f1fc9eefc60:   0000000000000000 0000000000000000
0x00007f1fc9eefc70:   0000000000000000 0000000000000000
0x00007f1fc9eefc80:   0000000000000000 0000000000000000
0x00007f1fc9eefc90:   0000000000000000 0000000000000000
0x00007f1fc9eefca0:   0000000100000000 0000000000000001
0x00007f1fc9eefcb0:   0000000000000000 0000000200000000
0x00007f1fc9eefcc0:   0000000300000000 0000000100000005
0x00007f1fc9eefcd0:   0000000100000001 0000000300000002
0x00007f1fc9eefce0:   0000000300000003 0000000400000004
0x00007f1fc9eefcf0:   0000000500000003 000000070000000d
0x00007f1fc9eefd00:   0000000a00000005 0000000c00000008
0x00007f1fc9eefd10:   0000000700000009 0000000900000010
0x00007f1fc9eefd20:   0000000f00000003 000000090000000c
0x00007f1fc9eefd30:   0000000700000008 0000000600000009
0x00007f1fc9eefd40:   000000090000000a 0000000700000005
0x00007f1fc9eefd50:   0000000600000009 0000000300000008
0x00007f1fc9eefd60:   0000000800000008 0000000800000007
0x00007f1fc9eefd70:   0000000500000008 0000000700000005 

Instructions: (pc=0x00007f1f85f5f13d)
0x00007f1f85f5f11d:   1f 40 00 31 c0 85 ed 48 89 fa 7e 1f 0f 1f 80 00
0x00007f1f85f5f12d:   00 00 00 48 89 d1 83 c0 01 48 01 f2 48 83 f1 03
0x00007f1f85f5f13d:   0f b6 09 83 04 8b 01 39 c5 75 e8 41 83 c5 01 4c
0x00007f1f85f5f14d:   01 cf 45 39 e8 75 cc 48 83 c4 18 5b 5d 41 5c 41 

Register to memory mapping:

RAX=0x0000000000000004 is an unknown value
RBX=0x00007f1fc9eefc40 is pointing into the stack for thread: 0x00007f1fc400a800
RCX=0x00007f1fc5418003 is an unknown value
RDX=0x00007f1fc5418004 is an unknown value
RSP=0x00007f1fc9eefb80 is pointing into the stack for thread: 0x00007f1fc400a800
RBP=0x0000000000000127 is an unknown value
RSI=0x0000000000000004 is an unknown value
RDI=0x00007f1fc5417ff4 is an unknown value
R8 =0x0000000000000125 is an unknown value
R9 =0x00000000000006b4 is an unknown value
R10=0x00007f1fc4000078 is an unknown value
R11=0x00007f1fc4000078 is an unknown value
R12=0x0000000000000004 is an unknown value
R13=0x0000000000000115 is an unknown value
R14=0x0000000000000050 is an unknown value
R15=0x00007f1fc5213d70 is an unknown value


Stack: [0x00007f1fc9df2000,0x00007f1fc9ef3000],  sp=0x00007f1fc9eefb80,  free space=1014k
Native frames: (J=compiled Java code, j=interpreted, Vv=VM code, C=native code)
C  [libtesseract.so.3.0.4+0x1f413d]  tesseract::HistogramRect(Pix*, int, int, int, int, int, int*)+0xfd

Java frames: (J=compiled Java code, j=interpreted, Vv=VM code)
j  com.sun.jna.Native.invokePointer(JI[Ljava/lang/Object;)J+0
j  com.sun.jna.Function.invokePointer(I[Ljava/lang/Object;)Lcom/sun/jna/Pointer;+6
j  com.sun.jna.Function.invoke([Ljava/lang/Object;Ljava/lang/Class;Z)Ljava/lang/Object;+426
j  com.sun.jna.Function.invoke(Ljava/lang/Class;[Ljava/lang/Object;Ljava/util/Map;)Ljava/lang/Object;+262
j  com.sun.jna.Library$Handler.invoke(Ljava/lang/Object;Ljava/lang/reflect/Method;[Ljava/lang/Object;)Ljava/lang/Object;+316
j  com.sun.proxy.$Proxy0.TessBaseAPIGetUTF8Text(Lnet/sourceforge/tess4j/ITessAPI$TessBaseAPI;)Lcom/sun/jna/Pointer;+16
j  net.sourceforge.tess4j.Tesseract.getOCRText(Ljava/lang/String;I)Ljava/lang/String;+62
j  net.sourceforge.tess4j.Tesseract.doOCR(Ljava/util/List;Ljava/lang/String;Ljava/awt/Rectangle;)Ljava/lang/String;+69
j  net.sourceforge.tess4j.Tesseract.doOCR(Ljava/util/List;Ljava/awt/Rectangle;)Ljava/lang/String;+4
j  net.sourceforge.tess4j.Tesseract.doOCR(Ljava/awt/image/BufferedImage;Ljava/awt/Rectangle;)Ljava/lang/String;+6
j  TesseractExample.main([Ljava/lang/String;)V+62
v  ~StubRoutines::call_stub

---------------  P R O C E S S  ---------------

Java Threads: ( => current thread )
  0x00007f1fc4342000 JavaThread "Java2D Disposer" daemon [_thread_blocked, id=29657, stack(0x00007f1f86840000,0x00007f1f86941000)]
  0x00007f1fc4099000 JavaThread "Service Thread" daemon [_thread_blocked, id=29655, stack(0x00007f1fb7a25000,0x00007f1fb7b26000)]
  0x00007f1fc4096800 JavaThread "C2 CompilerThread1" daemon [_thread_blocked, id=29654, stack(0x00007f1fb7b26000,0x00007f1fb7c27000)]
  0x00007f1fc4093800 JavaThread "C2 CompilerThread0" daemon [_thread_in_native, id=29653, stack(0x00007f1fb7c27000,0x00007f1fb7d28000)]
  0x00007f1fc4091800 JavaThread "Signal Dispatcher" daemon [_thread_blocked, id=29652, stack(0x00007f1fbc03a000,0x00007f1fbc13b000)]
  0x00007f1fc4070800 JavaThread "Finalizer" daemon [_thread_blocked, id=29651, stack(0x00007f1fbc13b000,0x00007f1fbc23c000)]
  0x00007f1fc406e800 JavaThread "Reference Handler" daemon [_thread_blocked, id=29650, stack(0x00007f1fbc23c000,0x00007f1fbc33d000)]
=>0x00007f1fc400a800 JavaThread "main" [_thread_in_native, id=29644, stack(0x00007f1fc9df2000,0x00007f1fc9ef3000)]

Other Threads:
  0x00007f1fc406a000 VMThread [stack: 0x00007f1fbc33d000,0x00007f1fbc43e000] [id=29649]
  0x00007f1fc40ab800 WatcherThread [stack: 0x00007f1fb7924000,0x00007f1fb7a25000] [id=29656]

VM state:not at safepoint (normal execution)

VM Mutex/Monitor currently owned by a thread: None

Heap
 PSYoungGen      total 17920K, used 9767K [0x00000000ec200000, 0x00000000ed600000, 0x0000000100000000)
  eden space 15360K, 46% used [0x00000000ec200000,0x00000000ec909f90,0x00000000ed100000)
  from space 2560K, 99% used [0x00000000ed100000,0x00000000ed37ff58,0x00000000ed380000)
  to   space 2560K, 0% used [0x00000000ed380000,0x00000000ed380000,0x00000000ed600000)
 ParOldGen       total 40448K, used 734K [0x00000000c4600000, 0x00000000c6d80000, 0x00000000ec200000)
  object space 40448K, 1% used [0x00000000c4600000,0x00000000c46b7990,0x00000000c6d80000)
 PSPermGen       total 21504K, used 9908K [0x00000000bf400000, 0x00000000c0900000, 0x00000000c4600000)
  object space 21504K, 46% used [0x00000000bf400000,0x00000000bfdad320,0x00000000c0900000)

Card table byte_map: [0x00007f1fbfd60000,0x00007f1fbff67000] byte_map_base: 0x00007f1fbf766000

Polling page: 0x00007f1fc9f11000

Code Cache  [0x00007f1fbff67000, 0x00007f1fc01d7000, 0x00007f1fc2f67000)
 total_blobs=360 nmethods=56 adapters=257 free_code_cache=48574Kb largest_free_block=49710272

Compilation events (10 events):
Event: 0.838 Thread 0x00007f1fc4093800   53             java.util.Arrays::copyOf (19 bytes)
Event: 0.841 Thread 0x00007f1fc4093800 nmethod 53 0x00007f1fbffe9b90 code [0x00007f1fbffe9ce0, 0x00007f1fbffe9ed8]
Event: 0.841 Thread 0x00007f1fc4093800   54             com.github.jaiimageio.impl.plugins.tiff.TIFFImageWriter::writeTile (3310 bytes)
Event: 0.845 Thread 0x00007f1fc4096800 nmethod 51 0x00007f1fbfff85d0 code [0x00007f1fbfff8b40, 0x00007f1fbfffb3b8]
Event: 0.845 Thread 0x00007f1fc4096800   55             sun.awt.image.ByteInterleavedRaster::getByteData (851 bytes)
Event: 0.856 Thread 0x00007f1fc4096800 nmethod 55 0x00007f1fbfff7590 code [0x00007f1fbfff7720, 0x00007f1fbfff80f8]
Event: 0.885 Thread 0x00007f1fc4096800   56             java.lang.ref.Reference::get (5 bytes)
Event: 0.886 Thread 0x00007f1fc4096800 nmethod 56 0x00007f1fbffef310 code [0x00007f1fbffef440, 0x00007f1fbffef498]
Event: 0.901 Thread 0x00007f1fc4096800   57             java.lang.AbstractStringBuilder::<init> (12 bytes)
Event: 0.902 Thread 0x00007f1fc4096800 nmethod 57 0x00007f1fbffef010 code [0x00007f1fbffef160, 0x00007f1fbffef278]

GC Heap History (2 events):
Event: 0.594 GC heap before
{Heap before GC invocations=1 (full 0):
 PSYoungGen      total 17920K, used 15360K [0x00000000ec200000, 0x00000000ed600000, 0x0000000100000000)
  eden space 15360K, 100% used [0x00000000ec200000,0x00000000ed100000,0x00000000ed100000)
  from space 2560K, 0% used [0x00000000ed380000,0x00000000ed380000,0x00000000ed600000)
  to   space 2560K, 0% used [0x00000000ed100000,0x00000000ed100000,0x00000000ed380000)
 ParOldGen       total 40448K, used 0K [0x00000000c4600000, 0x00000000c6d80000, 0x00000000ec200000)
  object space 40448K, 0% used [0x00000000c4600000,0x00000000c4600000,0x00000000c6d80000)
 PSPermGen       total 21504K, used 8937K [0x00000000bf400000, 0x00000000c0900000, 0x00000000c4600000)
  object space 21504K, 41% used [0x00000000bf400000,0x00000000bfcba6a0,0x00000000c0900000)
Event: 0.599 GC heap after
Heap after GC invocations=1 (full 0):
 PSYoungGen      total 17920K, used 2559K [0x00000000ec200000, 0x00000000ed600000, 0x0000000100000000)
  eden space 15360K, 0% used [0x00000000ec200000,0x00000000ec200000,0x00000000ed100000)
  from space 2560K, 99% used [0x00000000ed100000,0x00000000ed37ff58,0x00000000ed380000)
  to   space 2560K, 0% used [0x00000000ed380000,0x00000000ed380000,0x00000000ed600000)
 ParOldGen       total 40448K, used 734K [0x00000000c4600000, 0x00000000c6d80000, 0x00000000ec200000)
  object space 40448K, 1% used [0x00000000c4600000,0x00000000c46b7990,0x00000000c6d80000)
 PSPermGen       total 21504K, used 8937K [0x00000000bf400000, 0x00000000c0900000, 0x00000000c4600000)
  object space 21504K, 41% used [0x00000000bf400000,0x00000000bfcba6a0,0x00000000c0900000)
}

Deoptimization events (1 events):
Event: 0.113 Thread 0x00007f1fc400a800 Uncommon trap: reason=unstable_if action=reinterpret pc=0x00007f1fbffc8104 method=java.lang.String.indexOf([CII[CIII)I @ 134

Internal exceptions (10 events):
Event: 0.909 Thread 0x00007f1fc400a800 Threw 0x00000000ec76bf80 at /HUDSON/workspace/7u-2-build-linux-amd64/jdk7u80/2329/hotspot/src/share/vm/prims/jvm.cpp:1319
Event: 0.909 Thread 0x00007f1fc400a800 Threw 0x00000000ec7705e8 at /HUDSON/workspace/7u-2-build-linux-amd64/jdk7u80/2329/hotspot/src/share/vm/prims/jvm.cpp:1319
Event: 0.909 Thread 0x00007f1fc400a800 Threw 0x00000000ec774930 at /HUDSON/workspace/7u-2-build-linux-amd64/jdk7u80/2329/hotspot/src/share/vm/prims/jvm.cpp:1319
Event: 0.910 Thread 0x00007f1fc400a800 Threw 0x00000000ec779ff0 at /HUDSON/workspace/7u-2-build-linux-amd64/jdk7u80/2329/hotspot/src/share/vm/prims/jvm.cpp:1319
Event: 0.910 Thread 0x00007f1fc400a800 Threw 0x00000000ec77e500 at /HUDSON/workspace/7u-2-build-linux-amd64/jdk7u80/2329/hotspot/src/share/vm/prims/jvm.cpp:1319
Event: 0.911 Thread 0x00007f1fc400a800 Threw 0x00000000ec782bb8 at /HUDSON/workspace/7u-2-build-linux-amd64/jdk7u80/2329/hotspot/src/share/vm/prims/jvm.cpp:1319
Event: 0.911 Thread 0x00007f1fc400a800 Threw 0x00000000ec786f68 at /HUDSON/workspace/7u-2-build-linux-amd64/jdk7u80/2329/hotspot/src/share/vm/prims/jvm.cpp:1319
Event: 0.911 Thread 0x00007f1fc400a800 Threw 0x00000000ec78b478 at /HUDSON/workspace/7u-2-build-linux-amd64/jdk7u80/2329/hotspot/src/share/vm/prims/jvm.cpp:1319
Event: 0.911 Thread 0x00007f1fc400a800 Threw 0x00000000ec78f920 at /HUDSON/workspace/7u-2-build-linux-amd64/jdk7u80/2329/hotspot/src/share/vm/prims/jvm.cpp:1319
Event: 0.921 Thread 0x00007f1fc400a800 Threw 0x00000000ec7bd450 at /HUDSON/workspace/7u-2-build-linux-amd64/jdk7u80/2329/hotspot/src/share/vm/prims/jvm.cpp:1319

Events (10 events):
Event: 0.923 loading class 0x00007f1f941d2e50
Event: 0.923 loading class 0x00007f1f941d2e50 done
Event: 0.924 loading class 0x00007f1f941d41f0
Event: 0.924 loading class 0x00007f1f941d41f0 done
Event: 0.924 loading class 0x00007f1f941d2e70
Event: 0.924 loading class 0x00007f1f941d2e70 done
Event: 0.924 loading class 0x00007f1f941d4260
Event: 0.924 loading class 0x00007f1f941d4260 done
Event: 0.924 loading class 0x00007f1f941d4400
Event: 0.924 loading class 0x00007f1f941d4400 done


Dynamic libraries:
00400000-00401000 r-xp 00000000 08:02 13769971                           /usr/lib/jvm/jdk1.7.0_80/bin/java
00600000-00601000 rw-p 00000000 08:02 13769971                           /usr/lib/jvm/jdk1.7.0_80/bin/java
00ec6000-00ee7000 rw-p 00000000 00:00 0                                  [heap]
bf400000-c0900000 rw-p 00000000 00:00 0 
c0900000-c4600000 rw-p 00000000 00:00 0 
c4600000-c6d80000 rw-p 00000000 00:00 0 
c6d80000-ec200000 rw-p 00000000 00:00 0 
ec200000-ed600000 rw-p 00000000 00:00 0 
ed600000-100000000 rw-p 00000000 00:00 0 
7f1f7f0a2000-7f1f80000000 rw-p 00000000 00:00 0 
7f1f80000000-7f1f80021000 rw-p 00000000 00:00 0 
7f1f80021000-7f1f84000000 ---p 00000000 00:00 0 
7f1f840b8000-7f1f841c1000 rw-p 00000000 00:00 0 
7f1f841c1000-7f1f841cc000 r-xp 00000000 08:02 12067290                   /usr/lib/x86_64-linux-gnu/libjbig.so.0
7f1f841cc000-7f1f843cb000 ---p 0000b000 08:02 12067290                   /usr/lib/x86_64-linux-gnu/libjbig.so.0
7f1f843cb000-7f1f843cc000 r--p 0000a000 08:02 12067290                   /usr/lib/x86_64-linux-gnu/libjbig.so.0
7f1f843cc000-7f1f843cf000 rw-p 0000b000 08:02 12067290                   /usr/lib/x86_64-linux-gnu/libjbig.so.0
7f1f843cf000-7f1f843f0000 r-xp 00000000 08:02 24908250                   /lib/x86_64-linux-gnu/liblzma.so.5.0.0
7f1f843f0000-7f1f845ef000 ---p 00021000 08:02 24908250                   /lib/x86_64-linux-gnu/liblzma.so.5.0.0
7f1f845ef000-7f1f845f0000 r--p 00020000 08:02 24908250                   /lib/x86_64-linux-gnu/liblzma.so.5.0.0
7f1f845f0000-7f1f845f1000 rw-p 00021000 08:02 24908250                   /lib/x86_64-linux-gnu/liblzma.so.5.0.0
7f1f845f1000-7f1f84627000 r-xp 00000000 08:02 12064354                   /usr/lib/x86_64-linux-gnu/libopenjp2.so.2.1.0
7f1f84627000-7f1f84826000 ---p 00036000 08:02 12064354                   /usr/lib/x86_64-linux-gnu/libopenjp2.so.2.1.0
7f1f84826000-7f1f84827000 r--p 00035000 08:02 12064354                   /usr/lib/x86_64-linux-gnu/libopenjp2.so.2.1.0
7f1f84827000-7f1f84828000 rw-p 00036000 08:02 12064354                   /usr/lib/x86_64-linux-gnu/libopenjp2.so.2.1.0
7f1f84828000-7f1f84881000 r-xp 00000000 08:02 12067858                   /usr/lib/x86_64-linux-gnu/libwebp.so.5.0.4
7f1f84881000-7f1f84a81000 ---p 00059000 08:02 12067858                   /usr/lib/x86_64-linux-gnu/libwebp.so.5.0.4
7f1f84a81000-7f1f84a82000 r--p 00059000 08:02 12067858                   /usr/lib/x86_64-linux-gnu/libwebp.so.5.0.4
7f1f84a82000-7f1f84a84000 rw-p 0005a000 08:02 12067858                   /usr/lib/x86_64-linux-gnu/libwebp.so.5.0.4
7f1f84a84000-7f1f84af4000 r-xp 00000000 08:02 12059053                   /usr/lib/x86_64-linux-gnu/libtiff.so.5.2.4
7f1f84af4000-7f1f84cf4000 ---p 00070000 08:02 12059053                   /usr/lib/x86_64-linux-gnu/libtiff.so.5.2.4
7f1f84cf4000-7f1f84cf5000 r--p 00070000 08:02 12059053                   /usr/lib/x86_64-linux-gnu/libtiff.so.5.2.4
7f1f84cf5000-7f1f84cf8000 rw-p 00071000 08:02 12059053                   /usr/lib/x86_64-linux-gnu/libtiff.so.5.2.4
7f1f84cf8000-7f1f84d4f000 r-xp 00000000 08:02 12067294                   /usr/lib/x86_64-linux-gnu/libjpeg.so.8.0.2
7f1f84d4f000-7f1f84f4f000 ---p 00057000 08:02 12067294                   /usr/lib/x86_64-linux-gnu/libjpeg.so.8.0.2
7f1f84f4f000-7f1f84f50000 r--p 00057000 08:02 12067294                   /usr/lib/x86_64-linux-gnu/libjpeg.so.8.0.2
7f1f84f50000-7f1f84f51000 rw-p 00058000 08:02 12067294                   /usr/lib/x86_64-linux-gnu/libjpeg.so.8.0.2
7f1f84f51000-7f1f84f75000 r-xp 00000000 08:02 24908324                   /lib/x86_64-linux-gnu/libpng12.so.0.54.0
7f1f84f75000-7f1f85174000 ---p 00024000 08:02 24908324                   /lib/x86_64-linux-gnu/libpng12.so.0.54.0
7f1f85174000-7f1f85175000 r--p 00023000 08:02 24908324                   /lib/x86_64-linux-gnu/libpng12.so.0.54.0
7f1f85175000-7f1f85176000 rw-p 00024000 08:02 24908324                   /lib/x86_64-linux-gnu/libpng12.so.0.54.0
7f1f85176000-7f1f8518f000 r-xp 00000000 08:02 24905186                   /lib/x86_64-linux-gnu/libz.so.1.2.8
7f1f8518f000-7f1f8538e000 ---p 00019000 08:02 24905186                   /lib/x86_64-linux-gnu/libz.so.1.2.8
7f1f8538e000-7f1f8538f000 r--p 00018000 08:02 24905186                   /lib/x86_64-linux-gnu/libz.so.1.2.8
7f1f8538f000-7f1f85390000 rw-p 00019000 08:02 24905186                   /lib/x86_64-linux-gnu/libz.so.1.2.8
7f1f85390000-7f1f853a6000 r-xp 00000000 08:02 24908221                   /lib/x86_64-linux-gnu/libgcc_s.so.1
7f1f853a6000-7f1f855a5000 ---p 00016000 08:02 24908221                   /lib/x86_64-linux-gnu/libgcc_s.so.1
7f1f855a5000-7f1f855a6000 rw-p 00015000 08:02 24908221                   /lib/x86_64-linux-gnu/libgcc_s.so.1
7f1f855a6000-7f1f85718000 r-xp 00000000 08:02 12067707                   /usr/lib/x86_64-linux-gnu/libstdc++.so.6.0.21
7f1f85718000-7f1f85918000 ---p 00172000 08:02 12067707                   /usr/lib/x86_64-linux-gnu/libstdc++.so.6.0.21
7f1f85918000-7f1f85922000 r--p 00172000 08:02 12067707                   /usr/lib/x86_64-linux-gnu/libstdc++.so.6.0.21
7f1f85922000-7f1f85924000 rw-p 0017c000 08:02 12067707                   /usr/lib/x86_64-linux-gnu/libstdc++.so.6.0.21
7f1f85924000-7f1f85928000 rw-p 00000000 00:00 0 
7f1f85928000-7f1f85b65000 r-xp 00000000 08:02 12066280                   /usr/lib/liblept.so.5.0.0
7f1f85b65000-7f1f85d64000 ---p 0023d000 08:02 12066280                   /usr/lib/liblept.so.5.0.0
7f1f85d64000-7f1f85d65000 r--p 0023c000 08:02 12066280                   /usr/lib/liblept.so.5.0.0
7f1f85d65000-7f1f85d6b000 rw-p 0023d000 08:02 12066280                   /usr/lib/liblept.so.5.0.0
7f1f85d6b000-7f1f86054000 r-xp 00000000 08:02 12066283                   /usr/lib/libtesseract.so.3.0.4
7f1f86054000-7f1f86254000 ---p 002e9000 08:02 12066283                   /usr/lib/libtesseract.so.3.0.4
7f1f86254000-7f1f86258000 r--p 002e9000 08:02 12066283                   /usr/lib/libtesseract.so.3.0.4
7f1f86258000-7f1f86259000 rw-p 002ed000 08:02 12066283                   /usr/lib/libtesseract.so.3.0.4
7f1f86259000-7f1f864ed000 rw-p 00000000 00:00 0 
7f1f864ed000-7f1f86504000 r-xp 00000000 08:02 19139066                   /tmp/jna-795320491/jna5444880157195720690.tmp (deleted)
7f1f86504000-7f1f86603000 ---p 00017000 08:02 19139066                   /tmp/jna-795320491/jna5444880157195720690.tmp (deleted)
7f1f86603000-7f1f86605000 rw-p 00016000 08:02 19139066                   /tmp/jna-795320491/jna5444880157195720690.tmp (deleted)
7f1f86605000-7f1f8663f000 r-xp 00000000 08:02 13646715                   /usr/lib/jvm/jdk1.7.0_80/jre/lib/amd64/libjpeg.so
7f1f8663f000-7f1f8683f000 ---p 0003a000 08:02 13646715                   /usr/lib/jvm/jdk1.7.0_80/jre/lib/amd64/libjpeg.so
7f1f8683f000-7f1f86840000 rw-p 0003a000 08:02 13646715                   /usr/lib/jvm/jdk1.7.0_80/jre/lib/amd64/libjpeg.so
7f1f86840000-7f1f86843000 ---p 00000000 00:00 0 
7f1f86843000-7f1f86941000 rw-p 00000000 00:00 0 
7f1f86941000-7f1f86946000 r-xp 00000000 08:02 12066558                   /usr/lib/x86_64-linux-gnu/libXdmcp.so.6.0.0
7f1f86946000-7f1f86b45000 ---p 00005000 08:02 12066558                   /usr/lib/x86_64-linux-gnu/libXdmcp.so.6.0.0
7f1f86b45000-7f1f86b46000 r--p 00004000 08:02 12066558                   /usr/lib/x86_64-linux-gnu/libXdmcp.so.6.0.0
7f1f86b46000-7f1f86b47000 rw-p 00005000 08:02 12066558                   /usr/lib/x86_64-linux-gnu/libXdmcp.so.6.0.0
7f1f86b47000-7f1f86b49000 r-xp 00000000 08:02 12066547                   /usr/lib/x86_64-linux-gnu/libXau.so.6.0.0
7f1f86b49000-7f1f86d49000 ---p 00002000 08:02 12066547                   /usr/lib/x86_64-linux-gnu/libXau.so.6.0.0
7f1f86d49000-7f1f86d4a000 r--p 00002000 08:02 12066547                   /usr/lib/x86_64-linux-gnu/libXau.so.6.0.0
7f1f86d4a000-7f1f86d4b000 rw-p 00003000 08:02 12066547                   /usr/lib/x86_64-linux-gnu/libXau.so.6.0.0
7f1f86d4b000-7f1f86d6c000 r-xp 00000000 08:02 12067956                   /usr/lib/x86_64-linux-gnu/libxcb.so.1.1.0
7f1f86d6c000-7f1f86f6b000 ---p 00021000 08:02 12067956                   /usr/lib/x86_64-linux-gnu/libxcb.so.1.1.0
7f1f86f6b000-7f1f86f6c000 r--p 00020000 08:02 12067956                   /usr/lib/x86_64-linux-gnu/libxcb.so.1.1.0
7f1f86f6c000-7f1f86f6d000 rw-p 00021000 08:02 12067956                   /usr/lib/x86_64-linux-gnu/libxcb.so.1.1.0
7f1f86f6d000-7f1f86f7c000 r-xp 00000000 08:02 12066568                   /usr/lib/x86_64-linux-gnu/libXi.so.6.1.0
7f1f86f7c000-7f1f8717b000 ---p 0000f000 08:02 12066568                   /usr/lib/x86_64-linux-gnu/libXi.so.6.1.0
7f1f8717b000-7f1f8717c000 r--p 0000e000 08:02 12066568                   /usr/lib/x86_64-linux-gnu/libXi.so.6.1.0
7f1f8717c000-7f1f8717d000 rw-p 0000f000 08:02 12066568                   /usr/lib/x86_64-linux-gnu/libXi.so.6.1.0
7f1f8717d000-7f1f87182000 r-xp 00000000 08:02 12066586                   /usr/lib/x86_64-linux-gnu/libXtst.so.6.1.0
7f1f87182000-7f1f87381000 ---p 00005000 08:02 12066586                   /usr/lib/x86_64-linux-gnu/libXtst.so.6.1.0
7f1f87381000-7f1f87382000 r--p 00004000 08:02 12066586                   /usr/lib/x86_64-linux-gnu/libXtst.so.6.1.0
7f1f87382000-7f1f87383000 rw-p 00005000 08:02 12066586                   /usr/lib/x86_64-linux-gnu/libXtst.so.6.1.0
7f1f87383000-7f1f8738c000 r-xp 00000000 08:02 12066580                   /usr/lib/x86_64-linux-gnu/libXrender.so.1.3.0
7f1f8738c000-7f1f8758b000 ---p 00009000 08:02 12066580                   /usr/lib/x86_64-linux-gnu/libXrender.so.1.3.0
7f1f8758b000-7f1f8758c000 r--p 00008000 08:02 12066580                   /usr/lib/x86_64-linux-gnu/libXrender.so.1.3.0
7f1f8758c000-7f1f8758d000 rw-p 00009000 08:02 12066580                   /usr/lib/x86_64-linux-gnu/libXrender.so.1.3.0
7f1f8758d000-7f1f876c2000 r-xp 00000000 08:02 12066543                   /usr/lib/x86_64-linux-gnu/libX11.so.6.3.0
7f1f876c2000-7f1f878c2000 ---p 00135000 08:02 12066543                   /usr/lib/x86_64-linux-gnu/libX11.so.6.3.0
7f1f878c2000-7f1f878c3000 r--p 00135000 08:02 12066543                   /usr/lib/x86_64-linux-gnu/libX11.so.6.3.0
7f1f878c3000-7f1f878c7000 rw-p 00136000 08:02 12066543                   /usr/lib/x86_64-linux-gnu/libX11.so.6.3.0
7f1f878c7000-7f1f878d8000 r-xp 00000000 08:02 12066560                   /usr/lib/x86_64-linux-gnu/libXext.so.6.4.0
7f1f878d8000-7f1f87ad7000 ---p 00011000 08:02 12066560                   /usr/lib/x86_64-linux-gnu/libXext.so.6.4.0
7f1f87ad7000-7f1f87ad8000 r--p 00010000 08:02 12066560                   /usr/lib/x86_64-linux-gnu/libXext.so.6.4.0
7f1f87ad8000-7f1f87ad9000 rw-p 00011000 08:02 12066560                   /usr/lib/x86_64-linux-gnu/libXext.so.6.4.0
7f1f87ad9000-7f1f87b29000 r-xp 00000000 08:02 13646705                   /usr/lib/jvm/jdk1.7.0_80/jre/lib/amd64/xawt/libmawt.so
7f1f87b29000-7f1f87d29000 ---p 00050000 08:02 13646705                   /usr/lib/jvm/jdk1.7.0_80/jre/lib/amd64/xawt/libmawt.so
7f1f87d29000-7f1f87d2d000 rw-p 00050000 08:02 13646705                   /usr/lib/jvm/jdk1.7.0_80/jre/lib/amd64/xawt/libmawt.so
7f1f87d2d000-7f1f87d2e000 rw-p 00000000 00:00 0 
7f1f87d2e000-7f1f87dd0000 r-xp 00000000 08:02 13646725                   /usr/lib/jvm/jdk1.7.0_80/jre/lib/amd64/libawt.so
7f1f87dd0000-7f1f87fd0000 ---p 000a2000 08:02 13646725                   /usr/lib/jvm/jdk1.7.0_80/jre/lib/amd64/libawt.so
7f1f87fd0000-7f1f87fdc000 rw-p 000a2000 08:02 13646725                   /usr/lib/jvm/jdk1.7.0_80/jre/lib/amd64/libawt.so
7f1f87fdc000-7f1f88000000 rw-p 00000000 00:00 0 
7f1f88000000-7f1f88021000 rw-p 00000000 00:00 0 
7f1f88021000-7f1f8c000000 ---p 00000000 00:00 0 
7f1f8c000000-7f1f8c021000 rw-p 00000000 00:00 0 
7f1f8c021000-7f1f90000000 ---p 00000000 00:00 0 
7f1f90000000-7f1f906f4000 rw-p 00000000 00:00 0 
7f1f906f4000-7f1f94000000 ---p 00000000 00:00 0 
7f1f94000000-7f1f9451c000 rw-p 00000000 00:00 0 
7f1f9451c000-7f1f98000000 ---p 00000000 00:00 0 
7f1f98000000-7f1f98021000 rw-p 00000000 00:00 0 
7f1f98021000-7f1f9c000000 ---p 00000000 00:00 0 
7f1f9c000000-7f1f9c021000 rw-p 00000000 00:00 0 
7f1f9c021000-7f1fa0000000 ---p 00000000 00:00 0 
7f1fa0000000-7f1fa0021000 rw-p 00000000 00:00 0 
7f1fa0021000-7f1fa4000000 ---p 00000000 00:00 0 
7f1fa4000000-7f1fa4021000 rw-p 00000000 00:00 0 
7f1fa4021000-7f1fa8000000 ---p 00000000 00:00 0 
7f1fa8000000-7f1fa8021000 rw-p 00000000 00:00 0 
7f1fa8021000-7f1fac000000 ---p 00000000 00:00 0 
7f1fac000000-7f1fac021000 rw-p 00000000 00:00 0 
7f1fac021000-7f1fb0000000 ---p 00000000 00:00 0 
7f1fb0000000-7f1fb0021000 rw-p 00000000 00:00 0 
7f1fb0021000-7f1fb4000000 ---p 00000000 00:00 0 
7f1fb404c000-7f1fb4050000 r--s 0008b000 08:02 13647318                   /usr/lib/jvm/jdk1.7.0_80/jre/lib/jsse.jar
7f1fb4050000-7f1fb405b000 r--s 0037c000 08:02 13647395                   /usr/lib/jvm/jdk1.7.0_80/jre/lib/charsets.jar
7f1fb405b000-7f1fb405f000 r--s 000f7000 08:02 13647329                   /usr/lib/jvm/jdk1.7.0_80/jre/lib/ext/localedata.jar
7f1fb405f000-7f1fb406f000 r-xp 00000000 08:02 13646692                   /usr/lib/jvm/jdk1.7.0_80/jre/lib/amd64/libnio.so
7f1fb406f000-7f1fb426f000 ---p 00010000 08:02 13646692                   /usr/lib/jvm/jdk1.7.0_80/jre/lib/amd64/libnio.so
7f1fb426f000-7f1fb4270000 rw-p 00010000 08:02 13646692                   /usr/lib/jvm/jdk1.7.0_80/jre/lib/amd64/libnio.so
7f1fb4270000-7f1fb427a000 r--s 00253000 08:02 13646769                   /usr/lib/jvm/jdk1.7.0_80/jre/lib/resources.jar
7f1fb427a000-7f1fb727b000 rw-p 00000000 00:00 0 
7f1fb727b000-7f1fb7292000 r-xp 00000000 08:02 13646726                   /usr/lib/jvm/jdk1.7.0_80/jre/lib/amd64/libnet.so
7f1fb7292000-7f1fb7491000 ---p 00017000 08:02 13646726                   /usr/lib/jvm/jdk1.7.0_80/jre/lib/amd64/libnet.so
7f1fb7491000-7f1fb7492000 rw-p 00016000 08:02 13646726                   /usr/lib/jvm/jdk1.7.0_80/jre/lib/amd64/libnet.so
7f1fb7492000-7f1fb7495000 r--s 07cb5000 08:02 8136923                    /home/headrun/Downloads/java-ocr-api-15.3.0.3.jar
7f1fb7495000-7f1fb7498000 r--s 00017000 08:02 8132360                    /home/headrun/Downloads/marvin_1.5.5.jar
7f1fb7498000-7f1fb7526000 rw-p 00000000 00:00 0 
7f1fb7526000-7f1fb78b9000 r--s 03191000 08:02 8128837                    /home/headrun/Downloads/tika-app-1.17.jar
7f1fb78b9000-7f1fb78cf000 r--s 0023f000 08:02 8139468                    /home/headrun/Downloads/pdfbox-2.0.3.jar
7f1fb78cf000-7f1fb78d5000 r--s 00163000 08:02 8139467                    /home/headrun/Downloads/fontbox-2.0.3.jar
7f1fb78d5000-7f1fb78e3000 r--s 00083000 08:02 8141858                    /home/headrun/Downloads/opencv-3.0.0-1.0.jar
7f1fb78e3000-7f1fb78e6000 r--s 031c7000 08:02 12847991                   /home/headrun/Downloads/asprise-ocr-java-15.3.1-trial-linux/aocr.jar
7f1fb78e6000-7f1fb78f0000 r--s 00081000 08:02 13108978                   /home/headrun/Downloads/jar_files (1)/xmlgraphics-commons-1.4.jar
7f1fb78f0000-7f1fb78f2000 r--s 02050000 08:02 13110944                   /home/headrun/Downloads/jar_files (1)/tess4j-3.2.1.jar
7f1fb78f2000-7f1fb78f6000 r--s 00015000 08:02 13110932                   /home/headrun/Downloads/jar_files (1)/rococoa-core-0.5.jar
7f1fb78f6000-7f1fb7900000 r--s 00069000 08:02 13110945                   /home/headrun/Downloads/jar_files (1)/logback-core-1.1.7.jar
7f1fb7900000-7f1fb7907000 r--s 00044000 08:02 13110925                   /home/headrun/Downloads/jar_files (1)/logback-classic-1.1.7.jar
7f1fb7907000-7f1fb7909000 r--s 00004000 08:02 13109142                   /home/headrun/Downloads/jar_files (1)/log4j-over-slf4j-1.7.21.jar
7f1fb7909000-7f1fb7912000 r--s 0006f000 08:02 13108979                   /home/headrun/Downloads/jar_files (1)/log4j-1.2.17.jar
7f1fb7912000-7f1fb7917000 r--s 00229000 08:02 13110922                   /home/headrun/Downloads/jar_files (1)/lept4j-1.2.3.jar
7f1fb7917000-7f1fb7919000 r--s 00000000 08:02 13110924                   /home/headrun/Downloads/jar_files (1)/jul-to-slf4j-1.7.21.jar
7f1fb7919000-7f1fb7924000 r--s 00088000 08:02 13109141                   /home/headrun/Downloads/jar_files (1)/jai-imageio-core-1.3.1.jar
7f1fb7924000-7f1fb7925000 ---p 00000000 00:00 0 
7f1fb7925000-7f1fb7a25000 rw-p 00000000 00:00 0 
7f1fb7a25000-7f1fb7a28000 ---p 00000000 00:00 0 
7f1fb7a28000-7f1fb7b26000 rw-p 00000000 00:00 0 
7f1fb7b26000-7f1fb7b29000 ---p 00000000 00:00 0 
7f1fb7b29000-7f1fb7c27000 rw-p 00000000 00:00 0 
7f1fb7c27000-7f1fb7c2a000 ---p 00000000 00:00 0 
7f1fb7c2a000-7f1fb7d28000 rw-p 00000000 00:00 0 
7f1fb7d28000-7f1fb8000000 r--p 00000000 08:02 12058653                   /usr/lib/locale/locale-archive
7f1fb8000000-7f1fb8021000 rw-p 00000000 00:00 0 
7f1fb8021000-7f1fbc000000 ---p 00000000 00:00 0 
7f1fbc000000-7f1fbc004000 r--s 000dc000 08:02 13109139                   /home/headrun/Downloads/jar_files (1)/jna-4.1.0.jar
7f1fbc004000-7f1fbc010000 r--s 00108000 08:02 13108977                   /home/headrun/Downloads/jar_files (1)/itext-2.1.7.jar
7f1fbc010000-7f1fbc015000 r--s 00028000 08:02 13109140                   /home/headrun/Downloads/jar_files (1)/ghost4j-1.0.1.jar
7f1fbc015000-7f1fbc019000 r--s 0002f000 08:02 13110931                   /home/headrun/Downloads/jar_files (1)/commons-io-2.5.jar
7f1fbc019000-7f1fbc027000 r--s 0007f000 08:02 13110929                   /home/headrun/Downloads/jar_files (1)/commons-collections-3.2.1.jar
7f1fbc027000-7f1fbc02c000 r--s 00035000 08:02 13110930                   /home/headrun/Downloads/jar_files (1)/commons-beanutils-1.9.2.jar
7f1fbc02c000-7f1fbc03a000 r--s 00374000 08:02 13901063                   /home/headrun/Downloads/PDFxStream.Java-3.5.0/lib/PDFxStream.jar
7f1fbc03a000-7f1fbc03d000 ---p 00000000 00:00 0 
7f1fbc03d000-7f1fbc13b000 rw-p 00000000 00:00 0 
7f1fbc13b000-7f1fbc13e000 ---p 00000000 00:00 0 
7f1fbc13e000-7f1fbc23c000 rw-p 00000000 00:00 0 
7f1fbc23c000-7f1fbc23f000 ---p 00000000 00:00 0 
7f1fbc23f000-7f1fbc33d000 rw-p 00000000 00:00 0 
7f1fbc33d000-7f1fbc33e000 ---p 00000000 00:00 0 
7f1fbc33e000-7f1fbd43d000 rw-p 00000000 00:00 0 
7f1fbd43d000-7f1fbd5fd000 r--s 039fb000 08:02 13647374                   /usr/lib/jvm/jdk1.7.0_80/jre/lib/rt.jar
7f1fbd5fd000-7f1fbf95c000 rw-p 00000000 00:00 0 
7f1fbf95c000-7f1fbf95d000 ---p 00000000 00:00 0 
7f1fbf95d000-7f1fbfa5d000 rw-p 00000000 00:00 0 
7f1fbfa5d000-7f1fbfa5e000 ---p 00000000 00:00 0 
7f1fbfa5e000-7f1fbfb5e000 rw-p 00000000 00:00 0 
7f1fbfb5e000-7f1fbfb5f000 ---p 00000000 00:00 0 
7f1fbfb5f000-7f1fbfc5f000 rw-p 00000000 00:00 0 
7f1fbfc5f000-7f1fbfc60000 ---p 00000000 00:00 0 
7f1fbfc60000-7f1fbfd6b000 rw-p 00000000 00:00 0 
7f1fbfd6b000-7f1fbfd89000 rw-p 00000000 00:00 0 
7f1fbfd89000-7f1fbfd9d000 rw-p 00000000 00:00 0 
7f1fbfd9d000-7f1fbfec7000 rw-p 00000000 00:00 0 
7f1fbfec7000-7f1fbfed1000 rw-p 00000000 00:00 0 
7f1fbfed1000-7f1fbff66000 rw-p 00000000 00:00 0 
7f1fbff66000-7f1fbff67000 rw-p 00000000 00:00 0 
7f1fbff67000-7f1fc01d7000 rwxp 00000000 00:00 0 
7f1fc01d7000-7f1fc2f67000 rw-p 00000000 00:00 0 
7f1fc2f67000-7f1fc2f7e000 r-xp 00000000 08:02 13646721                   /usr/lib/jvm/jdk1.7.0_80/jre/lib/amd64/libzip.so
7f1fc2f7e000-7f1fc317e000 ---p 00017000 08:02 13646721                   /usr/lib/jvm/jdk1.7.0_80/jre/lib/amd64/libzip.so
7f1fc317e000-7f1fc317f000 rw-p 00017000 08:02 13646721                   /usr/lib/jvm/jdk1.7.0_80/jre/lib/amd64/libzip.so
7f1fc317f000-7f1fc318a000 r-xp 00000000 08:02 24909811                   /lib/x86_64-linux-gnu/libnss_files-2.23.so
7f1fc318a000-7f1fc3389000 ---p 0000b000 08:02 24909811                   /lib/x86_64-linux-gnu/libnss_files-2.23.so
7f1fc3389000-7f1fc338a000 r--p 0000a000 08:02 24909811                   /lib/x86_64-linux-gnu/libnss_files-2.23.so
7f1fc338a000-7f1fc338b000 rw-p 0000b000 08:02 24909811                   /lib/x86_64-linux-gnu/libnss_files-2.23.so
7f1fc338b000-7f1fc3391000 rw-p 00000000 00:00 0 
7f1fc3391000-7f1fc339c000 r-xp 00000000 08:02 24909815                   /lib/x86_64-linux-gnu/libnss_nis-2.23.so
7f1fc339c000-7f1fc359b000 ---p 0000b000 08:02 24909815                   /lib/x86_64-linux-gnu/libnss_nis-2.23.so
7f1fc359b000-7f1fc359c000 r--p 0000a000 08:02 24909815                   /lib/x86_64-linux-gnu/libnss_nis-2.23.so
7f1fc359c000-7f1fc359d000 rw-p 0000b000 08:02 24909815                   /lib/x86_64-linux-gnu/libnss_nis-2.23.so
7f1fc359d000-7f1fc35b3000 r-xp 00000000 08:02 24909795                   /lib/x86_64-linux-gnu/libnsl-2.23.so
7f1fc35b3000-7f1fc37b2000 ---p 00016000 08:02 24909795                   /lib/x86_64-linux-gnu/libnsl-2.23.so
7f1fc37b2000-7f1fc37b3000 r--p 00015000 08:02 24909795                   /lib/x86_64-linux-gnu/libnsl-2.23.so
7f1fc37b3000-7f1fc37b4000 rw-p 00016000 08:02 24909795                   /lib/x86_64-linux-gnu/libnsl-2.23.so
7f1fc37b4000-7f1fc37b6000 rw-p 00000000 00:00 0 
7f1fc37b6000-7f1fc37be000 r-xp 00000000 08:02 24909806                   /lib/x86_64-linux-gnu/libnss_compat-2.23.so
7f1fc37be000-7f1fc39bd000 ---p 00008000 08:02 24909806                   /lib/x86_64-linux-gnu/libnss_compat-2.23.so
7f1fc39bd000-7f1fc39be000 r--p 00007000 08:02 24909806                   /lib/x86_64-linux-gnu/libnss_compat-2.23.so
7f1fc39be000-7f1fc39bf000 rw-p 00008000 08:02 24909806                   /lib/x86_64-linux-gnu/libnss_compat-2.23.so
7f1fc39bf000-7f1fc39e8000 r-xp 00000000 08:02 13646687                   /usr/lib/jvm/jdk1.7.0_80/jre/lib/amd64/libjava.so
7f1fc39e8000-7f1fc3be8000 ---p 00029000 08:02 13646687                   /usr/lib/jvm/jdk1.7.0_80/jre/lib/amd64/libjava.so
7f1fc3be8000-7f1fc3bea000 rw-p 00029000 08:02 13646687                   /usr/lib/jvm/jdk1.7.0_80/jre/lib/amd64/libjava.so
7f1fc3bea000-7f1fc3bf7000 r-xp 00000000 08:02 13646714                   /usr/lib/jvm/jdk1.7.0_80/jre/lib/amd64/libverify.so
7f1fc3bf7000-7f1fc3df6000 ---p 0000d000 08:02 13646714                   /usr/lib/jvm/jdk1.7.0_80/jre/lib/amd64/libverify.so
7f1fc3df6000-7f1fc3df8000 rw-p 0000c000 08:02 13646714                   /usr/lib/jvm/jdk1.7.0_80/jre/lib/amd64/libverify.so
7f1fc3df8000-7f1fc3dff000 r-xp 00000000 08:02 24909816                   /lib/x86_64-linux-gnu/librt-2.23.so
7f1fc3dff000-7f1fc3ffe000 ---p 00007000 08:02 24909816                   /lib/x86_64-linux-gnu/librt-2.23.so
7f1fc3ffe000-7f1fc3fff000 r--p 00006000 08:02 24909816                   /lib/x86_64-linux-gnu/librt-2.23.so
7f1fc3fff000-7f1fc4000000 rw-p 00007000 08:02 24909816                   /lib/x86_64-linux-gnu/librt-2.23.so
7f1fc4000000-7f1fc5418000 rw-p 00000000 00:00 0 
7f1fc5418000-7f1fc8000000 ---p 00000000 00:00 0 
7f1fc8001000-7f1fc8003000 r--s 00003000 08:02 13110923                   /home/headrun/Downloads/jar_files (1)/jcl-over-slf4j-1.7.21.jar
7f1fc8003000-7f1fc800e000 rw-p 00000000 00:00 0 
7f1fc800e000-7f1fc802c000 rw-p 00000000 00:00 0 
7f1fc802c000-7f1fc8040000 rw-p 00000000 00:00 0 
7f1fc8040000-7f1fc816a000 rw-p 00000000 00:00 0 
7f1fc816a000-7f1fc8272000 r-xp 00000000 08:02 24909793                   /lib/x86_64-linux-gnu/libm-2.23.so
7f1fc8272000-7f1fc8471000 ---p 00108000 08:02 24909793                   /lib/x86_64-linux-gnu/libm-2.23.so
7f1fc8471000-7f1fc8472000 r--p 00107000 08:02 24909793                   /lib/x86_64-linux-gnu/libm-2.23.so
7f1fc8472000-7f1fc8473000 rw-p 00108000 08:02 24909793                   /lib/x86_64-linux-gnu/libm-2.23.so
7f1fc8473000-7f1fc8fe9000 r-xp 00000000 08:02 13646741                   /usr/lib/jvm/jdk1.7.0_80/jre/lib/amd64/server/libjvm.so
7f1fc8fe9000-7f1fc91e8000 ---p 00b76000 08:02 13646741                   /usr/lib/jvm/jdk1.7.0_80/jre/lib/amd64/server/libjvm.so
7f1fc91e8000-7f1fc92ac000 rw-p 00b75000 08:02 13646741                   /usr/lib/jvm/jdk1.7.0_80/jre/lib/amd64/server/libjvm.so
7f1fc92ac000-7f1fc92ed000 rw-p 00000000 00:00 0 
7f1fc92ed000-7f1fc94ad000 r-xp 00000000 08:02 24909798                   /lib/x86_64-linux-gnu/libc-2.23.so
7f1fc94ad000-7f1fc96ad000 ---p 001c0000 08:02 24909798                   /lib/x86_64-linux-gnu/libc-2.23.so
7f1fc96ad000-7f1fc96b1000 r--p 001c0000 08:02 24909798                   /lib/x86_64-linux-gnu/libc-2.23.so
7f1fc96b1000-7f1fc96b3000 rw-p 001c4000 08:02 24909798                   /lib/x86_64-linux-gnu/libc-2.23.so
7f1fc96b3000-7f1fc96b7000 rw-p 00000000 00:00 0 
7f1fc96b7000-7f1fc96ba000 r-xp 00000000 08:02 24909800                   /lib/x86_64-linux-gnu/libdl-2.23.so
7f1fc96ba000-7f1fc98b9000 ---p 00003000 08:02 24909800                   /lib/x86_64-linux-gnu/libdl-2.23.so
7f1fc98b9000-7f1fc98ba000 r--p 00002000 08:02 24909800                   /lib/x86_64-linux-gnu/libdl-2.23.so
7f1fc98ba000-7f1fc98bb000 rw-p 00003000 08:02 24909800                   /lib/x86_64-linux-gnu/libdl-2.23.so
7f1fc98bb000-7f1fc98d0000 r-xp 00000000 08:02 13647422                   /usr/lib/jvm/jdk1.7.0_80/lib/amd64/jli/libjli.so
7f1fc98d0000-7f1fc9acf000 ---p 00015000 08:02 13647422                   /usr/lib/jvm/jdk1.7.0_80/lib/amd64/jli/libjli.so
7f1fc9acf000-7f1fc9ad0000 rw-p 00014000 08:02 13647422                   /usr/lib/jvm/jdk1.7.0_80/lib/amd64/jli/libjli.so
7f1fc9ad0000-7f1fc9ae8000 r-xp 00000000 08:02 24909797                   /lib/x86_64-linux-gnu/libpthread-2.23.so
7f1fc9ae8000-7f1fc9ce7000 ---p 00018000 08:02 24909797                   /lib/x86_64-linux-gnu/libpthread-2.23.so
7f1fc9ce7000-7f1fc9ce8000 r--p 00017000 08:02 24909797                   /lib/x86_64-linux-gnu/libpthread-2.23.so
7f1fc9ce8000-7f1fc9ce9000 rw-p 00018000 08:02 24909797                   /lib/x86_64-linux-gnu/libpthread-2.23.so
7f1fc9ce9000-7f1fc9ced000 rw-p 00000000 00:00 0 
7f1fc9ced000-7f1fc9d13000 r-xp 00000000 08:02 24909796                   /lib/x86_64-linux-gnu/ld-2.23.so
7f1fc9d13000-7f1fc9d14000 r--s 00009000 08:02 13110928                   /home/headrun/Downloads/jar_files (1)/slf4j-api-1.7.20.jar
7f1fc9d14000-7f1fc9d16000 r--s 0000d000 08:02 13108980                   /home/headrun/Downloads/jar_files (1)/commons-logging-1.1.1.jar
7f1fc9d16000-7f1fc9d1d000 r--s 00040000 08:02 13110927                   /home/headrun/Downloads/jar_files (1)/cglib-2.2.2.jar
7f1fc9d1d000-7f1fc9d3c000 rw-p 00000000 00:00 0 
7f1fc9d3c000-7f1fc9df2000 rw-p 00000000 00:00 0 
7f1fc9df2000-7f1fc9df5000 ---p 00000000 00:00 0 
7f1fc9df5000-7f1fc9ef8000 rw-p 00000000 00:00 0 
7f1fc9ef8000-7f1fc9ef9000 r--s 0000a000 08:02 13110926                   /home/headrun/Downloads/jar_files (1)/asm-3.3.1.jar
7f1fc9ef9000-7f1fc9f08000 r--s 0017c000 08:02 13646600                   /home/headrun/Downloads/itextpdf-5.1.0.jar
7f1fc9f08000-7f1fc9f10000 rw-s 00000000 08:02 19139065                   /tmp/hsperfdata_headrun/29639
7f1fc9f10000-7f1fc9f11000 rw-p 00000000 00:00 0 
7f1fc9f11000-7f1fc9f12000 r--p 00000000 00:00 0 
7f1fc9f12000-7f1fc9f13000 r--p 00025000 08:02 24909796                   /lib/x86_64-linux-gnu/ld-2.23.so
7f1fc9f13000-7f1fc9f14000 rw-p 00026000 08:02 24909796                   /lib/x86_64-linux-gnu/ld-2.23.so
7f1fc9f14000-7f1fc9f15000 rw-p 00000000 00:00 0 
7ffdbccb3000-7ffdbccd5000 rw-p 00000000 00:00 0                          [stack]
7ffdbcda5000-7ffdbcda8000 r--p 00000000 00:00 0                          [vvar]
7ffdbcda8000-7ffdbcdaa000 r-xp 00000000 00:00 0                          [vdso]
ffffffffff600000-ffffffffff601000 r-xp 00000000 00:00 0                  [vsyscall]

VM Arguments:
jvm_args: -Dfile.encoding=UTF-8 
java_command: TesseractExample
Launcher Type: SUN_STANDARD

Environment Variables:
JAVA_HOME=/usr/lib/jvm/java-8-oracle
CLASSPATH=/usr/lib/jvm/jdk1.7.0_80/lib/tools.jar:/usr/lib/jvm/jdk1.7.0_80/jre/rt.jar
PATH=/home/headrun/bin:/home/headrun/.local/bin:/usr/lib/jvm/jdk1.7.0_80/bin:/usr/local/sbin:/usr/local/bin:/usr/sbin:/usr/bin:/sbin:/bin:/usr/games:/usr/local/games:/snap/bin:/usr/lib/jvm/java-8-oracle/bin:/usr/lib/jvm/java-8-oracle/db/bin:/usr/lib/jvm/java-8-oracle/jre/bin
SHELL=/bin/bash
DISPLAY=:0

Signal Handlers:
SIGSEGV: [libjvm.so+0x9a3b20], sa_mask[0]=0x7ffbfeff, sa_flags=0x10000004
SIGBUS: [libjvm.so+0x9a3b20], sa_mask[0]=0x7ffbfeff, sa_flags=0x10000004
SIGFPE: [libjvm.so+0x81e740], sa_mask[0]=0x7ffbfeff, sa_flags=0x10000004
SIGPIPE: [libjvm.so+0x81e740], sa_mask[0]=0x7ffbfeff, sa_flags=0x10000004
SIGXFSZ: [libjvm.so+0x81e740], sa_mask[0]=0x7ffbfeff, sa_flags=0x10000004
SIGILL: [libjvm.so+0x81e740], sa_mask[0]=0x7ffbfeff, sa_flags=0x10000004
SIGUSR1: SIG_DFL, sa_mask[0]=0x00000000, sa_flags=0x00000000
SIGUSR2: [libjvm.so+0x81ffb0], sa_mask[0]=0x00000004, sa_flags=0x10000004
SIGHUP: [libjvm.so+0x8210d0], sa_mask[0]=0x7ffbfeff, sa_flags=0x10000004
SIGINT: [libjvm.so+0x8210d0], sa_mask[0]=0x7ffbfeff, sa_flags=0x10000004
SIGTERM: [libjvm.so+0x8210d0], sa_mask[0]=0x7ffbfeff, sa_flags=0x10000004
SIGQUIT: [libjvm.so+0x8210d0], sa_mask[0]=0x7ffbfeff, sa_flags=0x10000004


---------------  S Y S T E M  ---------------

OS:stretch/sid

uname:Linux 4.13.0-32-generic #35~16.04.1-Ubuntu SMP Thu Jan 25 10:13:43 UTC 2018 x86_64
libc:glibc 2.23 NPTL 2.23 
rlimit: STACK 8192k, CORE 0k, NPROC 14234, NOFILE 1048576, AS infinity
load average:0.36 0.57 0.55

/proc/meminfo:
MemTotal:        3900916 kB
MemFree:         1831480 kB
MemAvailable:    2334780 kB
Buffers:           49304 kB
Cached:           820472 kB
SwapCached:        52868 kB
Active:          1436632 kB
Inactive:         446956 kB
Active(anon):     988968 kB
Inactive(anon):   212368 kB
Active(file):     447664 kB
Inactive(file):   234588 kB
Unevictable:         456 kB
Mlocked:             456 kB
SwapTotal:       4055036 kB
SwapFree:        3604220 kB
Dirty:               284 kB
Writeback:             0 kB
AnonPages:        967460 kB
Mapped:           322464 kB
Shmem:            187600 kB
Slab:              89036 kB
SReclaimable:      47152 kB
SUnreclaim:        41884 kB
KernelStack:        9424 kB
PageTables:        38340 kB
NFS_Unstable:          0 kB
Bounce:                0 kB
WritebackTmp:          0 kB
CommitLimit:     6005492 kB
Committed_AS:    5797112 kB
VmallocTotal:   34359738367 kB
VmallocUsed:           0 kB
VmallocChunk:          0 kB
HardwareCorrupted:     0 kB
AnonHugePages:         0 kB
ShmemHugePages:        0 kB
ShmemPmdMapped:        0 kB
CmaTotal:              0 kB
CmaFree:               0 kB
HugePages_Total:       0
HugePages_Free:        0
HugePages_Rsvd:        0
HugePages_Surp:        0
Hugepagesize:       2048 kB
DirectMap4k:      189936 kB
DirectMap2M:     3866624 kB


CPU:total 4 (2 cores per cpu, 2 threads per core) family 6 model 58 stepping 9, cmov, cx8, fxsr, mmx, sse, sse2, sse3, ssse3, sse4.1, sse4.2, popcnt, avx, erms, ht, tsc, tscinvbit, tscinv

/proc/cpuinfo:
processor	: 0
vendor_id	: GenuineIntel
cpu family	: 6
model		: 58
model name	: Intel(R) Core(TM) i3-3110M CPU @ 2.40GHz
stepping	: 9
microcode	: 0x15
cpu MHz		: 2394.627
cache size	: 3072 KB
physical id	: 0
siblings	: 4
core id		: 0
cpu cores	: 2
apicid		: 0
initial apicid	: 0
fpu		: yes
fpu_exception	: yes
cpuid level	: 13
wp		: yes
flags		: fpu vme de pse tsc msr pae mce cx8 apic sep mtrr pge mca cmov pat pse36 clflush dts acpi mmx fxsr sse sse2 ss ht tm pbe syscall nx rdtscp lm constant_tsc arch_perfmon pebs bts rep_good nopl xtopology nonstop_tsc cpuid aperfmperf pni pclmulqdq dtes64 monitor ds_cpl vmx est tm2 ssse3 cx16 xtpr pdcm pcid sse4_1 sse4_2 x2apic popcnt tsc_deadline_timer xsave avx f16c lahf_lm cpuid_fault epb pti tpr_shadow vnmi flexpriority ept vpid fsgsbase smep erms xsaveopt dtherm arat pln pts
bugs		: cpu_meltdown spectre_v1 spectre_v2
bogomips	: 4789.25
clflush size	: 64
cache_alignment	: 64
address sizes	: 36 bits physical, 48 bits virtual
power management:

processor	: 1
vendor_id	: GenuineIntel
cpu family	: 6
model		: 58
model name	: Intel(R) Core(TM) i3-3110M CPU @ 2.40GHz
stepping	: 9
microcode	: 0x15
cpu MHz		: 2394.627
cache size	: 3072 KB
physical id	: 0
siblings	: 4
core id		: 1
cpu cores	: 2
apicid		: 2
initial apicid	: 2
fpu		: yes
fpu_exception	: yes
cpuid level	: 13
wp		: yes
flags		: fpu vme de pse tsc msr pae mce cx8 apic sep mtrr pge mca cmov pat pse36 clflush dts acpi mmx fxsr sse sse2 ss ht tm pbe syscall nx rdtscp lm constant_tsc arch_perfmon pebs bts rep_good nopl xtopology nonstop_tsc cpuid aperfmperf pni pclmulqdq dtes64 monitor ds_cpl vmx est tm2 ssse3 cx16 xtpr pdcm pcid sse4_1 sse4_2 x2apic popcnt tsc_deadline_timer xsave avx f16c lahf_lm cpuid_fault epb pti tpr_shadow vnmi flexpriority ept vpid fsgsbase smep erms xsaveopt dtherm arat pln pts
bugs		: cpu_meltdown spectre_v1 spectre_v2
bogomips	: 4789.25
clflush size	: 64
cache_alignment	: 64
address sizes	: 36 bits physical, 48 bits virtual
power management:

processor	: 2
vendor_id	: GenuineIntel
cpu family	: 6
model		: 58
model name	: Intel(R) Core(TM) i3-3110M CPU @ 2.40GHz
stepping	: 9
microcode	: 0x15
cpu MHz		: 2394.627
cache size	: 3072 KB
physical id	: 0
siblings	: 4
core id		: 0
cpu cores	: 2
apicid		: 1
initial apicid	: 1
fpu		: yes
fpu_exception	: yes
cpuid level	: 13
wp		: yes
flags		: fpu vme de pse tsc msr pae mce cx8 apic sep mtrr pge mca cmov pat pse36 clflush dts acpi mmx fxsr sse sse2 ss ht tm pbe syscall nx rdtscp lm constant_tsc arch_perfmon pebs bts rep_good nopl xtopology nonstop_tsc cpuid aperfmperf pni pclmulqdq dtes64 monitor ds_cpl vmx est tm2 ssse3 cx16 xtpr pdcm pcid sse4_1 sse4_2 x2apic popcnt tsc_deadline_timer xsave avx f16c lahf_lm cpuid_fault epb pti tpr_shadow vnmi flexpriority ept vpid fsgsbase smep erms xsaveopt dtherm arat pln pts
bugs		: cpu_meltdown spectre_v1 spectre_v2
bogomips	: 4789.25
clflush size	: 64
cache_alignment	: 64
address sizes	: 36 bits physical, 48 bits virtual
power management:

processor	: 3
vendor_id	: GenuineIntel
cpu family	: 6
model		: 58
model name	: Intel(R) Core(TM) i3-3110M CPU @ 2.40GHz
stepping	: 9
microcode	: 0x15
cpu MHz		: 2394.627
cache size	: 3072 KB
physical id	: 0
siblings	: 4
core id		: 1
cpu cores	: 2
apicid		: 3
initial apicid	: 3
fpu		: yes
fpu_exception	: yes
cpuid level	: 13
wp		: yes
flags		: fpu vme de pse tsc msr pae mce cx8 apic sep mtrr pge mca cmov pat pse36 clflush dts acpi mmx fxsr sse sse2 ss ht tm pbe syscall nx rdtscp lm constant_tsc arch_perfmon pebs bts rep_good nopl xtopology nonstop_tsc cpuid aperfmperf pni pclmulqdq dtes64 monitor ds_cpl vmx est tm2 ssse3 cx16 xtpr pdcm pcid sse4_1 sse4_2 x2apic popcnt tsc_deadline_timer xsave avx f16c lahf_lm cpuid_fault epb pti tpr_shadow vnmi flexpriority ept vpid fsgsbase smep erms xsaveopt dtherm arat pln pts
bugs		: cpu_meltdown spectre_v1 spectre_v2
bogomips	: 4789.25
clflush size	: 64
cache_alignment	: 64
address sizes	: 36 bits physical, 48 bits virtual
power management:



Memory: 4k page, physical 3900916k(1831480k free), swap 4055036k(3604220k free)

vm_info: Java HotSpot(TM) 64-Bit Server VM (24.80-b11) for linux-amd64 JRE (1.7.0_80-b15), built on Apr 10 2015 19:53:14 by "java_re" with gcc 4.3.0 20080428 (Red Hat 4.3.0-8)

time: Mon Feb 12 13:45:07 2018
elapsed time: 0 seconds

