#
# A fatal error has been detected by the Java Runtime Environment:
#
#  SIGSEGV (0xb) at pc=0x00007f9a1ecdd13d, pid=9313, tid=140301059299072
#
# JRE version: Java(TM) SE Runtime Environment (7.0_80-b15) (build 1.7.0_80-b15)
# Java VM: Java HotSpot(TM) 64-Bit Server VM (24.80-b11 mixed mode linux-amd64 compressed oops)
# Problematic frame:
# C  [libtesseract.so.3.0.4+0x1f413d]  tesseract::HistogramRect(Pix*, int, int, int, int, int, int*)+0xfd
#
# Failed to write core dump. Core dumps have been disabled. To enable core dumping, try "ulimit -c unlimited" before starting Java again
#
# If you would like to submit a bug report, please visit:
#   http://bugreport.java.com/bugreport/crash.jsp
# The crash happened outside the Java Virtual Machine in native code.
# See problematic frame for where to report the bug.
#

---------------  T H R E A D  ---------------

Current thread (0x00007f9a5c00a800):  JavaThread "main" [_thread_in_native, id=9318, stack(0x00007f9a62bd1000,0x00007f9a62cd2000)]

siginfo:si_signo=SIGSEGV: si_errno=0, si_code=2 (SEGV_ACCERR), si_addr=0x00007f9a5d3fe003

Registers:
RAX=0x0000000000000167, RBX=0x00007f9a62ccec40, RCX=0x00007f9a5d3fe003, RDX=0x00007f9a5d3fe004
RSP=0x00007f9a62cceb80, RBP=0x0000000000000190, RSI=0x0000000000000004, RDI=0x00007f9a5d3fda68
R8 =0x00000000000000d2, R9 =0x0000000000000448, R10=0x00007f9a5c000078, R11=0x00007f9a5c000078
R12=0x0000000000000004, R13=0x00000000000000c8, R14=0x0000000000000028, R15=0x00007f9a5d342330
RIP=0x00007f9a1ecdd13d, EFLAGS=0x0000000000010206, CSGSFS=0x002b000000000033, ERR=0x0000000000000004
  TRAPNO=0x000000000000000e

Top of Stack: (sp=0x00007f9a62cceb80)
0x00007f9a62cceb80:   0000011200000000 00000000000000d2
0x00007f9a62cceb90:   00007f9a62ccf0a8 0000000000000000
0x00007f9a62cceba0:   00007f9a62ccec40 00007f9a62ccf0b0
0x00007f9a62ccebb0:   0000000000000000 00007f9a62ccf0a8
0x00007f9a62ccebc0:   0000000000000000 00007f9a1ecdd3d9
0x00007f9a62ccebd0:   00007f9a62ccec40 00007f9a1ecdd314
0x00007f9a62ccebe0:   00007f9a5c00b080 00007f9a5d342330
0x00007f9a62ccebf0:   0000000a00000004 000001900000000a
0x00007f9a62ccec00:   00007f9a62ccec38 00007f9a62ccec3c
0x00007f9a62ccec10:   00000000000000c8 0000000000000000
0x00007f9a62ccec20:   00007f9a5d313fa0 0000000000000001
0x00007f9a62ccec30:   00000000bf444259 00007f9a62ccec88
0x00007f9a62ccec40:   0000008c00001ace 0000008800000050
0x00007f9a62ccec50:   0000006000000076 0000007700000082
0x00007f9a62ccec60:   0000004d00000058 0000005000000058
0x00007f9a62ccec70:   0000003600000041 000000370000004c
0x00007f9a62ccec80:   000000420000003d 000000390000003f
0x00007f9a62ccec90:   0000004b00000036 000000410000002a
0x00007f9a62cceca0:   0000003000000030 0000002d0000002f
0x00007f9a62ccecb0:   0000003300000031 0000002900000040
0x00007f9a62ccecc0:   0000003700000037 000000340000003a
0x00007f9a62ccecd0:   0000003a00000041 0000003e00000031
0x00007f9a62ccece0:   0000004400000039 0000003e00000042
0x00007f9a62ccecf0:   000000290000002f 0000002f0000002e
0x00007f9a62cced00:   0000002d0000003f 0000003f00000030
0x00007f9a62cced10:   0000003300000039 0000003300000034
0x00007f9a62cced20:   0000003b0000004f 0000002b00000047
0x00007f9a62cced30:   000000450000004a 0000004000000044
0x00007f9a62cced40:   0000004c00000042 0000003d0000004a
0x00007f9a62cced50:   000000430000004c 0000004100000048
0x00007f9a62cced60:   000000590000004a 0000006e0000004e
0x00007f9a62cced70:   0000004b00000043 000000650000006c 

Instructions: (pc=0x00007f9a1ecdd13d)
0x00007f9a1ecdd11d:   1f 40 00 31 c0 85 ed 48 89 fa 7e 1f 0f 1f 80 00
0x00007f9a1ecdd12d:   00 00 00 48 89 d1 83 c0 01 48 01 f2 48 83 f1 03
0x00007f9a1ecdd13d:   0f b6 09 83 04 8b 01 39 c5 75 e8 41 83 c5 01 4c
0x00007f9a1ecdd14d:   01 cf 45 39 e8 75 cc 48 83 c4 18 5b 5d 41 5c 41 

Register to memory mapping:

RAX=0x0000000000000167 is an unknown value
RBX=0x00007f9a62ccec40 is pointing into the stack for thread: 0x00007f9a5c00a800
RCX=0x00007f9a5d3fe003 is an unknown value
RDX=0x00007f9a5d3fe004 is an unknown value
RSP=0x00007f9a62cceb80 is pointing into the stack for thread: 0x00007f9a5c00a800
RBP=0x0000000000000190 is an unknown value
RSI=0x0000000000000004 is an unknown value
RDI=0x00007f9a5d3fda68 is an unknown value
R8 =0x00000000000000d2 is an unknown value
R9 =0x0000000000000448 is an unknown value
R10=0x00007f9a5c000078 is an unknown value
R11=0x00007f9a5c000078 is an unknown value
R12=0x0000000000000004 is an unknown value
R13=0x00000000000000c8 is an unknown value
R14=0x0000000000000028 is an unknown value
R15=0x00007f9a5d342330 is an unknown value


Stack: [0x00007f9a62bd1000,0x00007f9a62cd2000],  sp=0x00007f9a62cceb80,  free space=1014k
Native frames: (J=compiled Java code, j=interpreted, Vv=VM code, C=native code)
C  [libtesseract.so.3.0.4+0x1f413d]  tesseract::HistogramRect(Pix*, int, int, int, int, int, int*)+0xfd

[error occurred during error reporting (printing native stack), id 0xb]

Java frames: (J=compiled Java code, j=interpreted, Vv=VM code)
j  com.sun.jna.Native.invokePointer(JI[Ljava/lang/Object;)J+0
j  com.sun.jna.Function.invokePointer(I[Ljava/lang/Object;)Lcom/sun/jna/Pointer;+6
j  com.sun.jna.Function.invoke([Ljava/lang/Object;Ljava/lang/Class;Z)Ljava/lang/Object;+426
j  com.sun.jna.Function.invoke(Ljava/lang/Class;[Ljava/lang/Object;Ljava/util/Map;)Ljava/lang/Object;+262
j  com.sun.jna.Library$Handler.invoke(Ljava/lang/Object;Ljava/lang/reflect/Method;[Ljava/lang/Object;)Ljava/lang/Object;+316
j  com.sun.proxy.$Proxy0.TessBaseAPIGetUTF8Text(Lnet/sourceforge/tess4j/ITessAPI$TessBaseAPI;)Lcom/sun/jna/Pointer;+16
j  net.sourceforge.tess4j.Tesseract.getOCRText(Ljava/lang/String;I)Ljava/lang/String;+62
j  net.sourceforge.tess4j.Tesseract.doOCR(Ljava/util/List;Ljava/lang/String;Ljava/awt/Rectangle;)Ljava/lang/String;+69
j  net.sourceforge.tess4j.Tesseract.doOCR(Ljava/util/List;Ljava/awt/Rectangle;)Ljava/lang/String;+4
j  net.sourceforge.tess4j.Tesseract.doOCR(Ljava/awt/image/BufferedImage;Ljava/awt/Rectangle;)Ljava/lang/String;+6
j  TesseractExample.main([Ljava/lang/String;)V+69
v  ~StubRoutines::call_stub

---------------  P R O C E S S  ---------------

Java Threads: ( => current thread )
  0x00007f9a5c30f000 JavaThread "Java2D Disposer" daemon [_thread_blocked, id=9331, stack(0x00007f9a24070000,0x00007f9a24171000)]
  0x00007f9a5c099000 JavaThread "Service Thread" daemon [_thread_blocked, id=9329, stack(0x00007f9a4480f000,0x00007f9a44910000)]
  0x00007f9a5c096800 JavaThread "C2 CompilerThread1" daemon [_thread_blocked, id=9328, stack(0x00007f9a44910000,0x00007f9a44a11000)]
  0x00007f9a5c093800 JavaThread "C2 CompilerThread0" daemon [_thread_in_native, id=9327, stack(0x00007f9a44a11000,0x00007f9a44b12000)]
  0x00007f9a5c091800 JavaThread "Signal Dispatcher" daemon [_thread_blocked, id=9326, stack(0x00007f9a44b12000,0x00007f9a44c13000)]
  0x00007f9a5c070800 JavaThread "Finalizer" daemon [_thread_blocked, id=9325, stack(0x00007f9a44eeb000,0x00007f9a44fec000)]
  0x00007f9a5c06e800 JavaThread "Reference Handler" daemon [_thread_blocked, id=9324, stack(0x00007f9a44fec000,0x00007f9a450ed000)]
=>0x00007f9a5c00a800 JavaThread "main" [_thread_in_native, id=9318, stack(0x00007f9a62bd1000,0x00007f9a62cd2000)]

Other Threads:
  0x00007f9a5c06a000 VMThread [stack: 0x00007f9a450ed000,0x00007f9a451ee000] [id=9323]
  0x00007f9a5c0a3800 WatcherThread [stack: 0x00007f9a4470e000,0x00007f9a4480f000] [id=9330]

VM state:not at safepoint (normal execution)

VM Mutex/Monitor currently owned by a thread: None

Heap
 PSYoungGen      total 17920K, used 8292K [0x00000000ec200000, 0x00000000ed600000, 0x0000000100000000)
  eden space 15360K, 37% used [0x00000000ec200000,0x00000000ec7a06d8,0x00000000ed100000)
  from space 2560K, 98% used [0x00000000ed100000,0x00000000ed378ac0,0x00000000ed380000)
  to   space 2560K, 0% used [0x00000000ed380000,0x00000000ed380000,0x00000000ed600000)
 ParOldGen       total 40448K, used 636K [0x00000000c4600000, 0x00000000c6d80000, 0x00000000ec200000)
  object space 40448K, 1% used [0x00000000c4600000,0x00000000c469f280,0x00000000c6d80000)
 PSPermGen       total 21504K, used 9908K [0x00000000bf400000, 0x00000000c0900000, 0x00000000c4600000)
  object space 21504K, 46% used [0x00000000bf400000,0x00000000bfdad1f0,0x00000000c0900000)

Card table byte_map: [0x00007f9a58be1000,0x00007f9a58de8000] byte_map_base: 0x00007f9a585e7000

Polling page: 0x00007f9a62cf0000

Code Cache  [0x00007f9a58de8000, 0x00007f9a59058000, 0x00007f9a5bde8000)
 total_blobs=359 nmethods=55 adapters=257 free_code_cache=48572Kb largest_free_block=49702464

Compilation events (10 events):
Event: 0.816 Thread 0x00007f9a5c093800   52 %           com.github.jaiimageio.impl.plugins.tiff.TIFFImageWriter::writeTile @ 869 (3310 bytes)
Event: 0.831 Thread 0x00007f9a5c093800 nmethod 52% 0x00007f9a58e74f90 code [0x00007f9a58e75140, 0x00007f9a58e759f8]
Event: 0.831 Thread 0x00007f9a5c093800   53             sun.awt.image.ByteInterleavedRaster::getByteData (851 bytes)
Event: 0.843 Thread 0x00007f9a5c093800 nmethod 53 0x00007f9a58e76350 code [0x00007f9a58e764e0, 0x00007f9a58e76eb8]
Event: 0.843 Thread 0x00007f9a5c093800   54             com.github.jaiimageio.impl.plugins.tiff.TIFFImageWriter::writeTile (3310 bytes)
Event: 0.862 Thread 0x00007f9a5c096800 nmethod 49 0x00007f9a58e7b410 code [0x00007f9a58e7b980, 0x00007f9a58e7e218]
Event: 0.862 Thread 0x00007f9a5c096800   55             java.lang.ref.Reference::get (5 bytes)
Event: 0.863 Thread 0x00007f9a5c096800 nmethod 55 0x00007f9a58e6bf90 code [0x00007f9a58e6c0c0, 0x00007f9a58e6c118]
Event: 0.876 Thread 0x00007f9a5c096800   56             java.lang.AbstractStringBuilder::<init> (12 bytes)
Event: 0.877 Thread 0x00007f9a5c096800 nmethod 56 0x00007f9a58e6bc90 code [0x00007f9a58e6bde0, 0x00007f9a58e6bef8]

GC Heap History (2 events):
Event: 0.736 GC heap before
{Heap before GC invocations=1 (full 0):
 PSYoungGen      total 17920K, used 15360K [0x00000000ec200000, 0x00000000ed600000, 0x0000000100000000)
  eden space 15360K, 100% used [0x00000000ec200000,0x00000000ed100000,0x00000000ed100000)
  from space 2560K, 0% used [0x00000000ed380000,0x00000000ed380000,0x00000000ed600000)
  to   space 2560K, 0% used [0x00000000ed100000,0x00000000ed100000,0x00000000ed380000)
 ParOldGen       total 40448K, used 0K [0x00000000c4600000, 0x00000000c6d80000, 0x00000000ec200000)
  object space 40448K, 0% used [0x00000000c4600000,0x00000000c4600000,0x00000000c6d80000)
 PSPermGen       total 21504K, used 9044K [0x00000000bf400000, 0x00000000c0900000, 0x00000000c4600000)
  object space 21504K, 42% used [0x00000000bf400000,0x00000000bfcd51a8,0x00000000c0900000)
Event: 0.742 GC heap after
Heap after GC invocations=1 (full 0):
 PSYoungGen      total 17920K, used 2530K [0x00000000ec200000, 0x00000000ed600000, 0x0000000100000000)
  eden space 15360K, 0% used [0x00000000ec200000,0x00000000ec200000,0x00000000ed100000)
  from space 2560K, 98% used [0x00000000ed100000,0x00000000ed378ac0,0x00000000ed380000)
  to   space 2560K, 0% used [0x00000000ed380000,0x00000000ed380000,0x00000000ed600000)
 ParOldGen       total 40448K, used 636K [0x00000000c4600000, 0x00000000c6d80000, 0x00000000ec200000)
  object space 40448K, 1% used [0x00000000c4600000,0x00000000c469f280,0x00000000c6d80000)
 PSPermGen       total 21504K, used 9044K [0x00000000bf400000, 0x00000000c0900000, 0x00000000c4600000)
  object space 21504K, 42% used [0x00000000bf400000,0x00000000bfcd51a8,0x00000000c0900000)
}

Deoptimization events (0 events):
No events

Internal exceptions (10 events):
Event: 0.884 Thread 0x00007f9a5c00a800 Threw 0x00000000ec67d468 at /HUDSON/workspace/7u-2-build-linux-amd64/jdk7u80/2329/hotspot/src/share/vm/prims/jvm.cpp:1319
Event: 0.885 Thread 0x00007f9a5c00a800 Threw 0x00000000ec681ad0 at /HUDSON/workspace/7u-2-build-linux-amd64/jdk7u80/2329/hotspot/src/share/vm/prims/jvm.cpp:1319
Event: 0.885 Thread 0x00007f9a5c00a800 Threw 0x00000000ec685e18 at /HUDSON/workspace/7u-2-build-linux-amd64/jdk7u80/2329/hotspot/src/share/vm/prims/jvm.cpp:1319
Event: 0.886 Thread 0x00007f9a5c00a800 Threw 0x00000000ec68b4d8 at /HUDSON/workspace/7u-2-build-linux-amd64/jdk7u80/2329/hotspot/src/share/vm/prims/jvm.cpp:1319
Event: 0.886 Thread 0x00007f9a5c00a800 Threw 0x00000000ec68f9e8 at /HUDSON/workspace/7u-2-build-linux-amd64/jdk7u80/2329/hotspot/src/share/vm/prims/jvm.cpp:1319
Event: 0.886 Thread 0x00007f9a5c00a800 Threw 0x00000000ec694120 at /HUDSON/workspace/7u-2-build-linux-amd64/jdk7u80/2329/hotspot/src/share/vm/prims/jvm.cpp:1319
Event: 0.887 Thread 0x00007f9a5c00a800 Threw 0x00000000ec6984d0 at /HUDSON/workspace/7u-2-build-linux-amd64/jdk7u80/2329/hotspot/src/share/vm/prims/jvm.cpp:1319
Event: 0.887 Thread 0x00007f9a5c00a800 Threw 0x00000000ec69c978 at /HUDSON/workspace/7u-2-build-linux-amd64/jdk7u80/2329/hotspot/src/share/vm/prims/jvm.cpp:1319
Event: 0.887 Thread 0x00007f9a5c00a800 Threw 0x00000000ec6a0e20 at /HUDSON/workspace/7u-2-build-linux-amd64/jdk7u80/2329/hotspot/src/share/vm/prims/jvm.cpp:1319
Event: 0.894 Thread 0x00007f9a5c00a800 Threw 0x00000000ec6d8f60 at /HUDSON/workspace/7u-2-build-linux-amd64/jdk7u80/2329/hotspot/src/share/vm/prims/jvm.cpp:1319

Events (10 events):
Event: 0.897 loading class 0x00007f9a5d2dc3c0
Event: 0.897 loading class 0x00007f9a5d2dc3c0 done
Event: 0.897 loading class 0x00007f9a5d2dd760
Event: 0.897 loading class 0x00007f9a5d2dd760 done
Event: 0.897 loading class 0x00007f9a5d2dc3e0
Event: 0.897 loading class 0x00007f9a5d2dc3e0 done
Event: 0.897 loading class 0x00007f9a5d2dd7d0
Event: 0.897 loading class 0x00007f9a5d2dd7d0 done
Event: 0.897 loading class 0x00007f9a5d2dd970
Event: 0.897 loading class 0x00007f9a5d2dd970 done


Dynamic libraries:
00400000-00401000 r-xp 00000000 08:02 13769971                           /usr/lib/jvm/jdk1.7.0_80/bin/java
00600000-00601000 rw-p 00000000 08:02 13769971                           /usr/lib/jvm/jdk1.7.0_80/bin/java
01fac000-01fcd000 rw-p 00000000 00:00 0                                  [heap]
bf400000-c0900000 rw-p 00000000 00:00 0 
c0900000-c4600000 rw-p 00000000 00:00 0 
c4600000-c6d80000 rw-p 00000000 00:00 0 
c6d80000-ec200000 rw-p 00000000 00:00 0 
ec200000-ed600000 rw-p 00000000 00:00 0 
ed600000-100000000 rw-p 00000000 00:00 0 
7f9a170a2000-7f9a18000000 rw-p 00000000 00:00 0 
7f9a18000000-7f9a18021000 rw-p 00000000 00:00 0 
7f9a18021000-7f9a1c000000 ---p 00000000 00:00 0 
7f9a1ce36000-7f9a1cf3f000 rw-p 00000000 00:00 0 
7f9a1cf3f000-7f9a1cf4a000 r-xp 00000000 08:02 12067290                   /usr/lib/x86_64-linux-gnu/libjbig.so.0
7f9a1cf4a000-7f9a1d149000 ---p 0000b000 08:02 12067290                   /usr/lib/x86_64-linux-gnu/libjbig.so.0
7f9a1d149000-7f9a1d14a000 r--p 0000a000 08:02 12067290                   /usr/lib/x86_64-linux-gnu/libjbig.so.0
7f9a1d14a000-7f9a1d14d000 rw-p 0000b000 08:02 12067290                   /usr/lib/x86_64-linux-gnu/libjbig.so.0
7f9a1d14d000-7f9a1d16e000 r-xp 00000000 08:02 24908250                   /lib/x86_64-linux-gnu/liblzma.so.5.0.0
7f9a1d16e000-7f9a1d36d000 ---p 00021000 08:02 24908250                   /lib/x86_64-linux-gnu/liblzma.so.5.0.0
7f9a1d36d000-7f9a1d36e000 r--p 00020000 08:02 24908250                   /lib/x86_64-linux-gnu/liblzma.so.5.0.0
7f9a1d36e000-7f9a1d36f000 rw-p 00021000 08:02 24908250                   /lib/x86_64-linux-gnu/liblzma.so.5.0.0
7f9a1d36f000-7f9a1d3a5000 r-xp 00000000 08:02 12064354                   /usr/lib/x86_64-linux-gnu/libopenjp2.so.2.1.0
7f9a1d3a5000-7f9a1d5a4000 ---p 00036000 08:02 12064354                   /usr/lib/x86_64-linux-gnu/libopenjp2.so.2.1.0
7f9a1d5a4000-7f9a1d5a5000 r--p 00035000 08:02 12064354                   /usr/lib/x86_64-linux-gnu/libopenjp2.so.2.1.0
7f9a1d5a5000-7f9a1d5a6000 rw-p 00036000 08:02 12064354                   /usr/lib/x86_64-linux-gnu/libopenjp2.so.2.1.0
7f9a1d5a6000-7f9a1d5ff000 r-xp 00000000 08:02 12067858                   /usr/lib/x86_64-linux-gnu/libwebp.so.5.0.4
7f9a1d5ff000-7f9a1d7ff000 ---p 00059000 08:02 12067858                   /usr/lib/x86_64-linux-gnu/libwebp.so.5.0.4
7f9a1d7ff000-7f9a1d800000 r--p 00059000 08:02 12067858                   /usr/lib/x86_64-linux-gnu/libwebp.so.5.0.4
7f9a1d800000-7f9a1d802000 rw-p 0005a000 08:02 12067858                   /usr/lib/x86_64-linux-gnu/libwebp.so.5.0.4
7f9a1d802000-7f9a1d872000 r-xp 00000000 08:02 12059053                   /usr/lib/x86_64-linux-gnu/libtiff.so.5.2.4
7f9a1d872000-7f9a1da72000 ---p 00070000 08:02 12059053                   /usr/lib/x86_64-linux-gnu/libtiff.so.5.2.4
7f9a1da72000-7f9a1da73000 r--p 00070000 08:02 12059053                   /usr/lib/x86_64-linux-gnu/libtiff.so.5.2.4
7f9a1da73000-7f9a1da76000 rw-p 00071000 08:02 12059053                   /usr/lib/x86_64-linux-gnu/libtiff.so.5.2.4
7f9a1da76000-7f9a1dacd000 r-xp 00000000 08:02 12067294                   /usr/lib/x86_64-linux-gnu/libjpeg.so.8.0.2
7f9a1dacd000-7f9a1dccd000 ---p 00057000 08:02 12067294                   /usr/lib/x86_64-linux-gnu/libjpeg.so.8.0.2
7f9a1dccd000-7f9a1dcce000 r--p 00057000 08:02 12067294                   /usr/lib/x86_64-linux-gnu/libjpeg.so.8.0.2
7f9a1dcce000-7f9a1dccf000 rw-p 00058000 08:02 12067294                   /usr/lib/x86_64-linux-gnu/libjpeg.so.8.0.2
7f9a1dccf000-7f9a1dcf3000 r-xp 00000000 08:02 24908324                   /lib/x86_64-linux-gnu/libpng12.so.0.54.0
7f9a1dcf3000-7f9a1def2000 ---p 00024000 08:02 24908324                   /lib/x86_64-linux-gnu/libpng12.so.0.54.0
7f9a1def2000-7f9a1def3000 r--p 00023000 08:02 24908324                   /lib/x86_64-linux-gnu/libpng12.so.0.54.0
7f9a1def3000-7f9a1def4000 rw-p 00024000 08:02 24908324                   /lib/x86_64-linux-gnu/libpng12.so.0.54.0
7f9a1def4000-7f9a1df0d000 r-xp 00000000 08:02 24905186                   /lib/x86_64-linux-gnu/libz.so.1.2.8
7f9a1df0d000-7f9a1e10c000 ---p 00019000 08:02 24905186                   /lib/x86_64-linux-gnu/libz.so.1.2.8
7f9a1e10c000-7f9a1e10d000 r--p 00018000 08:02 24905186                   /lib/x86_64-linux-gnu/libz.so.1.2.8
7f9a1e10d000-7f9a1e10e000 rw-p 00019000 08:02 24905186                   /lib/x86_64-linux-gnu/libz.so.1.2.8
7f9a1e10e000-7f9a1e124000 r-xp 00000000 08:02 24908221                   /lib/x86_64-linux-gnu/libgcc_s.so.1
7f9a1e124000-7f9a1e323000 ---p 00016000 08:02 24908221                   /lib/x86_64-linux-gnu/libgcc_s.so.1
7f9a1e323000-7f9a1e324000 rw-p 00015000 08:02 24908221                   /lib/x86_64-linux-gnu/libgcc_s.so.1
7f9a1e324000-7f9a1e496000 r-xp 00000000 08:02 12067707                   /usr/lib/x86_64-linux-gnu/libstdc++.so.6.0.21
7f9a1e496000-7f9a1e696000 ---p 00172000 08:02 12067707                   /usr/lib/x86_64-linux-gnu/libstdc++.so.6.0.21
7f9a1e696000-7f9a1e6a0000 r--p 00172000 08:02 12067707                   /usr/lib/x86_64-linux-gnu/libstdc++.so.6.0.21
7f9a1e6a0000-7f9a1e6a2000 rw-p 0017c000 08:02 12067707                   /usr/lib/x86_64-linux-gnu/libstdc++.so.6.0.21
7f9a1e6a2000-7f9a1e6a6000 rw-p 00000000 00:00 0 
7f9a1e6a6000-7f9a1e8e3000 r-xp 00000000 08:02 12066280                   /usr/lib/liblept.so.5.0.0
7f9a1e8e3000-7f9a1eae2000 ---p 0023d000 08:02 12066280                   /usr/lib/liblept.so.5.0.0
7f9a1eae2000-7f9a1eae3000 r--p 0023c000 08:02 12066280                   /usr/lib/liblept.so.5.0.0
7f9a1eae3000-7f9a1eae9000 rw-p 0023d000 08:02 12066280                   /usr/lib/liblept.so.5.0.0
7f9a1eae9000-7f9a1edd2000 r-xp 00000000 08:02 12066283                   /usr/lib/libtesseract.so.3.0.4
7f9a1edd2000-7f9a1efd2000 ---p 002e9000 08:02 12066283                   /usr/lib/libtesseract.so.3.0.4
7f9a1efd2000-7f9a1efd6000 r--p 002e9000 08:02 12066283                   /usr/lib/libtesseract.so.3.0.4
7f9a1efd6000-7f9a1efd7000 rw-p 002ed000 08:02 12066283                   /usr/lib/libtesseract.so.3.0.4
7f9a1efd7000-7f9a1f26b000 rw-p 00000000 00:00 0 
7f9a1f26b000-7f9a1f282000 r-xp 00000000 08:02 19139145                   /tmp/jna-795320491/jna6452048112773559828.tmp (deleted)
7f9a1f282000-7f9a1f381000 ---p 00017000 08:02 19139145                   /tmp/jna-795320491/jna6452048112773559828.tmp (deleted)
7f9a1f381000-7f9a1f383000 rw-p 00016000 08:02 19139145                   /tmp/jna-795320491/jna6452048112773559828.tmp (deleted)
7f9a1f383000-7f9a1f3bd000 r-xp 00000000 08:02 13646715                   /usr/lib/jvm/jdk1.7.0_80/jre/lib/amd64/libjpeg.so
7f9a1f3bd000-7f9a1f5bd000 ---p 0003a000 08:02 13646715                   /usr/lib/jvm/jdk1.7.0_80/jre/lib/amd64/libjpeg.so
7f9a1f5bd000-7f9a1f5be000 rw-p 0003a000 08:02 13646715                   /usr/lib/jvm/jdk1.7.0_80/jre/lib/amd64/libjpeg.so
7f9a1f5be000-7f9a1f5c3000 r-xp 00000000 08:02 12066558                   /usr/lib/x86_64-linux-gnu/libXdmcp.so.6.0.0
7f9a1f5c3000-7f9a1f7c2000 ---p 00005000 08:02 12066558                   /usr/lib/x86_64-linux-gnu/libXdmcp.so.6.0.0
7f9a1f7c2000-7f9a1f7c3000 r--p 00004000 08:02 12066558                   /usr/lib/x86_64-linux-gnu/libXdmcp.so.6.0.0
7f9a1f7c3000-7f9a1f7c4000 rw-p 00005000 08:02 12066558                   /usr/lib/x86_64-linux-gnu/libXdmcp.so.6.0.0
7f9a1f7c4000-7f9a1f7c6000 r-xp 00000000 08:02 12066547                   /usr/lib/x86_64-linux-gnu/libXau.so.6.0.0
7f9a1f7c6000-7f9a1f9c6000 ---p 00002000 08:02 12066547                   /usr/lib/x86_64-linux-gnu/libXau.so.6.0.0
7f9a1f9c6000-7f9a1f9c7000 r--p 00002000 08:02 12066547                   /usr/lib/x86_64-linux-gnu/libXau.so.6.0.0
7f9a1f9c7000-7f9a1f9c8000 rw-p 00003000 08:02 12066547                   /usr/lib/x86_64-linux-gnu/libXau.so.6.0.0
7f9a1f9c8000-7f9a1f9e9000 r-xp 00000000 08:02 12067956                   /usr/lib/x86_64-linux-gnu/libxcb.so.1.1.0
7f9a1f9e9000-7f9a1fbe8000 ---p 00021000 08:02 12067956                   /usr/lib/x86_64-linux-gnu/libxcb.so.1.1.0
7f9a1fbe8000-7f9a1fbe9000 r--p 00020000 08:02 12067956                   /usr/lib/x86_64-linux-gnu/libxcb.so.1.1.0
7f9a1fbe9000-7f9a1fbea000 rw-p 00021000 08:02 12067956                   /usr/lib/x86_64-linux-gnu/libxcb.so.1.1.0
7f9a1fbea000-7f9a1fbf9000 r-xp 00000000 08:02 12066568                   /usr/lib/x86_64-linux-gnu/libXi.so.6.1.0
7f9a1fbf9000-7f9a1fdf8000 ---p 0000f000 08:02 12066568                   /usr/lib/x86_64-linux-gnu/libXi.so.6.1.0
7f9a1fdf8000-7f9a1fdf9000 r--p 0000e000 08:02 12066568                   /usr/lib/x86_64-linux-gnu/libXi.so.6.1.0
7f9a1fdf9000-7f9a1fdfa000 rw-p 0000f000 08:02 12066568                   /usr/lib/x86_64-linux-gnu/libXi.so.6.1.0
7f9a1fdfa000-7f9a1fdff000 r-xp 00000000 08:02 12066586                   /usr/lib/x86_64-linux-gnu/libXtst.so.6.1.0
7f9a1fdff000-7f9a1fffe000 ---p 00005000 08:02 12066586                   /usr/lib/x86_64-linux-gnu/libXtst.so.6.1.0
7f9a1fffe000-7f9a1ffff000 r--p 00004000 08:02 12066586                   /usr/lib/x86_64-linux-gnu/libXtst.so.6.1.0
7f9a1ffff000-7f9a20000000 rw-p 00005000 08:02 12066586                   /usr/lib/x86_64-linux-gnu/libXtst.so.6.1.0
7f9a20000000-7f9a20021000 rw-p 00000000 00:00 0 
7f9a20021000-7f9a24000000 ---p 00000000 00:00 0 
7f9a24070000-7f9a24073000 ---p 00000000 00:00 0 
7f9a24073000-7f9a24171000 rw-p 00000000 00:00 0 
7f9a24171000-7f9a2417a000 r-xp 00000000 08:02 12066580                   /usr/lib/x86_64-linux-gnu/libXrender.so.1.3.0
7f9a2417a000-7f9a24379000 ---p 00009000 08:02 12066580                   /usr/lib/x86_64-linux-gnu/libXrender.so.1.3.0
7f9a24379000-7f9a2437a000 r--p 00008000 08:02 12066580                   /usr/lib/x86_64-linux-gnu/libXrender.so.1.3.0
7f9a2437a000-7f9a2437b000 rw-p 00009000 08:02 12066580                   /usr/lib/x86_64-linux-gnu/libXrender.so.1.3.0
7f9a2437b000-7f9a244b0000 r-xp 00000000 08:02 12066543                   /usr/lib/x86_64-linux-gnu/libX11.so.6.3.0
7f9a244b0000-7f9a246b0000 ---p 00135000 08:02 12066543                   /usr/lib/x86_64-linux-gnu/libX11.so.6.3.0
7f9a246b0000-7f9a246b1000 r--p 00135000 08:02 12066543                   /usr/lib/x86_64-linux-gnu/libX11.so.6.3.0
7f9a246b1000-7f9a246b5000 rw-p 00136000 08:02 12066543                   /usr/lib/x86_64-linux-gnu/libX11.so.6.3.0
7f9a246b5000-7f9a246c6000 r-xp 00000000 08:02 12066560                   /usr/lib/x86_64-linux-gnu/libXext.so.6.4.0
7f9a246c6000-7f9a248c5000 ---p 00011000 08:02 12066560                   /usr/lib/x86_64-linux-gnu/libXext.so.6.4.0
7f9a248c5000-7f9a248c6000 r--p 00010000 08:02 12066560                   /usr/lib/x86_64-linux-gnu/libXext.so.6.4.0
7f9a248c6000-7f9a248c7000 rw-p 00011000 08:02 12066560                   /usr/lib/x86_64-linux-gnu/libXext.so.6.4.0
7f9a248c7000-7f9a24917000 r-xp 00000000 08:02 13646705                   /usr/lib/jvm/jdk1.7.0_80/jre/lib/amd64/xawt/libmawt.so
7f9a24917000-7f9a24b17000 ---p 00050000 08:02 13646705                   /usr/lib/jvm/jdk1.7.0_80/jre/lib/amd64/xawt/libmawt.so
7f9a24b17000-7f9a24b1b000 rw-p 00050000 08:02 13646705                   /usr/lib/jvm/jdk1.7.0_80/jre/lib/amd64/xawt/libmawt.so
7f9a24b1b000-7f9a24b1c000 rw-p 00000000 00:00 0 
7f9a24b1c000-7f9a24bbe000 r-xp 00000000 08:02 13646725                   /usr/lib/jvm/jdk1.7.0_80/jre/lib/amd64/libawt.so
7f9a24bbe000-7f9a24dbe000 ---p 000a2000 08:02 13646725                   /usr/lib/jvm/jdk1.7.0_80/jre/lib/amd64/libawt.so
7f9a24dbe000-7f9a24dca000 rw-p 000a2000 08:02 13646725                   /usr/lib/jvm/jdk1.7.0_80/jre/lib/amd64/libawt.so
7f9a24dca000-7f9a24dee000 rw-p 00000000 00:00 0 
7f9a24dee000-7f9a24dfe000 r-xp 00000000 08:02 13646692                   /usr/lib/jvm/jdk1.7.0_80/jre/lib/amd64/libnio.so
7f9a24dfe000-7f9a24ffe000 ---p 00010000 08:02 13646692                   /usr/lib/jvm/jdk1.7.0_80/jre/lib/amd64/libnio.so
7f9a24ffe000-7f9a24fff000 rw-p 00010000 08:02 13646692                   /usr/lib/jvm/jdk1.7.0_80/jre/lib/amd64/libnio.so
7f9a24fff000-7f9a28000000 rw-p 00000000 00:00 0 
7f9a28000000-7f9a28443000 rw-p 00000000 00:00 0 
7f9a28443000-7f9a2c000000 ---p 00000000 00:00 0 
7f9a2c000000-7f9a2c021000 rw-p 00000000 00:00 0 
7f9a2c021000-7f9a30000000 ---p 00000000 00:00 0 
7f9a30000000-7f9a30021000 rw-p 00000000 00:00 0 
7f9a30021000-7f9a34000000 ---p 00000000 00:00 0 
7f9a34000000-7f9a34882000 rw-p 00000000 00:00 0 
7f9a34882000-7f9a38000000 ---p 00000000 00:00 0 
7f9a38000000-7f9a38021000 rw-p 00000000 00:00 0 
7f9a38021000-7f9a3c000000 ---p 00000000 00:00 0 
7f9a3c000000-7f9a3c021000 rw-p 00000000 00:00 0 
7f9a3c021000-7f9a40000000 ---p 00000000 00:00 0 
7f9a40000000-7f9a40021000 rw-p 00000000 00:00 0 
7f9a40021000-7f9a44000000 ---p 00000000 00:00 0 
7f9a44041000-7f9a44045000 r--s 0008b000 08:02 13647318                   /usr/lib/jvm/jdk1.7.0_80/jre/lib/jsse.jar
7f9a44045000-7f9a44050000 r--s 0037c000 08:02 13647395                   /usr/lib/jvm/jdk1.7.0_80/jre/lib/charsets.jar
7f9a44050000-7f9a44054000 r--s 000f7000 08:02 13647329                   /usr/lib/jvm/jdk1.7.0_80/jre/lib/ext/localedata.jar
7f9a44054000-7f9a4405e000 r--s 00253000 08:02 13646769                   /usr/lib/jvm/jdk1.7.0_80/jre/lib/resources.jar
7f9a4405e000-7f9a44075000 r-xp 00000000 08:02 13646726                   /usr/lib/jvm/jdk1.7.0_80/jre/lib/amd64/libnet.so
7f9a44075000-7f9a44274000 ---p 00017000 08:02 13646726                   /usr/lib/jvm/jdk1.7.0_80/jre/lib/amd64/libnet.so
7f9a44274000-7f9a44275000 rw-p 00016000 08:02 13646726                   /usr/lib/jvm/jdk1.7.0_80/jre/lib/amd64/libnet.so
7f9a44275000-7f9a44278000 r--s 00017000 08:02 8132360                    /home/headrun/Downloads/marvin_1.5.5.jar
7f9a44278000-7f9a44306000 rw-p 00000000 00:00 0 
7f9a44306000-7f9a44699000 r--s 03191000 08:02 8128837                    /home/headrun/Downloads/tika-app-1.17.jar
7f9a44699000-7f9a446af000 r--s 0023f000 08:02 8139468                    /home/headrun/Downloads/pdfbox-2.0.3.jar
7f9a446af000-7f9a446b5000 r--s 00163000 08:02 8139467                    /home/headrun/Downloads/fontbox-2.0.3.jar
7f9a446b5000-7f9a446c3000 r--s 00083000 08:02 8141858                    /home/headrun/Downloads/opencv-3.0.0-1.0.jar
7f9a446c3000-7f9a446c6000 r--s 031c7000 08:02 12847991                   /home/headrun/Downloads/asprise-ocr-java-15.3.1-trial-linux/aocr.jar
7f9a446c6000-7f9a446d0000 r--s 00081000 08:02 13108978                   /home/headrun/Downloads/jar_files (1)/xmlgraphics-commons-1.4.jar
7f9a446d0000-7f9a446d2000 r--s 02050000 08:02 13110944                   /home/headrun/Downloads/jar_files (1)/tess4j-3.2.1.jar
7f9a446d2000-7f9a446d6000 r--s 00015000 08:02 13110932                   /home/headrun/Downloads/jar_files (1)/rococoa-core-0.5.jar
7f9a446d6000-7f9a446e0000 r--s 00069000 08:02 13110945                   /home/headrun/Downloads/jar_files (1)/logback-core-1.1.7.jar
7f9a446e0000-7f9a446e7000 r--s 00044000 08:02 13110925                   /home/headrun/Downloads/jar_files (1)/logback-classic-1.1.7.jar
7f9a446e7000-7f9a446e9000 r--s 00004000 08:02 13109142                   /home/headrun/Downloads/jar_files (1)/log4j-over-slf4j-1.7.21.jar
7f9a446e9000-7f9a446f2000 r--s 0006f000 08:02 13108979                   /home/headrun/Downloads/jar_files (1)/log4j-1.2.17.jar
7f9a446f2000-7f9a446f7000 r--s 00229000 08:02 13110922                   /home/headrun/Downloads/jar_files (1)/lept4j-1.2.3.jar
7f9a446f7000-7f9a44702000 r--s 00088000 08:02 13109141                   /home/headrun/Downloads/jar_files (1)/jai-imageio-core-1.3.1.jar
7f9a44702000-7f9a4470e000 r--s 00108000 08:02 13108977                   /home/headrun/Downloads/jar_files (1)/itext-2.1.7.jar
7f9a4470e000-7f9a4470f000 ---p 00000000 00:00 0 
7f9a4470f000-7f9a4480f000 rw-p 00000000 00:00 0 
7f9a4480f000-7f9a44812000 ---p 00000000 00:00 0 
7f9a44812000-7f9a44910000 rw-p 00000000 00:00 0 
7f9a44910000-7f9a44913000 ---p 00000000 00:00 0 
7f9a44913000-7f9a44a11000 rw-p 00000000 00:00 0 
7f9a44a11000-7f9a44a14000 ---p 00000000 00:00 0 
7f9a44a14000-7f9a44b12000 rw-p 00000000 00:00 0 
7f9a44b12000-7f9a44b15000 ---p 00000000 00:00 0 
7f9a44b15000-7f9a44c13000 rw-p 00000000 00:00 0 
7f9a44c13000-7f9a44eeb000 r--p 00000000 08:02 12058653                   /usr/lib/locale/locale-archive
7f9a44eeb000-7f9a44eee000 ---p 00000000 00:00 0 
7f9a44eee000-7f9a44fec000 rw-p 00000000 00:00 0 
7f9a44fec000-7f9a44fef000 ---p 00000000 00:00 0 
7f9a44fef000-7f9a450ed000 rw-p 00000000 00:00 0 
7f9a450ed000-7f9a450ee000 ---p 00000000 00:00 0 
7f9a450ee000-7f9a48000000 rw-p 00000000 00:00 0 
7f9a48000000-7f9a48021000 rw-p 00000000 00:00 0 
7f9a48021000-7f9a4c000000 ---p 00000000 00:00 0 
7f9a4c000000-7f9a4c021000 rw-p 00000000 00:00 0 
7f9a4c021000-7f9a50000000 ---p 00000000 00:00 0 
7f9a50000000-7f9a50021000 rw-p 00000000 00:00 0 
7f9a50021000-7f9a54000000 ---p 00000000 00:00 0 
7f9a54000000-7f9a54021000 rw-p 00000000 00:00 0 
7f9a54021000-7f9a58000000 ---p 00000000 00:00 0 
7f9a58000000-7f9a58002000 r--s 00000000 08:02 13110924                   /home/headrun/Downloads/jar_files (1)/jul-to-slf4j-1.7.21.jar
7f9a58002000-7f9a58006000 r--s 000dc000 08:02 13109139                   /home/headrun/Downloads/jar_files (1)/jna-4.1.0.jar
7f9a58006000-7f9a58008000 r--s 00003000 08:02 13110923                   /home/headrun/Downloads/jar_files (1)/jcl-over-slf4j-1.7.21.jar
7f9a58008000-7f9a58016000 r--s 0007f000 08:02 13110929                   /home/headrun/Downloads/jar_files (1)/commons-collections-3.2.1.jar
7f9a58016000-7f9a58263000 rw-p 00000000 00:00 0 
7f9a58263000-7f9a58423000 r--s 039fb000 08:02 13647374                   /usr/lib/jvm/jdk1.7.0_80/jre/lib/rt.jar
7f9a58423000-7f9a5869f000 rw-p 00000000 00:00 0 
7f9a5869f000-7f9a586a0000 ---p 00000000 00:00 0 
7f9a586a0000-7f9a587a0000 rw-p 00000000 00:00 0 
7f9a587a0000-7f9a587a1000 ---p 00000000 00:00 0 
7f9a587a1000-7f9a588a1000 rw-p 00000000 00:00 0 
7f9a588a1000-7f9a588a2000 ---p 00000000 00:00 0 
7f9a588a2000-7f9a589a2000 rw-p 00000000 00:00 0 
7f9a589a2000-7f9a589a3000 ---p 00000000 00:00 0 
7f9a589a3000-7f9a58ab7000 rw-p 00000000 00:00 0 
7f9a58ab7000-7f9a58be1000 rw-p 00000000 00:00 0 
7f9a58be1000-7f9a58bec000 rw-p 00000000 00:00 0 
7f9a58bec000-7f9a58c0a000 rw-p 00000000 00:00 0 
7f9a58c0a000-7f9a58c1e000 rw-p 00000000 00:00 0 
7f9a58c1e000-7f9a58d48000 rw-p 00000000 00:00 0 
7f9a58d48000-7f9a58d52000 rw-p 00000000 00:00 0 
7f9a58d52000-7f9a58de7000 rw-p 00000000 00:00 0 
7f9a58de7000-7f9a58de8000 rw-p 00000000 00:00 0 
7f9a58de8000-7f9a59058000 rwxp 00000000 00:00 0 
7f9a59058000-7f9a5bde8000 rw-p 00000000 00:00 0 
7f9a5bde8000-7f9a5bdff000 r-xp 00000000 08:02 13646721                   /usr/lib/jvm/jdk1.7.0_80/jre/lib/amd64/libzip.so
7f9a5bdff000-7f9a5bfff000 ---p 00017000 08:02 13646721                   /usr/lib/jvm/jdk1.7.0_80/jre/lib/amd64/libzip.so
7f9a5bfff000-7f9a5c000000 rw-p 00017000 08:02 13646721                   /usr/lib/jvm/jdk1.7.0_80/jre/lib/amd64/libzip.so
7f9a5c000000-7f9a5d3fe000 rw-p 00000000 00:00 0 
7f9a5d3fe000-7f9a60000000 ---p 00000000 00:00 0 
7f9a60000000-7f9a60005000 r--s 00028000 08:02 13109140                   /home/headrun/Downloads/jar_files (1)/ghost4j-1.0.1.jar
7f9a60005000-7f9a60009000 r--s 0002f000 08:02 13110931                   /home/headrun/Downloads/jar_files (1)/commons-io-2.5.jar
7f9a60009000-7f9a6000e000 r--s 00035000 08:02 13110930                   /home/headrun/Downloads/jar_files (1)/commons-beanutils-1.9.2.jar
7f9a6000e000-7f9a6001c000 r--s 00374000 08:02 13901063                   /home/headrun/Downloads/PDFxStream.Java-3.5.0/lib/PDFxStream.jar
7f9a6001c000-7f9a600aa000 rw-p 00000000 00:00 0 
7f9a600aa000-7f9a600c8000 rw-p 00000000 00:00 0 
7f9a600c8000-7f9a600d3000 r-xp 00000000 08:02 24909811                   /lib/x86_64-linux-gnu/libnss_files-2.23.so
7f9a600d3000-7f9a602d2000 ---p 0000b000 08:02 24909811                   /lib/x86_64-linux-gnu/libnss_files-2.23.so
7f9a602d2000-7f9a602d3000 r--p 0000a000 08:02 24909811                   /lib/x86_64-linux-gnu/libnss_files-2.23.so
7f9a602d3000-7f9a602d4000 rw-p 0000b000 08:02 24909811                   /lib/x86_64-linux-gnu/libnss_files-2.23.so
7f9a602d4000-7f9a602da000 rw-p 00000000 00:00 0 
7f9a602da000-7f9a602e5000 r-xp 00000000 08:02 24909815                   /lib/x86_64-linux-gnu/libnss_nis-2.23.so
7f9a602e5000-7f9a604e4000 ---p 0000b000 08:02 24909815                   /lib/x86_64-linux-gnu/libnss_nis-2.23.so
7f9a604e4000-7f9a604e5000 r--p 0000a000 08:02 24909815                   /lib/x86_64-linux-gnu/libnss_nis-2.23.so
7f9a604e5000-7f9a604e6000 rw-p 0000b000 08:02 24909815                   /lib/x86_64-linux-gnu/libnss_nis-2.23.so
7f9a604e6000-7f9a604fc000 r-xp 00000000 08:02 24909795                   /lib/x86_64-linux-gnu/libnsl-2.23.so
7f9a604fc000-7f9a606fb000 ---p 00016000 08:02 24909795                   /lib/x86_64-linux-gnu/libnsl-2.23.so
7f9a606fb000-7f9a606fc000 r--p 00015000 08:02 24909795                   /lib/x86_64-linux-gnu/libnsl-2.23.so
7f9a606fc000-7f9a606fd000 rw-p 00016000 08:02 24909795                   /lib/x86_64-linux-gnu/libnsl-2.23.so
7f9a606fd000-7f9a606ff000 rw-p 00000000 00:00 0 
7f9a606ff000-7f9a60707000 r-xp 00000000 08:02 24909806                   /lib/x86_64-linux-gnu/libnss_compat-2.23.so
7f9a60707000-7f9a60906000 ---p 00008000 08:02 24909806                   /lib/x86_64-linux-gnu/libnss_compat-2.23.so
7f9a60906000-7f9a60907000 r--p 00007000 08:02 24909806                   /lib/x86_64-linux-gnu/libnss_compat-2.23.so
7f9a60907000-7f9a60908000 rw-p 00008000 08:02 24909806                   /lib/x86_64-linux-gnu/libnss_compat-2.23.so
7f9a60908000-7f9a60931000 r-xp 00000000 08:02 13646687                   /usr/lib/jvm/jdk1.7.0_80/jre/lib/amd64/libjava.so
7f9a60931000-7f9a60b31000 ---p 00029000 08:02 13646687                   /usr/lib/jvm/jdk1.7.0_80/jre/lib/amd64/libjava.so
7f9a60b31000-7f9a60b33000 rw-p 00029000 08:02 13646687                   /usr/lib/jvm/jdk1.7.0_80/jre/lib/amd64/libjava.so
7f9a60b33000-7f9a60b40000 r-xp 00000000 08:02 13646714                   /usr/lib/jvm/jdk1.7.0_80/jre/lib/amd64/libverify.so
7f9a60b40000-7f9a60d3f000 ---p 0000d000 08:02 13646714                   /usr/lib/jvm/jdk1.7.0_80/jre/lib/amd64/libverify.so
7f9a60d3f000-7f9a60d41000 rw-p 0000c000 08:02 13646714                   /usr/lib/jvm/jdk1.7.0_80/jre/lib/amd64/libverify.so
7f9a60d41000-7f9a60d48000 r-xp 00000000 08:02 24909816                   /lib/x86_64-linux-gnu/librt-2.23.so
7f9a60d48000-7f9a60f47000 ---p 00007000 08:02 24909816                   /lib/x86_64-linux-gnu/librt-2.23.so
7f9a60f47000-7f9a60f48000 r--p 00006000 08:02 24909816                   /lib/x86_64-linux-gnu/librt-2.23.so
7f9a60f48000-7f9a60f49000 rw-p 00007000 08:02 24909816                   /lib/x86_64-linux-gnu/librt-2.23.so
7f9a60f49000-7f9a61051000 r-xp 00000000 08:02 24909793                   /lib/x86_64-linux-gnu/libm-2.23.so
7f9a61051000-7f9a61250000 ---p 00108000 08:02 24909793                   /lib/x86_64-linux-gnu/libm-2.23.so
7f9a61250000-7f9a61251000 r--p 00107000 08:02 24909793                   /lib/x86_64-linux-gnu/libm-2.23.so
7f9a61251000-7f9a61252000 rw-p 00108000 08:02 24909793                   /lib/x86_64-linux-gnu/libm-2.23.so
7f9a61252000-7f9a61dc8000 r-xp 00000000 08:02 13646741                   /usr/lib/jvm/jdk1.7.0_80/jre/lib/amd64/server/libjvm.so
7f9a61dc8000-7f9a61fc7000 ---p 00b76000 08:02 13646741                   /usr/lib/jvm/jdk1.7.0_80/jre/lib/amd64/server/libjvm.so
7f9a61fc7000-7f9a6208b000 rw-p 00b75000 08:02 13646741                   /usr/lib/jvm/jdk1.7.0_80/jre/lib/amd64/server/libjvm.so
7f9a6208b000-7f9a620cc000 rw-p 00000000 00:00 0 
7f9a620cc000-7f9a6228c000 r-xp 00000000 08:02 24909798                   /lib/x86_64-linux-gnu/libc-2.23.so
7f9a6228c000-7f9a6248c000 ---p 001c0000 08:02 24909798                   /lib/x86_64-linux-gnu/libc-2.23.so
7f9a6248c000-7f9a62490000 r--p 001c0000 08:02 24909798                   /lib/x86_64-linux-gnu/libc-2.23.so
7f9a62490000-7f9a62492000 rw-p 001c4000 08:02 24909798                   /lib/x86_64-linux-gnu/libc-2.23.so
7f9a62492000-7f9a62496000 rw-p 00000000 00:00 0 
7f9a62496000-7f9a62499000 r-xp 00000000 08:02 24909800                   /lib/x86_64-linux-gnu/libdl-2.23.so
7f9a62499000-7f9a62698000 ---p 00003000 08:02 24909800                   /lib/x86_64-linux-gnu/libdl-2.23.so
7f9a62698000-7f9a62699000 r--p 00002000 08:02 24909800                   /lib/x86_64-linux-gnu/libdl-2.23.so
7f9a62699000-7f9a6269a000 rw-p 00003000 08:02 24909800                   /lib/x86_64-linux-gnu/libdl-2.23.so
7f9a6269a000-7f9a626af000 r-xp 00000000 08:02 13647422                   /usr/lib/jvm/jdk1.7.0_80/lib/amd64/jli/libjli.so
7f9a626af000-7f9a628ae000 ---p 00015000 08:02 13647422                   /usr/lib/jvm/jdk1.7.0_80/lib/amd64/jli/libjli.so
7f9a628ae000-7f9a628af000 rw-p 00014000 08:02 13647422                   /usr/lib/jvm/jdk1.7.0_80/lib/amd64/jli/libjli.so
7f9a628af000-7f9a628c7000 r-xp 00000000 08:02 24909797                   /lib/x86_64-linux-gnu/libpthread-2.23.so
7f9a628c7000-7f9a62ac6000 ---p 00018000 08:02 24909797                   /lib/x86_64-linux-gnu/libpthread-2.23.so
7f9a62ac6000-7f9a62ac7000 r--p 00017000 08:02 24909797                   /lib/x86_64-linux-gnu/libpthread-2.23.so
7f9a62ac7000-7f9a62ac8000 rw-p 00018000 08:02 24909797                   /lib/x86_64-linux-gnu/libpthread-2.23.so
7f9a62ac8000-7f9a62acc000 rw-p 00000000 00:00 0 
7f9a62acc000-7f9a62af2000 r-xp 00000000 08:02 24909796                   /lib/x86_64-linux-gnu/ld-2.23.so
7f9a62af2000-7f9a62af3000 r--s 00009000 08:02 13110928                   /home/headrun/Downloads/jar_files (1)/slf4j-api-1.7.20.jar
7f9a62af3000-7f9a62af5000 r--s 0000d000 08:02 13108980                   /home/headrun/Downloads/jar_files (1)/commons-logging-1.1.1.jar
7f9a62af5000-7f9a62afc000 r--s 00040000 08:02 13110927                   /home/headrun/Downloads/jar_files (1)/cglib-2.2.2.jar
7f9a62afc000-7f9a62b1b000 rw-p 00000000 00:00 0 
7f9a62b1b000-7f9a62bd1000 rw-p 00000000 00:00 0 
7f9a62bd1000-7f9a62bd4000 ---p 00000000 00:00 0 
7f9a62bd4000-7f9a62cd7000 rw-p 00000000 00:00 0 
7f9a62cd7000-7f9a62cd8000 r--s 0000a000 08:02 13110926                   /home/headrun/Downloads/jar_files (1)/asm-3.3.1.jar
7f9a62cd8000-7f9a62ce7000 r--s 0017c000 08:02 13646600                   /home/headrun/Downloads/itextpdf-5.1.0.jar
7f9a62ce7000-7f9a62cef000 rw-s 00000000 08:02 19139143                   /tmp/hsperfdata_headrun/9313
7f9a62cef000-7f9a62cf0000 rw-p 00000000 00:00 0 
7f9a62cf0000-7f9a62cf1000 r--p 00000000 00:00 0 
7f9a62cf1000-7f9a62cf2000 r--p 00025000 08:02 24909796                   /lib/x86_64-linux-gnu/ld-2.23.so
7f9a62cf2000-7f9a62cf3000 rw-p 00026000 08:02 24909796                   /lib/x86_64-linux-gnu/ld-2.23.so
7f9a62cf3000-7f9a62cf4000 rw-p 00000000 00:00 0 
7ffed47d2000-7ffed47f4000 rw-p 00000000 00:00 0                          [stack]
7ffed47f5000-7ffed47f8000 r--p 00000000 00:00 0                          [vvar]
7ffed47f8000-7ffed47fa000 r-xp 00000000 00:00 0                          [vdso]
ffffffffff600000-ffffffffff601000 r-xp 00000000 00:00 0                  [vsyscall]

VM Arguments:
jvm_args: -Dfile.encoding=UTF-8 
java_command: TesseractExample
Launcher Type: SUN_STANDARD

Environment Variables:
JAVA_HOME=/usr/lib/jvm/java-8-oracle
CLASSPATH=/usr/lib/jvm/jdk1.7.0_80/lib/tools.jar:/usr/lib/jvm/jdk1.7.0_80/jre/rt.jar
PATH=/home/headrun/bin:/home/headrun/.local/bin:/usr/lib/jvm/jdk1.7.0_80/bin:/usr/local/sbin:/usr/local/bin:/usr/sbin:/usr/bin:/sbin:/bin:/usr/games:/usr/local/games:/snap/bin:/usr/lib/jvm/java-8-oracle/bin:/usr/lib/jvm/java-8-oracle/db/bin:/usr/lib/jvm/java-8-oracle/jre/bin
SHELL=/bin/bash
DISPLAY=:0

Signal Handlers:
SIGSEGV: [libjvm.so+0x9a3b20], sa_mask[0]=0x7ffbfeff, sa_flags=0x10000004
SIGBUS: [libjvm.so+0x9a3b20], sa_mask[0]=0x7ffbfeff, sa_flags=0x10000004
SIGFPE: [libjvm.so+0x81e740], sa_mask[0]=0x7ffbfeff, sa_flags=0x10000004
SIGPIPE: [libjvm.so+0x81e740], sa_mask[0]=0x7ffbfeff, sa_flags=0x10000004
SIGXFSZ: [libjvm.so+0x81e740], sa_mask[0]=0x7ffbfeff, sa_flags=0x10000004
SIGILL: [libjvm.so+0x81e740], sa_mask[0]=0x7ffbfeff, sa_flags=0x10000004
SIGUSR1: SIG_DFL, sa_mask[0]=0x00000000, sa_flags=0x00000000
SIGUSR2: [libjvm.so+0x81ffb0], sa_mask[0]=0x00000004, sa_flags=0x10000004
SIGHUP: [libjvm.so+0x8210d0], sa_mask[0]=0x7ffbfeff, sa_flags=0x10000004
SIGINT: [libjvm.so+0x8210d0], sa_mask[0]=0x7ffbfeff, sa_flags=0x10000004
SIGTERM: [libjvm.so+0x8210d0], sa_mask[0]=0x7ffbfeff, sa_flags=0x10000004
SIGQUIT: [libjvm.so+0x8210d0], sa_mask[0]=0x7ffbfeff, sa_flags=0x10000004


---------------  S Y S T E M  ---------------

OS:stretch/sid

uname:Linux 4.13.0-32-generic #35~16.04.1-Ubuntu SMP Thu Jan 25 10:13:43 UTC 2018 x86_64
libc:glibc 2.23 NPTL 2.23 
rlimit: STACK 8192k, CORE 0k, NPROC 14968, NOFILE 1048576, AS infinity
load average:6.54 2.46 1.44

/proc/meminfo:
MemTotal:        3900928 kB
MemFree:          643976 kB
MemAvailable:     869872 kB
Buffers:           35780 kB
Cached:           632776 kB
SwapCached:        39748 kB
Active:          2461672 kB
Inactive:         591552 kB
Active(anon):    2305876 kB
Inactive(anon):   340212 kB
Active(file):     155796 kB
Inactive(file):   251340 kB
Unevictable:         336 kB
Mlocked:             336 kB
SwapTotal:       4055036 kB
SwapFree:        3903216 kB
Dirty:               780 kB
Writeback:           108 kB
AnonPages:       2345524 kB
Mapped:           322484 kB
Shmem:            261328 kB
Slab:              86760 kB
SReclaimable:      42592 kB
SUnreclaim:        44168 kB
KernelStack:       11680 kB
PageTables:        50972 kB
NFS_Unstable:          0 kB
Bounce:                0 kB
WritebackTmp:          0 kB
CommitLimit:     6005500 kB
Committed_AS:    8661364 kB
VmallocTotal:   34359738367 kB
VmallocUsed:           0 kB
VmallocChunk:          0 kB
HardwareCorrupted:     0 kB
AnonHugePages:         0 kB
ShmemHugePages:        0 kB
ShmemPmdMapped:        0 kB
CmaTotal:              0 kB
CmaFree:               0 kB
HugePages_Total:       0
HugePages_Free:        0
HugePages_Rsvd:        0
HugePages_Surp:        0
Hugepagesize:       2048 kB
DirectMap4k:      191984 kB
DirectMap2M:     3864576 kB


CPU:total 4 (2 cores per cpu, 2 threads per core) family 6 model 58 stepping 9, cmov, cx8, fxsr, mmx, sse, sse2, sse3, ssse3, sse4.1, sse4.2, popcnt, avx, erms, ht, tsc, tscinvbit, tscinv

/proc/cpuinfo:
processor	: 0
vendor_id	: GenuineIntel
cpu family	: 6
model		: 58
model name	: Intel(R) Core(TM) i3-3110M CPU @ 2.40GHz
stepping	: 9
microcode	: 0x15
cpu MHz		: 2394.374
cache size	: 3072 KB
physical id	: 0
siblings	: 4
core id		: 0
cpu cores	: 2
apicid		: 0
initial apicid	: 0
fpu		: yes
fpu_exception	: yes
cpuid level	: 13
wp		: yes
flags		: fpu vme de pse tsc msr pae mce cx8 apic sep mtrr pge mca cmov pat pse36 clflush dts acpi mmx fxsr sse sse2 ss ht tm pbe syscall nx rdtscp lm constant_tsc arch_perfmon pebs bts rep_good nopl xtopology nonstop_tsc cpuid aperfmperf pni pclmulqdq dtes64 monitor ds_cpl vmx est tm2 ssse3 cx16 xtpr pdcm pcid sse4_1 sse4_2 x2apic popcnt tsc_deadline_timer xsave avx f16c lahf_lm cpuid_fault epb pti tpr_shadow vnmi flexpriority ept vpid fsgsbase smep erms xsaveopt dtherm arat pln pts
bugs		: cpu_meltdown spectre_v1 spectre_v2
bogomips	: 4788.74
clflush size	: 64
cache_alignment	: 64
address sizes	: 36 bits physical, 48 bits virtual
power management:

processor	: 1
vendor_id	: GenuineIntel
cpu family	: 6
model		: 58
model name	: Intel(R) Core(TM) i3-3110M CPU @ 2.40GHz
stepping	: 9
microcode	: 0x15
cpu MHz		: 2394.374
cache size	: 3072 KB
physical id	: 0
siblings	: 4
core id		: 1
cpu cores	: 2
apicid		: 2
initial apicid	: 2
fpu		: yes
fpu_exception	: yes
cpuid level	: 13
wp		: yes
flags		: fpu vme de pse tsc msr pae mce cx8 apic sep mtrr pge mca cmov pat pse36 clflush dts acpi mmx fxsr sse sse2 ss ht tm pbe syscall nx rdtscp lm constant_tsc arch_perfmon pebs bts rep_good nopl xtopology nonstop_tsc cpuid aperfmperf pni pclmulqdq dtes64 monitor ds_cpl vmx est tm2 ssse3 cx16 xtpr pdcm pcid sse4_1 sse4_2 x2apic popcnt tsc_deadline_timer xsave avx f16c lahf_lm cpuid_fault epb pti tpr_shadow vnmi flexpriority ept vpid fsgsbase smep erms xsaveopt dtherm arat pln pts
bugs		: cpu_meltdown spectre_v1 spectre_v2
bogomips	: 4788.74
clflush size	: 64
cache_alignment	: 64
address sizes	: 36 bits physical, 48 bits virtual
power management:

processor	: 2
vendor_id	: GenuineIntel
cpu family	: 6
model		: 58
model name	: Intel(R) Core(TM) i3-3110M CPU @ 2.40GHz
stepping	: 9
microcode	: 0x15
cpu MHz		: 2394.374
cache size	: 3072 KB
physical id	: 0
siblings	: 4
core id		: 0
cpu cores	: 2
apicid		: 1
initial apicid	: 1
fpu		: yes
fpu_exception	: yes
cpuid level	: 13
wp		: yes
flags		: fpu vme de pse tsc msr pae mce cx8 apic sep mtrr pge mca cmov pat pse36 clflush dts acpi mmx fxsr sse sse2 ss ht tm pbe syscall nx rdtscp lm constant_tsc arch_perfmon pebs bts rep_good nopl xtopology nonstop_tsc cpuid aperfmperf pni pclmulqdq dtes64 monitor ds_cpl vmx est tm2 ssse3 cx16 xtpr pdcm pcid sse4_1 sse4_2 x2apic popcnt tsc_deadline_timer xsave avx f16c lahf_lm cpuid_fault epb pti tpr_shadow vnmi flexpriority ept vpid fsgsbase smep erms xsaveopt dtherm arat pln pts
bugs		: cpu_meltdown spectre_v1 spectre_v2
bogomips	: 4788.74
clflush size	: 64
cache_alignment	: 64
address sizes	: 36 bits physical, 48 bits virtual
power management:

processor	: 3
vendor_id	: GenuineIntel
cpu family	: 6
model		: 58
model name	: Intel(R) Core(TM) i3-3110M CPU @ 2.40GHz
stepping	: 9
microcode	: 0x15
cpu MHz		: 2394.374
cache size	: 3072 KB
physical id	: 0
siblings	: 4
core id		: 1
cpu cores	: 2
apicid		: 3
initial apicid	: 3
fpu		: yes
fpu_exception	: yes
cpuid level	: 13
wp		: yes
flags		: fpu vme de pse tsc msr pae mce cx8 apic sep mtrr pge mca cmov pat pse36 clflush dts acpi mmx fxsr sse sse2 ss ht tm pbe syscall nx rdtscp lm constant_tsc arch_perfmon pebs bts rep_good nopl xtopology nonstop_tsc cpuid aperfmperf pni pclmulqdq dtes64 monitor ds_cpl vmx est tm2 ssse3 cx16 xtpr pdcm pcid sse4_1 sse4_2 x2apic popcnt tsc_deadline_timer xsave avx f16c lahf_lm cpuid_fault epb pti tpr_shadow vnmi flexpriority ept vpid fsgsbase smep erms xsaveopt dtherm arat pln pts
bugs		: cpu_meltdown spectre_v1 spectre_v2
bogomips	: 4788.74
clflush size	: 64
cache_alignment	: 64
address sizes	: 36 bits physical, 48 bits virtual
power management:



Memory: 4k page, physical 3900928k(643976k free), swap 4055036k(3903216k free)

vm_info: Java HotSpot(TM) 64-Bit Server VM (24.80-b11) for linux-amd64 JRE (1.7.0_80-b15), built on Apr 10 2015 19:53:14 by "java_re" with gcc 4.3.0 20080428 (Red Hat 4.3.0-8)

time: Sat Feb 10 13:59:56 2018
elapsed time: 0 seconds

