#
# A fatal error has been detected by the Java Runtime Environment:
#
#  SIGSEGV (0xb) at pc=0x00007fbff27a313d, pid=10008, tid=140463524124416
#
# JRE version: Java(TM) SE Runtime Environment (7.0_80-b15) (build 1.7.0_80-b15)
# Java VM: Java HotSpot(TM) 64-Bit Server VM (24.80-b11 mixed mode linux-amd64 compressed oops)
# Problematic frame:
# C  [libtesseract.so.3.0.4+0x1f413d]  tesseract::HistogramRect(Pix*, int, int, int, int, int, int*)+0xfd
#
# Failed to write core dump. Core dumps have been disabled. To enable core dumping, try "ulimit -c unlimited" before starting Java again
#
# If you would like to submit a bug report, please visit:
#   http://bugreport.java.com/bugreport/crash.jsp
# The crash happened outside the Java Virtual Machine in native code.
# See problematic frame for where to report the bug.
#

---------------  T H R E A D  ---------------

Current thread (0x00007fc03000a800):  JavaThread "main" [_thread_in_native, id=10015, stack(0x00007fc036659000,0x00007fc03675a000)]

siginfo:si_signo=SIGSEGV: si_errno=0, si_code=2 (SEGV_ACCERR), si_addr=0x00007fc0313c0003

Registers:
RAX=0x000000000000016f, RBX=0x00007fc036756c40, RCX=0x00007fc0313c0003, RDX=0x00007fc0313c0004
RSP=0x00007fc036756b80, RBP=0x0000000000000190, RSI=0x0000000000000004, RDI=0x00007fc0313bfa48
R8 =0x000000000000012c, R9 =0x0000000000000448, R10=0x00007fc030000078, R11=0x00007fc030000078
R12=0x0000000000000004, R13=0x00000000000000b9, R14=0x0000000000000190, R15=0x00007fc03127cdf0
RIP=0x00007fbff27a313d, EFLAGS=0x0000000000010206, CSGSFS=0x002b000000000033, ERR=0x0000000000000004
  TRAPNO=0x000000000000000e

Top of Stack: (sp=0x00007fc036756b80)
0x00007fc036756b80:   0000011200000000 000000000000012c
0x00007fc036756b90:   00007fc0367570a8 0000000000000000
0x00007fc036756ba0:   00007fc036756c40 00007fc0367570b0
0x00007fc036756bb0:   0000000000000000 00007fc0367570a8
0x00007fc036756bc0:   0000000000000000 00007fbff27a33d9
0x00007fc036756bd0:   00007fc036756c40 00007fbff27a3314
0x00007fc036756be0:   00007fc03000b080 00007fc03127cdf0
0x00007fc036756bf0:   0000006400000004 0000019000000064
0x00007fc036756c00:   00007fc036756c38 00007fc036756c3c
0x00007fc036756c10:   00000000000000c8 0000000000000000
0x00007fc036756c20:   00007fc031281f90 0000000000000001
0x00007fc036756c30:   00000000bf444259 00007fc036756c88
0x00007fc036756c40:   0000004c00000476 0000005b00000044
0x00007fc036756c50:   0000004900000057 0000003a00000055
0x00007fc036756c60:   000000250000002c 0000001a0000002d
0x00007fc036756c70:   0000001700000019 000000130000002a
0x00007fc036756c80:   0000000d00000018 0000000d0000001b
0x00007fc036756c90:   0000002100000010 0000001100000012
0x00007fc036756ca0:   0000001000000013 0000000c00000016
0x00007fc036756cb0:   0000001300000016 0000000b00000018
0x00007fc036756cc0:   000000140000000e 0000001200000011
0x00007fc036756cd0:   000000220000001c 0000001f0000001d
0x00007fc036756ce0:   0000002c00000019 0000001b0000001c
0x00007fc036756cf0:   0000001600000018 0000001e00000016
0x00007fc036756d00:   0000001700000016 000000160000000f
0x00007fc036756d10:   0000001a00000017 000000240000001a
0x00007fc036756d20:   0000001e00000022 0000001100000026
0x00007fc036756d30:   000000220000001f 0000001e00000024
0x00007fc036756d40:   000000360000002b 000000210000002e
0x00007fc036756d50:   0000001a00000039 0000002e00000026
0x00007fc036756d60:   0000003a00000029 0000004a0000002f
0x00007fc036756d70:   0000003600000033 0000004c0000004a 

Instructions: (pc=0x00007fbff27a313d)
0x00007fbff27a311d:   1f 40 00 31 c0 85 ed 48 89 fa 7e 1f 0f 1f 80 00
0x00007fbff27a312d:   00 00 00 48 89 d1 83 c0 01 48 01 f2 48 83 f1 03
0x00007fbff27a313d:   0f b6 09 83 04 8b 01 39 c5 75 e8 41 83 c5 01 4c
0x00007fbff27a314d:   01 cf 45 39 e8 75 cc 48 83 c4 18 5b 5d 41 5c 41 

Register to memory mapping:

RAX=0x000000000000016f is an unknown value
RBX=0x00007fc036756c40 is pointing into the stack for thread: 0x00007fc03000a800
RCX=0x00007fc0313c0003 is an unknown value
RDX=0x00007fc0313c0004 is an unknown value
RSP=0x00007fc036756b80 is pointing into the stack for thread: 0x00007fc03000a800
RBP=0x0000000000000190 is an unknown value
RSI=0x0000000000000004 is an unknown value
RDI=0x00007fc0313bfa48 is an unknown value
R8 =0x000000000000012c is an unknown value
R9 =0x0000000000000448 is an unknown value
R10=0x00007fc030000078 is an unknown value
R11=0x00007fc030000078 is an unknown value
R12=0x0000000000000004 is an unknown value
R13=0x00000000000000b9 is an unknown value
R14=0x0000000000000190 is an unknown value
R15=0x00007fc03127cdf0 is an unknown value


Stack: [0x00007fc036659000,0x00007fc03675a000],  sp=0x00007fc036756b80,  free space=1014k
Native frames: (J=compiled Java code, j=interpreted, Vv=VM code, C=native code)
C  [libtesseract.so.3.0.4+0x1f413d]  tesseract::HistogramRect(Pix*, int, int, int, int, int, int*)+0xfd

[error occurred during error reporting (printing native stack), id 0xb]

Java frames: (J=compiled Java code, j=interpreted, Vv=VM code)
j  com.sun.jna.Native.invokePointer(JI[Ljava/lang/Object;)J+0
j  com.sun.jna.Function.invokePointer(I[Ljava/lang/Object;)Lcom/sun/jna/Pointer;+6
j  com.sun.jna.Function.invoke([Ljava/lang/Object;Ljava/lang/Class;Z)Ljava/lang/Object;+426
j  com.sun.jna.Function.invoke(Ljava/lang/Class;[Ljava/lang/Object;Ljava/util/Map;)Ljava/lang/Object;+262
j  com.sun.jna.Library$Handler.invoke(Ljava/lang/Object;Ljava/lang/reflect/Method;[Ljava/lang/Object;)Ljava/lang/Object;+316
j  com.sun.proxy.$Proxy0.TessBaseAPIGetUTF8Text(Lnet/sourceforge/tess4j/ITessAPI$TessBaseAPI;)Lcom/sun/jna/Pointer;+16
j  net.sourceforge.tess4j.Tesseract.getOCRText(Ljava/lang/String;I)Ljava/lang/String;+62
j  net.sourceforge.tess4j.Tesseract.doOCR(Ljava/util/List;Ljava/lang/String;Ljava/awt/Rectangle;)Ljava/lang/String;+69
j  net.sourceforge.tess4j.Tesseract.doOCR(Ljava/util/List;Ljava/awt/Rectangle;)Ljava/lang/String;+4
j  net.sourceforge.tess4j.Tesseract.doOCR(Ljava/awt/image/BufferedImage;Ljava/awt/Rectangle;)Ljava/lang/String;+6
j  TesseractExample.main([Ljava/lang/String;)V+69
v  ~StubRoutines::call_stub

---------------  P R O C E S S  ---------------

Java Threads: ( => current thread )
  0x00007fc030323000 JavaThread "Java2D Disposer" daemon [_thread_blocked, id=10028, stack(0x00007fbff3084000,0x00007fbff3185000)]
  0x00007fc030099000 JavaThread "Service Thread" daemon [_thread_blocked, id=10026, stack(0x00007fc01c289000,0x00007fc01c38a000)]
  0x00007fc030096800 JavaThread "C2 CompilerThread1" daemon [_thread_blocked, id=10025, stack(0x00007fc01c38a000,0x00007fc01c48b000)]
  0x00007fc030093800 JavaThread "C2 CompilerThread0" daemon [_thread_blocked, id=10024, stack(0x00007fc01c48b000,0x00007fc01c58c000)]
  0x00007fc030091800 JavaThread "Signal Dispatcher" daemon [_thread_blocked, id=10023, stack(0x00007fc01c58c000,0x00007fc01c68d000)]
  0x00007fc030070800 JavaThread "Finalizer" daemon [_thread_blocked, id=10022, stack(0x00007fc01c965000,0x00007fc01ca66000)]
  0x00007fc03006e800 JavaThread "Reference Handler" daemon [_thread_blocked, id=10021, stack(0x00007fc01ca66000,0x00007fc01cb67000)]
=>0x00007fc03000a800 JavaThread "main" [_thread_in_native, id=10015, stack(0x00007fc036659000,0x00007fc03675a000)]

Other Threads:
  0x00007fc03006a000 VMThread [stack: 0x00007fc01cb67000,0x00007fc01cc68000] [id=10020]
  0x00007fc0300a3800 WatcherThread [stack: 0x00007fc01c188000,0x00007fc01c289000] [id=10027]

VM state:not at safepoint (normal execution)

VM Mutex/Monitor currently owned by a thread: None

Heap
 PSYoungGen      total 17920K, used 8312K [0x00000000ec200000, 0x00000000ed600000, 0x0000000100000000)
  eden space 15360K, 37% used [0x00000000ec200000,0x00000000ec79f860,0x00000000ed100000)
  from space 2560K, 99% used [0x00000000ed100000,0x00000000ed37eaf8,0x00000000ed380000)
  to   space 2560K, 0% used [0x00000000ed380000,0x00000000ed380000,0x00000000ed600000)
 ParOldGen       total 40448K, used 618K [0x00000000c4600000, 0x00000000c6d80000, 0x00000000ec200000)
  object space 40448K, 1% used [0x00000000c4600000,0x00000000c469a898,0x00000000c6d80000)
 PSPermGen       total 21504K, used 9908K [0x00000000bf400000, 0x00000000c0900000, 0x00000000c4600000)
  object space 21504K, 46% used [0x00000000bf400000,0x00000000bfdad210,0x00000000c0900000)

Card table byte_map: [0x00007fc02c5aa000,0x00007fc02c7b1000] byte_map_base: 0x00007fc02bfb0000

Polling page: 0x00007fc036778000

Code Cache  [0x00007fc02c7b1000, 0x00007fc02ca21000, 0x00007fc02f7b1000)
 total_blobs=359 nmethods=55 adapters=257 free_code_cache=48572Kb largest_free_block=49706752

Compilation events (10 events):
Event: 0.923 Thread 0x00007fc030096800 nmethod 51 0x00007fc02c833f50 code [0x00007fc02c8340a0, 0x00007fc02c834298]
Event: 0.923 Thread 0x00007fc030096800   52 %           com.github.jaiimageio.impl.plugins.tiff.TIFFImageWriter::writeTile @ 869 (3310 bytes)
Event: 0.946 Thread 0x00007fc030096800 nmethod 52% 0x00007fc02c83df90 code [0x00007fc02c83e140, 0x00007fc02c83e9f8]
Event: 0.946 Thread 0x00007fc030096800   53             sun.awt.image.ByteInterleavedRaster::getByteData (851 bytes)
Event: 0.962 Thread 0x00007fc030093800 nmethod 49 0x00007fc02c843390 code [0x00007fc02c843900, 0x00007fc02c846158]
Event: 0.962 Thread 0x00007fc030093800   54             java.lang.ref.Reference::get (5 bytes)
Event: 0.963 Thread 0x00007fc030093800 nmethod 54 0x00007fc02c833750 code [0x00007fc02c833880, 0x00007fc02c8338d8]
Event: 0.963 Thread 0x00007fc030093800   55             java.lang.AbstractStringBuilder::<init> (12 bytes)
Event: 0.963 Thread 0x00007fc030096800 nmethod 53 0x00007fc02c839610 code [0x00007fc02c8397a0, 0x00007fc02c83a178]
Event: 0.964 Thread 0x00007fc030093800 nmethod 55 0x00007fc02c833450 code [0x00007fc02c8335a0, 0x00007fc02c8336b8]

GC Heap History (2 events):
Event: 0.837 GC heap before
{Heap before GC invocations=1 (full 0):
 PSYoungGen      total 17920K, used 15360K [0x00000000ec200000, 0x00000000ed600000, 0x0000000100000000)
  eden space 15360K, 100% used [0x00000000ec200000,0x00000000ed100000,0x00000000ed100000)
  from space 2560K, 0% used [0x00000000ed380000,0x00000000ed380000,0x00000000ed600000)
  to   space 2560K, 0% used [0x00000000ed100000,0x00000000ed100000,0x00000000ed380000)
 ParOldGen       total 40448K, used 0K [0x00000000c4600000, 0x00000000c6d80000, 0x00000000ec200000)
  object space 40448K, 0% used [0x00000000c4600000,0x00000000c4600000,0x00000000c6d80000)
 PSPermGen       total 21504K, used 9018K [0x00000000bf400000, 0x00000000c0900000, 0x00000000c4600000)
  object space 21504K, 41% used [0x00000000bf400000,0x00000000bfcceba0,0x00000000c0900000)
Event: 0.843 GC heap after
Heap after GC invocations=1 (full 0):
 PSYoungGen      total 17920K, used 2554K [0x00000000ec200000, 0x00000000ed600000, 0x0000000100000000)
  eden space 15360K, 0% used [0x00000000ec200000,0x00000000ec200000,0x00000000ed100000)
  from space 2560K, 99% used [0x00000000ed100000,0x00000000ed37eaf8,0x00000000ed380000)
  to   space 2560K, 0% used [0x00000000ed380000,0x00000000ed380000,0x00000000ed600000)
 ParOldGen       total 40448K, used 618K [0x00000000c4600000, 0x00000000c6d80000, 0x00000000ec200000)
  object space 40448K, 1% used [0x00000000c4600000,0x00000000c469a898,0x00000000c6d80000)
 PSPermGen       total 21504K, used 9018K [0x00000000bf400000, 0x00000000c0900000, 0x00000000c4600000)
  object space 21504K, 41% used [0x00000000bf400000,0x00000000bfcceba0,0x00000000c0900000)
}

Deoptimization events (0 events):
No events

Internal exceptions (10 events):
Event: 0.953 Thread 0x00007fc03000a800 Threw 0x00000000ec67d470 at /HUDSON/workspace/7u-2-build-linux-amd64/jdk7u80/2329/hotspot/src/share/vm/prims/jvm.cpp:1319
Event: 0.953 Thread 0x00007fc03000a800 Threw 0x00000000ec681ad8 at /HUDSON/workspace/7u-2-build-linux-amd64/jdk7u80/2329/hotspot/src/share/vm/prims/jvm.cpp:1319
Event: 0.954 Thread 0x00007fc03000a800 Threw 0x00000000ec685e20 at /HUDSON/workspace/7u-2-build-linux-amd64/jdk7u80/2329/hotspot/src/share/vm/prims/jvm.cpp:1319
Event: 0.955 Thread 0x00007fc03000a800 Threw 0x00000000ec68b4e0 at /HUDSON/workspace/7u-2-build-linux-amd64/jdk7u80/2329/hotspot/src/share/vm/prims/jvm.cpp:1319
Event: 0.955 Thread 0x00007fc03000a800 Threw 0x00000000ec68f9f0 at /HUDSON/workspace/7u-2-build-linux-amd64/jdk7u80/2329/hotspot/src/share/vm/prims/jvm.cpp:1319
Event: 0.955 Thread 0x00007fc03000a800 Threw 0x00000000ec6940a8 at /HUDSON/workspace/7u-2-build-linux-amd64/jdk7u80/2329/hotspot/src/share/vm/prims/jvm.cpp:1319
Event: 0.955 Thread 0x00007fc03000a800 Threw 0x00000000ec698458 at /HUDSON/workspace/7u-2-build-linux-amd64/jdk7u80/2329/hotspot/src/share/vm/prims/jvm.cpp:1319
Event: 0.956 Thread 0x00007fc03000a800 Threw 0x00000000ec69c968 at /HUDSON/workspace/7u-2-build-linux-amd64/jdk7u80/2329/hotspot/src/share/vm/prims/jvm.cpp:1319
Event: 0.956 Thread 0x00007fc03000a800 Threw 0x00000000ec6a0e10 at /HUDSON/workspace/7u-2-build-linux-amd64/jdk7u80/2329/hotspot/src/share/vm/prims/jvm.cpp:1319
Event: 0.963 Thread 0x00007fc03000a800 Threw 0x00000000ec6e0f60 at /HUDSON/workspace/7u-2-build-linux-amd64/jdk7u80/2329/hotspot/src/share/vm/prims/jvm.cpp:1319

Events (10 events):
Event: 0.966 loading class 0x00007fc03131fc90
Event: 0.966 loading class 0x00007fc03131fc90 done
Event: 0.966 loading class 0x00007fc031321030
Event: 0.966 loading class 0x00007fc031321030 done
Event: 0.966 loading class 0x00007fc03131fcb0
Event: 0.966 loading class 0x00007fc03131fcb0 done
Event: 0.966 loading class 0x00007fc0313210a0
Event: 0.966 loading class 0x00007fc0313210a0 done
Event: 0.966 loading class 0x00007fc031321240
Event: 0.966 loading class 0x00007fc031321240 done


Dynamic libraries:
00400000-00401000 r-xp 00000000 08:02 13769971                           /usr/lib/jvm/jdk1.7.0_80/bin/java
00600000-00601000 rw-p 00000000 08:02 13769971                           /usr/lib/jvm/jdk1.7.0_80/bin/java
0178c000-017ad000 rw-p 00000000 00:00 0                                  [heap]
bf400000-c0900000 rw-p 00000000 00:00 0 
c0900000-c4600000 rw-p 00000000 00:00 0 
c4600000-c6d80000 rw-p 00000000 00:00 0 
c6d80000-ec200000 rw-p 00000000 00:00 0 
ec200000-ed600000 rw-p 00000000 00:00 0 
ed600000-100000000 rw-p 00000000 00:00 0 
7fbfeb0a2000-7fbfec000000 rw-p 00000000 00:00 0 
7fbfec000000-7fbfec021000 rw-p 00000000 00:00 0 
7fbfec021000-7fbff0000000 ---p 00000000 00:00 0 
7fbff08fc000-7fbff0a05000 rw-p 00000000 00:00 0 
7fbff0a05000-7fbff0a10000 r-xp 00000000 08:02 12067290                   /usr/lib/x86_64-linux-gnu/libjbig.so.0
7fbff0a10000-7fbff0c0f000 ---p 0000b000 08:02 12067290                   /usr/lib/x86_64-linux-gnu/libjbig.so.0
7fbff0c0f000-7fbff0c10000 r--p 0000a000 08:02 12067290                   /usr/lib/x86_64-linux-gnu/libjbig.so.0
7fbff0c10000-7fbff0c13000 rw-p 0000b000 08:02 12067290                   /usr/lib/x86_64-linux-gnu/libjbig.so.0
7fbff0c13000-7fbff0c34000 r-xp 00000000 08:02 24908250                   /lib/x86_64-linux-gnu/liblzma.so.5.0.0
7fbff0c34000-7fbff0e33000 ---p 00021000 08:02 24908250                   /lib/x86_64-linux-gnu/liblzma.so.5.0.0
7fbff0e33000-7fbff0e34000 r--p 00020000 08:02 24908250                   /lib/x86_64-linux-gnu/liblzma.so.5.0.0
7fbff0e34000-7fbff0e35000 rw-p 00021000 08:02 24908250                   /lib/x86_64-linux-gnu/liblzma.so.5.0.0
7fbff0e35000-7fbff0e6b000 r-xp 00000000 08:02 12064354                   /usr/lib/x86_64-linux-gnu/libopenjp2.so.2.1.0
7fbff0e6b000-7fbff106a000 ---p 00036000 08:02 12064354                   /usr/lib/x86_64-linux-gnu/libopenjp2.so.2.1.0
7fbff106a000-7fbff106b000 r--p 00035000 08:02 12064354                   /usr/lib/x86_64-linux-gnu/libopenjp2.so.2.1.0
7fbff106b000-7fbff106c000 rw-p 00036000 08:02 12064354                   /usr/lib/x86_64-linux-gnu/libopenjp2.so.2.1.0
7fbff106c000-7fbff10c5000 r-xp 00000000 08:02 12067858                   /usr/lib/x86_64-linux-gnu/libwebp.so.5.0.4
7fbff10c5000-7fbff12c5000 ---p 00059000 08:02 12067858                   /usr/lib/x86_64-linux-gnu/libwebp.so.5.0.4
7fbff12c5000-7fbff12c6000 r--p 00059000 08:02 12067858                   /usr/lib/x86_64-linux-gnu/libwebp.so.5.0.4
7fbff12c6000-7fbff12c8000 rw-p 0005a000 08:02 12067858                   /usr/lib/x86_64-linux-gnu/libwebp.so.5.0.4
7fbff12c8000-7fbff1338000 r-xp 00000000 08:02 12059053                   /usr/lib/x86_64-linux-gnu/libtiff.so.5.2.4
7fbff1338000-7fbff1538000 ---p 00070000 08:02 12059053                   /usr/lib/x86_64-linux-gnu/libtiff.so.5.2.4
7fbff1538000-7fbff1539000 r--p 00070000 08:02 12059053                   /usr/lib/x86_64-linux-gnu/libtiff.so.5.2.4
7fbff1539000-7fbff153c000 rw-p 00071000 08:02 12059053                   /usr/lib/x86_64-linux-gnu/libtiff.so.5.2.4
7fbff153c000-7fbff1593000 r-xp 00000000 08:02 12067294                   /usr/lib/x86_64-linux-gnu/libjpeg.so.8.0.2
7fbff1593000-7fbff1793000 ---p 00057000 08:02 12067294                   /usr/lib/x86_64-linux-gnu/libjpeg.so.8.0.2
7fbff1793000-7fbff1794000 r--p 00057000 08:02 12067294                   /usr/lib/x86_64-linux-gnu/libjpeg.so.8.0.2
7fbff1794000-7fbff1795000 rw-p 00058000 08:02 12067294                   /usr/lib/x86_64-linux-gnu/libjpeg.so.8.0.2
7fbff1795000-7fbff17b9000 r-xp 00000000 08:02 24908324                   /lib/x86_64-linux-gnu/libpng12.so.0.54.0
7fbff17b9000-7fbff19b8000 ---p 00024000 08:02 24908324                   /lib/x86_64-linux-gnu/libpng12.so.0.54.0
7fbff19b8000-7fbff19b9000 r--p 00023000 08:02 24908324                   /lib/x86_64-linux-gnu/libpng12.so.0.54.0
7fbff19b9000-7fbff19ba000 rw-p 00024000 08:02 24908324                   /lib/x86_64-linux-gnu/libpng12.so.0.54.0
7fbff19ba000-7fbff19d3000 r-xp 00000000 08:02 24905186                   /lib/x86_64-linux-gnu/libz.so.1.2.8
7fbff19d3000-7fbff1bd2000 ---p 00019000 08:02 24905186                   /lib/x86_64-linux-gnu/libz.so.1.2.8
7fbff1bd2000-7fbff1bd3000 r--p 00018000 08:02 24905186                   /lib/x86_64-linux-gnu/libz.so.1.2.8
7fbff1bd3000-7fbff1bd4000 rw-p 00019000 08:02 24905186                   /lib/x86_64-linux-gnu/libz.so.1.2.8
7fbff1bd4000-7fbff1bea000 r-xp 00000000 08:02 24908221                   /lib/x86_64-linux-gnu/libgcc_s.so.1
7fbff1bea000-7fbff1de9000 ---p 00016000 08:02 24908221                   /lib/x86_64-linux-gnu/libgcc_s.so.1
7fbff1de9000-7fbff1dea000 rw-p 00015000 08:02 24908221                   /lib/x86_64-linux-gnu/libgcc_s.so.1
7fbff1dea000-7fbff1f5c000 r-xp 00000000 08:02 12067707                   /usr/lib/x86_64-linux-gnu/libstdc++.so.6.0.21
7fbff1f5c000-7fbff215c000 ---p 00172000 08:02 12067707                   /usr/lib/x86_64-linux-gnu/libstdc++.so.6.0.21
7fbff215c000-7fbff2166000 r--p 00172000 08:02 12067707                   /usr/lib/x86_64-linux-gnu/libstdc++.so.6.0.21
7fbff2166000-7fbff2168000 rw-p 0017c000 08:02 12067707                   /usr/lib/x86_64-linux-gnu/libstdc++.so.6.0.21
7fbff2168000-7fbff216c000 rw-p 00000000 00:00 0 
7fbff216c000-7fbff23a9000 r-xp 00000000 08:02 12066280                   /usr/lib/liblept.so.5.0.0
7fbff23a9000-7fbff25a8000 ---p 0023d000 08:02 12066280                   /usr/lib/liblept.so.5.0.0
7fbff25a8000-7fbff25a9000 r--p 0023c000 08:02 12066280                   /usr/lib/liblept.so.5.0.0
7fbff25a9000-7fbff25af000 rw-p 0023d000 08:02 12066280                   /usr/lib/liblept.so.5.0.0
7fbff25af000-7fbff2898000 r-xp 00000000 08:02 12066283                   /usr/lib/libtesseract.so.3.0.4
7fbff2898000-7fbff2a98000 ---p 002e9000 08:02 12066283                   /usr/lib/libtesseract.so.3.0.4
7fbff2a98000-7fbff2a9c000 r--p 002e9000 08:02 12066283                   /usr/lib/libtesseract.so.3.0.4
7fbff2a9c000-7fbff2a9d000 rw-p 002ed000 08:02 12066283                   /usr/lib/libtesseract.so.3.0.4
7fbff2a9d000-7fbff2d31000 rw-p 00000000 00:00 0 
7fbff2d31000-7fbff2d48000 r-xp 00000000 08:02 19139143                   /tmp/jna-795320491/jna7800850994842093693.tmp (deleted)
7fbff2d48000-7fbff2e47000 ---p 00017000 08:02 19139143                   /tmp/jna-795320491/jna7800850994842093693.tmp (deleted)
7fbff2e47000-7fbff2e49000 rw-p 00016000 08:02 19139143                   /tmp/jna-795320491/jna7800850994842093693.tmp (deleted)
7fbff2e49000-7fbff2e83000 r-xp 00000000 08:02 13646715                   /usr/lib/jvm/jdk1.7.0_80/jre/lib/amd64/libjpeg.so
7fbff2e83000-7fbff3083000 ---p 0003a000 08:02 13646715                   /usr/lib/jvm/jdk1.7.0_80/jre/lib/amd64/libjpeg.so
7fbff3083000-7fbff3084000 rw-p 0003a000 08:02 13646715                   /usr/lib/jvm/jdk1.7.0_80/jre/lib/amd64/libjpeg.so
7fbff3084000-7fbff3087000 ---p 00000000 00:00 0 
7fbff3087000-7fbff3185000 rw-p 00000000 00:00 0 
7fbff3185000-7fbff318a000 r-xp 00000000 08:02 12066558                   /usr/lib/x86_64-linux-gnu/libXdmcp.so.6.0.0
7fbff318a000-7fbff3389000 ---p 00005000 08:02 12066558                   /usr/lib/x86_64-linux-gnu/libXdmcp.so.6.0.0
7fbff3389000-7fbff338a000 r--p 00004000 08:02 12066558                   /usr/lib/x86_64-linux-gnu/libXdmcp.so.6.0.0
7fbff338a000-7fbff338b000 rw-p 00005000 08:02 12066558                   /usr/lib/x86_64-linux-gnu/libXdmcp.so.6.0.0
7fbff338b000-7fbff338d000 r-xp 00000000 08:02 12066547                   /usr/lib/x86_64-linux-gnu/libXau.so.6.0.0
7fbff338d000-7fbff358d000 ---p 00002000 08:02 12066547                   /usr/lib/x86_64-linux-gnu/libXau.so.6.0.0
7fbff358d000-7fbff358e000 r--p 00002000 08:02 12066547                   /usr/lib/x86_64-linux-gnu/libXau.so.6.0.0
7fbff358e000-7fbff358f000 rw-p 00003000 08:02 12066547                   /usr/lib/x86_64-linux-gnu/libXau.so.6.0.0
7fbff358f000-7fbff35b0000 r-xp 00000000 08:02 12067956                   /usr/lib/x86_64-linux-gnu/libxcb.so.1.1.0
7fbff35b0000-7fbff37af000 ---p 00021000 08:02 12067956                   /usr/lib/x86_64-linux-gnu/libxcb.so.1.1.0
7fbff37af000-7fbff37b0000 r--p 00020000 08:02 12067956                   /usr/lib/x86_64-linux-gnu/libxcb.so.1.1.0
7fbff37b0000-7fbff37b1000 rw-p 00021000 08:02 12067956                   /usr/lib/x86_64-linux-gnu/libxcb.so.1.1.0
7fbff37b1000-7fbff37c0000 r-xp 00000000 08:02 12066568                   /usr/lib/x86_64-linux-gnu/libXi.so.6.1.0
7fbff37c0000-7fbff39bf000 ---p 0000f000 08:02 12066568                   /usr/lib/x86_64-linux-gnu/libXi.so.6.1.0
7fbff39bf000-7fbff39c0000 r--p 0000e000 08:02 12066568                   /usr/lib/x86_64-linux-gnu/libXi.so.6.1.0
7fbff39c0000-7fbff39c1000 rw-p 0000f000 08:02 12066568                   /usr/lib/x86_64-linux-gnu/libXi.so.6.1.0
7fbff39c1000-7fbff39c6000 r-xp 00000000 08:02 12066586                   /usr/lib/x86_64-linux-gnu/libXtst.so.6.1.0
7fbff39c6000-7fbff3bc5000 ---p 00005000 08:02 12066586                   /usr/lib/x86_64-linux-gnu/libXtst.so.6.1.0
7fbff3bc5000-7fbff3bc6000 r--p 00004000 08:02 12066586                   /usr/lib/x86_64-linux-gnu/libXtst.so.6.1.0
7fbff3bc6000-7fbff3bc7000 rw-p 00005000 08:02 12066586                   /usr/lib/x86_64-linux-gnu/libXtst.so.6.1.0
7fbff3bc7000-7fbff3bd0000 r-xp 00000000 08:02 12066580                   /usr/lib/x86_64-linux-gnu/libXrender.so.1.3.0
7fbff3bd0000-7fbff3dcf000 ---p 00009000 08:02 12066580                   /usr/lib/x86_64-linux-gnu/libXrender.so.1.3.0
7fbff3dcf000-7fbff3dd0000 r--p 00008000 08:02 12066580                   /usr/lib/x86_64-linux-gnu/libXrender.so.1.3.0
7fbff3dd0000-7fbff3dd1000 rw-p 00009000 08:02 12066580                   /usr/lib/x86_64-linux-gnu/libXrender.so.1.3.0
7fbff3dd1000-7fbff3f06000 r-xp 00000000 08:02 12066543                   /usr/lib/x86_64-linux-gnu/libX11.so.6.3.0
7fbff3f06000-7fbff4106000 ---p 00135000 08:02 12066543                   /usr/lib/x86_64-linux-gnu/libX11.so.6.3.0
7fbff4106000-7fbff4107000 r--p 00135000 08:02 12066543                   /usr/lib/x86_64-linux-gnu/libX11.so.6.3.0
7fbff4107000-7fbff410b000 rw-p 00136000 08:02 12066543                   /usr/lib/x86_64-linux-gnu/libX11.so.6.3.0
7fbff410b000-7fbff411c000 r-xp 00000000 08:02 12066560                   /usr/lib/x86_64-linux-gnu/libXext.so.6.4.0
7fbff411c000-7fbff431b000 ---p 00011000 08:02 12066560                   /usr/lib/x86_64-linux-gnu/libXext.so.6.4.0
7fbff431b000-7fbff431c000 r--p 00010000 08:02 12066560                   /usr/lib/x86_64-linux-gnu/libXext.so.6.4.0
7fbff431c000-7fbff431d000 rw-p 00011000 08:02 12066560                   /usr/lib/x86_64-linux-gnu/libXext.so.6.4.0
7fbff431d000-7fbff436d000 r-xp 00000000 08:02 13646705                   /usr/lib/jvm/jdk1.7.0_80/jre/lib/amd64/xawt/libmawt.so
7fbff436d000-7fbff456d000 ---p 00050000 08:02 13646705                   /usr/lib/jvm/jdk1.7.0_80/jre/lib/amd64/xawt/libmawt.so
7fbff456d000-7fbff4571000 rw-p 00050000 08:02 13646705                   /usr/lib/jvm/jdk1.7.0_80/jre/lib/amd64/xawt/libmawt.so
7fbff4571000-7fbff4572000 rw-p 00000000 00:00 0 
7fbff4572000-7fbff4614000 r-xp 00000000 08:02 13646725                   /usr/lib/jvm/jdk1.7.0_80/jre/lib/amd64/libawt.so
7fbff4614000-7fbff4814000 ---p 000a2000 08:02 13646725                   /usr/lib/jvm/jdk1.7.0_80/jre/lib/amd64/libawt.so
7fbff4814000-7fbff4820000 rw-p 000a2000 08:02 13646725                   /usr/lib/jvm/jdk1.7.0_80/jre/lib/amd64/libawt.so
7fbff4820000-7fbff4844000 rw-p 00000000 00:00 0 
7fbff4844000-7fbff4854000 r-xp 00000000 08:02 13646692                   /usr/lib/jvm/jdk1.7.0_80/jre/lib/amd64/libnio.so
7fbff4854000-7fbff4a54000 ---p 00010000 08:02 13646692                   /usr/lib/jvm/jdk1.7.0_80/jre/lib/amd64/libnio.so
7fbff4a54000-7fbff4a55000 rw-p 00010000 08:02 13646692                   /usr/lib/jvm/jdk1.7.0_80/jre/lib/amd64/libnio.so
7fbff4a55000-7fbff7a56000 rw-p 00000000 00:00 0 
7fbff7a56000-7fbff7a6d000 r-xp 00000000 08:02 13646726                   /usr/lib/jvm/jdk1.7.0_80/jre/lib/amd64/libnet.so
7fbff7a6d000-7fbff7c6c000 ---p 00017000 08:02 13646726                   /usr/lib/jvm/jdk1.7.0_80/jre/lib/amd64/libnet.so
7fbff7c6c000-7fbff7c6d000 rw-p 00016000 08:02 13646726                   /usr/lib/jvm/jdk1.7.0_80/jre/lib/amd64/libnet.so
7fbff7c6d000-7fbff8000000 r--s 03191000 08:02 8128837                    /home/headrun/Downloads/tika-app-1.17.jar
7fbff8000000-7fbff8021000 rw-p 00000000 00:00 0 
7fbff8021000-7fbffc000000 ---p 00000000 00:00 0 
7fbffc000000-7fbffc021000 rw-p 00000000 00:00 0 
7fbffc021000-7fc000000000 ---p 00000000 00:00 0 
7fc000000000-7fc00050d000 rw-p 00000000 00:00 0 
7fc00050d000-7fc004000000 ---p 00000000 00:00 0 
7fc004000000-7fc0043f2000 rw-p 00000000 00:00 0 
7fc0043f2000-7fc008000000 ---p 00000000 00:00 0 
7fc008000000-7fc008021000 rw-p 00000000 00:00 0 
7fc008021000-7fc00c000000 ---p 00000000 00:00 0 
7fc00c000000-7fc00c021000 rw-p 00000000 00:00 0 
7fc00c021000-7fc010000000 ---p 00000000 00:00 0 
7fc010000000-7fc010021000 rw-p 00000000 00:00 0 
7fc010021000-7fc014000000 ---p 00000000 00:00 0 
7fc014000000-7fc014021000 rw-p 00000000 00:00 0 
7fc014021000-7fc018000000 ---p 00000000 00:00 0 
7fc018000000-7fc018021000 rw-p 00000000 00:00 0 
7fc018021000-7fc01c000000 ---p 00000000 00:00 0 
7fc01c073000-7fc01c077000 r--s 0008b000 08:02 13647318                   /usr/lib/jvm/jdk1.7.0_80/jre/lib/jsse.jar
7fc01c077000-7fc01c082000 r--s 0037c000 08:02 13647395                   /usr/lib/jvm/jdk1.7.0_80/jre/lib/charsets.jar
7fc01c082000-7fc01c086000 r--s 000f7000 08:02 13647329                   /usr/lib/jvm/jdk1.7.0_80/jre/lib/ext/localedata.jar
7fc01c086000-7fc01c090000 r--s 00253000 08:02 13646769                   /usr/lib/jvm/jdk1.7.0_80/jre/lib/resources.jar
7fc01c090000-7fc01c093000 r--s 00017000 08:02 8132360                    /home/headrun/Downloads/marvin_1.5.5.jar
7fc01c093000-7fc01c121000 rw-p 00000000 00:00 0 
7fc01c121000-7fc01c137000 r--s 0023f000 08:02 8139468                    /home/headrun/Downloads/pdfbox-2.0.3.jar
7fc01c137000-7fc01c13d000 r--s 00163000 08:02 8139467                    /home/headrun/Downloads/fontbox-2.0.3.jar
7fc01c13d000-7fc01c14b000 r--s 00083000 08:02 8141858                    /home/headrun/Downloads/opencv-3.0.0-1.0.jar
7fc01c14b000-7fc01c14e000 r--s 031c7000 08:02 12847991                   /home/headrun/Downloads/asprise-ocr-java-15.3.1-trial-linux/aocr.jar
7fc01c14e000-7fc01c158000 r--s 00081000 08:02 13108978                   /home/headrun/Downloads/jar_files (1)/xmlgraphics-commons-1.4.jar
7fc01c158000-7fc01c15a000 r--s 02050000 08:02 13110944                   /home/headrun/Downloads/jar_files (1)/tess4j-3.2.1.jar
7fc01c15a000-7fc01c15e000 r--s 00015000 08:02 13110932                   /home/headrun/Downloads/jar_files (1)/rococoa-core-0.5.jar
7fc01c15e000-7fc01c168000 r--s 00069000 08:02 13110945                   /home/headrun/Downloads/jar_files (1)/logback-core-1.1.7.jar
7fc01c168000-7fc01c16f000 r--s 00044000 08:02 13110925                   /home/headrun/Downloads/jar_files (1)/logback-classic-1.1.7.jar
7fc01c16f000-7fc01c178000 r--s 0006f000 08:02 13108979                   /home/headrun/Downloads/jar_files (1)/log4j-1.2.17.jar
7fc01c178000-7fc01c17d000 r--s 00229000 08:02 13110922                   /home/headrun/Downloads/jar_files (1)/lept4j-1.2.3.jar
7fc01c17d000-7fc01c188000 r--s 00088000 08:02 13109141                   /home/headrun/Downloads/jar_files (1)/jai-imageio-core-1.3.1.jar
7fc01c188000-7fc01c189000 ---p 00000000 00:00 0 
7fc01c189000-7fc01c289000 rw-p 00000000 00:00 0 
7fc01c289000-7fc01c28c000 ---p 00000000 00:00 0 
7fc01c28c000-7fc01c38a000 rw-p 00000000 00:00 0 
7fc01c38a000-7fc01c38d000 ---p 00000000 00:00 0 
7fc01c38d000-7fc01c48b000 rw-p 00000000 00:00 0 
7fc01c48b000-7fc01c48e000 ---p 00000000 00:00 0 
7fc01c48e000-7fc01c58c000 rw-p 00000000 00:00 0 
7fc01c58c000-7fc01c58f000 ---p 00000000 00:00 0 
7fc01c58f000-7fc01c68d000 rw-p 00000000 00:00 0 
7fc01c68d000-7fc01c965000 r--p 00000000 08:02 12058653                   /usr/lib/locale/locale-archive
7fc01c965000-7fc01c968000 ---p 00000000 00:00 0 
7fc01c968000-7fc01ca66000 rw-p 00000000 00:00 0 
7fc01ca66000-7fc01ca69000 ---p 00000000 00:00 0 
7fc01ca69000-7fc01cb67000 rw-p 00000000 00:00 0 
7fc01cb67000-7fc01cb68000 ---p 00000000 00:00 0 
7fc01cb68000-7fc01dbda000 rw-p 00000000 00:00 0 
7fc01dbda000-7fc01dd9a000 r--s 039fb000 08:02 13647374                   /usr/lib/jvm/jdk1.7.0_80/jre/lib/rt.jar
7fc01dd9a000-7fc020000000 rw-p 00000000 00:00 0 
7fc020000000-7fc020021000 rw-p 00000000 00:00 0 
7fc020021000-7fc024000000 ---p 00000000 00:00 0 
7fc024000000-7fc024021000 rw-p 00000000 00:00 0 
7fc024021000-7fc028000000 ---p 00000000 00:00 0 
7fc028000000-7fc028021000 rw-p 00000000 00:00 0 
7fc028021000-7fc02c000000 ---p 00000000 00:00 0 
7fc02c000000-7fc02c002000 r--s 00004000 08:02 13109142                   /home/headrun/Downloads/jar_files (1)/log4j-over-slf4j-1.7.21.jar
7fc02c002000-7fc02c006000 r--s 000dc000 08:02 13109139                   /home/headrun/Downloads/jar_files (1)/jna-4.1.0.jar
7fc02c006000-7fc02c012000 r--s 00108000 08:02 13108977                   /home/headrun/Downloads/jar_files (1)/itext-2.1.7.jar
7fc02c012000-7fc02c020000 r--s 0007f000 08:02 13110929                   /home/headrun/Downloads/jar_files (1)/commons-collections-3.2.1.jar
7fc02c020000-7fc02c1a6000 rw-p 00000000 00:00 0 
7fc02c1a6000-7fc02c1a7000 ---p 00000000 00:00 0 
7fc02c1a7000-7fc02c2a7000 rw-p 00000000 00:00 0 
7fc02c2a7000-7fc02c2a8000 ---p 00000000 00:00 0 
7fc02c2a8000-7fc02c3a8000 rw-p 00000000 00:00 0 
7fc02c3a8000-7fc02c3a9000 ---p 00000000 00:00 0 
7fc02c3a9000-7fc02c4a9000 rw-p 00000000 00:00 0 
7fc02c4a9000-7fc02c4aa000 ---p 00000000 00:00 0 
7fc02c4aa000-7fc02c5b5000 rw-p 00000000 00:00 0 
7fc02c5b5000-7fc02c5d3000 rw-p 00000000 00:00 0 
7fc02c5d3000-7fc02c5e7000 rw-p 00000000 00:00 0 
7fc02c5e7000-7fc02c711000 rw-p 00000000 00:00 0 
7fc02c711000-7fc02c71b000 rw-p 00000000 00:00 0 
7fc02c71b000-7fc02c7b0000 rw-p 00000000 00:00 0 
7fc02c7b0000-7fc02c7b1000 rw-p 00000000 00:00 0 
7fc02c7b1000-7fc02ca21000 rwxp 00000000 00:00 0 
7fc02ca21000-7fc02f7b1000 rw-p 00000000 00:00 0 
7fc02f7b1000-7fc02f7c8000 r-xp 00000000 08:02 13646721                   /usr/lib/jvm/jdk1.7.0_80/jre/lib/amd64/libzip.so
7fc02f7c8000-7fc02f9c8000 ---p 00017000 08:02 13646721                   /usr/lib/jvm/jdk1.7.0_80/jre/lib/amd64/libzip.so
7fc02f9c8000-7fc02f9c9000 rw-p 00017000 08:02 13646721                   /usr/lib/jvm/jdk1.7.0_80/jre/lib/amd64/libzip.so
7fc02f9c9000-7fc02f9d4000 r-xp 00000000 08:02 24909811                   /lib/x86_64-linux-gnu/libnss_files-2.23.so
7fc02f9d4000-7fc02fbd3000 ---p 0000b000 08:02 24909811                   /lib/x86_64-linux-gnu/libnss_files-2.23.so
7fc02fbd3000-7fc02fbd4000 r--p 0000a000 08:02 24909811                   /lib/x86_64-linux-gnu/libnss_files-2.23.so
7fc02fbd4000-7fc02fbd5000 rw-p 0000b000 08:02 24909811                   /lib/x86_64-linux-gnu/libnss_files-2.23.so
7fc02fbd5000-7fc02fbdb000 rw-p 00000000 00:00 0 
7fc02fbdb000-7fc02fbe6000 r-xp 00000000 08:02 24909815                   /lib/x86_64-linux-gnu/libnss_nis-2.23.so
7fc02fbe6000-7fc02fde5000 ---p 0000b000 08:02 24909815                   /lib/x86_64-linux-gnu/libnss_nis-2.23.so
7fc02fde5000-7fc02fde6000 r--p 0000a000 08:02 24909815                   /lib/x86_64-linux-gnu/libnss_nis-2.23.so
7fc02fde6000-7fc02fde7000 rw-p 0000b000 08:02 24909815                   /lib/x86_64-linux-gnu/libnss_nis-2.23.so
7fc02fde7000-7fc02fdfd000 r-xp 00000000 08:02 24909795                   /lib/x86_64-linux-gnu/libnsl-2.23.so
7fc02fdfd000-7fc02fffc000 ---p 00016000 08:02 24909795                   /lib/x86_64-linux-gnu/libnsl-2.23.so
7fc02fffc000-7fc02fffd000 r--p 00015000 08:02 24909795                   /lib/x86_64-linux-gnu/libnsl-2.23.so
7fc02fffd000-7fc02fffe000 rw-p 00016000 08:02 24909795                   /lib/x86_64-linux-gnu/libnsl-2.23.so
7fc02fffe000-7fc030000000 rw-p 00000000 00:00 0 
7fc030000000-7fc0313c0000 rw-p 00000000 00:00 0 
7fc0313c0000-7fc034000000 ---p 00000000 00:00 0 
7fc034000000-7fc034002000 r--s 00000000 08:02 13110924                   /home/headrun/Downloads/jar_files (1)/jul-to-slf4j-1.7.21.jar
7fc034002000-7fc034004000 r--s 00003000 08:02 13110923                   /home/headrun/Downloads/jar_files (1)/jcl-over-slf4j-1.7.21.jar
7fc034004000-7fc034009000 r--s 00028000 08:02 13109140                   /home/headrun/Downloads/jar_files (1)/ghost4j-1.0.1.jar
7fc034009000-7fc03400d000 r--s 0002f000 08:02 13110931                   /home/headrun/Downloads/jar_files (1)/commons-io-2.5.jar
7fc03400d000-7fc034012000 r--s 00035000 08:02 13110930                   /home/headrun/Downloads/jar_files (1)/commons-beanutils-1.9.2.jar
7fc034012000-7fc034020000 r--s 00374000 08:02 13901063                   /home/headrun/Downloads/PDFxStream.Java-3.5.0/lib/PDFxStream.jar
7fc034020000-7fc03402b000 rw-p 00000000 00:00 0 
7fc03402b000-7fc034049000 rw-p 00000000 00:00 0 
7fc034049000-7fc03405d000 rw-p 00000000 00:00 0 
7fc03405d000-7fc034187000 rw-p 00000000 00:00 0 
7fc034187000-7fc03418f000 r-xp 00000000 08:02 24909806                   /lib/x86_64-linux-gnu/libnss_compat-2.23.so
7fc03418f000-7fc03438e000 ---p 00008000 08:02 24909806                   /lib/x86_64-linux-gnu/libnss_compat-2.23.so
7fc03438e000-7fc03438f000 r--p 00007000 08:02 24909806                   /lib/x86_64-linux-gnu/libnss_compat-2.23.so
7fc03438f000-7fc034390000 rw-p 00008000 08:02 24909806                   /lib/x86_64-linux-gnu/libnss_compat-2.23.so
7fc034390000-7fc0343b9000 r-xp 00000000 08:02 13646687                   /usr/lib/jvm/jdk1.7.0_80/jre/lib/amd64/libjava.so
7fc0343b9000-7fc0345b9000 ---p 00029000 08:02 13646687                   /usr/lib/jvm/jdk1.7.0_80/jre/lib/amd64/libjava.so
7fc0345b9000-7fc0345bb000 rw-p 00029000 08:02 13646687                   /usr/lib/jvm/jdk1.7.0_80/jre/lib/amd64/libjava.so
7fc0345bb000-7fc0345c8000 r-xp 00000000 08:02 13646714                   /usr/lib/jvm/jdk1.7.0_80/jre/lib/amd64/libverify.so
7fc0345c8000-7fc0347c7000 ---p 0000d000 08:02 13646714                   /usr/lib/jvm/jdk1.7.0_80/jre/lib/amd64/libverify.so
7fc0347c7000-7fc0347c9000 rw-p 0000c000 08:02 13646714                   /usr/lib/jvm/jdk1.7.0_80/jre/lib/amd64/libverify.so
7fc0347c9000-7fc0347d0000 r-xp 00000000 08:02 24909816                   /lib/x86_64-linux-gnu/librt-2.23.so
7fc0347d0000-7fc0349cf000 ---p 00007000 08:02 24909816                   /lib/x86_64-linux-gnu/librt-2.23.so
7fc0349cf000-7fc0349d0000 r--p 00006000 08:02 24909816                   /lib/x86_64-linux-gnu/librt-2.23.so
7fc0349d0000-7fc0349d1000 rw-p 00007000 08:02 24909816                   /lib/x86_64-linux-gnu/librt-2.23.so
7fc0349d1000-7fc034ad9000 r-xp 00000000 08:02 24909793                   /lib/x86_64-linux-gnu/libm-2.23.so
7fc034ad9000-7fc034cd8000 ---p 00108000 08:02 24909793                   /lib/x86_64-linux-gnu/libm-2.23.so
7fc034cd8000-7fc034cd9000 r--p 00107000 08:02 24909793                   /lib/x86_64-linux-gnu/libm-2.23.so
7fc034cd9000-7fc034cda000 rw-p 00108000 08:02 24909793                   /lib/x86_64-linux-gnu/libm-2.23.so
7fc034cda000-7fc035850000 r-xp 00000000 08:02 13646741                   /usr/lib/jvm/jdk1.7.0_80/jre/lib/amd64/server/libjvm.so
7fc035850000-7fc035a4f000 ---p 00b76000 08:02 13646741                   /usr/lib/jvm/jdk1.7.0_80/jre/lib/amd64/server/libjvm.so
7fc035a4f000-7fc035b13000 rw-p 00b75000 08:02 13646741                   /usr/lib/jvm/jdk1.7.0_80/jre/lib/amd64/server/libjvm.so
7fc035b13000-7fc035b54000 rw-p 00000000 00:00 0 
7fc035b54000-7fc035d14000 r-xp 00000000 08:02 24909798                   /lib/x86_64-linux-gnu/libc-2.23.so
7fc035d14000-7fc035f14000 ---p 001c0000 08:02 24909798                   /lib/x86_64-linux-gnu/libc-2.23.so
7fc035f14000-7fc035f18000 r--p 001c0000 08:02 24909798                   /lib/x86_64-linux-gnu/libc-2.23.so
7fc035f18000-7fc035f1a000 rw-p 001c4000 08:02 24909798                   /lib/x86_64-linux-gnu/libc-2.23.so
7fc035f1a000-7fc035f1e000 rw-p 00000000 00:00 0 
7fc035f1e000-7fc035f21000 r-xp 00000000 08:02 24909800                   /lib/x86_64-linux-gnu/libdl-2.23.so
7fc035f21000-7fc036120000 ---p 00003000 08:02 24909800                   /lib/x86_64-linux-gnu/libdl-2.23.so
7fc036120000-7fc036121000 r--p 00002000 08:02 24909800                   /lib/x86_64-linux-gnu/libdl-2.23.so
7fc036121000-7fc036122000 rw-p 00003000 08:02 24909800                   /lib/x86_64-linux-gnu/libdl-2.23.so
7fc036122000-7fc036137000 r-xp 00000000 08:02 13647422                   /usr/lib/jvm/jdk1.7.0_80/lib/amd64/jli/libjli.so
7fc036137000-7fc036336000 ---p 00015000 08:02 13647422                   /usr/lib/jvm/jdk1.7.0_80/lib/amd64/jli/libjli.so
7fc036336000-7fc036337000 rw-p 00014000 08:02 13647422                   /usr/lib/jvm/jdk1.7.0_80/lib/amd64/jli/libjli.so
7fc036337000-7fc03634f000 r-xp 00000000 08:02 24909797                   /lib/x86_64-linux-gnu/libpthread-2.23.so
7fc03634f000-7fc03654e000 ---p 00018000 08:02 24909797                   /lib/x86_64-linux-gnu/libpthread-2.23.so
7fc03654e000-7fc03654f000 r--p 00017000 08:02 24909797                   /lib/x86_64-linux-gnu/libpthread-2.23.so
7fc03654f000-7fc036550000 rw-p 00018000 08:02 24909797                   /lib/x86_64-linux-gnu/libpthread-2.23.so
7fc036550000-7fc036554000 rw-p 00000000 00:00 0 
7fc036554000-7fc03657a000 r-xp 00000000 08:02 24909796                   /lib/x86_64-linux-gnu/ld-2.23.so
7fc03657a000-7fc03657b000 r--s 00009000 08:02 13110928                   /home/headrun/Downloads/jar_files (1)/slf4j-api-1.7.20.jar
7fc03657b000-7fc03657d000 r--s 0000d000 08:02 13108980                   /home/headrun/Downloads/jar_files (1)/commons-logging-1.1.1.jar
7fc03657d000-7fc036584000 r--s 00040000 08:02 13110927                   /home/headrun/Downloads/jar_files (1)/cglib-2.2.2.jar
7fc036584000-7fc0365a3000 rw-p 00000000 00:00 0 
7fc0365a3000-7fc036659000 rw-p 00000000 00:00 0 
7fc036659000-7fc03665c000 ---p 00000000 00:00 0 
7fc03665c000-7fc03675f000 rw-p 00000000 00:00 0 
7fc03675f000-7fc036760000 r--s 0000a000 08:02 13110926                   /home/headrun/Downloads/jar_files (1)/asm-3.3.1.jar
7fc036760000-7fc03676f000 r--s 0017c000 08:02 13646600                   /home/headrun/Downloads/itextpdf-5.1.0.jar
7fc03676f000-7fc036777000 rw-s 00000000 08:02 19139141                   /tmp/hsperfdata_headrun/10008
7fc036777000-7fc036778000 rw-p 00000000 00:00 0 
7fc036778000-7fc036779000 r--p 00000000 00:00 0 
7fc036779000-7fc03677a000 r--p 00025000 08:02 24909796                   /lib/x86_64-linux-gnu/ld-2.23.so
7fc03677a000-7fc03677b000 rw-p 00026000 08:02 24909796                   /lib/x86_64-linux-gnu/ld-2.23.so
7fc03677b000-7fc03677c000 rw-p 00000000 00:00 0 
7ffdf2de0000-7ffdf2e02000 rw-p 00000000 00:00 0                          [stack]
7ffdf2e63000-7ffdf2e66000 r--p 00000000 00:00 0                          [vvar]
7ffdf2e66000-7ffdf2e68000 r-xp 00000000 00:00 0                          [vdso]
ffffffffff600000-ffffffffff601000 r-xp 00000000 00:00 0                  [vsyscall]

VM Arguments:
jvm_args: -Dfile.encoding=UTF-8 
java_command: TesseractExample
Launcher Type: SUN_STANDARD

Environment Variables:
JAVA_HOME=/usr/lib/jvm/java-8-oracle
CLASSPATH=/usr/lib/jvm/jdk1.7.0_80/lib/tools.jar:/usr/lib/jvm/jdk1.7.0_80/jre/rt.jar
PATH=/home/headrun/bin:/home/headrun/.local/bin:/usr/lib/jvm/jdk1.7.0_80/bin:/usr/local/sbin:/usr/local/bin:/usr/sbin:/usr/bin:/sbin:/bin:/usr/games:/usr/local/games:/snap/bin:/usr/lib/jvm/java-8-oracle/bin:/usr/lib/jvm/java-8-oracle/db/bin:/usr/lib/jvm/java-8-oracle/jre/bin
SHELL=/bin/bash
DISPLAY=:0

Signal Handlers:
SIGSEGV: [libjvm.so+0x9a3b20], sa_mask[0]=0x7ffbfeff, sa_flags=0x10000004
SIGBUS: [libjvm.so+0x9a3b20], sa_mask[0]=0x7ffbfeff, sa_flags=0x10000004
SIGFPE: [libjvm.so+0x81e740], sa_mask[0]=0x7ffbfeff, sa_flags=0x10000004
SIGPIPE: [libjvm.so+0x81e740], sa_mask[0]=0x7ffbfeff, sa_flags=0x10000004
SIGXFSZ: [libjvm.so+0x81e740], sa_mask[0]=0x7ffbfeff, sa_flags=0x10000004
SIGILL: [libjvm.so+0x81e740], sa_mask[0]=0x7ffbfeff, sa_flags=0x10000004
SIGUSR1: SIG_DFL, sa_mask[0]=0x00000000, sa_flags=0x00000000
SIGUSR2: [libjvm.so+0x81ffb0], sa_mask[0]=0x00000004, sa_flags=0x10000004
SIGHUP: [libjvm.so+0x8210d0], sa_mask[0]=0x7ffbfeff, sa_flags=0x10000004
SIGINT: [libjvm.so+0x8210d0], sa_mask[0]=0x7ffbfeff, sa_flags=0x10000004
SIGTERM: [libjvm.so+0x8210d0], sa_mask[0]=0x7ffbfeff, sa_flags=0x10000004
SIGQUIT: [libjvm.so+0x8210d0], sa_mask[0]=0x7ffbfeff, sa_flags=0x10000004


---------------  S Y S T E M  ---------------

OS:stretch/sid

uname:Linux 4.13.0-32-generic #35~16.04.1-Ubuntu SMP Thu Jan 25 10:13:43 UTC 2018 x86_64
libc:glibc 2.23 NPTL 2.23 
rlimit: STACK 8192k, CORE 0k, NPROC 14968, NOFILE 1048576, AS infinity
load average:0.47 0.99 1.18

/proc/meminfo:
MemTotal:        3900928 kB
MemFree:          424316 kB
MemAvailable:     840556 kB
Buffers:           45624 kB
Cached:           878204 kB
SwapCached:        26108 kB
Active:          2637240 kB
Inactive:         634072 kB
Active(anon):    2275944 kB
Inactive(anon):   398660 kB
Active(file):     361296 kB
Inactive(file):   235412 kB
Unevictable:         336 kB
Mlocked:             336 kB
SwapTotal:       4055036 kB
SwapFree:        3903472 kB
Dirty:               220 kB
Writeback:             0 kB
AnonPages:       2321912 kB
Mapped:           392928 kB
Shmem:            327196 kB
Slab:              88696 kB
SReclaimable:      44132 kB
SUnreclaim:        44564 kB
KernelStack:       11504 kB
PageTables:        50248 kB
NFS_Unstable:          0 kB
Bounce:                0 kB
WritebackTmp:          0 kB
CommitLimit:     6005500 kB
Committed_AS:    8758180 kB
VmallocTotal:   34359738367 kB
VmallocUsed:           0 kB
VmallocChunk:          0 kB
HardwareCorrupted:     0 kB
AnonHugePages:         0 kB
ShmemHugePages:        0 kB
ShmemPmdMapped:        0 kB
CmaTotal:              0 kB
CmaFree:               0 kB
HugePages_Total:       0
HugePages_Free:        0
HugePages_Rsvd:        0
HugePages_Surp:        0
Hugepagesize:       2048 kB
DirectMap4k:      196080 kB
DirectMap2M:     3860480 kB


CPU:total 4 (2 cores per cpu, 2 threads per core) family 6 model 58 stepping 9, cmov, cx8, fxsr, mmx, sse, sse2, sse3, ssse3, sse4.1, sse4.2, popcnt, avx, erms, ht, tsc, tscinvbit, tscinv

/proc/cpuinfo:
processor	: 0
vendor_id	: GenuineIntel
cpu family	: 6
model		: 58
model name	: Intel(R) Core(TM) i3-3110M CPU @ 2.40GHz
stepping	: 9
microcode	: 0x15
cpu MHz		: 2394.374
cache size	: 3072 KB
physical id	: 0
siblings	: 4
core id		: 0
cpu cores	: 2
apicid		: 0
initial apicid	: 0
fpu		: yes
fpu_exception	: yes
cpuid level	: 13
wp		: yes
flags		: fpu vme de pse tsc msr pae mce cx8 apic sep mtrr pge mca cmov pat pse36 clflush dts acpi mmx fxsr sse sse2 ss ht tm pbe syscall nx rdtscp lm constant_tsc arch_perfmon pebs bts rep_good nopl xtopology nonstop_tsc cpuid aperfmperf pni pclmulqdq dtes64 monitor ds_cpl vmx est tm2 ssse3 cx16 xtpr pdcm pcid sse4_1 sse4_2 x2apic popcnt tsc_deadline_timer xsave avx f16c lahf_lm cpuid_fault epb pti tpr_shadow vnmi flexpriority ept vpid fsgsbase smep erms xsaveopt dtherm arat pln pts
bugs		: cpu_meltdown spectre_v1 spectre_v2
bogomips	: 4788.74
clflush size	: 64
cache_alignment	: 64
address sizes	: 36 bits physical, 48 bits virtual
power management:

processor	: 1
vendor_id	: GenuineIntel
cpu family	: 6
model		: 58
model name	: Intel(R) Core(TM) i3-3110M CPU @ 2.40GHz
stepping	: 9
microcode	: 0x15
cpu MHz		: 2394.374
cache size	: 3072 KB
physical id	: 0
siblings	: 4
core id		: 1
cpu cores	: 2
apicid		: 2
initial apicid	: 2
fpu		: yes
fpu_exception	: yes
cpuid level	: 13
wp		: yes
flags		: fpu vme de pse tsc msr pae mce cx8 apic sep mtrr pge mca cmov pat pse36 clflush dts acpi mmx fxsr sse sse2 ss ht tm pbe syscall nx rdtscp lm constant_tsc arch_perfmon pebs bts rep_good nopl xtopology nonstop_tsc cpuid aperfmperf pni pclmulqdq dtes64 monitor ds_cpl vmx est tm2 ssse3 cx16 xtpr pdcm pcid sse4_1 sse4_2 x2apic popcnt tsc_deadline_timer xsave avx f16c lahf_lm cpuid_fault epb pti tpr_shadow vnmi flexpriority ept vpid fsgsbase smep erms xsaveopt dtherm arat pln pts
bugs		: cpu_meltdown spectre_v1 spectre_v2
bogomips	: 4788.74
clflush size	: 64
cache_alignment	: 64
address sizes	: 36 bits physical, 48 bits virtual
power management:

processor	: 2
vendor_id	: GenuineIntel
cpu family	: 6
model		: 58
model name	: Intel(R) Core(TM) i3-3110M CPU @ 2.40GHz
stepping	: 9
microcode	: 0x15
cpu MHz		: 2394.374
cache size	: 3072 KB
physical id	: 0
siblings	: 4
core id		: 0
cpu cores	: 2
apicid		: 1
initial apicid	: 1
fpu		: yes
fpu_exception	: yes
cpuid level	: 13
wp		: yes
flags		: fpu vme de pse tsc msr pae mce cx8 apic sep mtrr pge mca cmov pat pse36 clflush dts acpi mmx fxsr sse sse2 ss ht tm pbe syscall nx rdtscp lm constant_tsc arch_perfmon pebs bts rep_good nopl xtopology nonstop_tsc cpuid aperfmperf pni pclmulqdq dtes64 monitor ds_cpl vmx est tm2 ssse3 cx16 xtpr pdcm pcid sse4_1 sse4_2 x2apic popcnt tsc_deadline_timer xsave avx f16c lahf_lm cpuid_fault epb pti tpr_shadow vnmi flexpriority ept vpid fsgsbase smep erms xsaveopt dtherm arat pln pts
bugs		: cpu_meltdown spectre_v1 spectre_v2
bogomips	: 4788.74
clflush size	: 64
cache_alignment	: 64
address sizes	: 36 bits physical, 48 bits virtual
power management:

processor	: 3
vendor_id	: GenuineIntel
cpu family	: 6
model		: 58
model name	: Intel(R) Core(TM) i3-3110M CPU @ 2.40GHz
stepping	: 9
microcode	: 0x15
cpu MHz		: 2394.374
cache size	: 3072 KB
physical id	: 0
siblings	: 4
core id		: 1
cpu cores	: 2
apicid		: 3
initial apicid	: 3
fpu		: yes
fpu_exception	: yes
cpuid level	: 13
wp		: yes
flags		: fpu vme de pse tsc msr pae mce cx8 apic sep mtrr pge mca cmov pat pse36 clflush dts acpi mmx fxsr sse sse2 ss ht tm pbe syscall nx rdtscp lm constant_tsc arch_perfmon pebs bts rep_good nopl xtopology nonstop_tsc cpuid aperfmperf pni pclmulqdq dtes64 monitor ds_cpl vmx est tm2 ssse3 cx16 xtpr pdcm pcid sse4_1 sse4_2 x2apic popcnt tsc_deadline_timer xsave avx f16c lahf_lm cpuid_fault epb pti tpr_shadow vnmi flexpriority ept vpid fsgsbase smep erms xsaveopt dtherm arat pln pts
bugs		: cpu_meltdown spectre_v1 spectre_v2
bogomips	: 4788.74
clflush size	: 64
cache_alignment	: 64
address sizes	: 36 bits physical, 48 bits virtual
power management:



Memory: 4k page, physical 3900928k(424068k free), swap 4055036k(3903472k free)

vm_info: Java HotSpot(TM) 64-Bit Server VM (24.80-b11) for linux-amd64 JRE (1.7.0_80-b15), built on Apr 10 2015 19:53:14 by "java_re" with gcc 4.3.0 20080428 (Red Hat 4.3.0-8)

time: Sat Feb 10 14:15:36 2018
elapsed time: 0 seconds

