#
# A fatal error has been detected by the Java Runtime Environment:
#
#  SIGSEGV (0xb) at pc=0x00007f3990a7113d, pid=24368, tid=139886365538048
#
# JRE version: Java(TM) SE Runtime Environment (7.0_80-b15) (build 1.7.0_80-b15)
# Java VM: Java HotSpot(TM) 64-Bit Server VM (24.80-b11 mixed mode linux-amd64 compressed oops)
# Problematic frame:
# C  [libtesseract.so.3.0.4+0x1f413d]  tesseract::HistogramRect(Pix*, int, int, int, int, int, int*)+0xfd
#
# Failed to write core dump. Core dumps have been disabled. To enable core dumping, try "ulimit -c unlimited" before starting Java again
#
# If you would like to submit a bug report, please visit:
#   http://bugreport.java.com/bugreport/crash.jsp
# The crash happened outside the Java Virtual Machine in native code.
# See problematic frame for where to report the bug.
#

---------------  T H R E A D  ---------------

Current thread (0x00007f39cc00a800):  JavaThread "main" [_thread_in_native, id=24373, stack(0x00007f39d5107000,0x00007f39d5208000)]

siginfo:si_signo=SIGSEGV: si_errno=0, si_code=2 (SEGV_ACCERR), si_addr=0x00007f39cd4f5003

Registers:
RAX=0x000000000000001d, RBX=0x00007f39d5204c40, RCX=0x00007f39cd4f5003, RDX=0x00007f39cd4f5004
RSP=0x00007f39d5204b80, RBP=0x00000000000000a5, RSI=0x0000000000000004, RDI=0x00007f39cd4f4f90
R8 =0x0000000000000118, R9 =0x00000000000006b4, R10=0x00007f39cc000078, R11=0x00007f39cc000078
R12=0x0000000000000004, R13=0x0000000000000117, R14=0x0000000000000044, R15=0x00007f39cd207460
RIP=0x00007f3990a7113d, EFLAGS=0x0000000000010206, CSGSFS=0x002b000000000033, ERR=0x0000000000000004
  TRAPNO=0x000000000000000e

Top of Stack: (sp=0x00007f39d5204b80)
0x00007f39d5204b80:   000001ad00000000 0000000000000118
0x00007f39d5204b90:   00007f39d52050a8 0000000000000000
0x00007f39d5204ba0:   00007f39d5204c40 00007f39d52050b0
0x00007f39d5204bb0:   0000000000000000 00007f39d52050a8
0x00007f39d5204bc0:   0000000000000000 00007f3990a713d9
0x00007f39d5204bd0:   00007f39d5204c40 00007f3990a71314
0x00007f39d5204be0:   00007f39cc00b0e0 00007f39cd207460
0x00007f39d5204bf0:   0000001100000004 000000a5000000cd
0x00007f39d5204c00:   00007f39d5204c38 00007f39d5204c3c
0x00007f39d5204c10:   000000000000004b 0000000000000000
0x00007f39d5204c20:   00007f39cd340550 0000000000000001
0x00007f39d5204c30:   00000000bf444259 00007f39d5204c88
0x00007f39d5204c40:   0000000000000166 0000000000000000
0x00007f39d5204c50:   0000000000000000 0000000000000000
0x00007f39d5204c60:   0000000000000000 0000000000000000
0x00007f39d5204c70:   0000000000000000 0000000000000000
0x00007f39d5204c80:   0000000000000000 0000000000000000
0x00007f39d5204c90:   0000000000000000 0000000000000000
0x00007f39d5204ca0:   0000000000000000 0000000000000000
0x00007f39d5204cb0:   0000000000000000 0000000000000000
0x00007f39d5204cc0:   0000000000000000 0000000000000000
0x00007f39d5204cd0:   0000000000000000 0000000000000000
0x00007f39d5204ce0:   0000000000000000 0000000000000000
0x00007f39d5204cf0:   0000000000000000 0000000000000000
0x00007f39d5204d00:   0000000000000000 0000000000000000
0x00007f39d5204d10:   0000000000000000 0000000000000000
0x00007f39d5204d20:   0000000000000000 0000000000000000
0x00007f39d5204d30:   0000000000000000 0000000000000000
0x00007f39d5204d40:   0000000000000000 0000000000000000
0x00007f39d5204d50:   0000000000000000 0000000000000000
0x00007f39d5204d60:   0000000000000000 0000000000000000
0x00007f39d5204d70:   0000000000000000 0000000000000000 

Instructions: (pc=0x00007f3990a7113d)
0x00007f3990a7111d:   1f 40 00 31 c0 85 ed 48 89 fa 7e 1f 0f 1f 80 00
0x00007f3990a7112d:   00 00 00 48 89 d1 83 c0 01 48 01 f2 48 83 f1 03
0x00007f3990a7113d:   0f b6 09 83 04 8b 01 39 c5 75 e8 41 83 c5 01 4c
0x00007f3990a7114d:   01 cf 45 39 e8 75 cc 48 83 c4 18 5b 5d 41 5c 41 

Register to memory mapping:

RAX=0x000000000000001d is an unknown value
RBX=0x00007f39d5204c40 is pointing into the stack for thread: 0x00007f39cc00a800
RCX=0x00007f39cd4f5003 is an unknown value
RDX=0x00007f39cd4f5004 is an unknown value
RSP=0x00007f39d5204b80 is pointing into the stack for thread: 0x00007f39cc00a800
RBP=0x00000000000000a5 is an unknown value
RSI=0x0000000000000004 is an unknown value
RDI=0x00007f39cd4f4f90 is an unknown value
R8 =0x0000000000000118 is an unknown value
R9 =0x00000000000006b4 is an unknown value
R10=0x00007f39cc000078 is an unknown value
R11=0x00007f39cc000078 is an unknown value
R12=0x0000000000000004 is an unknown value
R13=0x0000000000000117 is an unknown value
R14=0x0000000000000044 is an unknown value
R15=0x00007f39cd207460 is an unknown value


Stack: [0x00007f39d5107000,0x00007f39d5208000],  sp=0x00007f39d5204b80,  free space=1014k
Native frames: (J=compiled Java code, j=interpreted, Vv=VM code, C=native code)
C  [libtesseract.so.3.0.4+0x1f413d]  tesseract::HistogramRect(Pix*, int, int, int, int, int, int*)+0xfd

Java frames: (J=compiled Java code, j=interpreted, Vv=VM code)
j  com.sun.jna.Native.invokePointer(JI[Ljava/lang/Object;)J+0
j  com.sun.jna.Function.invokePointer(I[Ljava/lang/Object;)Lcom/sun/jna/Pointer;+6
j  com.sun.jna.Function.invoke([Ljava/lang/Object;Ljava/lang/Class;Z)Ljava/lang/Object;+426
j  com.sun.jna.Function.invoke(Ljava/lang/Class;[Ljava/lang/Object;Ljava/util/Map;)Ljava/lang/Object;+262
j  com.sun.jna.Library$Handler.invoke(Ljava/lang/Object;Ljava/lang/reflect/Method;[Ljava/lang/Object;)Ljava/lang/Object;+316
j  com.sun.proxy.$Proxy0.TessBaseAPIGetUTF8Text(Lnet/sourceforge/tess4j/ITessAPI$TessBaseAPI;)Lcom/sun/jna/Pointer;+16
j  net.sourceforge.tess4j.Tesseract.getOCRText(Ljava/lang/String;I)Ljava/lang/String;+62
j  net.sourceforge.tess4j.Tesseract.doOCR(Ljava/util/List;Ljava/lang/String;Ljava/awt/Rectangle;)Ljava/lang/String;+69
j  net.sourceforge.tess4j.Tesseract.doOCR(Ljava/util/List;Ljava/awt/Rectangle;)Ljava/lang/String;+4
j  net.sourceforge.tess4j.Tesseract.doOCR(Ljava/awt/image/BufferedImage;Ljava/awt/Rectangle;)Ljava/lang/String;+6
j  TesseractExample.main([Ljava/lang/String;)V+62
v  ~StubRoutines::call_stub

---------------  P R O C E S S  ---------------

Java Threads: ( => current thread )
  0x00007f39cc30d800 JavaThread "Java2D Disposer" daemon [_thread_blocked, id=24386, stack(0x00007f39c0ab2000,0x00007f39c0bb3000)]
  0x00007f39cc099000 JavaThread "Service Thread" daemon [_thread_blocked, id=24384, stack(0x00007f39c8cfd000,0x00007f39c8dfe000)]
  0x00007f39cc096800 JavaThread "C2 CompilerThread1" daemon [_thread_blocked, id=24383, stack(0x00007f39c8dfe000,0x00007f39c8eff000)]
  0x00007f39cc093800 JavaThread "C2 CompilerThread0" daemon [_thread_in_native, id=24382, stack(0x00007f39c8eff000,0x00007f39c9000000)]
  0x00007f39cc091800 JavaThread "Signal Dispatcher" daemon [_thread_blocked, id=24381, stack(0x00007f39d00da000,0x00007f39d01db000)]
  0x00007f39cc070800 JavaThread "Finalizer" daemon [_thread_blocked, id=24380, stack(0x00007f39d04b3000,0x00007f39d05b4000)]
  0x00007f39cc06e800 JavaThread "Reference Handler" daemon [_thread_blocked, id=24379, stack(0x00007f39d05b4000,0x00007f39d06b5000)]
=>0x00007f39cc00a800 JavaThread "main" [_thread_in_native, id=24373, stack(0x00007f39d5107000,0x00007f39d5208000)]

Other Threads:
  0x00007f39cc06a000 VMThread [stack: 0x00007f39d06b5000,0x00007f39d07b6000] [id=24378]
  0x00007f39cc0a3800 WatcherThread [stack: 0x00007f39c8bfc000,0x00007f39c8cfd000] [id=24385]

VM state:not at safepoint (normal execution)

VM Mutex/Monitor currently owned by a thread: None

Heap
 PSYoungGen      total 17920K, used 9730K [0x00000000ec200000, 0x00000000ed600000, 0x0000000100000000)
  eden space 15360K, 46% used [0x00000000ec200000,0x00000000ec906c30,0x00000000ed100000)
  from space 2560K, 99% used [0x00000000ed100000,0x00000000ed379e58,0x00000000ed380000)
  to   space 2560K, 0% used [0x00000000ed380000,0x00000000ed380000,0x00000000ed600000)
 ParOldGen       total 40448K, used 799K [0x00000000c4600000, 0x00000000c6d80000, 0x00000000ec200000)
  object space 40448K, 1% used [0x00000000c4600000,0x00000000c46c7c30,0x00000000c6d80000)
 PSPermGen       total 21504K, used 9908K [0x00000000bf400000, 0x00000000c0900000, 0x00000000c4600000)
  object space 21504K, 46% used [0x00000000bf400000,0x00000000bfdad300,0x00000000c0900000)

Card table byte_map: [0x00007f39d21df000,0x00007f39d23e6000] byte_map_base: 0x00007f39d1be5000

Polling page: 0x00007f39d5226000

Code Cache  [0x00007f39c9000000, 0x00007f39c9270000, 0x00007f39cc000000)
 total_blobs=358 nmethods=54 adapters=257 free_code_cache=48577Kb largest_free_block=49712960

Compilation events (10 events):
Event: 0.825 Thread 0x00007f39cc093800   51             java.util.Arrays::copyOf (19 bytes)
Event: 0.828 Thread 0x00007f39cc093800 nmethod 51 0x00007f39c9083110 code [0x00007f39c9083260, 0x00007f39c9083458]
Event: 0.828 Thread 0x00007f39cc093800   52             com.github.jaiimageio.impl.plugins.tiff.TIFFImageWriter::writeTile (3310 bytes)
Event: 0.868 Thread 0x00007f39cc096800 nmethod 49 0x00007f39c9090b50 code [0x00007f39c90910c0, 0x00007f39c9093938]
Event: 0.868 Thread 0x00007f39cc096800   53             sun.awt.image.ByteInterleavedRaster::getByteData (851 bytes)
Event: 0.886 Thread 0x00007f39cc096800 nmethod 53 0x00007f39c9083810 code [0x00007f39c90839a0, 0x00007f39c9084378]
Event: 0.886 Thread 0x00007f39cc096800   54             java.lang.ref.Reference::get (5 bytes)
Event: 0.886 Thread 0x00007f39cc096800 nmethod 54 0x00007f39c9083550 code [0x00007f39c9083680, 0x00007f39c90836d8]
Event: 0.886 Thread 0x00007f39cc096800   55             java.lang.AbstractStringBuilder::<init> (12 bytes)
Event: 0.888 Thread 0x00007f39cc096800 nmethod 55 0x00007f39c9090850 code [0x00007f39c90909a0, 0x00007f39c9090ab8]

GC Heap History (2 events):
Event: 0.586 GC heap before
{Heap before GC invocations=1 (full 0):
 PSYoungGen      total 17920K, used 15360K [0x00000000ec200000, 0x00000000ed600000, 0x0000000100000000)
  eden space 15360K, 100% used [0x00000000ec200000,0x00000000ed100000,0x00000000ed100000)
  from space 2560K, 0% used [0x00000000ed380000,0x00000000ed380000,0x00000000ed600000)
  to   space 2560K, 0% used [0x00000000ed100000,0x00000000ed100000,0x00000000ed380000)
 ParOldGen       total 40448K, used 0K [0x00000000c4600000, 0x00000000c6d80000, 0x00000000ec200000)
  object space 40448K, 0% used [0x00000000c4600000,0x00000000c4600000,0x00000000c6d80000)
 PSPermGen       total 21504K, used 8944K [0x00000000bf400000, 0x00000000c0900000, 0x00000000c4600000)
  object space 21504K, 41% used [0x00000000bf400000,0x00000000bfcbc020,0x00000000c0900000)
Event: 0.592 GC heap after
Heap after GC invocations=1 (full 0):
 PSYoungGen      total 17920K, used 2535K [0x00000000ec200000, 0x00000000ed600000, 0x0000000100000000)
  eden space 15360K, 0% used [0x00000000ec200000,0x00000000ec200000,0x00000000ed100000)
  from space 2560K, 99% used [0x00000000ed100000,0x00000000ed379e58,0x00000000ed380000)
  to   space 2560K, 0% used [0x00000000ed380000,0x00000000ed380000,0x00000000ed600000)
 ParOldGen       total 40448K, used 799K [0x00000000c4600000, 0x00000000c6d80000, 0x00000000ec200000)
  object space 40448K, 1% used [0x00000000c4600000,0x00000000c46c7c30,0x00000000c6d80000)
 PSPermGen       total 21504K, used 8944K [0x00000000bf400000, 0x00000000c0900000, 0x00000000c4600000)
  object space 21504K, 41% used [0x00000000bf400000,0x00000000bfcbc020,0x00000000c0900000)
}

Deoptimization events (0 events):
No events

Internal exceptions (10 events):
Event: 0.875 Thread 0x00007f39cc00a800 Threw 0x00000000ec768c20 at /HUDSON/workspace/7u-2-build-linux-amd64/jdk7u80/2329/hotspot/src/share/vm/prims/jvm.cpp:1319
Event: 0.875 Thread 0x00007f39cc00a800 Threw 0x00000000ec76d288 at /HUDSON/workspace/7u-2-build-linux-amd64/jdk7u80/2329/hotspot/src/share/vm/prims/jvm.cpp:1319
Event: 0.875 Thread 0x00007f39cc00a800 Threw 0x00000000ec7715d0 at /HUDSON/workspace/7u-2-build-linux-amd64/jdk7u80/2329/hotspot/src/share/vm/prims/jvm.cpp:1319
Event: 0.876 Thread 0x00007f39cc00a800 Threw 0x00000000ec776c90 at /HUDSON/workspace/7u-2-build-linux-amd64/jdk7u80/2329/hotspot/src/share/vm/prims/jvm.cpp:1319
Event: 0.877 Thread 0x00007f39cc00a800 Threw 0x00000000ec77b1a0 at /HUDSON/workspace/7u-2-build-linux-amd64/jdk7u80/2329/hotspot/src/share/vm/prims/jvm.cpp:1319
Event: 0.877 Thread 0x00007f39cc00a800 Threw 0x00000000ec77f858 at /HUDSON/workspace/7u-2-build-linux-amd64/jdk7u80/2329/hotspot/src/share/vm/prims/jvm.cpp:1319
Event: 0.877 Thread 0x00007f39cc00a800 Threw 0x00000000ec783c08 at /HUDSON/workspace/7u-2-build-linux-amd64/jdk7u80/2329/hotspot/src/share/vm/prims/jvm.cpp:1319
Event: 0.878 Thread 0x00007f39cc00a800 Threw 0x00000000ec788118 at /HUDSON/workspace/7u-2-build-linux-amd64/jdk7u80/2329/hotspot/src/share/vm/prims/jvm.cpp:1319
Event: 0.878 Thread 0x00007f39cc00a800 Threw 0x00000000ec78c5c0 at /HUDSON/workspace/7u-2-build-linux-amd64/jdk7u80/2329/hotspot/src/share/vm/prims/jvm.cpp:1319
Event: 0.888 Thread 0x00007f39cc00a800 Threw 0x00000000ec7ba0f0 at /HUDSON/workspace/7u-2-build-linux-amd64/jdk7u80/2329/hotspot/src/share/vm/prims/jvm.cpp:1319

Events (10 events):
Event: 0.890 loading class 0x00007f39cd326ae0
Event: 0.890 loading class 0x00007f39cd326ae0 done
Event: 0.890 loading class 0x00007f39cd327e80
Event: 0.890 loading class 0x00007f39cd327e80 done
Event: 0.891 loading class 0x00007f39cd326b00
Event: 0.891 loading class 0x00007f39cd326b00 done
Event: 0.891 loading class 0x00007f39cd327ef0
Event: 0.891 loading class 0x00007f39cd327ef0 done
Event: 0.891 loading class 0x00007f39cd328090
Event: 0.891 loading class 0x00007f39cd328090 done


Dynamic libraries:
00400000-00401000 r-xp 00000000 08:02 13769971                           /usr/lib/jvm/jdk1.7.0_80/bin/java
00600000-00601000 rw-p 00000000 08:02 13769971                           /usr/lib/jvm/jdk1.7.0_80/bin/java
01bb0000-01bd1000 rw-p 00000000 00:00 0                                  [heap]
bf400000-c0900000 rw-p 00000000 00:00 0 
c0900000-c4600000 rw-p 00000000 00:00 0 
c4600000-c6d80000 rw-p 00000000 00:00 0 
c6d80000-ec200000 rw-p 00000000 00:00 0 
ec200000-ed600000 rw-p 00000000 00:00 0 
ed600000-100000000 rw-p 00000000 00:00 0 
7f398a209000-7f398b270000 rw-p 00000000 00:00 0 
7f398b270000-7f398b27b000 r-xp 00000000 08:02 12067290                   /usr/lib/x86_64-linux-gnu/libjbig.so.0
7f398b27b000-7f398b47a000 ---p 0000b000 08:02 12067290                   /usr/lib/x86_64-linux-gnu/libjbig.so.0
7f398b47a000-7f398b47b000 r--p 0000a000 08:02 12067290                   /usr/lib/x86_64-linux-gnu/libjbig.so.0
7f398b47b000-7f398b47e000 rw-p 0000b000 08:02 12067290                   /usr/lib/x86_64-linux-gnu/libjbig.so.0
7f398b47e000-7f398b49f000 r-xp 00000000 08:02 24908250                   /lib/x86_64-linux-gnu/liblzma.so.5.0.0
7f398b49f000-7f398b69e000 ---p 00021000 08:02 24908250                   /lib/x86_64-linux-gnu/liblzma.so.5.0.0
7f398b69e000-7f398b69f000 r--p 00020000 08:02 24908250                   /lib/x86_64-linux-gnu/liblzma.so.5.0.0
7f398b69f000-7f398b6a0000 rw-p 00021000 08:02 24908250                   /lib/x86_64-linux-gnu/liblzma.so.5.0.0
7f398b6a0000-7f398b6d6000 r-xp 00000000 08:02 12064354                   /usr/lib/x86_64-linux-gnu/libopenjp2.so.2.1.0
7f398b6d6000-7f398b8d5000 ---p 00036000 08:02 12064354                   /usr/lib/x86_64-linux-gnu/libopenjp2.so.2.1.0
7f398b8d5000-7f398b8d6000 r--p 00035000 08:02 12064354                   /usr/lib/x86_64-linux-gnu/libopenjp2.so.2.1.0
7f398b8d6000-7f398b8d7000 rw-p 00036000 08:02 12064354                   /usr/lib/x86_64-linux-gnu/libopenjp2.so.2.1.0
7f398b8d7000-7f398b930000 r-xp 00000000 08:02 12067858                   /usr/lib/x86_64-linux-gnu/libwebp.so.5.0.4
7f398b930000-7f398bb30000 ---p 00059000 08:02 12067858                   /usr/lib/x86_64-linux-gnu/libwebp.so.5.0.4
7f398bb30000-7f398bb31000 r--p 00059000 08:02 12067858                   /usr/lib/x86_64-linux-gnu/libwebp.so.5.0.4
7f398bb31000-7f398bb33000 rw-p 0005a000 08:02 12067858                   /usr/lib/x86_64-linux-gnu/libwebp.so.5.0.4
7f398bb33000-7f398bba3000 r-xp 00000000 08:02 12059053                   /usr/lib/x86_64-linux-gnu/libtiff.so.5.2.4
7f398bba3000-7f398bda3000 ---p 00070000 08:02 12059053                   /usr/lib/x86_64-linux-gnu/libtiff.so.5.2.4
7f398bda3000-7f398bda4000 r--p 00070000 08:02 12059053                   /usr/lib/x86_64-linux-gnu/libtiff.so.5.2.4
7f398bda4000-7f398bda7000 rw-p 00071000 08:02 12059053                   /usr/lib/x86_64-linux-gnu/libtiff.so.5.2.4
7f398bda7000-7f398bdfe000 r-xp 00000000 08:02 12067294                   /usr/lib/x86_64-linux-gnu/libjpeg.so.8.0.2
7f398bdfe000-7f398bffe000 ---p 00057000 08:02 12067294                   /usr/lib/x86_64-linux-gnu/libjpeg.so.8.0.2
7f398bffe000-7f398bfff000 r--p 00057000 08:02 12067294                   /usr/lib/x86_64-linux-gnu/libjpeg.so.8.0.2
7f398bfff000-7f398c000000 rw-p 00058000 08:02 12067294                   /usr/lib/x86_64-linux-gnu/libjpeg.so.8.0.2
7f398c000000-7f398c021000 rw-p 00000000 00:00 0 
7f398c021000-7f3990000000 ---p 00000000 00:00 0 
7f39900bc000-7f39900e0000 r-xp 00000000 08:02 24908324                   /lib/x86_64-linux-gnu/libpng12.so.0.54.0
7f39900e0000-7f39902df000 ---p 00024000 08:02 24908324                   /lib/x86_64-linux-gnu/libpng12.so.0.54.0
7f39902df000-7f39902e0000 r--p 00023000 08:02 24908324                   /lib/x86_64-linux-gnu/libpng12.so.0.54.0
7f39902e0000-7f39902e1000 rw-p 00024000 08:02 24908324                   /lib/x86_64-linux-gnu/libpng12.so.0.54.0
7f39902e1000-7f39902fa000 r-xp 00000000 08:02 24905186                   /lib/x86_64-linux-gnu/libz.so.1.2.8
7f39902fa000-7f39904f9000 ---p 00019000 08:02 24905186                   /lib/x86_64-linux-gnu/libz.so.1.2.8
7f39904f9000-7f39904fa000 r--p 00018000 08:02 24905186                   /lib/x86_64-linux-gnu/libz.so.1.2.8
7f39904fa000-7f39904fb000 rw-p 00019000 08:02 24905186                   /lib/x86_64-linux-gnu/libz.so.1.2.8
7f39904fb000-7f399066d000 r-xp 00000000 08:02 12067707                   /usr/lib/x86_64-linux-gnu/libstdc++.so.6.0.21
7f399066d000-7f399086d000 ---p 00172000 08:02 12067707                   /usr/lib/x86_64-linux-gnu/libstdc++.so.6.0.21
7f399086d000-7f3990877000 r--p 00172000 08:02 12067707                   /usr/lib/x86_64-linux-gnu/libstdc++.so.6.0.21
7f3990877000-7f3990879000 rw-p 0017c000 08:02 12067707                   /usr/lib/x86_64-linux-gnu/libstdc++.so.6.0.21
7f3990879000-7f399087d000 rw-p 00000000 00:00 0 
7f399087d000-7f3990b66000 r-xp 00000000 08:02 12066283                   /usr/lib/libtesseract.so.3.0.4
7f3990b66000-7f3990d66000 ---p 002e9000 08:02 12066283                   /usr/lib/libtesseract.so.3.0.4
7f3990d66000-7f3990d6a000 r--p 002e9000 08:02 12066283                   /usr/lib/libtesseract.so.3.0.4
7f3990d6a000-7f3990d6b000 rw-p 002ed000 08:02 12066283                   /usr/lib/libtesseract.so.3.0.4
7f3990d6b000-7f3994000000 rw-p 00000000 00:00 0 
7f3994000000-7f3994021000 rw-p 00000000 00:00 0 
7f3994021000-7f3998000000 ---p 00000000 00:00 0 
7f3998000000-7f3998021000 rw-p 00000000 00:00 0 
7f3998021000-7f399c000000 ---p 00000000 00:00 0 
7f399c000000-7f399c7ed000 rw-p 00000000 00:00 0 
7f399c7ed000-7f39a0000000 ---p 00000000 00:00 0 
7f39a0000000-7f39a04e3000 rw-p 00000000 00:00 0 
7f39a04e3000-7f39a4000000 ---p 00000000 00:00 0 
7f39a4000000-7f39a4021000 rw-p 00000000 00:00 0 
7f39a4021000-7f39a8000000 ---p 00000000 00:00 0 
7f39a8000000-7f39a8021000 rw-p 00000000 00:00 0 
7f39a8021000-7f39ac000000 ---p 00000000 00:00 0 
7f39ac000000-7f39ac021000 rw-p 00000000 00:00 0 
7f39ac021000-7f39b0000000 ---p 00000000 00:00 0 
7f39b0000000-7f39b0021000 rw-p 00000000 00:00 0 
7f39b0021000-7f39b4000000 ---p 00000000 00:00 0 
7f39b4000000-7f39b4021000 rw-p 00000000 00:00 0 
7f39b4021000-7f39b8000000 ---p 00000000 00:00 0 
7f39b8000000-7f39b8021000 rw-p 00000000 00:00 0 
7f39b8021000-7f39bc000000 ---p 00000000 00:00 0 
7f39bc000000-7f39bc021000 rw-p 00000000 00:00 0 
7f39bc021000-7f39c0000000 ---p 00000000 00:00 0 
7f39c0106000-7f39c011c000 r-xp 00000000 08:02 24908221                   /lib/x86_64-linux-gnu/libgcc_s.so.1
7f39c011c000-7f39c031b000 ---p 00016000 08:02 24908221                   /lib/x86_64-linux-gnu/libgcc_s.so.1
7f39c031b000-7f39c031c000 rw-p 00015000 08:02 24908221                   /lib/x86_64-linux-gnu/libgcc_s.so.1
7f39c031c000-7f39c0559000 r-xp 00000000 08:02 12066280                   /usr/lib/liblept.so.5.0.0
7f39c0559000-7f39c0758000 ---p 0023d000 08:02 12066280                   /usr/lib/liblept.so.5.0.0
7f39c0758000-7f39c0759000 r--p 0023c000 08:02 12066280                   /usr/lib/liblept.so.5.0.0
7f39c0759000-7f39c075f000 rw-p 0023d000 08:02 12066280                   /usr/lib/liblept.so.5.0.0
7f39c075f000-7f39c0776000 r-xp 00000000 08:02 19139066                   /tmp/jna-795320491/jna7265490068105273699.tmp (deleted)
7f39c0776000-7f39c0875000 ---p 00017000 08:02 19139066                   /tmp/jna-795320491/jna7265490068105273699.tmp (deleted)
7f39c0875000-7f39c0877000 rw-p 00016000 08:02 19139066                   /tmp/jna-795320491/jna7265490068105273699.tmp (deleted)
7f39c0877000-7f39c08b1000 r-xp 00000000 08:02 13646715                   /usr/lib/jvm/jdk1.7.0_80/jre/lib/amd64/libjpeg.so
7f39c08b1000-7f39c0ab1000 ---p 0003a000 08:02 13646715                   /usr/lib/jvm/jdk1.7.0_80/jre/lib/amd64/libjpeg.so
7f39c0ab1000-7f39c0ab2000 rw-p 0003a000 08:02 13646715                   /usr/lib/jvm/jdk1.7.0_80/jre/lib/amd64/libjpeg.so
7f39c0ab2000-7f39c0ab5000 ---p 00000000 00:00 0 
7f39c0ab5000-7f39c0bb3000 rw-p 00000000 00:00 0 
7f39c0bb3000-7f39c0bb8000 r-xp 00000000 08:02 12066558                   /usr/lib/x86_64-linux-gnu/libXdmcp.so.6.0.0
7f39c0bb8000-7f39c0db7000 ---p 00005000 08:02 12066558                   /usr/lib/x86_64-linux-gnu/libXdmcp.so.6.0.0
7f39c0db7000-7f39c0db8000 r--p 00004000 08:02 12066558                   /usr/lib/x86_64-linux-gnu/libXdmcp.so.6.0.0
7f39c0db8000-7f39c0db9000 rw-p 00005000 08:02 12066558                   /usr/lib/x86_64-linux-gnu/libXdmcp.so.6.0.0
7f39c0db9000-7f39c0dbb000 r-xp 00000000 08:02 12066547                   /usr/lib/x86_64-linux-gnu/libXau.so.6.0.0
7f39c0dbb000-7f39c0fbb000 ---p 00002000 08:02 12066547                   /usr/lib/x86_64-linux-gnu/libXau.so.6.0.0
7f39c0fbb000-7f39c0fbc000 r--p 00002000 08:02 12066547                   /usr/lib/x86_64-linux-gnu/libXau.so.6.0.0
7f39c0fbc000-7f39c0fbd000 rw-p 00003000 08:02 12066547                   /usr/lib/x86_64-linux-gnu/libXau.so.6.0.0
7f39c0fbd000-7f39c0fde000 r-xp 00000000 08:02 12067956                   /usr/lib/x86_64-linux-gnu/libxcb.so.1.1.0
7f39c0fde000-7f39c11dd000 ---p 00021000 08:02 12067956                   /usr/lib/x86_64-linux-gnu/libxcb.so.1.1.0
7f39c11dd000-7f39c11de000 r--p 00020000 08:02 12067956                   /usr/lib/x86_64-linux-gnu/libxcb.so.1.1.0
7f39c11de000-7f39c11df000 rw-p 00021000 08:02 12067956                   /usr/lib/x86_64-linux-gnu/libxcb.so.1.1.0
7f39c11df000-7f39c11ee000 r-xp 00000000 08:02 12066568                   /usr/lib/x86_64-linux-gnu/libXi.so.6.1.0
7f39c11ee000-7f39c13ed000 ---p 0000f000 08:02 12066568                   /usr/lib/x86_64-linux-gnu/libXi.so.6.1.0
7f39c13ed000-7f39c13ee000 r--p 0000e000 08:02 12066568                   /usr/lib/x86_64-linux-gnu/libXi.so.6.1.0
7f39c13ee000-7f39c13ef000 rw-p 0000f000 08:02 12066568                   /usr/lib/x86_64-linux-gnu/libXi.so.6.1.0
7f39c13ef000-7f39c13f4000 r-xp 00000000 08:02 12066586                   /usr/lib/x86_64-linux-gnu/libXtst.so.6.1.0
7f39c13f4000-7f39c15f3000 ---p 00005000 08:02 12066586                   /usr/lib/x86_64-linux-gnu/libXtst.so.6.1.0
7f39c15f3000-7f39c15f4000 r--p 00004000 08:02 12066586                   /usr/lib/x86_64-linux-gnu/libXtst.so.6.1.0
7f39c15f4000-7f39c15f5000 rw-p 00005000 08:02 12066586                   /usr/lib/x86_64-linux-gnu/libXtst.so.6.1.0
7f39c15f5000-7f39c15fe000 r-xp 00000000 08:02 12066580                   /usr/lib/x86_64-linux-gnu/libXrender.so.1.3.0
7f39c15fe000-7f39c17fd000 ---p 00009000 08:02 12066580                   /usr/lib/x86_64-linux-gnu/libXrender.so.1.3.0
7f39c17fd000-7f39c17fe000 r--p 00008000 08:02 12066580                   /usr/lib/x86_64-linux-gnu/libXrender.so.1.3.0
7f39c17fe000-7f39c17ff000 rw-p 00009000 08:02 12066580                   /usr/lib/x86_64-linux-gnu/libXrender.so.1.3.0
7f39c17ff000-7f39c1934000 r-xp 00000000 08:02 12066543                   /usr/lib/x86_64-linux-gnu/libX11.so.6.3.0
7f39c1934000-7f39c1b34000 ---p 00135000 08:02 12066543                   /usr/lib/x86_64-linux-gnu/libX11.so.6.3.0
7f39c1b34000-7f39c1b35000 r--p 00135000 08:02 12066543                   /usr/lib/x86_64-linux-gnu/libX11.so.6.3.0
7f39c1b35000-7f39c1b39000 rw-p 00136000 08:02 12066543                   /usr/lib/x86_64-linux-gnu/libX11.so.6.3.0
7f39c1b39000-7f39c1b4a000 r-xp 00000000 08:02 12066560                   /usr/lib/x86_64-linux-gnu/libXext.so.6.4.0
7f39c1b4a000-7f39c1d49000 ---p 00011000 08:02 12066560                   /usr/lib/x86_64-linux-gnu/libXext.so.6.4.0
7f39c1d49000-7f39c1d4a000 r--p 00010000 08:02 12066560                   /usr/lib/x86_64-linux-gnu/libXext.so.6.4.0
7f39c1d4a000-7f39c1d4b000 rw-p 00011000 08:02 12066560                   /usr/lib/x86_64-linux-gnu/libXext.so.6.4.0
7f39c1d4b000-7f39c1d9b000 r-xp 00000000 08:02 13646705                   /usr/lib/jvm/jdk1.7.0_80/jre/lib/amd64/xawt/libmawt.so
7f39c1d9b000-7f39c1f9b000 ---p 00050000 08:02 13646705                   /usr/lib/jvm/jdk1.7.0_80/jre/lib/amd64/xawt/libmawt.so
7f39c1f9b000-7f39c1f9f000 rw-p 00050000 08:02 13646705                   /usr/lib/jvm/jdk1.7.0_80/jre/lib/amd64/xawt/libmawt.so
7f39c1f9f000-7f39c4000000 rw-p 00000000 00:00 0 
7f39c4000000-7f39c4021000 rw-p 00000000 00:00 0 
7f39c4021000-7f39c8000000 ---p 00000000 00:00 0 
7f39c80e1000-7f39c8183000 r-xp 00000000 08:02 13646725                   /usr/lib/jvm/jdk1.7.0_80/jre/lib/amd64/libawt.so
7f39c8183000-7f39c8383000 ---p 000a2000 08:02 13646725                   /usr/lib/jvm/jdk1.7.0_80/jre/lib/amd64/libawt.so
7f39c8383000-7f39c838f000 rw-p 000a2000 08:02 13646725                   /usr/lib/jvm/jdk1.7.0_80/jre/lib/amd64/libawt.so
7f39c838f000-7f39c83b3000 rw-p 00000000 00:00 0 
7f39c83b3000-7f39c83c3000 r-xp 00000000 08:02 13646692                   /usr/lib/jvm/jdk1.7.0_80/jre/lib/amd64/libnio.so
7f39c83c3000-7f39c85c3000 ---p 00010000 08:02 13646692                   /usr/lib/jvm/jdk1.7.0_80/jre/lib/amd64/libnio.so
7f39c85c3000-7f39c85c4000 rw-p 00010000 08:02 13646692                   /usr/lib/jvm/jdk1.7.0_80/jre/lib/amd64/libnio.so
7f39c85c4000-7f39c85db000 r-xp 00000000 08:02 13646726                   /usr/lib/jvm/jdk1.7.0_80/jre/lib/amd64/libnet.so
7f39c85db000-7f39c87da000 ---p 00017000 08:02 13646726                   /usr/lib/jvm/jdk1.7.0_80/jre/lib/amd64/libnet.so
7f39c87da000-7f39c87db000 rw-p 00016000 08:02 13646726                   /usr/lib/jvm/jdk1.7.0_80/jre/lib/amd64/libnet.so
7f39c87db000-7f39c8869000 rw-p 00000000 00:00 0 
7f39c8869000-7f39c8bfc000 r--s 03191000 08:02 8128837                    /home/headrun/Downloads/tika-app-1.17.jar
7f39c8bfc000-7f39c8bfd000 ---p 00000000 00:00 0 
7f39c8bfd000-7f39c8cfd000 rw-p 00000000 00:00 0 
7f39c8cfd000-7f39c8d00000 ---p 00000000 00:00 0 
7f39c8d00000-7f39c8dfe000 rw-p 00000000 00:00 0 
7f39c8dfe000-7f39c8e01000 ---p 00000000 00:00 0 
7f39c8e01000-7f39c8eff000 rw-p 00000000 00:00 0 
7f39c8eff000-7f39c8f02000 ---p 00000000 00:00 0 
7f39c8f02000-7f39c9000000 rw-p 00000000 00:00 0 
7f39c9000000-7f39c9270000 rwxp 00000000 00:00 0 
7f39c9270000-7f39cd4f5000 rw-p 00000000 00:00 0 
7f39cd4f5000-7f39d0000000 ---p 00000000 00:00 0 
7f39d0010000-7f39d0014000 r--s 0008b000 08:02 13647318                   /usr/lib/jvm/jdk1.7.0_80/jre/lib/jsse.jar
7f39d0014000-7f39d001f000 r--s 0037c000 08:02 13647395                   /usr/lib/jvm/jdk1.7.0_80/jre/lib/charsets.jar
7f39d001f000-7f39d0023000 r--s 000f7000 08:02 13647329                   /usr/lib/jvm/jdk1.7.0_80/jre/lib/ext/localedata.jar
7f39d0023000-7f39d002d000 r--s 00253000 08:02 13646769                   /usr/lib/jvm/jdk1.7.0_80/jre/lib/resources.jar
7f39d002d000-7f39d0030000 r--s 07cb5000 08:02 8136923                    /home/headrun/Downloads/java-ocr-api-15.3.0.3.jar
7f39d0030000-7f39d0033000 r--s 00017000 08:02 8132360                    /home/headrun/Downloads/marvin_1.5.5.jar
7f39d0033000-7f39d0049000 r--s 0023f000 08:02 8139468                    /home/headrun/Downloads/pdfbox-2.0.3.jar
7f39d0049000-7f39d004f000 r--s 00163000 08:02 8139467                    /home/headrun/Downloads/fontbox-2.0.3.jar
7f39d004f000-7f39d005d000 r--s 00083000 08:02 8141858                    /home/headrun/Downloads/opencv-3.0.0-1.0.jar
7f39d005d000-7f39d0060000 r--s 031c7000 08:02 12847991                   /home/headrun/Downloads/asprise-ocr-java-15.3.1-trial-linux/aocr.jar
7f39d0060000-7f39d006a000 r--s 00081000 08:02 13108978                   /home/headrun/Downloads/jar_files (1)/xmlgraphics-commons-1.4.jar
7f39d006a000-7f39d006c000 r--s 02050000 08:02 13110944                   /home/headrun/Downloads/jar_files (1)/tess4j-3.2.1.jar
7f39d006c000-7f39d0070000 r--s 00015000 08:02 13110932                   /home/headrun/Downloads/jar_files (1)/rococoa-core-0.5.jar
7f39d0070000-7f39d007a000 r--s 00069000 08:02 13110945                   /home/headrun/Downloads/jar_files (1)/logback-core-1.1.7.jar
7f39d007a000-7f39d0081000 r--s 00044000 08:02 13110925                   /home/headrun/Downloads/jar_files (1)/logback-classic-1.1.7.jar
7f39d0081000-7f39d0083000 r--s 00004000 08:02 13109142                   /home/headrun/Downloads/jar_files (1)/log4j-over-slf4j-1.7.21.jar
7f39d0083000-7f39d008c000 r--s 0006f000 08:02 13108979                   /home/headrun/Downloads/jar_files (1)/log4j-1.2.17.jar
7f39d008c000-7f39d0091000 r--s 00229000 08:02 13110922                   /home/headrun/Downloads/jar_files (1)/lept4j-1.2.3.jar
7f39d0091000-7f39d0093000 r--s 00000000 08:02 13110924                   /home/headrun/Downloads/jar_files (1)/jul-to-slf4j-1.7.21.jar
7f39d0093000-7f39d0097000 r--s 000dc000 08:02 13109139                   /home/headrun/Downloads/jar_files (1)/jna-4.1.0.jar
7f39d0097000-7f39d0099000 r--s 00003000 08:02 13110923                   /home/headrun/Downloads/jar_files (1)/jcl-over-slf4j-1.7.21.jar
7f39d0099000-7f39d00a4000 r--s 00088000 08:02 13109141                   /home/headrun/Downloads/jar_files (1)/jai-imageio-core-1.3.1.jar
7f39d00a4000-7f39d00b0000 r--s 00108000 08:02 13108977                   /home/headrun/Downloads/jar_files (1)/itext-2.1.7.jar
7f39d00b0000-7f39d00b5000 r--s 00028000 08:02 13109140                   /home/headrun/Downloads/jar_files (1)/ghost4j-1.0.1.jar
7f39d00b5000-7f39d00b9000 r--s 0002f000 08:02 13110931                   /home/headrun/Downloads/jar_files (1)/commons-io-2.5.jar
7f39d00b9000-7f39d00c7000 r--s 0007f000 08:02 13110929                   /home/headrun/Downloads/jar_files (1)/commons-collections-3.2.1.jar
7f39d00c7000-7f39d00cc000 r--s 00035000 08:02 13110930                   /home/headrun/Downloads/jar_files (1)/commons-beanutils-1.9.2.jar
7f39d00cc000-7f39d00da000 r--s 00374000 08:02 13901063                   /home/headrun/Downloads/PDFxStream.Java-3.5.0/lib/PDFxStream.jar
7f39d00da000-7f39d00dd000 ---p 00000000 00:00 0 
7f39d00dd000-7f39d01db000 rw-p 00000000 00:00 0 
7f39d01db000-7f39d04b3000 r--p 00000000 08:02 12058653                   /usr/lib/locale/locale-archive
7f39d04b3000-7f39d04b6000 ---p 00000000 00:00 0 
7f39d04b6000-7f39d05b4000 rw-p 00000000 00:00 0 
7f39d05b4000-7f39d05b7000 ---p 00000000 00:00 0 
7f39d05b7000-7f39d06b5000 rw-p 00000000 00:00 0 
7f39d06b5000-7f39d06b6000 ---p 00000000 00:00 0 
7f39d06b6000-7f39d17b5000 rw-p 00000000 00:00 0 
7f39d17b5000-7f39d1975000 r--s 039fb000 08:02 13647374                   /usr/lib/jvm/jdk1.7.0_80/jre/lib/rt.jar
7f39d1975000-7f39d1c74000 rw-p 00000000 00:00 0 
7f39d1c74000-7f39d1c75000 ---p 00000000 00:00 0 
7f39d1c75000-7f39d1d75000 rw-p 00000000 00:00 0 
7f39d1d75000-7f39d1d76000 ---p 00000000 00:00 0 
7f39d1d76000-7f39d1e76000 rw-p 00000000 00:00 0 
7f39d1e76000-7f39d1e77000 ---p 00000000 00:00 0 
7f39d1e77000-7f39d1f77000 rw-p 00000000 00:00 0 
7f39d1f77000-7f39d1f78000 ---p 00000000 00:00 0 
7f39d1f78000-7f39d2083000 rw-p 00000000 00:00 0 
7f39d2083000-7f39d20a1000 rw-p 00000000 00:00 0 
7f39d20a1000-7f39d20b5000 rw-p 00000000 00:00 0 
7f39d20b5000-7f39d21df000 rw-p 00000000 00:00 0 
7f39d21df000-7f39d21ea000 rw-p 00000000 00:00 0 
7f39d21ea000-7f39d2208000 rw-p 00000000 00:00 0 
7f39d2208000-7f39d221c000 rw-p 00000000 00:00 0 
7f39d221c000-7f39d2346000 rw-p 00000000 00:00 0 
7f39d2346000-7f39d2350000 rw-p 00000000 00:00 0 
7f39d2350000-7f39d23e5000 rw-p 00000000 00:00 0 
7f39d23e5000-7f39d23e6000 rw-p 00000000 00:00 0 
7f39d23e6000-7f39d23fd000 r-xp 00000000 08:02 13646721                   /usr/lib/jvm/jdk1.7.0_80/jre/lib/amd64/libzip.so
7f39d23fd000-7f39d25fd000 ---p 00017000 08:02 13646721                   /usr/lib/jvm/jdk1.7.0_80/jre/lib/amd64/libzip.so
7f39d25fd000-7f39d25fe000 rw-p 00017000 08:02 13646721                   /usr/lib/jvm/jdk1.7.0_80/jre/lib/amd64/libzip.so
7f39d25fe000-7f39d2609000 r-xp 00000000 08:02 24909811                   /lib/x86_64-linux-gnu/libnss_files-2.23.so
7f39d2609000-7f39d2808000 ---p 0000b000 08:02 24909811                   /lib/x86_64-linux-gnu/libnss_files-2.23.so
7f39d2808000-7f39d2809000 r--p 0000a000 08:02 24909811                   /lib/x86_64-linux-gnu/libnss_files-2.23.so
7f39d2809000-7f39d280a000 rw-p 0000b000 08:02 24909811                   /lib/x86_64-linux-gnu/libnss_files-2.23.so
7f39d280a000-7f39d2810000 rw-p 00000000 00:00 0 
7f39d2810000-7f39d281b000 r-xp 00000000 08:02 24909815                   /lib/x86_64-linux-gnu/libnss_nis-2.23.so
7f39d281b000-7f39d2a1a000 ---p 0000b000 08:02 24909815                   /lib/x86_64-linux-gnu/libnss_nis-2.23.so
7f39d2a1a000-7f39d2a1b000 r--p 0000a000 08:02 24909815                   /lib/x86_64-linux-gnu/libnss_nis-2.23.so
7f39d2a1b000-7f39d2a1c000 rw-p 0000b000 08:02 24909815                   /lib/x86_64-linux-gnu/libnss_nis-2.23.so
7f39d2a1c000-7f39d2a32000 r-xp 00000000 08:02 24909795                   /lib/x86_64-linux-gnu/libnsl-2.23.so
7f39d2a32000-7f39d2c31000 ---p 00016000 08:02 24909795                   /lib/x86_64-linux-gnu/libnsl-2.23.so
7f39d2c31000-7f39d2c32000 r--p 00015000 08:02 24909795                   /lib/x86_64-linux-gnu/libnsl-2.23.so
7f39d2c32000-7f39d2c33000 rw-p 00016000 08:02 24909795                   /lib/x86_64-linux-gnu/libnsl-2.23.so
7f39d2c33000-7f39d2c35000 rw-p 00000000 00:00 0 
7f39d2c35000-7f39d2c3d000 r-xp 00000000 08:02 24909806                   /lib/x86_64-linux-gnu/libnss_compat-2.23.so
7f39d2c3d000-7f39d2e3c000 ---p 00008000 08:02 24909806                   /lib/x86_64-linux-gnu/libnss_compat-2.23.so
7f39d2e3c000-7f39d2e3d000 r--p 00007000 08:02 24909806                   /lib/x86_64-linux-gnu/libnss_compat-2.23.so
7f39d2e3d000-7f39d2e3e000 rw-p 00008000 08:02 24909806                   /lib/x86_64-linux-gnu/libnss_compat-2.23.so
7f39d2e3e000-7f39d2e67000 r-xp 00000000 08:02 13646687                   /usr/lib/jvm/jdk1.7.0_80/jre/lib/amd64/libjava.so
7f39d2e67000-7f39d3067000 ---p 00029000 08:02 13646687                   /usr/lib/jvm/jdk1.7.0_80/jre/lib/amd64/libjava.so
7f39d3067000-7f39d3069000 rw-p 00029000 08:02 13646687                   /usr/lib/jvm/jdk1.7.0_80/jre/lib/amd64/libjava.so
7f39d3069000-7f39d3076000 r-xp 00000000 08:02 13646714                   /usr/lib/jvm/jdk1.7.0_80/jre/lib/amd64/libverify.so
7f39d3076000-7f39d3275000 ---p 0000d000 08:02 13646714                   /usr/lib/jvm/jdk1.7.0_80/jre/lib/amd64/libverify.so
7f39d3275000-7f39d3277000 rw-p 0000c000 08:02 13646714                   /usr/lib/jvm/jdk1.7.0_80/jre/lib/amd64/libverify.so
7f39d3277000-7f39d327e000 r-xp 00000000 08:02 24909816                   /lib/x86_64-linux-gnu/librt-2.23.so
7f39d327e000-7f39d347d000 ---p 00007000 08:02 24909816                   /lib/x86_64-linux-gnu/librt-2.23.so
7f39d347d000-7f39d347e000 r--p 00006000 08:02 24909816                   /lib/x86_64-linux-gnu/librt-2.23.so
7f39d347e000-7f39d347f000 rw-p 00007000 08:02 24909816                   /lib/x86_64-linux-gnu/librt-2.23.so
7f39d347f000-7f39d3587000 r-xp 00000000 08:02 24909793                   /lib/x86_64-linux-gnu/libm-2.23.so
7f39d3587000-7f39d3786000 ---p 00108000 08:02 24909793                   /lib/x86_64-linux-gnu/libm-2.23.so
7f39d3786000-7f39d3787000 r--p 00107000 08:02 24909793                   /lib/x86_64-linux-gnu/libm-2.23.so
7f39d3787000-7f39d3788000 rw-p 00108000 08:02 24909793                   /lib/x86_64-linux-gnu/libm-2.23.so
7f39d3788000-7f39d42fe000 r-xp 00000000 08:02 13646741                   /usr/lib/jvm/jdk1.7.0_80/jre/lib/amd64/server/libjvm.so
7f39d42fe000-7f39d44fd000 ---p 00b76000 08:02 13646741                   /usr/lib/jvm/jdk1.7.0_80/jre/lib/amd64/server/libjvm.so
7f39d44fd000-7f39d45c1000 rw-p 00b75000 08:02 13646741                   /usr/lib/jvm/jdk1.7.0_80/jre/lib/amd64/server/libjvm.so
7f39d45c1000-7f39d4602000 rw-p 00000000 00:00 0 
7f39d4602000-7f39d47c2000 r-xp 00000000 08:02 24909798                   /lib/x86_64-linux-gnu/libc-2.23.so
7f39d47c2000-7f39d49c2000 ---p 001c0000 08:02 24909798                   /lib/x86_64-linux-gnu/libc-2.23.so
7f39d49c2000-7f39d49c6000 r--p 001c0000 08:02 24909798                   /lib/x86_64-linux-gnu/libc-2.23.so
7f39d49c6000-7f39d49c8000 rw-p 001c4000 08:02 24909798                   /lib/x86_64-linux-gnu/libc-2.23.so
7f39d49c8000-7f39d49cc000 rw-p 00000000 00:00 0 
7f39d49cc000-7f39d49cf000 r-xp 00000000 08:02 24909800                   /lib/x86_64-linux-gnu/libdl-2.23.so
7f39d49cf000-7f39d4bce000 ---p 00003000 08:02 24909800                   /lib/x86_64-linux-gnu/libdl-2.23.so
7f39d4bce000-7f39d4bcf000 r--p 00002000 08:02 24909800                   /lib/x86_64-linux-gnu/libdl-2.23.so
7f39d4bcf000-7f39d4bd0000 rw-p 00003000 08:02 24909800                   /lib/x86_64-linux-gnu/libdl-2.23.so
7f39d4bd0000-7f39d4be5000 r-xp 00000000 08:02 13647422                   /usr/lib/jvm/jdk1.7.0_80/lib/amd64/jli/libjli.so
7f39d4be5000-7f39d4de4000 ---p 00015000 08:02 13647422                   /usr/lib/jvm/jdk1.7.0_80/lib/amd64/jli/libjli.so
7f39d4de4000-7f39d4de5000 rw-p 00014000 08:02 13647422                   /usr/lib/jvm/jdk1.7.0_80/lib/amd64/jli/libjli.so
7f39d4de5000-7f39d4dfd000 r-xp 00000000 08:02 24909797                   /lib/x86_64-linux-gnu/libpthread-2.23.so
7f39d4dfd000-7f39d4ffc000 ---p 00018000 08:02 24909797                   /lib/x86_64-linux-gnu/libpthread-2.23.so
7f39d4ffc000-7f39d4ffd000 r--p 00017000 08:02 24909797                   /lib/x86_64-linux-gnu/libpthread-2.23.so
7f39d4ffd000-7f39d4ffe000 rw-p 00018000 08:02 24909797                   /lib/x86_64-linux-gnu/libpthread-2.23.so
7f39d4ffe000-7f39d5002000 rw-p 00000000 00:00 0 
7f39d5002000-7f39d5028000 r-xp 00000000 08:02 24909796                   /lib/x86_64-linux-gnu/ld-2.23.so
7f39d5028000-7f39d5029000 r--s 00009000 08:02 13110928                   /home/headrun/Downloads/jar_files (1)/slf4j-api-1.7.20.jar
7f39d5029000-7f39d502b000 r--s 0000d000 08:02 13108980                   /home/headrun/Downloads/jar_files (1)/commons-logging-1.1.1.jar
7f39d502b000-7f39d5032000 r--s 00040000 08:02 13110927                   /home/headrun/Downloads/jar_files (1)/cglib-2.2.2.jar
7f39d5032000-7f39d5051000 rw-p 00000000 00:00 0 
7f39d5051000-7f39d5107000 rw-p 00000000 00:00 0 
7f39d5107000-7f39d510a000 ---p 00000000 00:00 0 
7f39d510a000-7f39d520d000 rw-p 00000000 00:00 0 
7f39d520d000-7f39d520e000 r--s 0000a000 08:02 13110926                   /home/headrun/Downloads/jar_files (1)/asm-3.3.1.jar
7f39d520e000-7f39d521d000 r--s 0017c000 08:02 13646600                   /home/headrun/Downloads/itextpdf-5.1.0.jar
7f39d521d000-7f39d5225000 rw-s 00000000 08:02 19139065                   /tmp/hsperfdata_headrun/24368
7f39d5225000-7f39d5226000 rw-p 00000000 00:00 0 
7f39d5226000-7f39d5227000 r--p 00000000 00:00 0 
7f39d5227000-7f39d5228000 r--p 00025000 08:02 24909796                   /lib/x86_64-linux-gnu/ld-2.23.so
7f39d5228000-7f39d5229000 rw-p 00026000 08:02 24909796                   /lib/x86_64-linux-gnu/ld-2.23.so
7f39d5229000-7f39d522a000 rw-p 00000000 00:00 0 
7ffcd5d59000-7ffcd5d7b000 rw-p 00000000 00:00 0                          [stack]
7ffcd5da2000-7ffcd5da5000 r--p 00000000 00:00 0                          [vvar]
7ffcd5da5000-7ffcd5da7000 r-xp 00000000 00:00 0                          [vdso]
ffffffffff600000-ffffffffff601000 r-xp 00000000 00:00 0                  [vsyscall]

VM Arguments:
jvm_args: -Dfile.encoding=UTF-8 
java_command: TesseractExample
Launcher Type: SUN_STANDARD

Environment Variables:
JAVA_HOME=/usr/lib/jvm/java-8-oracle
CLASSPATH=/usr/lib/jvm/jdk1.7.0_80/lib/tools.jar:/usr/lib/jvm/jdk1.7.0_80/jre/rt.jar
PATH=/home/headrun/bin:/home/headrun/.local/bin:/usr/lib/jvm/jdk1.7.0_80/bin:/usr/local/sbin:/usr/local/bin:/usr/sbin:/usr/bin:/sbin:/bin:/usr/games:/usr/local/games:/snap/bin:/usr/lib/jvm/java-8-oracle/bin:/usr/lib/jvm/java-8-oracle/db/bin:/usr/lib/jvm/java-8-oracle/jre/bin
SHELL=/bin/bash
DISPLAY=:0

Signal Handlers:
SIGSEGV: [libjvm.so+0x9a3b20], sa_mask[0]=0x7ffbfeff, sa_flags=0x10000004
SIGBUS: [libjvm.so+0x9a3b20], sa_mask[0]=0x7ffbfeff, sa_flags=0x10000004
SIGFPE: [libjvm.so+0x81e740], sa_mask[0]=0x7ffbfeff, sa_flags=0x10000004
SIGPIPE: [libjvm.so+0x81e740], sa_mask[0]=0x7ffbfeff, sa_flags=0x10000004
SIGXFSZ: [libjvm.so+0x81e740], sa_mask[0]=0x7ffbfeff, sa_flags=0x10000004
SIGILL: [libjvm.so+0x81e740], sa_mask[0]=0x7ffbfeff, sa_flags=0x10000004
SIGUSR1: SIG_DFL, sa_mask[0]=0x00000000, sa_flags=0x00000000
SIGUSR2: [libjvm.so+0x81ffb0], sa_mask[0]=0x00000004, sa_flags=0x10000004
SIGHUP: [libjvm.so+0x8210d0], sa_mask[0]=0x7ffbfeff, sa_flags=0x10000004
SIGINT: [libjvm.so+0x8210d0], sa_mask[0]=0x7ffbfeff, sa_flags=0x10000004
SIGTERM: [libjvm.so+0x8210d0], sa_mask[0]=0x7ffbfeff, sa_flags=0x10000004
SIGQUIT: [libjvm.so+0x8210d0], sa_mask[0]=0x7ffbfeff, sa_flags=0x10000004


---------------  S Y S T E M  ---------------

OS:stretch/sid

uname:Linux 4.13.0-32-generic #35~16.04.1-Ubuntu SMP Thu Jan 25 10:13:43 UTC 2018 x86_64
libc:glibc 2.23 NPTL 2.23 
rlimit: STACK 8192k, CORE 0k, NPROC 14234, NOFILE 1048576, AS infinity
load average:0.54 0.74 0.69

/proc/meminfo:
MemTotal:        3900916 kB
MemFree:         1945664 kB
MemAvailable:    2430296 kB
Buffers:           42808 kB
Cached:           766804 kB
SwapCached:        52780 kB
Active:          1302508 kB
Inactive:         472696 kB
Active(anon):     940740 kB
Inactive(anon):   170476 kB
Active(file):     361768 kB
Inactive(file):   302220 kB
Unevictable:         456 kB
Mlocked:             456 kB
SwapTotal:       4055036 kB
SwapFree:        3603708 kB
Dirty:               784 kB
Writeback:             0 kB
AnonPages:        919408 kB
Mapped:           293004 kB
Shmem:            145592 kB
Slab:              86988 kB
SReclaimable:      46340 kB
SUnreclaim:        40648 kB
KernelStack:        9104 kB
PageTables:        36792 kB
NFS_Unstable:          0 kB
Bounce:                0 kB
WritebackTmp:          0 kB
CommitLimit:     6005492 kB
Committed_AS:    5497044 kB
VmallocTotal:   34359738367 kB
VmallocUsed:           0 kB
VmallocChunk:          0 kB
HardwareCorrupted:     0 kB
AnonHugePages:         0 kB
ShmemHugePages:        0 kB
ShmemPmdMapped:        0 kB
CmaTotal:              0 kB
CmaFree:               0 kB
HugePages_Total:       0
HugePages_Free:        0
HugePages_Rsvd:        0
HugePages_Surp:        0
Hugepagesize:       2048 kB
DirectMap4k:      189936 kB
DirectMap2M:     3866624 kB


CPU:total 4 (2 cores per cpu, 2 threads per core) family 6 model 58 stepping 9, cmov, cx8, fxsr, mmx, sse, sse2, sse3, ssse3, sse4.1, sse4.2, popcnt, avx, erms, ht, tsc, tscinvbit, tscinv

/proc/cpuinfo:
processor	: 0
vendor_id	: GenuineIntel
cpu family	: 6
model		: 58
model name	: Intel(R) Core(TM) i3-3110M CPU @ 2.40GHz
stepping	: 9
microcode	: 0x15
cpu MHz		: 2394.627
cache size	: 3072 KB
physical id	: 0
siblings	: 4
core id		: 0
cpu cores	: 2
apicid		: 0
initial apicid	: 0
fpu		: yes
fpu_exception	: yes
cpuid level	: 13
wp		: yes
flags		: fpu vme de pse tsc msr pae mce cx8 apic sep mtrr pge mca cmov pat pse36 clflush dts acpi mmx fxsr sse sse2 ss ht tm pbe syscall nx rdtscp lm constant_tsc arch_perfmon pebs bts rep_good nopl xtopology nonstop_tsc cpuid aperfmperf pni pclmulqdq dtes64 monitor ds_cpl vmx est tm2 ssse3 cx16 xtpr pdcm pcid sse4_1 sse4_2 x2apic popcnt tsc_deadline_timer xsave avx f16c lahf_lm cpuid_fault epb pti tpr_shadow vnmi flexpriority ept vpid fsgsbase smep erms xsaveopt dtherm arat pln pts
bugs		: cpu_meltdown spectre_v1 spectre_v2
bogomips	: 4789.25
clflush size	: 64
cache_alignment	: 64
address sizes	: 36 bits physical, 48 bits virtual
power management:

processor	: 1
vendor_id	: GenuineIntel
cpu family	: 6
model		: 58
model name	: Intel(R) Core(TM) i3-3110M CPU @ 2.40GHz
stepping	: 9
microcode	: 0x15
cpu MHz		: 2394.627
cache size	: 3072 KB
physical id	: 0
siblings	: 4
core id		: 1
cpu cores	: 2
apicid		: 2
initial apicid	: 2
fpu		: yes
fpu_exception	: yes
cpuid level	: 13
wp		: yes
flags		: fpu vme de pse tsc msr pae mce cx8 apic sep mtrr pge mca cmov pat pse36 clflush dts acpi mmx fxsr sse sse2 ss ht tm pbe syscall nx rdtscp lm constant_tsc arch_perfmon pebs bts rep_good nopl xtopology nonstop_tsc cpuid aperfmperf pni pclmulqdq dtes64 monitor ds_cpl vmx est tm2 ssse3 cx16 xtpr pdcm pcid sse4_1 sse4_2 x2apic popcnt tsc_deadline_timer xsave avx f16c lahf_lm cpuid_fault epb pti tpr_shadow vnmi flexpriority ept vpid fsgsbase smep erms xsaveopt dtherm arat pln pts
bugs		: cpu_meltdown spectre_v1 spectre_v2
bogomips	: 4789.25
clflush size	: 64
cache_alignment	: 64
address sizes	: 36 bits physical, 48 bits virtual
power management:

processor	: 2
vendor_id	: GenuineIntel
cpu family	: 6
model		: 58
model name	: Intel(R) Core(TM) i3-3110M CPU @ 2.40GHz
stepping	: 9
microcode	: 0x15
cpu MHz		: 2394.627
cache size	: 3072 KB
physical id	: 0
siblings	: 4
core id		: 0
cpu cores	: 2
apicid		: 1
initial apicid	: 1
fpu		: yes
fpu_exception	: yes
cpuid level	: 13
wp		: yes
flags		: fpu vme de pse tsc msr pae mce cx8 apic sep mtrr pge mca cmov pat pse36 clflush dts acpi mmx fxsr sse sse2 ss ht tm pbe syscall nx rdtscp lm constant_tsc arch_perfmon pebs bts rep_good nopl xtopology nonstop_tsc cpuid aperfmperf pni pclmulqdq dtes64 monitor ds_cpl vmx est tm2 ssse3 cx16 xtpr pdcm pcid sse4_1 sse4_2 x2apic popcnt tsc_deadline_timer xsave avx f16c lahf_lm cpuid_fault epb pti tpr_shadow vnmi flexpriority ept vpid fsgsbase smep erms xsaveopt dtherm arat pln pts
bugs		: cpu_meltdown spectre_v1 spectre_v2
bogomips	: 4789.25
clflush size	: 64
cache_alignment	: 64
address sizes	: 36 bits physical, 48 bits virtual
power management:

processor	: 3
vendor_id	: GenuineIntel
cpu family	: 6
model		: 58
model name	: Intel(R) Core(TM) i3-3110M CPU @ 2.40GHz
stepping	: 9
microcode	: 0x15
cpu MHz		: 2394.627
cache size	: 3072 KB
physical id	: 0
siblings	: 4
core id		: 1
cpu cores	: 2
apicid		: 3
initial apicid	: 3
fpu		: yes
fpu_exception	: yes
cpuid level	: 13
wp		: yes
flags		: fpu vme de pse tsc msr pae mce cx8 apic sep mtrr pge mca cmov pat pse36 clflush dts acpi mmx fxsr sse sse2 ss ht tm pbe syscall nx rdtscp lm constant_tsc arch_perfmon pebs bts rep_good nopl xtopology nonstop_tsc cpuid aperfmperf pni pclmulqdq dtes64 monitor ds_cpl vmx est tm2 ssse3 cx16 xtpr pdcm pcid sse4_1 sse4_2 x2apic popcnt tsc_deadline_timer xsave avx f16c lahf_lm cpuid_fault epb pti tpr_shadow vnmi flexpriority ept vpid fsgsbase smep erms xsaveopt dtherm arat pln pts
bugs		: cpu_meltdown spectre_v1 spectre_v2
bogomips	: 4789.25
clflush size	: 64
cache_alignment	: 64
address sizes	: 36 bits physical, 48 bits virtual
power management:



Memory: 4k page, physical 3900916k(1945664k free), swap 4055036k(3603708k free)

vm_info: Java HotSpot(TM) 64-Bit Server VM (24.80-b11) for linux-amd64 JRE (1.7.0_80-b15), built on Apr 10 2015 19:53:14 by "java_re" with gcc 4.3.0 20080428 (Red Hat 4.3.0-8)

time: Mon Feb 12 13:05:16 2018
elapsed time: 0 seconds

