#
# A fatal error has been detected by the Java Runtime Environment:
#
#  SIGSEGV (0xb) at pc=0x00007fbcf7a7213d, pid=11598, tid=140450728863488
#
# JRE version: Java(TM) SE Runtime Environment (7.0_80-b15) (build 1.7.0_80-b15)
# Java VM: Java HotSpot(TM) 64-Bit Server VM (24.80-b11 mixed mode linux-amd64 compressed oops)
# Problematic frame:
# C  [libtesseract.so.3.0.4+0x1f413d]  tesseract::HistogramRect(Pix*, int, int, int, int, int, int*)+0xfd
#
# Failed to write core dump. Core dumps have been disabled. To enable core dumping, try "ulimit -c unlimited" before starting Java again
#
# If you would like to submit a bug report, please visit:
#   http://bugreport.java.com/bugreport/crash.jsp
# The crash happened outside the Java Virtual Machine in native code.
# See problematic frame for where to report the bug.
#

---------------  T H R E A D  ---------------

Current thread (0x00007fbd3400a800):  JavaThread "main" [_thread_in_native, id=11603, stack(0x00007fbd3bbd6000,0x00007fbd3bcd7000)]

siginfo:si_signo=SIGSEGV: si_errno=0, si_code=2 (SEGV_ACCERR), si_addr=0x00007fbd354f2613

Registers:
RAX=0x0000000000000001, RBX=0x00007fbd3bcd3c30, RCX=0x00007fbd354f2613, RDX=0x00007fbd354f2614
RSP=0x00007fbd3bcd3b70, RBP=0x00000000000001f4, RSI=0x0000000000000004, RDI=0x00007fbd354f2610
R8 =0x000000000000041a, R9 =0x0000000000000448, R10=0x00007fbd34000078, R11=0x00007fbd34000078
R12=0x0000000000000004, R13=0x0000000000000258, R14=0x0000000000000050, R15=0x00007fbd34563b40
RIP=0x00007fbcf7a7213d, EFLAGS=0x0000000000010202, CSGSFS=0x002b000000000033, ERR=0x0000000000000004
  TRAPNO=0x000000000000000e

Top of Stack: (sp=0x00007fbd3bcd3b70)
0x00007fbd3bcd3b70:   0000011200000000 000000000000041a
0x00007fbd3bcd3b80:   00007fbd3bcd4098 0000000000000000
0x00007fbd3bcd3b90:   00007fbd3bcd3c30 00007fbd3bcd40a0
0x00007fbd3bcd3ba0:   0000000000000000 00007fbd3bcd4098
0x00007fbd3bcd3bb0:   0000000000000000 00007fbcf7a723d9
0x00007fbd3bcd3bc0:   00007fbd3bcd3c30 00007fbcf7a72314
0x00007fbd3bcd3bd0:   00007fbd3400b0e0 00007fbd34563b40
0x00007fbd3bcd3be0:   0000001400000004 000001f400000258
0x00007fbd3bcd3bf0:   00007fbd3bcd3c28 00007fbd3bcd3c2c
0x00007fbd3bcd3c00:   00000000000001c2 0000000000000000
0x00007fbd3bcd3c10:   00007fbd3455ed50 0000000000000001
0x00007fbd3bcd3c20:   00000000bf444259 00007fbd3bcd3c78
0x00007fbd3bcd3c30:   0000000000000000 0000000000000000
0x00007fbd3bcd3c40:   0000000000000000 0000000000000000
0x00007fbd3bcd3c50:   0000000000000000 0000000000000000
0x00007fbd3bcd3c60:   0000000000000000 0000000000000000
0x00007fbd3bcd3c70:   0000000000000000 0000000000000000
0x00007fbd3bcd3c80:   0000000000000000 0000000000000000
0x00007fbd3bcd3c90:   0000000000000000 0000000000000000
0x00007fbd3bcd3ca0:   0000000000000000 0000000000000000
0x00007fbd3bcd3cb0:   0000000000000000 0000000000000000
0x00007fbd3bcd3cc0:   0000000000000000 0000000000000000
0x00007fbd3bcd3cd0:   0000000000000000 0000000000000000
0x00007fbd3bcd3ce0:   0000000000000000 0000000000000000
0x00007fbd3bcd3cf0:   0000000000000000 0000000000000000
0x00007fbd3bcd3d00:   0000000000000000 0000000000000000
0x00007fbd3bcd3d10:   0000000000000000 0000000000000000
0x00007fbd3bcd3d20:   0000000000000000 0000000000000000
0x00007fbd3bcd3d30:   0000000000000000 0000000000000000
0x00007fbd3bcd3d40:   0000000000000000 0000000000000000
0x00007fbd3bcd3d50:   0000000000000000 0000000000000000
0x00007fbd3bcd3d60:   0000000000000000 0000000000000000 

Instructions: (pc=0x00007fbcf7a7213d)
0x00007fbcf7a7211d:   1f 40 00 31 c0 85 ed 48 89 fa 7e 1f 0f 1f 80 00
0x00007fbcf7a7212d:   00 00 00 48 89 d1 83 c0 01 48 01 f2 48 83 f1 03
0x00007fbcf7a7213d:   0f b6 09 83 04 8b 01 39 c5 75 e8 41 83 c5 01 4c
0x00007fbcf7a7214d:   01 cf 45 39 e8 75 cc 48 83 c4 18 5b 5d 41 5c 41 

Register to memory mapping:

RAX=0x0000000000000001 is an unknown value
RBX=0x00007fbd3bcd3c30 is pointing into the stack for thread: 0x00007fbd3400a800
RCX=0x00007fbd354f2613 is an unknown value
RDX=0x00007fbd354f2614 is an unknown value
RSP=0x00007fbd3bcd3b70 is pointing into the stack for thread: 0x00007fbd3400a800
RBP=0x00000000000001f4 is an unknown value
RSI=0x0000000000000004 is an unknown value
RDI=0x00007fbd354f2610 is an unknown value
R8 =0x000000000000041a is an unknown value
R9 =0x0000000000000448 is an unknown value
R10=0x00007fbd34000078 is an unknown value
R11=0x00007fbd34000078 is an unknown value
R12=0x0000000000000004 is an unknown value
R13=0x0000000000000258 is an unknown value
R14=0x0000000000000050 is an unknown value
R15=0x00007fbd34563b40 is an unknown value


Stack: [0x00007fbd3bbd6000,0x00007fbd3bcd7000],  sp=0x00007fbd3bcd3b70,  free space=1014k
Native frames: (J=compiled Java code, j=interpreted, Vv=VM code, C=native code)
C  [libtesseract.so.3.0.4+0x1f413d]  tesseract::HistogramRect(Pix*, int, int, int, int, int, int*)+0xfd

Java frames: (J=compiled Java code, j=interpreted, Vv=VM code)
j  com.sun.jna.Native.invokePointer(JI[Ljava/lang/Object;)J+0
j  com.sun.jna.Function.invokePointer(I[Ljava/lang/Object;)Lcom/sun/jna/Pointer;+6
j  com.sun.jna.Function.invoke([Ljava/lang/Object;Ljava/lang/Class;Z)Ljava/lang/Object;+426
j  com.sun.jna.Function.invoke(Ljava/lang/Class;[Ljava/lang/Object;Ljava/util/Map;)Ljava/lang/Object;+262
j  com.sun.jna.Library$Handler.invoke(Ljava/lang/Object;Ljava/lang/reflect/Method;[Ljava/lang/Object;)Ljava/lang/Object;+316
j  com.sun.proxy.$Proxy0.TessBaseAPIGetUTF8Text(Lnet/sourceforge/tess4j/ITessAPI$TessBaseAPI;)Lcom/sun/jna/Pointer;+16
j  net.sourceforge.tess4j.Tesseract.getOCRText(Ljava/lang/String;I)Ljava/lang/String;+62
j  net.sourceforge.tess4j.Tesseract.doOCR(Ljava/util/List;Ljava/lang/String;Ljava/awt/Rectangle;)Ljava/lang/String;+69
j  net.sourceforge.tess4j.Tesseract.doOCR(Ljava/util/List;Ljava/awt/Rectangle;)Ljava/lang/String;+4
j  net.sourceforge.tess4j.Tesseract.doOCR(Ljava/awt/image/BufferedImage;Ljava/awt/Rectangle;)Ljava/lang/String;+6
j  PdfToImage1.main([Ljava/lang/String;)V+78
v  ~StubRoutines::call_stub

---------------  P R O C E S S  ---------------

Java Threads: ( => current thread )
  0x00007fbd344c6800 JavaThread "Java2D Disposer" daemon [_thread_blocked, id=11616, stack(0x00007fbd2c0ac000,0x00007fbd2c1ad000)]
  0x00007fbd34099000 JavaThread "Service Thread" daemon [_thread_blocked, id=11614, stack(0x00007fbd2d830000,0x00007fbd2d931000)]
  0x00007fbd34096800 JavaThread "C2 CompilerThread1" daemon [_thread_blocked, id=11613, stack(0x00007fbd2d931000,0x00007fbd2da32000)]
  0x00007fbd34093800 JavaThread "C2 CompilerThread0" daemon [_thread_in_native, id=11612, stack(0x00007fbd2da32000,0x00007fbd2db33000)]
  0x00007fbd34091800 JavaThread "Signal Dispatcher" daemon [_thread_blocked, id=11611, stack(0x00007fbd2db33000,0x00007fbd2dc34000)]
  0x00007fbd34070800 JavaThread "Finalizer" daemon [_thread_blocked, id=11610, stack(0x00007fbd2df0c000,0x00007fbd2e00d000)]
  0x00007fbd3406e800 JavaThread "Reference Handler" daemon [_thread_blocked, id=11609, stack(0x00007fbd2e00d000,0x00007fbd2e10e000)]
=>0x00007fbd3400a800 JavaThread "main" [_thread_in_native, id=11603, stack(0x00007fbd3bbd6000,0x00007fbd3bcd7000)]

Other Threads:
  0x00007fbd3406a000 VMThread [stack: 0x00007fbd2e10e000,0x00007fbd2e20f000] [id=11608]
  0x00007fbd340a3800 WatcherThread [stack: 0x00007fbd2d72f000,0x00007fbd2d830000] [id=11615]

VM state:not at safepoint (normal execution)

VM Mutex/Monitor currently owned by a thread: None

Heap
 PSYoungGen      total 33280K, used 5770K [0x00000000ec200000, 0x00000000ee500000, 0x0000000100000000)
  eden space 30720K, 10% used [0x00000000ec200000,0x00000000ec5251b0,0x00000000ee000000)
  from space 2560K, 99% used [0x00000000ee280000,0x00000000ee4fd9c0,0x00000000ee500000)
  to   space 2560K, 0% used [0x00000000ee000000,0x00000000ee000000,0x00000000ee280000)
 ParOldGen       total 40448K, used 3121K [0x00000000c4600000, 0x00000000c6d80000, 0x00000000ec200000)
  object space 40448K, 7% used [0x00000000c4600000,0x00000000c490c5d8,0x00000000c6d80000)
 PSPermGen       total 21504K, used 12635K [0x00000000bf400000, 0x00000000c0900000, 0x00000000c4600000)
  object space 21504K, 58% used [0x00000000bf400000,0x00000000c0056fe0,0x00000000c0900000)

Card table byte_map: [0x00007fbd38cae000,0x00007fbd38eb5000] byte_map_base: 0x00007fbd386b4000

Polling page: 0x00007fbd3bcf5000

Code Cache  [0x00007fbd31000000, 0x00007fbd31270000, 0x00007fbd34000000)
 total_blobs=518 nmethods=90 adapters=381 free_code_cache=48444Kb largest_free_block=49588416

Compilation events (10 events):
Event: 1.066 Thread 0x00007fbd34093800 nmethod 85 0x00007fbd310ac0d0 code [0x00007fbd310ac220, 0x00007fbd310ac2f8]
Event: 1.091 Thread 0x00007fbd34096800   87             java.awt.image.SinglePixelPackedSampleModel::getPixels (227 bytes)
Event: 1.091 Thread 0x00007fbd34093800   88 %           com.github.jaiimageio.impl.plugins.tiff.TIFFImageWriter::writeTile @ 1913 (3310 bytes)
Event: 1.101 Thread 0x00007fbd34096800 nmethod 87 0x00007fbd310afc90 code [0x00007fbd310afde0, 0x00007fbd310b0278]
Event: 1.101 Thread 0x00007fbd34096800   89             java.awt.image.DataBufferInt::getElem (12 bytes)
Event: 1.102 Thread 0x00007fbd34096800 nmethod 89 0x00007fbd310afa10 code [0x00007fbd310afb60, 0x00007fbd310afbf8]
Event: 1.128 Thread 0x00007fbd34096800   90             java.lang.ref.Reference::get (5 bytes)
Event: 1.128 Thread 0x00007fbd34096800 nmethod 90 0x00007fbd310af750 code [0x00007fbd310af880, 0x00007fbd310af8d8]
Event: 1.140 Thread 0x00007fbd34096800   91             java.lang.String::substring (79 bytes)
Event: 1.144 Thread 0x00007fbd34096800 nmethod 91 0x00007fbd310b3e90 code [0x00007fbd310b4000, 0x00007fbd310b4398]

GC Heap History (4 events):
Event: 0.524 GC heap before
{Heap before GC invocations=1 (full 0):
 PSYoungGen      total 17920K, used 15360K [0x00000000ec200000, 0x00000000ed600000, 0x0000000100000000)
  eden space 15360K, 100% used [0x00000000ec200000,0x00000000ed100000,0x00000000ed100000)
  from space 2560K, 0% used [0x00000000ed380000,0x00000000ed380000,0x00000000ed600000)
  to   space 2560K, 0% used [0x00000000ed100000,0x00000000ed100000,0x00000000ed380000)
 ParOldGen       total 40448K, used 0K [0x00000000c4600000, 0x00000000c6d80000, 0x00000000ec200000)
  object space 40448K, 0% used [0x00000000c4600000,0x00000000c4600000,0x00000000c6d80000)
 PSPermGen       total 21504K, used 9122K [0x00000000bf400000, 0x00000000c0900000, 0x00000000c4600000)
  object space 21504K, 42% used [0x00000000bf400000,0x00000000bfce8bc8,0x00000000c0900000)
Event: 0.530 GC heap after
Heap after GC invocations=1 (full 0):
 PSYoungGen      total 17920K, used 2550K [0x00000000ec200000, 0x00000000ee500000, 0x0000000100000000)
  eden space 15360K, 0% used [0x00000000ec200000,0x00000000ec200000,0x00000000ed100000)
  from space 2560K, 99% used [0x00000000ed100000,0x00000000ed37d980,0x00000000ed380000)
  to   space 2560K, 0% used [0x00000000ee280000,0x00000000ee280000,0x00000000ee500000)
 ParOldGen       total 40448K, used 1232K [0x00000000c4600000, 0x00000000c6d80000, 0x00000000ec200000)
  object space 40448K, 3% used [0x00000000c4600000,0x00000000c4734000,0x00000000c6d80000)
 PSPermGen       total 21504K, used 9122K [0x00000000bf400000, 0x00000000c0900000, 0x00000000c4600000)
  object space 21504K, 42% used [0x00000000bf400000,0x00000000bfce8bc8,0x00000000c0900000)
}
Event: 1.120 GC heap before
{Heap before GC invocations=2 (full 0):
 PSYoungGen      total 17920K, used 17910K [0x00000000ec200000, 0x00000000ee500000, 0x0000000100000000)
  eden space 15360K, 100% used [0x00000000ec200000,0x00000000ed100000,0x00000000ed100000)
  from space 2560K, 99% used [0x00000000ed100000,0x00000000ed37d980,0x00000000ed380000)
  to   space 2560K, 0% used [0x00000000ee280000,0x00000000ee280000,0x00000000ee500000)
 ParOldGen       total 40448K, used 1232K [0x00000000c4600000, 0x00000000c6d80000, 0x00000000ec200000)
  object space 40448K, 3% used [0x00000000c4600000,0x00000000c4734000,0x00000000c6d80000)
 PSPermGen       total 21504K, used 12485K [0x00000000bf400000, 0x00000000c0900000, 0x00000000c4600000)
  object space 21504K, 58% used [0x00000000bf400000,0x00000000c00317d8,0x00000000c0900000)
Event: 1.126 GC heap after
Heap after GC invocations=2 (full 0):
 PSYoungGen      total 33280K, used 2550K [0x00000000ec200000, 0x00000000ee500000, 0x0000000100000000)
  eden space 30720K, 0% used [0x00000000ec200000,0x00000000ec200000,0x00000000ee000000)
  from space 2560K, 99% used [0x00000000ee280000,0x00000000ee4fd9c0,0x00000000ee500000)
  to   space 2560K, 0% used [0x00000000ee000000,0x00000000ee000000,0x00000000ee280000)
 ParOldGen       total 40448K, used 3121K [0x00000000c4600000, 0x00000000c6d80000, 0x00000000ec200000)
  object space 40448K, 7% used [0x00000000c4600000,0x00000000c490c5d8,0x00000000c6d80000)
 PSPermGen       total 21504K, used 12485K [0x00000000bf400000, 0x00000000c0900000, 0x00000000c4600000)
  object space 21504K, 58% used [0x00000000bf400000,0x00000000c00317d8,0x00000000c0900000)
}

Deoptimization events (5 events):
Event: 0.129 Thread 0x00007fbd3400a800 Uncommon trap: reason=unstable_if action=reinterpret pc=0x00007fbd31061104 method=java.lang.String.indexOf([CII[CIII)I @ 134
Event: 0.355 Thread 0x00007fbd3400a800 Uncommon trap: reason=unstable_if action=reinterpret pc=0x00007fbd31064d30 method=java.util.jar.Manifest$FastInputStream.readLine([BII)I @ 87
Event: 0.697 Thread 0x00007fbd3400a800 Uncommon trap: reason=range_check action=make_not_entrant pc=0x00007fbd3109f880 method=sun.awt.image.ByteInterleavedRaster.getPixels(IIII[I)[I @ 219
Event: 0.740 Thread 0x00007fbd3400a800 Uncommon trap: reason=unstable_if action=reinterpret pc=0x00007fbd310a49e8 method=org.apache.pdfbox.pdmodel.graphics.image.SampledImageReader.from8bit(Lorg/apache/pdfbox/pdmodel/graphics/image/PDImage;Ljava/awt/image/WritableRaster;)Ljava/awt/image/Buffer
Event: 0.780 Thread 0x00007fbd3400a800 Uncommon trap: reason=unstable_if action=reinterpret pc=0x00007fbd310a0460 method=org.apache.pdfbox.io.ScratchFileBuffer.isEOF()Z @ 19

Internal exceptions (10 events):
Event: 1.160 Thread 0x00007fbd3400a800 Threw 0x00000000ec43a190 at /HUDSON/workspace/7u-2-build-linux-amd64/jdk7u80/2329/hotspot/src/share/vm/prims/jvm.cpp:1319
Event: 1.161 Thread 0x00007fbd3400a800 Threw 0x00000000ec43e7f8 at /HUDSON/workspace/7u-2-build-linux-amd64/jdk7u80/2329/hotspot/src/share/vm/prims/jvm.cpp:1319
Event: 1.161 Thread 0x00007fbd3400a800 Threw 0x00000000ec442b40 at /HUDSON/workspace/7u-2-build-linux-amd64/jdk7u80/2329/hotspot/src/share/vm/prims/jvm.cpp:1319
Event: 1.162 Thread 0x00007fbd3400a800 Threw 0x00000000ec448200 at /HUDSON/workspace/7u-2-build-linux-amd64/jdk7u80/2329/hotspot/src/share/vm/prims/jvm.cpp:1319
Event: 1.162 Thread 0x00007fbd3400a800 Threw 0x00000000ec44c710 at /HUDSON/workspace/7u-2-build-linux-amd64/jdk7u80/2329/hotspot/src/share/vm/prims/jvm.cpp:1319
Event: 1.162 Thread 0x00007fbd3400a800 Threw 0x00000000ec450dc8 at /HUDSON/workspace/7u-2-build-linux-amd64/jdk7u80/2329/hotspot/src/share/vm/prims/jvm.cpp:1319
Event: 1.163 Thread 0x00007fbd3400a800 Threw 0x00000000ec455178 at /HUDSON/workspace/7u-2-build-linux-amd64/jdk7u80/2329/hotspot/src/share/vm/prims/jvm.cpp:1319
Event: 1.163 Thread 0x00007fbd3400a800 Threw 0x00000000ec459620 at /HUDSON/workspace/7u-2-build-linux-amd64/jdk7u80/2329/hotspot/src/share/vm/prims/jvm.cpp:1319
Event: 1.163 Thread 0x00007fbd3400a800 Threw 0x00000000ec45dac8 at /HUDSON/workspace/7u-2-build-linux-amd64/jdk7u80/2329/hotspot/src/share/vm/prims/jvm.cpp:1319
Event: 1.169 Thread 0x00007fbd3400a800 Threw 0x00000000ec50c4f8 at /HUDSON/workspace/7u-2-build-linux-amd64/jdk7u80/2329/hotspot/src/share/vm/prims/jvm.cpp:1319

Events (10 events):
Event: 1.163 loading class 0x00007fbd354213a0
Event: 1.163 loading class 0x00007fbd354213a0 done
Event: 1.164 loading class 0x00007fbd00010bc0
Event: 1.165 loading class 0x00007fbd00010bc0 done
Event: 1.165 loading class 0x00007fbd3432c820
Event: 1.165 loading class 0x00007fbd3432c820 done
Event: 1.169 loading class 0x00007fbd38513050
Event: 1.169 loading class 0x00007fbd38513050 done
Event: 1.169 loading class 0x00007fbd345747b0
Event: 1.169 loading class 0x00007fbd345747b0 done


Dynamic libraries:
00400000-00401000 r-xp 00000000 08:02 13769971                           /usr/lib/jvm/jdk1.7.0_80/bin/java
00600000-00601000 rw-p 00000000 08:02 13769971                           /usr/lib/jvm/jdk1.7.0_80/bin/java
0245c000-0247d000 rw-p 00000000 00:00 0                                  [heap]
bf400000-c0900000 rw-p 00000000 00:00 0 
c0900000-c4600000 rw-p 00000000 00:00 0 
c4600000-c6d80000 rw-p 00000000 00:00 0 
c6d80000-ec200000 rw-p 00000000 00:00 0 
ec200000-ee500000 rw-p 00000000 00:00 0 
ee500000-100000000 rw-p 00000000 00:00 0 
7fbcf0000000-7fbcf0021000 rw-p 00000000 00:00 0 
7fbcf0021000-7fbcf4000000 ---p 00000000 00:00 0 
7fbcf4c6d000-7fbcf5cd4000 rw-p 00000000 00:00 0 
7fbcf5cd4000-7fbcf5cdf000 r-xp 00000000 08:02 12067290                   /usr/lib/x86_64-linux-gnu/libjbig.so.0
7fbcf5cdf000-7fbcf5ede000 ---p 0000b000 08:02 12067290                   /usr/lib/x86_64-linux-gnu/libjbig.so.0
7fbcf5ede000-7fbcf5edf000 r--p 0000a000 08:02 12067290                   /usr/lib/x86_64-linux-gnu/libjbig.so.0
7fbcf5edf000-7fbcf5ee2000 rw-p 0000b000 08:02 12067290                   /usr/lib/x86_64-linux-gnu/libjbig.so.0
7fbcf5ee2000-7fbcf5f03000 r-xp 00000000 08:02 24908250                   /lib/x86_64-linux-gnu/liblzma.so.5.0.0
7fbcf5f03000-7fbcf6102000 ---p 00021000 08:02 24908250                   /lib/x86_64-linux-gnu/liblzma.so.5.0.0
7fbcf6102000-7fbcf6103000 r--p 00020000 08:02 24908250                   /lib/x86_64-linux-gnu/liblzma.so.5.0.0
7fbcf6103000-7fbcf6104000 rw-p 00021000 08:02 24908250                   /lib/x86_64-linux-gnu/liblzma.so.5.0.0
7fbcf6104000-7fbcf613a000 r-xp 00000000 08:02 12064354                   /usr/lib/x86_64-linux-gnu/libopenjp2.so.2.1.0
7fbcf613a000-7fbcf6339000 ---p 00036000 08:02 12064354                   /usr/lib/x86_64-linux-gnu/libopenjp2.so.2.1.0
7fbcf6339000-7fbcf633a000 r--p 00035000 08:02 12064354                   /usr/lib/x86_64-linux-gnu/libopenjp2.so.2.1.0
7fbcf633a000-7fbcf633b000 rw-p 00036000 08:02 12064354                   /usr/lib/x86_64-linux-gnu/libopenjp2.so.2.1.0
7fbcf633b000-7fbcf6394000 r-xp 00000000 08:02 12067858                   /usr/lib/x86_64-linux-gnu/libwebp.so.5.0.4
7fbcf6394000-7fbcf6594000 ---p 00059000 08:02 12067858                   /usr/lib/x86_64-linux-gnu/libwebp.so.5.0.4
7fbcf6594000-7fbcf6595000 r--p 00059000 08:02 12067858                   /usr/lib/x86_64-linux-gnu/libwebp.so.5.0.4
7fbcf6595000-7fbcf6597000 rw-p 0005a000 08:02 12067858                   /usr/lib/x86_64-linux-gnu/libwebp.so.5.0.4
7fbcf6597000-7fbcf6607000 r-xp 00000000 08:02 12059053                   /usr/lib/x86_64-linux-gnu/libtiff.so.5.2.4
7fbcf6607000-7fbcf6807000 ---p 00070000 08:02 12059053                   /usr/lib/x86_64-linux-gnu/libtiff.so.5.2.4
7fbcf6807000-7fbcf6808000 r--p 00070000 08:02 12059053                   /usr/lib/x86_64-linux-gnu/libtiff.so.5.2.4
7fbcf6808000-7fbcf680b000 rw-p 00071000 08:02 12059053                   /usr/lib/x86_64-linux-gnu/libtiff.so.5.2.4
7fbcf680b000-7fbcf6862000 r-xp 00000000 08:02 12067294                   /usr/lib/x86_64-linux-gnu/libjpeg.so.8.0.2
7fbcf6862000-7fbcf6a62000 ---p 00057000 08:02 12067294                   /usr/lib/x86_64-linux-gnu/libjpeg.so.8.0.2
7fbcf6a62000-7fbcf6a63000 r--p 00057000 08:02 12067294                   /usr/lib/x86_64-linux-gnu/libjpeg.so.8.0.2
7fbcf6a63000-7fbcf6a64000 rw-p 00058000 08:02 12067294                   /usr/lib/x86_64-linux-gnu/libjpeg.so.8.0.2
7fbcf6a64000-7fbcf6a88000 r-xp 00000000 08:02 24908324                   /lib/x86_64-linux-gnu/libpng12.so.0.54.0
7fbcf6a88000-7fbcf6c87000 ---p 00024000 08:02 24908324                   /lib/x86_64-linux-gnu/libpng12.so.0.54.0
7fbcf6c87000-7fbcf6c88000 r--p 00023000 08:02 24908324                   /lib/x86_64-linux-gnu/libpng12.so.0.54.0
7fbcf6c88000-7fbcf6c89000 rw-p 00024000 08:02 24908324                   /lib/x86_64-linux-gnu/libpng12.so.0.54.0
7fbcf6c89000-7fbcf6ca2000 r-xp 00000000 08:02 24905186                   /lib/x86_64-linux-gnu/libz.so.1.2.8
7fbcf6ca2000-7fbcf6ea1000 ---p 00019000 08:02 24905186                   /lib/x86_64-linux-gnu/libz.so.1.2.8
7fbcf6ea1000-7fbcf6ea2000 r--p 00018000 08:02 24905186                   /lib/x86_64-linux-gnu/libz.so.1.2.8
7fbcf6ea2000-7fbcf6ea3000 rw-p 00019000 08:02 24905186                   /lib/x86_64-linux-gnu/libz.so.1.2.8
7fbcf6ea3000-7fbcf6eb9000 r-xp 00000000 08:02 24908221                   /lib/x86_64-linux-gnu/libgcc_s.so.1
7fbcf6eb9000-7fbcf70b8000 ---p 00016000 08:02 24908221                   /lib/x86_64-linux-gnu/libgcc_s.so.1
7fbcf70b8000-7fbcf70b9000 rw-p 00015000 08:02 24908221                   /lib/x86_64-linux-gnu/libgcc_s.so.1
7fbcf70b9000-7fbcf722b000 r-xp 00000000 08:02 12067707                   /usr/lib/x86_64-linux-gnu/libstdc++.so.6.0.21
7fbcf722b000-7fbcf742b000 ---p 00172000 08:02 12067707                   /usr/lib/x86_64-linux-gnu/libstdc++.so.6.0.21
7fbcf742b000-7fbcf7435000 r--p 00172000 08:02 12067707                   /usr/lib/x86_64-linux-gnu/libstdc++.so.6.0.21
7fbcf7435000-7fbcf7437000 rw-p 0017c000 08:02 12067707                   /usr/lib/x86_64-linux-gnu/libstdc++.so.6.0.21
7fbcf7437000-7fbcf743b000 rw-p 00000000 00:00 0 
7fbcf743b000-7fbcf7678000 r-xp 00000000 08:02 12066280                   /usr/lib/liblept.so.5.0.0
7fbcf7678000-7fbcf7877000 ---p 0023d000 08:02 12066280                   /usr/lib/liblept.so.5.0.0
7fbcf7877000-7fbcf7878000 r--p 0023c000 08:02 12066280                   /usr/lib/liblept.so.5.0.0
7fbcf7878000-7fbcf787e000 rw-p 0023d000 08:02 12066280                   /usr/lib/liblept.so.5.0.0
7fbcf787e000-7fbcf7b67000 r-xp 00000000 08:02 12066283                   /usr/lib/libtesseract.so.3.0.4
7fbcf7b67000-7fbcf7d67000 ---p 002e9000 08:02 12066283                   /usr/lib/libtesseract.so.3.0.4
7fbcf7d67000-7fbcf7d6b000 r--p 002e9000 08:02 12066283                   /usr/lib/libtesseract.so.3.0.4
7fbcf7d6b000-7fbcf7d6c000 rw-p 002ed000 08:02 12066283                   /usr/lib/libtesseract.so.3.0.4
7fbcf7d6c000-7fbcf8000000 rw-p 00000000 00:00 0 
7fbcf8000000-7fbcf8021000 rw-p 00000000 00:00 0 
7fbcf8021000-7fbcfc000000 ---p 00000000 00:00 0 
7fbcfc000000-7fbcfc021000 rw-p 00000000 00:00 0 
7fbcfc021000-7fbd00000000 ---p 00000000 00:00 0 
7fbd00000000-7fbd005f6000 rw-p 00000000 00:00 0 
7fbd005f6000-7fbd04000000 ---p 00000000 00:00 0 
7fbd04000000-7fbd043ae000 rw-p 00000000 00:00 0 
7fbd043ae000-7fbd08000000 ---p 00000000 00:00 0 
7fbd08000000-7fbd08021000 rw-p 00000000 00:00 0 
7fbd08021000-7fbd0c000000 ---p 00000000 00:00 0 
7fbd0c000000-7fbd0c021000 rw-p 00000000 00:00 0 
7fbd0c021000-7fbd10000000 ---p 00000000 00:00 0 
7fbd10000000-7fbd10021000 rw-p 00000000 00:00 0 
7fbd10021000-7fbd14000000 ---p 00000000 00:00 0 
7fbd14000000-7fbd14021000 rw-p 00000000 00:00 0 
7fbd14021000-7fbd18000000 ---p 00000000 00:00 0 
7fbd18000000-7fbd18021000 rw-p 00000000 00:00 0 
7fbd18021000-7fbd1c000000 ---p 00000000 00:00 0 
7fbd1c000000-7fbd1c021000 rw-p 00000000 00:00 0 
7fbd1c021000-7fbd20000000 ---p 00000000 00:00 0 
7fbd20000000-7fbd20021000 rw-p 00000000 00:00 0 
7fbd20021000-7fbd24000000 ---p 00000000 00:00 0 
7fbd24013000-7fbd2402a000 r-xp 00000000 08:02 19138886                   /tmp/jna-795320491/jna6493705819273629667.tmp (deleted)
7fbd2402a000-7fbd24129000 ---p 00017000 08:02 19138886                   /tmp/jna-795320491/jna6493705819273629667.tmp (deleted)
7fbd24129000-7fbd2412b000 rw-p 00016000 08:02 19138886                   /tmp/jna-795320491/jna6493705819273629667.tmp (deleted)
7fbd2412b000-7fbd24180000 r-xp 00000000 08:02 13646744                   /usr/lib/jvm/jdk1.7.0_80/jre/lib/amd64/libkcms.so
7fbd24180000-7fbd24380000 ---p 00055000 08:02 13646744                   /usr/lib/jvm/jdk1.7.0_80/jre/lib/amd64/libkcms.so
7fbd24380000-7fbd24382000 rw-p 00055000 08:02 13646744                   /usr/lib/jvm/jdk1.7.0_80/jre/lib/amd64/libkcms.so
7fbd24382000-7fbd243bc000 r-xp 00000000 08:02 13646715                   /usr/lib/jvm/jdk1.7.0_80/jre/lib/amd64/libjpeg.so
7fbd243bc000-7fbd245bc000 ---p 0003a000 08:02 13646715                   /usr/lib/jvm/jdk1.7.0_80/jre/lib/amd64/libjpeg.so
7fbd245bc000-7fbd245bd000 rw-p 0003a000 08:02 13646715                   /usr/lib/jvm/jdk1.7.0_80/jre/lib/amd64/libjpeg.so
7fbd245bd000-7fbd245c2000 r-xp 00000000 08:02 12066558                   /usr/lib/x86_64-linux-gnu/libXdmcp.so.6.0.0
7fbd245c2000-7fbd247c1000 ---p 00005000 08:02 12066558                   /usr/lib/x86_64-linux-gnu/libXdmcp.so.6.0.0
7fbd247c1000-7fbd247c2000 r--p 00004000 08:02 12066558                   /usr/lib/x86_64-linux-gnu/libXdmcp.so.6.0.0
7fbd247c2000-7fbd247c3000 rw-p 00005000 08:02 12066558                   /usr/lib/x86_64-linux-gnu/libXdmcp.so.6.0.0
7fbd247c3000-7fbd247c5000 r-xp 00000000 08:02 12066547                   /usr/lib/x86_64-linux-gnu/libXau.so.6.0.0
7fbd247c5000-7fbd249c5000 ---p 00002000 08:02 12066547                   /usr/lib/x86_64-linux-gnu/libXau.so.6.0.0
7fbd249c5000-7fbd249c6000 r--p 00002000 08:02 12066547                   /usr/lib/x86_64-linux-gnu/libXau.so.6.0.0
7fbd249c6000-7fbd249c7000 rw-p 00003000 08:02 12066547                   /usr/lib/x86_64-linux-gnu/libXau.so.6.0.0
7fbd249c7000-7fbd249e8000 r-xp 00000000 08:02 12067956                   /usr/lib/x86_64-linux-gnu/libxcb.so.1.1.0
7fbd249e8000-7fbd24be7000 ---p 00021000 08:02 12067956                   /usr/lib/x86_64-linux-gnu/libxcb.so.1.1.0
7fbd24be7000-7fbd24be8000 r--p 00020000 08:02 12067956                   /usr/lib/x86_64-linux-gnu/libxcb.so.1.1.0
7fbd24be8000-7fbd24be9000 rw-p 00021000 08:02 12067956                   /usr/lib/x86_64-linux-gnu/libxcb.so.1.1.0
7fbd24be9000-7fbd24bf8000 r-xp 00000000 08:02 12066568                   /usr/lib/x86_64-linux-gnu/libXi.so.6.1.0
7fbd24bf8000-7fbd24df7000 ---p 0000f000 08:02 12066568                   /usr/lib/x86_64-linux-gnu/libXi.so.6.1.0
7fbd24df7000-7fbd24df8000 r--p 0000e000 08:02 12066568                   /usr/lib/x86_64-linux-gnu/libXi.so.6.1.0
7fbd24df8000-7fbd24df9000 rw-p 0000f000 08:02 12066568                   /usr/lib/x86_64-linux-gnu/libXi.so.6.1.0
7fbd24df9000-7fbd24dfe000 r-xp 00000000 08:02 12066586                   /usr/lib/x86_64-linux-gnu/libXtst.so.6.1.0
7fbd24dfe000-7fbd24ffd000 ---p 00005000 08:02 12066586                   /usr/lib/x86_64-linux-gnu/libXtst.so.6.1.0
7fbd24ffd000-7fbd24ffe000 r--p 00004000 08:02 12066586                   /usr/lib/x86_64-linux-gnu/libXtst.so.6.1.0
7fbd24ffe000-7fbd24fff000 rw-p 00005000 08:02 12066586                   /usr/lib/x86_64-linux-gnu/libXtst.so.6.1.0
7fbd24fff000-7fbd28000000 rw-p 00000000 00:00 0 
7fbd28000000-7fbd28021000 rw-p 00000000 00:00 0 
7fbd28021000-7fbd2c000000 ---p 00000000 00:00 0 
7fbd2c0ac000-7fbd2c0af000 ---p 00000000 00:00 0 
7fbd2c0af000-7fbd2c1ad000 rw-p 00000000 00:00 0 
7fbd2c1ad000-7fbd2c1b6000 r-xp 00000000 08:02 12066580                   /usr/lib/x86_64-linux-gnu/libXrender.so.1.3.0
7fbd2c1b6000-7fbd2c3b5000 ---p 00009000 08:02 12066580                   /usr/lib/x86_64-linux-gnu/libXrender.so.1.3.0
7fbd2c3b5000-7fbd2c3b6000 r--p 00008000 08:02 12066580                   /usr/lib/x86_64-linux-gnu/libXrender.so.1.3.0
7fbd2c3b6000-7fbd2c3b7000 rw-p 00009000 08:02 12066580                   /usr/lib/x86_64-linux-gnu/libXrender.so.1.3.0
7fbd2c3b7000-7fbd2c4ec000 r-xp 00000000 08:02 12066543                   /usr/lib/x86_64-linux-gnu/libX11.so.6.3.0
7fbd2c4ec000-7fbd2c6ec000 ---p 00135000 08:02 12066543                   /usr/lib/x86_64-linux-gnu/libX11.so.6.3.0
7fbd2c6ec000-7fbd2c6ed000 r--p 00135000 08:02 12066543                   /usr/lib/x86_64-linux-gnu/libX11.so.6.3.0
7fbd2c6ed000-7fbd2c6f1000 rw-p 00136000 08:02 12066543                   /usr/lib/x86_64-linux-gnu/libX11.so.6.3.0
7fbd2c6f1000-7fbd2c702000 r-xp 00000000 08:02 12066560                   /usr/lib/x86_64-linux-gnu/libXext.so.6.4.0
7fbd2c702000-7fbd2c901000 ---p 00011000 08:02 12066560                   /usr/lib/x86_64-linux-gnu/libXext.so.6.4.0
7fbd2c901000-7fbd2c902000 r--p 00010000 08:02 12066560                   /usr/lib/x86_64-linux-gnu/libXext.so.6.4.0
7fbd2c902000-7fbd2c903000 rw-p 00011000 08:02 12066560                   /usr/lib/x86_64-linux-gnu/libXext.so.6.4.0
7fbd2c90a000-7fbd2c90e000 r--s 0008b000 08:02 13647318                   /usr/lib/jvm/jdk1.7.0_80/jre/lib/jsse.jar
7fbd2c90e000-7fbd2c912000 r--s 000f7000 08:02 13647329                   /usr/lib/jvm/jdk1.7.0_80/jre/lib/ext/localedata.jar
7fbd2c912000-7fbd2c91d000 r--s 0037c000 08:02 13647395                   /usr/lib/jvm/jdk1.7.0_80/jre/lib/charsets.jar
7fbd2c91d000-7fbd2c96d000 r-xp 00000000 08:02 13646705                   /usr/lib/jvm/jdk1.7.0_80/jre/lib/amd64/xawt/libmawt.so
7fbd2c96d000-7fbd2cb6d000 ---p 00050000 08:02 13646705                   /usr/lib/jvm/jdk1.7.0_80/jre/lib/amd64/xawt/libmawt.so
7fbd2cb6d000-7fbd2cb71000 rw-p 00050000 08:02 13646705                   /usr/lib/jvm/jdk1.7.0_80/jre/lib/amd64/xawt/libmawt.so
7fbd2cb71000-7fbd2cb72000 rw-p 00000000 00:00 0 
7fbd2cb72000-7fbd2cc14000 r-xp 00000000 08:02 13646725                   /usr/lib/jvm/jdk1.7.0_80/jre/lib/amd64/libawt.so
7fbd2cc14000-7fbd2ce14000 ---p 000a2000 08:02 13646725                   /usr/lib/jvm/jdk1.7.0_80/jre/lib/amd64/libawt.so
7fbd2ce14000-7fbd2ce20000 rw-p 000a2000 08:02 13646725                   /usr/lib/jvm/jdk1.7.0_80/jre/lib/amd64/libawt.so
7fbd2ce20000-7fbd2ce44000 rw-p 00000000 00:00 0 
7fbd2ce44000-7fbd2ce54000 r-xp 00000000 08:02 13646692                   /usr/lib/jvm/jdk1.7.0_80/jre/lib/amd64/libnio.so
7fbd2ce54000-7fbd2d054000 ---p 00010000 08:02 13646692                   /usr/lib/jvm/jdk1.7.0_80/jre/lib/amd64/libnio.so
7fbd2d054000-7fbd2d055000 rw-p 00010000 08:02 13646692                   /usr/lib/jvm/jdk1.7.0_80/jre/lib/amd64/libnio.so
7fbd2d055000-7fbd2d05f000 r--s 00253000 08:02 13646769                   /usr/lib/jvm/jdk1.7.0_80/jre/lib/resources.jar
7fbd2d05f000-7fbd2d076000 r-xp 00000000 08:02 13646726                   /usr/lib/jvm/jdk1.7.0_80/jre/lib/amd64/libnet.so
7fbd2d076000-7fbd2d275000 ---p 00017000 08:02 13646726                   /usr/lib/jvm/jdk1.7.0_80/jre/lib/amd64/libnet.so
7fbd2d275000-7fbd2d276000 rw-p 00016000 08:02 13646726                   /usr/lib/jvm/jdk1.7.0_80/jre/lib/amd64/libnet.so
7fbd2d276000-7fbd2d279000 r--s 07cb5000 08:02 8136923                    /home/headrun/Downloads/java-ocr-api-15.3.0.3.jar
7fbd2d279000-7fbd2d27c000 r--s 00017000 08:02 8132360                    /home/headrun/Downloads/marvin_1.5.5.jar
7fbd2d27c000-7fbd2d30a000 rw-p 00000000 00:00 0 
7fbd2d30a000-7fbd2d69d000 r--s 03191000 08:02 8128837                    /home/headrun/Downloads/tika-app-1.17.jar
7fbd2d69d000-7fbd2d6b3000 r--s 0023f000 08:02 8139468                    /home/headrun/Downloads/pdfbox-2.0.3.jar
7fbd2d6b3000-7fbd2d6b9000 r--s 00163000 08:02 8139467                    /home/headrun/Downloads/fontbox-2.0.3.jar
7fbd2d6b9000-7fbd2d6c7000 r--s 00083000 08:02 8141858                    /home/headrun/Downloads/opencv-3.0.0-1.0.jar
7fbd2d6c7000-7fbd2d6ca000 r--s 031c7000 08:02 12847991                   /home/headrun/Downloads/asprise-ocr-java-15.3.1-trial-linux/aocr.jar
7fbd2d6ca000-7fbd2d6d4000 r--s 00081000 08:02 13108978                   /home/headrun/Downloads/jar_files (1)/xmlgraphics-commons-1.4.jar
7fbd2d6d4000-7fbd2d6d6000 r--s 02050000 08:02 13110944                   /home/headrun/Downloads/jar_files (1)/tess4j-3.2.1.jar
7fbd2d6d6000-7fbd2d6da000 r--s 00015000 08:02 13110932                   /home/headrun/Downloads/jar_files (1)/rococoa-core-0.5.jar
7fbd2d6da000-7fbd2d6e4000 r--s 00069000 08:02 13110945                   /home/headrun/Downloads/jar_files (1)/logback-core-1.1.7.jar
7fbd2d6e4000-7fbd2d6eb000 r--s 00044000 08:02 13110925                   /home/headrun/Downloads/jar_files (1)/logback-classic-1.1.7.jar
7fbd2d6eb000-7fbd2d6ed000 r--s 00004000 08:02 13109142                   /home/headrun/Downloads/jar_files (1)/log4j-over-slf4j-1.7.21.jar
7fbd2d6ed000-7fbd2d6f6000 r--s 0006f000 08:02 13108979                   /home/headrun/Downloads/jar_files (1)/log4j-1.2.17.jar
7fbd2d6f6000-7fbd2d6fb000 r--s 00229000 08:02 13110922                   /home/headrun/Downloads/jar_files (1)/lept4j-1.2.3.jar
7fbd2d6fb000-7fbd2d6fd000 r--s 00000000 08:02 13110924                   /home/headrun/Downloads/jar_files (1)/jul-to-slf4j-1.7.21.jar
7fbd2d6fd000-7fbd2d701000 r--s 000dc000 08:02 13109139                   /home/headrun/Downloads/jar_files (1)/jna-4.1.0.jar
7fbd2d701000-7fbd2d70c000 r--s 00088000 08:02 13109141                   /home/headrun/Downloads/jar_files (1)/jai-imageio-core-1.3.1.jar
7fbd2d70c000-7fbd2d718000 r--s 00108000 08:02 13108977                   /home/headrun/Downloads/jar_files (1)/itext-2.1.7.jar
7fbd2d718000-7fbd2d71d000 r--s 00028000 08:02 13109140                   /home/headrun/Downloads/jar_files (1)/ghost4j-1.0.1.jar
7fbd2d71d000-7fbd2d721000 r--s 0002f000 08:02 13110931                   /home/headrun/Downloads/jar_files (1)/commons-io-2.5.jar
7fbd2d721000-7fbd2d72f000 r--s 0007f000 08:02 13110929                   /home/headrun/Downloads/jar_files (1)/commons-collections-3.2.1.jar
7fbd2d72f000-7fbd2d730000 ---p 00000000 00:00 0 
7fbd2d730000-7fbd2d830000 rw-p 00000000 00:00 0 
7fbd2d830000-7fbd2d833000 ---p 00000000 00:00 0 
7fbd2d833000-7fbd2d931000 rw-p 00000000 00:00 0 
7fbd2d931000-7fbd2d934000 ---p 00000000 00:00 0 
7fbd2d934000-7fbd2da32000 rw-p 00000000 00:00 0 
7fbd2da32000-7fbd2da35000 ---p 00000000 00:00 0 
7fbd2da35000-7fbd2db33000 rw-p 00000000 00:00 0 
7fbd2db33000-7fbd2db36000 ---p 00000000 00:00 0 
7fbd2db36000-7fbd2dc34000 rw-p 00000000 00:00 0 
7fbd2dc34000-7fbd2df0c000 r--p 00000000 08:02 12058653                   /usr/lib/locale/locale-archive
7fbd2df0c000-7fbd2df0f000 ---p 00000000 00:00 0 
7fbd2df0f000-7fbd2e00d000 rw-p 00000000 00:00 0 
7fbd2e00d000-7fbd2e010000 ---p 00000000 00:00 0 
7fbd2e010000-7fbd2e10e000 rw-p 00000000 00:00 0 
7fbd2e10e000-7fbd2e10f000 ---p 00000000 00:00 0 
7fbd2e10f000-7fbd31000000 rw-p 00000000 00:00 0 
7fbd31000000-7fbd31270000 rwxp 00000000 00:00 0 
7fbd31270000-7fbd354c9000 rw-p 00000000 00:00 0 
7fbd354c9000-7fbd38000000 ---p 00000000 00:00 0 
7fbd38001000-7fbd38003000 r--s 00003000 08:02 13110923                   /home/headrun/Downloads/jar_files (1)/jcl-over-slf4j-1.7.21.jar
7fbd38003000-7fbd38008000 r--s 00035000 08:02 13110930                   /home/headrun/Downloads/jar_files (1)/commons-beanutils-1.9.2.jar
7fbd38008000-7fbd38016000 r--s 00374000 08:02 13901063                   /home/headrun/Downloads/PDFxStream.Java-3.5.0/lib/PDFxStream.jar
7fbd38016000-7fbd38284000 rw-p 00000000 00:00 0 
7fbd38284000-7fbd38444000 r--s 039fb000 08:02 13647374                   /usr/lib/jvm/jdk1.7.0_80/jre/lib/rt.jar
7fbd38444000-7fbd38743000 rw-p 00000000 00:00 0 
7fbd38743000-7fbd38744000 ---p 00000000 00:00 0 
7fbd38744000-7fbd38844000 rw-p 00000000 00:00 0 
7fbd38844000-7fbd38845000 ---p 00000000 00:00 0 
7fbd38845000-7fbd38945000 rw-p 00000000 00:00 0 
7fbd38945000-7fbd38946000 ---p 00000000 00:00 0 
7fbd38946000-7fbd38a46000 rw-p 00000000 00:00 0 
7fbd38a46000-7fbd38a47000 ---p 00000000 00:00 0 
7fbd38a47000-7fbd38b52000 rw-p 00000000 00:00 0 
7fbd38b52000-7fbd38b70000 rw-p 00000000 00:00 0 
7fbd38b70000-7fbd38b84000 rw-p 00000000 00:00 0 
7fbd38b84000-7fbd38cae000 rw-p 00000000 00:00 0 
7fbd38cae000-7fbd38cb9000 rw-p 00000000 00:00 0 
7fbd38cb9000-7fbd38cd7000 rw-p 00000000 00:00 0 
7fbd38cd7000-7fbd38ceb000 rw-p 00000000 00:00 0 
7fbd38ceb000-7fbd38e15000 rw-p 00000000 00:00 0 
7fbd38e15000-7fbd38e27000 rw-p 00000000 00:00 0 
7fbd38e27000-7fbd38eb4000 rw-p 00000000 00:00 0 
7fbd38eb4000-7fbd38eb5000 rw-p 00000000 00:00 0 
7fbd38eb5000-7fbd38ecc000 r-xp 00000000 08:02 13646721                   /usr/lib/jvm/jdk1.7.0_80/jre/lib/amd64/libzip.so
7fbd38ecc000-7fbd390cc000 ---p 00017000 08:02 13646721                   /usr/lib/jvm/jdk1.7.0_80/jre/lib/amd64/libzip.so
7fbd390cc000-7fbd390cd000 rw-p 00017000 08:02 13646721                   /usr/lib/jvm/jdk1.7.0_80/jre/lib/amd64/libzip.so
7fbd390cd000-7fbd390d8000 r-xp 00000000 08:02 24909811                   /lib/x86_64-linux-gnu/libnss_files-2.23.so
7fbd390d8000-7fbd392d7000 ---p 0000b000 08:02 24909811                   /lib/x86_64-linux-gnu/libnss_files-2.23.so
7fbd392d7000-7fbd392d8000 r--p 0000a000 08:02 24909811                   /lib/x86_64-linux-gnu/libnss_files-2.23.so
7fbd392d8000-7fbd392d9000 rw-p 0000b000 08:02 24909811                   /lib/x86_64-linux-gnu/libnss_files-2.23.so
7fbd392d9000-7fbd392df000 rw-p 00000000 00:00 0 
7fbd392df000-7fbd392ea000 r-xp 00000000 08:02 24909815                   /lib/x86_64-linux-gnu/libnss_nis-2.23.so
7fbd392ea000-7fbd394e9000 ---p 0000b000 08:02 24909815                   /lib/x86_64-linux-gnu/libnss_nis-2.23.so
7fbd394e9000-7fbd394ea000 r--p 0000a000 08:02 24909815                   /lib/x86_64-linux-gnu/libnss_nis-2.23.so
7fbd394ea000-7fbd394eb000 rw-p 0000b000 08:02 24909815                   /lib/x86_64-linux-gnu/libnss_nis-2.23.so
7fbd394eb000-7fbd39501000 r-xp 00000000 08:02 24909795                   /lib/x86_64-linux-gnu/libnsl-2.23.so
7fbd39501000-7fbd39700000 ---p 00016000 08:02 24909795                   /lib/x86_64-linux-gnu/libnsl-2.23.so
7fbd39700000-7fbd39701000 r--p 00015000 08:02 24909795                   /lib/x86_64-linux-gnu/libnsl-2.23.so
7fbd39701000-7fbd39702000 rw-p 00016000 08:02 24909795                   /lib/x86_64-linux-gnu/libnsl-2.23.so
7fbd39702000-7fbd39704000 rw-p 00000000 00:00 0 
7fbd39704000-7fbd3970c000 r-xp 00000000 08:02 24909806                   /lib/x86_64-linux-gnu/libnss_compat-2.23.so
7fbd3970c000-7fbd3990b000 ---p 00008000 08:02 24909806                   /lib/x86_64-linux-gnu/libnss_compat-2.23.so
7fbd3990b000-7fbd3990c000 r--p 00007000 08:02 24909806                   /lib/x86_64-linux-gnu/libnss_compat-2.23.so
7fbd3990c000-7fbd3990d000 rw-p 00008000 08:02 24909806                   /lib/x86_64-linux-gnu/libnss_compat-2.23.so
7fbd3990d000-7fbd39936000 r-xp 00000000 08:02 13646687                   /usr/lib/jvm/jdk1.7.0_80/jre/lib/amd64/libjava.so
7fbd39936000-7fbd39b36000 ---p 00029000 08:02 13646687                   /usr/lib/jvm/jdk1.7.0_80/jre/lib/amd64/libjava.so
7fbd39b36000-7fbd39b38000 rw-p 00029000 08:02 13646687                   /usr/lib/jvm/jdk1.7.0_80/jre/lib/amd64/libjava.so
7fbd39b38000-7fbd39b45000 r-xp 00000000 08:02 13646714                   /usr/lib/jvm/jdk1.7.0_80/jre/lib/amd64/libverify.so
7fbd39b45000-7fbd39d44000 ---p 0000d000 08:02 13646714                   /usr/lib/jvm/jdk1.7.0_80/jre/lib/amd64/libverify.so
7fbd39d44000-7fbd39d46000 rw-p 0000c000 08:02 13646714                   /usr/lib/jvm/jdk1.7.0_80/jre/lib/amd64/libverify.so
7fbd39d46000-7fbd39d4d000 r-xp 00000000 08:02 24909816                   /lib/x86_64-linux-gnu/librt-2.23.so
7fbd39d4d000-7fbd39f4c000 ---p 00007000 08:02 24909816                   /lib/x86_64-linux-gnu/librt-2.23.so
7fbd39f4c000-7fbd39f4d000 r--p 00006000 08:02 24909816                   /lib/x86_64-linux-gnu/librt-2.23.so
7fbd39f4d000-7fbd39f4e000 rw-p 00007000 08:02 24909816                   /lib/x86_64-linux-gnu/librt-2.23.so
7fbd39f4e000-7fbd3a056000 r-xp 00000000 08:02 24909793                   /lib/x86_64-linux-gnu/libm-2.23.so
7fbd3a056000-7fbd3a255000 ---p 00108000 08:02 24909793                   /lib/x86_64-linux-gnu/libm-2.23.so
7fbd3a255000-7fbd3a256000 r--p 00107000 08:02 24909793                   /lib/x86_64-linux-gnu/libm-2.23.so
7fbd3a256000-7fbd3a257000 rw-p 00108000 08:02 24909793                   /lib/x86_64-linux-gnu/libm-2.23.so
7fbd3a257000-7fbd3adcd000 r-xp 00000000 08:02 13646741                   /usr/lib/jvm/jdk1.7.0_80/jre/lib/amd64/server/libjvm.so
7fbd3adcd000-7fbd3afcc000 ---p 00b76000 08:02 13646741                   /usr/lib/jvm/jdk1.7.0_80/jre/lib/amd64/server/libjvm.so
7fbd3afcc000-7fbd3b090000 rw-p 00b75000 08:02 13646741                   /usr/lib/jvm/jdk1.7.0_80/jre/lib/amd64/server/libjvm.so
7fbd3b090000-7fbd3b0d1000 rw-p 00000000 00:00 0 
7fbd3b0d1000-7fbd3b291000 r-xp 00000000 08:02 24909798                   /lib/x86_64-linux-gnu/libc-2.23.so
7fbd3b291000-7fbd3b491000 ---p 001c0000 08:02 24909798                   /lib/x86_64-linux-gnu/libc-2.23.so
7fbd3b491000-7fbd3b495000 r--p 001c0000 08:02 24909798                   /lib/x86_64-linux-gnu/libc-2.23.so
7fbd3b495000-7fbd3b497000 rw-p 001c4000 08:02 24909798                   /lib/x86_64-linux-gnu/libc-2.23.so
7fbd3b497000-7fbd3b49b000 rw-p 00000000 00:00 0 
7fbd3b49b000-7fbd3b49e000 r-xp 00000000 08:02 24909800                   /lib/x86_64-linux-gnu/libdl-2.23.so
7fbd3b49e000-7fbd3b69d000 ---p 00003000 08:02 24909800                   /lib/x86_64-linux-gnu/libdl-2.23.so
7fbd3b69d000-7fbd3b69e000 r--p 00002000 08:02 24909800                   /lib/x86_64-linux-gnu/libdl-2.23.so
7fbd3b69e000-7fbd3b69f000 rw-p 00003000 08:02 24909800                   /lib/x86_64-linux-gnu/libdl-2.23.so
7fbd3b69f000-7fbd3b6b4000 r-xp 00000000 08:02 13647422                   /usr/lib/jvm/jdk1.7.0_80/lib/amd64/jli/libjli.so
7fbd3b6b4000-7fbd3b8b3000 ---p 00015000 08:02 13647422                   /usr/lib/jvm/jdk1.7.0_80/lib/amd64/jli/libjli.so
7fbd3b8b3000-7fbd3b8b4000 rw-p 00014000 08:02 13647422                   /usr/lib/jvm/jdk1.7.0_80/lib/amd64/jli/libjli.so
7fbd3b8b4000-7fbd3b8cc000 r-xp 00000000 08:02 24909797                   /lib/x86_64-linux-gnu/libpthread-2.23.so
7fbd3b8cc000-7fbd3bacb000 ---p 00018000 08:02 24909797                   /lib/x86_64-linux-gnu/libpthread-2.23.so
7fbd3bacb000-7fbd3bacc000 r--p 00017000 08:02 24909797                   /lib/x86_64-linux-gnu/libpthread-2.23.so
7fbd3bacc000-7fbd3bacd000 rw-p 00018000 08:02 24909797                   /lib/x86_64-linux-gnu/libpthread-2.23.so
7fbd3bacd000-7fbd3bad1000 rw-p 00000000 00:00 0 
7fbd3bad1000-7fbd3baf7000 r-xp 00000000 08:02 24909796                   /lib/x86_64-linux-gnu/ld-2.23.so
7fbd3baf7000-7fbd3baf8000 r--s 00009000 08:02 13110928                   /home/headrun/Downloads/jar_files (1)/slf4j-api-1.7.20.jar
7fbd3baf8000-7fbd3bafa000 r--s 0000d000 08:02 13108980                   /home/headrun/Downloads/jar_files (1)/commons-logging-1.1.1.jar
7fbd3bafa000-7fbd3bb01000 r--s 00040000 08:02 13110927                   /home/headrun/Downloads/jar_files (1)/cglib-2.2.2.jar
7fbd3bb01000-7fbd3bb20000 rw-p 00000000 00:00 0 
7fbd3bb20000-7fbd3bbd6000 rw-p 00000000 00:00 0 
7fbd3bbd6000-7fbd3bbd9000 ---p 00000000 00:00 0 
7fbd3bbd9000-7fbd3bcdc000 rw-p 00000000 00:00 0 
7fbd3bcdc000-7fbd3bcdd000 r--s 0000a000 08:02 13110926                   /home/headrun/Downloads/jar_files (1)/asm-3.3.1.jar
7fbd3bcdd000-7fbd3bcec000 r--s 0017c000 08:02 13646600                   /home/headrun/Downloads/itextpdf-5.1.0.jar
7fbd3bcec000-7fbd3bcf4000 rw-s 00000000 08:02 19138792                   /tmp/hsperfdata_headrun/11598
7fbd3bcf4000-7fbd3bcf5000 rw-p 00000000 00:00 0 
7fbd3bcf5000-7fbd3bcf6000 r--p 00000000 00:00 0 
7fbd3bcf6000-7fbd3bcf7000 r--p 00025000 08:02 24909796                   /lib/x86_64-linux-gnu/ld-2.23.so
7fbd3bcf7000-7fbd3bcf8000 rw-p 00026000 08:02 24909796                   /lib/x86_64-linux-gnu/ld-2.23.so
7fbd3bcf8000-7fbd3bcf9000 rw-p 00000000 00:00 0 
7ffcd3586000-7ffcd35a8000 rw-p 00000000 00:00 0                          [stack]
7ffcd35b3000-7ffcd35b6000 r--p 00000000 00:00 0                          [vvar]
7ffcd35b6000-7ffcd35b8000 r-xp 00000000 00:00 0                          [vdso]
ffffffffff600000-ffffffffff601000 r-xp 00000000 00:00 0                  [vsyscall]

VM Arguments:
jvm_args: -Dfile.encoding=UTF-8 
java_command: PdfToImage1
Launcher Type: SUN_STANDARD

Environment Variables:
JAVA_HOME=/usr/lib/jvm/java-8-oracle
CLASSPATH=/usr/lib/jvm/jdk1.7.0_80/lib/tools.jar:/usr/lib/jvm/jdk1.7.0_80/jre/rt.jar
PATH=/home/headrun/bin:/home/headrun/.local/bin:/usr/lib/jvm/jdk1.7.0_80/bin:/usr/local/sbin:/usr/local/bin:/usr/sbin:/usr/bin:/sbin:/bin:/usr/games:/usr/local/games:/snap/bin:/usr/lib/jvm/java-8-oracle/bin:/usr/lib/jvm/java-8-oracle/db/bin:/usr/lib/jvm/java-8-oracle/jre/bin
SHELL=/bin/bash
DISPLAY=:0

Signal Handlers:
SIGSEGV: [libjvm.so+0x9a3b20], sa_mask[0]=0x7ffbfeff, sa_flags=0x10000004
SIGBUS: [libjvm.so+0x9a3b20], sa_mask[0]=0x7ffbfeff, sa_flags=0x10000004
SIGFPE: [libjvm.so+0x81e740], sa_mask[0]=0x7ffbfeff, sa_flags=0x10000004
SIGPIPE: [libjvm.so+0x81e740], sa_mask[0]=0x7ffbfeff, sa_flags=0x10000004
SIGXFSZ: [libjvm.so+0x81e740], sa_mask[0]=0x7ffbfeff, sa_flags=0x10000004
SIGILL: [libjvm.so+0x81e740], sa_mask[0]=0x7ffbfeff, sa_flags=0x10000004
SIGUSR1: SIG_DFL, sa_mask[0]=0x00000000, sa_flags=0x00000000
SIGUSR2: [libjvm.so+0x81ffb0], sa_mask[0]=0x00000004, sa_flags=0x10000004
SIGHUP: [libjvm.so+0x8210d0], sa_mask[0]=0x7ffbfeff, sa_flags=0x10000004
SIGINT: [libjvm.so+0x8210d0], sa_mask[0]=0x7ffbfeff, sa_flags=0x10000004
SIGTERM: [libjvm.so+0x8210d0], sa_mask[0]=0x7ffbfeff, sa_flags=0x10000004
SIGQUIT: [libjvm.so+0x8210d0], sa_mask[0]=0x7ffbfeff, sa_flags=0x10000004


---------------  S Y S T E M  ---------------

OS:stretch/sid

uname:Linux 4.13.0-32-generic #35~16.04.1-Ubuntu SMP Thu Jan 25 10:13:43 UTC 2018 x86_64
libc:glibc 2.23 NPTL 2.23 
rlimit: STACK 8192k, CORE 0k, NPROC 14234, NOFILE 1048576, AS infinity
load average:0.61 0.79 0.72

/proc/meminfo:
MemTotal:        3900916 kB
MemFree:          395456 kB
MemAvailable:    1649044 kB
Buffers:          208048 kB
Cached:          1496408 kB
SwapCached:            0 kB
Active:          2417192 kB
Inactive:         806756 kB
Active(anon):    1521540 kB
Inactive(anon):   315176 kB
Active(file):     895652 kB
Inactive(file):   491580 kB
Unevictable:         320 kB
Mlocked:             320 kB
SwapTotal:       4055036 kB
SwapFree:        4055036 kB
Dirty:               308 kB
Writeback:             0 kB
AnonPages:       1519860 kB
Mapped:           439212 kB
Shmem:            317228 kB
Slab:             180412 kB
SReclaimable:     137768 kB
SUnreclaim:        42644 kB
KernelStack:        9840 kB
PageTables:        40528 kB
NFS_Unstable:          0 kB
Bounce:                0 kB
WritebackTmp:          0 kB
CommitLimit:     6005492 kB
Committed_AS:    6494488 kB
VmallocTotal:   34359738367 kB
VmallocUsed:           0 kB
VmallocChunk:          0 kB
HardwareCorrupted:     0 kB
AnonHugePages:         0 kB
ShmemHugePages:        0 kB
ShmemPmdMapped:        0 kB
CmaTotal:              0 kB
CmaFree:               0 kB
HugePages_Total:       0
HugePages_Free:        0
HugePages_Rsvd:        0
HugePages_Surp:        0
Hugepagesize:       2048 kB
DirectMap4k:      136688 kB
DirectMap2M:     3919872 kB


CPU:total 4 (2 cores per cpu, 2 threads per core) family 6 model 58 stepping 9, cmov, cx8, fxsr, mmx, sse, sse2, sse3, ssse3, sse4.1, sse4.2, popcnt, avx, erms, ht, tsc, tscinvbit, tscinv

/proc/cpuinfo:
processor	: 0
vendor_id	: GenuineIntel
cpu family	: 6
model		: 58
model name	: Intel(R) Core(TM) i3-3110M CPU @ 2.40GHz
stepping	: 9
microcode	: 0x15
cpu MHz		: 2394.627
cache size	: 3072 KB
physical id	: 0
siblings	: 4
core id		: 0
cpu cores	: 2
apicid		: 0
initial apicid	: 0
fpu		: yes
fpu_exception	: yes
cpuid level	: 13
wp		: yes
flags		: fpu vme de pse tsc msr pae mce cx8 apic sep mtrr pge mca cmov pat pse36 clflush dts acpi mmx fxsr sse sse2 ss ht tm pbe syscall nx rdtscp lm constant_tsc arch_perfmon pebs bts rep_good nopl xtopology nonstop_tsc cpuid aperfmperf pni pclmulqdq dtes64 monitor ds_cpl vmx est tm2 ssse3 cx16 xtpr pdcm pcid sse4_1 sse4_2 x2apic popcnt tsc_deadline_timer xsave avx f16c lahf_lm cpuid_fault epb pti tpr_shadow vnmi flexpriority ept vpid fsgsbase smep erms xsaveopt dtherm arat pln pts
bugs		: cpu_meltdown spectre_v1 spectre_v2
bogomips	: 4789.25
clflush size	: 64
cache_alignment	: 64
address sizes	: 36 bits physical, 48 bits virtual
power management:

processor	: 1
vendor_id	: GenuineIntel
cpu family	: 6
model		: 58
model name	: Intel(R) Core(TM) i3-3110M CPU @ 2.40GHz
stepping	: 9
microcode	: 0x15
cpu MHz		: 2394.627
cache size	: 3072 KB
physical id	: 0
siblings	: 4
core id		: 1
cpu cores	: 2
apicid		: 2
initial apicid	: 2
fpu		: yes
fpu_exception	: yes
cpuid level	: 13
wp		: yes
flags		: fpu vme de pse tsc msr pae mce cx8 apic sep mtrr pge mca cmov pat pse36 clflush dts acpi mmx fxsr sse sse2 ss ht tm pbe syscall nx rdtscp lm constant_tsc arch_perfmon pebs bts rep_good nopl xtopology nonstop_tsc cpuid aperfmperf pni pclmulqdq dtes64 monitor ds_cpl vmx est tm2 ssse3 cx16 xtpr pdcm pcid sse4_1 sse4_2 x2apic popcnt tsc_deadline_timer xsave avx f16c lahf_lm cpuid_fault epb pti tpr_shadow vnmi flexpriority ept vpid fsgsbase smep erms xsaveopt dtherm arat pln pts
bugs		: cpu_meltdown spectre_v1 spectre_v2
bogomips	: 4789.25
clflush size	: 64
cache_alignment	: 64
address sizes	: 36 bits physical, 48 bits virtual
power management:

processor	: 2
vendor_id	: GenuineIntel
cpu family	: 6
model		: 58
model name	: Intel(R) Core(TM) i3-3110M CPU @ 2.40GHz
stepping	: 9
microcode	: 0x15
cpu MHz		: 2394.627
cache size	: 3072 KB
physical id	: 0
siblings	: 4
core id		: 0
cpu cores	: 2
apicid		: 1
initial apicid	: 1
fpu		: yes
fpu_exception	: yes
cpuid level	: 13
wp		: yes
flags		: fpu vme de pse tsc msr pae mce cx8 apic sep mtrr pge mca cmov pat pse36 clflush dts acpi mmx fxsr sse sse2 ss ht tm pbe syscall nx rdtscp lm constant_tsc arch_perfmon pebs bts rep_good nopl xtopology nonstop_tsc cpuid aperfmperf pni pclmulqdq dtes64 monitor ds_cpl vmx est tm2 ssse3 cx16 xtpr pdcm pcid sse4_1 sse4_2 x2apic popcnt tsc_deadline_timer xsave avx f16c lahf_lm cpuid_fault epb pti tpr_shadow vnmi flexpriority ept vpid fsgsbase smep erms xsaveopt dtherm arat pln pts
bugs		: cpu_meltdown spectre_v1 spectre_v2
bogomips	: 4789.25
clflush size	: 64
cache_alignment	: 64
address sizes	: 36 bits physical, 48 bits virtual
power management:

processor	: 3
vendor_id	: GenuineIntel
cpu family	: 6
model		: 58
model name	: Intel(R) Core(TM) i3-3110M CPU @ 2.40GHz
stepping	: 9
microcode	: 0x15
cpu MHz		: 2394.627
cache size	: 3072 KB
physical id	: 0
siblings	: 4
core id		: 1
cpu cores	: 2
apicid		: 3
initial apicid	: 3
fpu		: yes
fpu_exception	: yes
cpuid level	: 13
wp		: yes
flags		: fpu vme de pse tsc msr pae mce cx8 apic sep mtrr pge mca cmov pat pse36 clflush dts acpi mmx fxsr sse sse2 ss ht tm pbe syscall nx rdtscp lm constant_tsc arch_perfmon pebs bts rep_good nopl xtopology nonstop_tsc cpuid aperfmperf pni pclmulqdq dtes64 monitor ds_cpl vmx est tm2 ssse3 cx16 xtpr pdcm pcid sse4_1 sse4_2 x2apic popcnt tsc_deadline_timer xsave avx f16c lahf_lm cpuid_fault epb pti tpr_shadow vnmi flexpriority ept vpid fsgsbase smep erms xsaveopt dtherm arat pln pts
bugs		: cpu_meltdown spectre_v1 spectre_v2
bogomips	: 4789.25
clflush size	: 64
cache_alignment	: 64
address sizes	: 36 bits physical, 48 bits virtual
power management:



Memory: 4k page, physical 3900916k(395456k free), swap 4055036k(4055036k free)

vm_info: Java HotSpot(TM) 64-Bit Server VM (24.80-b11) for linux-amd64 JRE (1.7.0_80-b15), built on Apr 10 2015 19:53:14 by "java_re" with gcc 4.3.0 20080428 (Red Hat 4.3.0-8)

time: Mon Feb 12 00:48:00 2018
elapsed time: 1 seconds

