#
# A fatal error has been detected by the Java Runtime Environment:
#
#  SIGSEGV (0xb) at pc=0x00007f7b5db0d704, pid=24395, tid=140168272402176
#
# JRE version: Java(TM) SE Runtime Environment (7.0_80-b15) (build 1.7.0_80-b15)
# Java VM: Java HotSpot(TM) 64-Bit Server VM (24.80-b11 mixed mode linux-amd64 compressed oops)
# Problematic frame:
# C  [libaocr_x64.so+0xa5704]  Java_com_asprise_ocr_Ocr_doGetBuildInfo+0x18f3a
#
# Failed to write core dump. Core dumps have been disabled. To enable core dumping, try "ulimit -c unlimited" before starting Java again
#
# If you would like to submit a bug report, please visit:
#   http://bugreport.java.com/bugreport/crash.jsp
# The crash happened outside the Java Virtual Machine in native code.
# See problematic frame for where to report the bug.
#

---------------  T H R E A D  ---------------

Current thread (0x00007f7b7000a800):  JavaThread "main" [_thread_in_native, id=24399, stack(0x00007f7b7805d000,0x00007f7b7815e000)]

siginfo:si_signo=SIGSEGV: si_errno=0, si_code=1 (SEGV_MAPERR), si_addr=0x0000000000000000

Registers:
RAX=0x0000000000000000, RBX=0x00007f7b711f17b0, RCX=0x0000000000000000, RDX=0x0000000000000000
RSP=0x00007f7b7815b970, RBP=0x00007f7b7815bb20, RSI=0x00007f7b7791e770, RDI=0x00007f7b7791d540
R8 =0x00007f7b7791e770, R9 =0x00007f7b7815d700, R10=0x0000000000000001, R11=0x0000000000000000
R12=0x00000000000000a0, R13=0x000000000000005a, R14=0x0000000000000000, R15=0x00007f7b70358b90
RIP=0x00007f7b5db0d704, EFLAGS=0x0000000000010213, CSGSFS=0x002b000000000033, ERR=0x0000000000000004
  TRAPNO=0x000000000000000e

Top of Stack: (sp=0x00007f7b7815b970)
0x00007f7b7815b970:   0000000000000000 0000003000000020
0x00007f7b7815b980:   00007f7b7815c228 00007f7b7815bc10
0x00007f7b7815b990:   0000000000000000 0000001fffffff00
0x00007f7b7815b9a0:   0000000000000000 00007f7b7815be60
0x00007f7b7815b9b0:   0000000000000000 00007f7b70358b90
0x00007f7b7815b9c0:   00007f7b7815bb20 00007f7b775ad7f7
0x00007f7b7815b9d0:   00007f7b7815be30 0000003000000018
0x00007f7b7815b9e0:   00007f7b7815bab0 00007f7b7815b9f0
0x00007f7b7815b9f0:   0000000000000000 0000000000000000
0x00007f7b7815ba00:   0000000000000000 0000000000000000
0x00007f7b7815ba10:   0000000000000000 0000000000000033
0x00007f7b7815ba20:   0000000000000000 00007f7b705ac520
0x00007f7b7815ba30:   00007f7b711f17b0 00007f7b70349950
0x00007f7b7815ba40:   00000000000000e6 00007f7b5ddacbba
0x00007f7b7815ba50:   0000006e0000005b 0000000000000000
0x00007f7b7815ba60:   00007f7b5e0a0f10 00007f7b5e0a0c32
0x00007f7b7815ba70:   00007f7b7815baa0 00000000ffffff00
0x00007f7b7815ba80:   00007f7b7815bb20 00000000000000a0
0x00007f7b7815ba90:   000000000000005a 0000000000000000
0x00007f7b7815baa0:   00007f7b70358b90 00007f7b775dc53c
0x00007f7b7815bab0:   00007f7b712215b0 0000000000000000
0x00007f7b7815bac0:   00007f7b70358b90 00007f7b775dcdca
0x00007f7b7815bad0:   00007f7b7815be20 00000000ffffff00
0x00007f7b7815bae0:   00007f7b711f17b0 00007f7b705ac520
0x00007f7b7815baf0:   0000001f00000000 00007f7b7815bc70
0x00007f7b7815bb00:   000000a00000005a 000000007815bbe8
0x00007f7b7815bb10:   00000000ffffff00 00000000000000a0
0x00007f7b7815bb20:   00007f7b7815bf80 00007f7b5daf0641
0x00007f7b7815bb30:   00007f7b7815bc44 00007f7b711b69d0
0x00007f7b7815bb40:   00007f7b7815bdb0 0000000000000000
0x00007f7b7815bb50:   00007f7b7815bc70 00007f7b7815c228
0x00007f7b7815bb60:   0000000000000014 00007f7b70358b90 

Instructions: (pc=0x00007f7b5db0d704)
0x00007f7b5db0d6e4:   c7 e8 a6 9d fe ff 48 8d 85 98 fe ff ff 48 89 c7
0x00007f7b5db0d6f4:   e8 48 5b 1b 00 83 45 ec 01 48 8b 85 d0 fe ff ff
0x00007f7b5db0d704:   8b 00 3b 45 ec 0f 9f c0 84 c0 0f 85 11 ff ff ff
0x00007f7b5db0d714:   48 8d 85 d0 fe ff ff 48 89 c7 e8 0d 62 1b 00 48 

Register to memory mapping:

RAX=0x0000000000000000 is an unknown value
RBX=0x00007f7b711f17b0 is an unknown value
RCX=0x0000000000000000 is an unknown value
RDX=0x0000000000000000 is an unknown value
RSP=0x00007f7b7815b970 is pointing into the stack for thread: 0x00007f7b7000a800
RBP=0x00007f7b7815bb20 is pointing into the stack for thread: 0x00007f7b7000a800
RSI=0x00007f7b7791e770: <offset 0x3c6770> in /lib/x86_64-linux-gnu/libc.so.6 at 0x00007f7b77558000
RDI=0x00007f7b7791d540: _IO_2_1_stderr_+0 in /lib/x86_64-linux-gnu/libc.so.6 at 0x00007f7b77558000
R8 =0x00007f7b7791e770: <offset 0x3c6770> in /lib/x86_64-linux-gnu/libc.so.6 at 0x00007f7b77558000
R9 =0x00007f7b7815d700 is pointing into the stack for thread: 0x00007f7b7000a800
R10=0x0000000000000001 is an unknown value
R11=0x0000000000000000 is an unknown value
R12=0x00000000000000a0 is an unknown value
R13=0x000000000000005a is an unknown value
R14=0x0000000000000000 is an unknown value
R15=0x00007f7b70358b90 is an unknown value


Stack: [0x00007f7b7805d000,0x00007f7b7815e000],  sp=0x00007f7b7815b970,  free space=1018k
Native frames: (J=compiled Java code, j=interpreted, Vv=VM code, C=native code)
C  [libaocr_x64.so+0xa5704]  Java_com_asprise_ocr_Ocr_doGetBuildInfo+0x18f3a
C  [libaocr_x64.so+0x88641]  Java_com_asprise_ocr_Ocr_doStart+0x3cc0
C  [libaocr_x64.so+0x8b7bf]  com_asprise_ocr_recognize+0x2451
C  [libaocr_x64.so+0x8c5b8]  Java_com_asprise_ocr_Ocr_doRecognize+0x150
j  com.asprise.ocr.Ocr.doRecognize(Ljava/lang/String;IIIIILjava/lang/String;Ljava/lang/String;Ljava/lang/String;Ljava/lang/String;Ljava/lang/String;)Ljava/lang/String;+0
j  com.asprise.ocr.Ocr.recognize(Ljava/lang/String;IIIIILjava/lang/String;Ljava/lang/String;[Ljava/lang/Object;)Ljava/lang/String;+135
j  ReadTextfrImage.main([Ljava/lang/String;)V+290
v  ~StubRoutines::call_stub
V  [libjvm.so+0x6020a5]  JavaCalls::call_helper(JavaValue*, methodHandle*, JavaCallArguments*, Thread*)+0x365
V  [libjvm.so+0x600b08]  JavaCalls::call(JavaValue*, methodHandle, JavaCallArguments*, Thread*)+0x28
V  [libjvm.so+0x63abb9]  jni_invoke_static(JNIEnv_*, JavaValue*, _jobject*, JNICallType, _jmethodID*, JNI_ArgumentPusher*, Thread*)+0x219
V  [libjvm.so+0x6437d2]  jni_CallStaticVoidMethod+0x162
C  [libjli.so+0x36d9]  JavaMain+0x7e9

Java frames: (J=compiled Java code, j=interpreted, Vv=VM code)
j  com.asprise.ocr.Ocr.doRecognize(Ljava/lang/String;IIIIILjava/lang/String;Ljava/lang/String;Ljava/lang/String;Ljava/lang/String;Ljava/lang/String;)Ljava/lang/String;+0
j  com.asprise.ocr.Ocr.recognize(Ljava/lang/String;IIIIILjava/lang/String;Ljava/lang/String;[Ljava/lang/Object;)Ljava/lang/String;+135
j  ReadTextfrImage.main([Ljava/lang/String;)V+290
v  ~StubRoutines::call_stub

---------------  P R O C E S S  ---------------

Java Threads: ( => current thread )
  0x00007f7b7028a800 JavaThread "Java2D Disposer" daemon [_thread_blocked, id=24413, stack(0x00007f7b5feff000,0x00007f7b60000000)]
  0x00007f7b700a1000 JavaThread "Service Thread" daemon [_thread_blocked, id=24411, stack(0x00007f7b65c9d000,0x00007f7b65d9e000)]
  0x00007f7b7009e800 JavaThread "C2 CompilerThread1" daemon [_thread_blocked, id=24410, stack(0x00007f7b65d9e000,0x00007f7b65e9f000)]
  0x00007f7b7009b800 JavaThread "C2 CompilerThread0" daemon [_thread_blocked, id=24409, stack(0x00007f7b65e9f000,0x00007f7b65fa0000)]
  0x00007f7b70099800 JavaThread "Signal Dispatcher" daemon [_thread_blocked, id=24408, stack(0x00007f7b6c01b000,0x00007f7b6c11c000)]
  0x00007f7b70070800 JavaThread "Finalizer" daemon [_thread_blocked, id=24407, stack(0x00007f7b6c3f4000,0x00007f7b6c4f5000)]
  0x00007f7b7006e800 JavaThread "Reference Handler" daemon [_thread_blocked, id=24406, stack(0x00007f7b6c4f5000,0x00007f7b6c5f6000)]
=>0x00007f7b7000a800 JavaThread "main" [_thread_in_native, id=24399, stack(0x00007f7b7805d000,0x00007f7b7815e000)]

Other Threads:
  0x00007f7b7006a000 VMThread [stack: 0x00007f7b6c5f6000,0x00007f7b6c6f7000] [id=24405]
  0x00007f7b700ab800 WatcherThread [stack: 0x00007f7b65b9c000,0x00007f7b65c9d000] [id=24412]

VM state:not at safepoint (normal execution)

VM Mutex/Monitor currently owned by a thread: None

Heap
 PSYoungGen      total 17920K, used 5038K [0x00000000ec200000, 0x00000000ed600000, 0x0000000100000000)
  eden space 15360K, 32% used [0x00000000ec200000,0x00000000ec6ebae0,0x00000000ed100000)
  from space 2560K, 0% used [0x00000000ed380000,0x00000000ed380000,0x00000000ed600000)
  to   space 2560K, 0% used [0x00000000ed100000,0x00000000ed100000,0x00000000ed380000)
 ParOldGen       total 40448K, used 0K [0x00000000c4600000, 0x00000000c6d80000, 0x00000000ec200000)
  object space 40448K, 0% used [0x00000000c4600000,0x00000000c4600000,0x00000000c6d80000)
 PSPermGen       total 21504K, used 6056K [0x00000000bf400000, 0x00000000c0900000, 0x00000000c4600000)
  object space 21504K, 28% used [0x00000000bf400000,0x00000000bf9ea3c8,0x00000000c0900000)

Card table byte_map: [0x00007f7b75135000,0x00007f7b7533c000] byte_map_base: 0x00007f7b74b3b000

Polling page: 0x00007f7b7817c000

Code Cache  [0x00007f7b6d000000, 0x00007f7b6d270000, 0x00007f7b70000000)
 total_blobs=380 nmethods=31 adapters=303 free_code_cache=48615Kb largest_free_block=49762688

Compilation events (10 events):
Event: 0.482 Thread 0x00007f7b7009b800 nmethod 26 0x00007f7b6d07e310 code [0x00007f7b6d07e460, 0x00007f7b6d07e698]
Event: 0.494 Thread 0x00007f7b7009e800 nmethod 25 0x00007f7b6d082a50 code [0x00007f7b6d082ba0, 0x00007f7b6d0837e8]
Event: 0.632 Thread 0x00007f7b7009b800   28 %           sun.security.provider.DigestBase::engineUpdate @ 136 (188 bytes)
Event: 0.636 Thread 0x00007f7b7009b800 nmethod 28% 0x00007f7b6d083e10 code [0x00007f7b6d083f80, 0x00007f7b6d0841a8]
Event: 0.636 Thread 0x00007f7b7009e800   29             sun.security.provider.DigestBase::engineUpdate (188 bytes)
Event: 0.642 Thread 0x00007f7b7009e800 nmethod 29 0x00007f7b6d081ed0 code [0x00007f7b6d082040, 0x00007f7b6d0823b8]
Event: 0.679 Thread 0x00007f7b7009b800   30             sun.security.provider.DigestBase::engineUpdate (188 bytes)
Event: 0.686 Thread 0x00007f7b7009b800 nmethod 30 0x00007f7b6d084f50 code [0x00007f7b6d0850c0, 0x00007f7b6d085438]
Event: 0.820 Thread 0x00007f7b7009e800   31             java.util.zip.ZStreamRef::address (5 bytes)
Event: 0.820 Thread 0x00007f7b7009e800 nmethod 31 0x00007f7b6d081cd0 code [0x00007f7b6d081e00, 0x00007f7b6d081e58]

GC Heap History (0 events):
No events

Deoptimization events (3 events):
Event: 0.394 Thread 0x00007f7b7000a800 Uncommon trap: reason=unstable_if action=reinterpret pc=0x00007f7b6d0644ec method=java.lang.String.indexOf([CII[CIII)I @ 3
Event: 0.627 Thread 0x00007f7b7000a800 Uncommon trap: reason=unstable_if action=reinterpret pc=0x00007f7b6d07ea1c method=sun.security.provider.DigestBase.engineUpdate([BII)V @ 168
Event: 0.672 Thread 0x00007f7b7000a800 Uncommon trap: reason=unstable_if action=reinterpret pc=0x00007f7b6d082320 method=sun.security.provider.DigestBase.engineUpdate([BII)V @ 119

Internal exceptions (10 events):
Event: 0.185 Thread 0x00007f7b7000a800 Threw 0x00000000ec4ce2f0 at /HUDSON/workspace/7u-2-build-linux-amd64/jdk7u80/2329/hotspot/src/share/vm/prims/jvm.cpp:1319
Event: 0.186 Thread 0x00007f7b7000a800 Threw 0x00000000ec4d3798 at /HUDSON/workspace/7u-2-build-linux-amd64/jdk7u80/2329/hotspot/src/share/vm/prims/jvm.cpp:1319
Event: 0.188 Thread 0x00007f7b7000a800 Threw 0x00000000ec4e58e0 at /HUDSON/workspace/7u-2-build-linux-amd64/jdk7u80/2329/hotspot/src/share/vm/prims/jvm.cpp:1319
Event: 0.188 Thread 0x00007f7b7000a800 Threw 0x00000000ec4eb1a0 at /HUDSON/workspace/7u-2-build-linux-amd64/jdk7u80/2329/hotspot/src/share/vm/prims/jvm.cpp:1319
Event: 0.195 Thread 0x00007f7b7000a800 Threw 0x00000000ec521320 at /HUDSON/workspace/7u-2-build-linux-amd64/jdk7u80/2329/hotspot/src/share/vm/prims/jvm.cpp:1319
Event: 0.364 Thread 0x00007f7b7000a800 Threw 0x00000000ec6734c8 at /HUDSON/workspace/7u-2-build-linux-amd64/jdk7u80/2329/hotspot/src/share/vm/prims/jvm.cpp:1319
Event: 0.367 Thread 0x00007f7b7000a800 Threw 0x00000000ec68b2a0 at /HUDSON/workspace/7u-2-build-linux-amd64/jdk7u80/2329/hotspot/src/share/vm/prims/jvm.cpp:1319
Event: 0.370 Thread 0x00007f7b7000a800 Threw 0x00000000ec68f9d8 at /HUDSON/workspace/7u-2-build-linux-amd64/jdk7u80/2329/hotspot/src/share/vm/prims/jvm.cpp:1319
Event: 0.372 Thread 0x00007f7b7000a800 Threw 0x00000000ec69a680 at /HUDSON/workspace/7u-2-build-linux-amd64/jdk7u80/2329/hotspot/src/share/vm/prims/jvm.cpp:1319
Event: 0.375 Thread 0x00007f7b7000a800 Threw 0x00000000ec6ac468 at /HUDSON/workspace/7u-2-build-linux-amd64/jdk7u80/2329/hotspot/src/share/vm/prims/jvm.cpp:1319

Events (10 events):
Event: 0.628 loading class 0x00007f7b7498bae0 done
Event: 0.628 loading class 0x00007f7b440192e0
Event: 0.629 loading class 0x00007f7b440192e0 done
Event: 0.672 Thread 0x00007f7b7000a800 Uncommon trap: trap_request=0xffffff75 fr.pc=0x00007f7b6d082320
Event: 0.672 Thread 0x00007f7b7000a800 DEOPT PACKING pc=0x00007f7b6d082320 sp=0x00007f7b7815be10
Event: 0.672 Thread 0x00007f7b7000a800 DEOPT UNPACKING pc=0x00007f7b6d039445 sp=0x00007f7b7815bdd8 mode 2
Event: 0.975 loading class 0x00007f7b74955be0
Event: 0.976 loading class 0x00007f7b74955be0 done
Event: 0.976 loading class 0x00007f7b74970f80
Event: 0.976 loading class 0x00007f7b74970f80 done


Dynamic libraries:
00400000-00401000 r-xp 00000000 08:02 13769971                           /usr/lib/jvm/jdk1.7.0_80/bin/java
00600000-00601000 rw-p 00000000 08:02 13769971                           /usr/lib/jvm/jdk1.7.0_80/bin/java
01f45000-01f66000 rw-p 00000000 00:00 0                                  [heap]
bf400000-c0900000 rw-p 00000000 00:00 0 
c0900000-c4600000 rw-p 00000000 00:00 0 
c4600000-c6d80000 rw-p 00000000 00:00 0 
c6d80000-ec200000 rw-p 00000000 00:00 0 
ec200000-ed600000 rw-p 00000000 00:00 0 
ed600000-100000000 rw-p 00000000 00:00 0 
7f7b2fe93000-7f7b30000000 rw-p 00000000 00:00 0 
7f7b30000000-7f7b30021000 rw-p 00000000 00:00 0 
7f7b30021000-7f7b34000000 ---p 00000000 00:00 0 
7f7b34000000-7f7b34021000 rw-p 00000000 00:00 0 
7f7b34021000-7f7b38000000 ---p 00000000 00:00 0 
7f7b38000000-7f7b38298000 rw-p 00000000 00:00 0 
7f7b38298000-7f7b3c000000 ---p 00000000 00:00 0 
7f7b3c000000-7f7b3c021000 rw-p 00000000 00:00 0 
7f7b3c021000-7f7b40000000 ---p 00000000 00:00 0 
7f7b40000000-7f7b40021000 rw-p 00000000 00:00 0 
7f7b40021000-7f7b44000000 ---p 00000000 00:00 0 
7f7b44000000-7f7b44169000 rw-p 00000000 00:00 0 
7f7b44169000-7f7b48000000 ---p 00000000 00:00 0 
7f7b48000000-7f7b48021000 rw-p 00000000 00:00 0 
7f7b48021000-7f7b4c000000 ---p 00000000 00:00 0 
7f7b4c000000-7f7b4c021000 rw-p 00000000 00:00 0 
7f7b4c021000-7f7b50000000 ---p 00000000 00:00 0 
7f7b50000000-7f7b50021000 rw-p 00000000 00:00 0 
7f7b50021000-7f7b54000000 ---p 00000000 00:00 0 
7f7b54000000-7f7b54021000 rw-p 00000000 00:00 0 
7f7b54021000-7f7b58000000 ---p 00000000 00:00 0 
7f7b58000000-7f7b58021000 rw-p 00000000 00:00 0 
7f7b58021000-7f7b5c000000 ---p 00000000 00:00 0 
7f7b5c10b000-7f7b5d4b6000 rw-p 00000000 00:00 0 
7f7b5d4b6000-7f7b5d4cc000 r-xp 00000000 08:02 24908221                   /lib/x86_64-linux-gnu/libgcc_s.so.1
7f7b5d4cc000-7f7b5d6cb000 ---p 00016000 08:02 24908221                   /lib/x86_64-linux-gnu/libgcc_s.so.1
7f7b5d6cb000-7f7b5d6cc000 rw-p 00015000 08:02 24908221                   /lib/x86_64-linux-gnu/libgcc_s.so.1
7f7b5d6cc000-7f7b5d83e000 r-xp 00000000 08:02 12067707                   /usr/lib/x86_64-linux-gnu/libstdc++.so.6.0.21
7f7b5d83e000-7f7b5da3e000 ---p 00172000 08:02 12067707                   /usr/lib/x86_64-linux-gnu/libstdc++.so.6.0.21
7f7b5da3e000-7f7b5da48000 r--p 00172000 08:02 12067707                   /usr/lib/x86_64-linux-gnu/libstdc++.so.6.0.21
7f7b5da48000-7f7b5da4a000 rw-p 0017c000 08:02 12067707                   /usr/lib/x86_64-linux-gnu/libstdc++.so.6.0.21
7f7b5da4a000-7f7b5da4e000 rw-p 00000000 00:00 0 
7f7b5da68000-7f7b5e1ac000 r-xp 00000000 08:02 16646150                   /tmp/libaocr_x64.so
7f7b5e1ac000-7f7b5e3ab000 ---p 00744000 08:02 16646150                   /tmp/libaocr_x64.so
7f7b5e3ab000-7f7b5fa2d000 rw-p 00743000 08:02 16646150                   /tmp/libaocr_x64.so
7f7b5fa2d000-7f7b5fcc4000 rw-p 00000000 00:00 0 
7f7b5fcc4000-7f7b5fcfe000 r-xp 00000000 08:02 13646715                   /usr/lib/jvm/jdk1.7.0_80/jre/lib/amd64/libjpeg.so
7f7b5fcfe000-7f7b5fefe000 ---p 0003a000 08:02 13646715                   /usr/lib/jvm/jdk1.7.0_80/jre/lib/amd64/libjpeg.so
7f7b5fefe000-7f7b5feff000 rw-p 0003a000 08:02 13646715                   /usr/lib/jvm/jdk1.7.0_80/jre/lib/amd64/libjpeg.so
7f7b5feff000-7f7b5ff02000 ---p 00000000 00:00 0 
7f7b5ff02000-7f7b60000000 rw-p 00000000 00:00 0 
7f7b60000000-7f7b60021000 rw-p 00000000 00:00 0 
7f7b60021000-7f7b64000000 ---p 00000000 00:00 0 
7f7b64019000-7f7b6401e000 r-xp 00000000 08:02 12066558                   /usr/lib/x86_64-linux-gnu/libXdmcp.so.6.0.0
7f7b6401e000-7f7b6421d000 ---p 00005000 08:02 12066558                   /usr/lib/x86_64-linux-gnu/libXdmcp.so.6.0.0
7f7b6421d000-7f7b6421e000 r--p 00004000 08:02 12066558                   /usr/lib/x86_64-linux-gnu/libXdmcp.so.6.0.0
7f7b6421e000-7f7b6421f000 rw-p 00005000 08:02 12066558                   /usr/lib/x86_64-linux-gnu/libXdmcp.so.6.0.0
7f7b6421f000-7f7b64221000 r-xp 00000000 08:02 12066547                   /usr/lib/x86_64-linux-gnu/libXau.so.6.0.0
7f7b64221000-7f7b64421000 ---p 00002000 08:02 12066547                   /usr/lib/x86_64-linux-gnu/libXau.so.6.0.0
7f7b64421000-7f7b64422000 r--p 00002000 08:02 12066547                   /usr/lib/x86_64-linux-gnu/libXau.so.6.0.0
7f7b64422000-7f7b64423000 rw-p 00003000 08:02 12066547                   /usr/lib/x86_64-linux-gnu/libXau.so.6.0.0
7f7b64423000-7f7b64444000 r-xp 00000000 08:02 12067956                   /usr/lib/x86_64-linux-gnu/libxcb.so.1.1.0
7f7b64444000-7f7b64643000 ---p 00021000 08:02 12067956                   /usr/lib/x86_64-linux-gnu/libxcb.so.1.1.0
7f7b64643000-7f7b64644000 r--p 00020000 08:02 12067956                   /usr/lib/x86_64-linux-gnu/libxcb.so.1.1.0
7f7b64644000-7f7b64645000 rw-p 00021000 08:02 12067956                   /usr/lib/x86_64-linux-gnu/libxcb.so.1.1.0
7f7b64645000-7f7b64654000 r-xp 00000000 08:02 12066568                   /usr/lib/x86_64-linux-gnu/libXi.so.6.1.0
7f7b64654000-7f7b64853000 ---p 0000f000 08:02 12066568                   /usr/lib/x86_64-linux-gnu/libXi.so.6.1.0
7f7b64853000-7f7b64854000 r--p 0000e000 08:02 12066568                   /usr/lib/x86_64-linux-gnu/libXi.so.6.1.0
7f7b64854000-7f7b64855000 rw-p 0000f000 08:02 12066568                   /usr/lib/x86_64-linux-gnu/libXi.so.6.1.0
7f7b64855000-7f7b6485a000 r-xp 00000000 08:02 12066586                   /usr/lib/x86_64-linux-gnu/libXtst.so.6.1.0
7f7b6485a000-7f7b64a59000 ---p 00005000 08:02 12066586                   /usr/lib/x86_64-linux-gnu/libXtst.so.6.1.0
7f7b64a59000-7f7b64a5a000 r--p 00004000 08:02 12066586                   /usr/lib/x86_64-linux-gnu/libXtst.so.6.1.0
7f7b64a5a000-7f7b64a5b000 rw-p 00005000 08:02 12066586                   /usr/lib/x86_64-linux-gnu/libXtst.so.6.1.0
7f7b64a5b000-7f7b64a64000 r-xp 00000000 08:02 12066580                   /usr/lib/x86_64-linux-gnu/libXrender.so.1.3.0
7f7b64a64000-7f7b64c63000 ---p 00009000 08:02 12066580                   /usr/lib/x86_64-linux-gnu/libXrender.so.1.3.0
7f7b64c63000-7f7b64c64000 r--p 00008000 08:02 12066580                   /usr/lib/x86_64-linux-gnu/libXrender.so.1.3.0
7f7b64c64000-7f7b64c65000 rw-p 00009000 08:02 12066580                   /usr/lib/x86_64-linux-gnu/libXrender.so.1.3.0
7f7b64c65000-7f7b64d9a000 r-xp 00000000 08:02 12066543                   /usr/lib/x86_64-linux-gnu/libX11.so.6.3.0
7f7b64d9a000-7f7b64f9a000 ---p 00135000 08:02 12066543                   /usr/lib/x86_64-linux-gnu/libX11.so.6.3.0
7f7b64f9a000-7f7b64f9b000 r--p 00135000 08:02 12066543                   /usr/lib/x86_64-linux-gnu/libX11.so.6.3.0
7f7b64f9b000-7f7b64f9f000 rw-p 00136000 08:02 12066543                   /usr/lib/x86_64-linux-gnu/libX11.so.6.3.0
7f7b64f9f000-7f7b64fb0000 r-xp 00000000 08:02 12066560                   /usr/lib/x86_64-linux-gnu/libXext.so.6.4.0
7f7b64fb0000-7f7b651af000 ---p 00011000 08:02 12066560                   /usr/lib/x86_64-linux-gnu/libXext.so.6.4.0
7f7b651af000-7f7b651b0000 r--p 00010000 08:02 12066560                   /usr/lib/x86_64-linux-gnu/libXext.so.6.4.0
7f7b651b0000-7f7b651b1000 rw-p 00011000 08:02 12066560                   /usr/lib/x86_64-linux-gnu/libXext.so.6.4.0
7f7b651c7000-7f7b651cb000 r--s 0008b000 08:02 13647318                   /usr/lib/jvm/jdk1.7.0_80/jre/lib/jsse.jar
7f7b651cb000-7f7b6521b000 r-xp 00000000 08:02 13646705                   /usr/lib/jvm/jdk1.7.0_80/jre/lib/amd64/xawt/libmawt.so
7f7b6521b000-7f7b6541b000 ---p 00050000 08:02 13646705                   /usr/lib/jvm/jdk1.7.0_80/jre/lib/amd64/xawt/libmawt.so
7f7b6541b000-7f7b6541f000 rw-p 00050000 08:02 13646705                   /usr/lib/jvm/jdk1.7.0_80/jre/lib/amd64/xawt/libmawt.so
7f7b6541f000-7f7b65420000 rw-p 00000000 00:00 0 
7f7b65420000-7f7b654c2000 r-xp 00000000 08:02 13646725                   /usr/lib/jvm/jdk1.7.0_80/jre/lib/amd64/libawt.so
7f7b654c2000-7f7b656c2000 ---p 000a2000 08:02 13646725                   /usr/lib/jvm/jdk1.7.0_80/jre/lib/amd64/libawt.so
7f7b656c2000-7f7b656ce000 rw-p 000a2000 08:02 13646725                   /usr/lib/jvm/jdk1.7.0_80/jre/lib/amd64/libawt.so
7f7b656ce000-7f7b656f2000 rw-p 00000000 00:00 0 
7f7b656f2000-7f7b656f5000 r--s 07cb5000 08:02 8136923                    /home/headrun/Downloads/java-ocr-api-15.3.0.3.jar
7f7b656f5000-7f7b656f8000 r--s 00017000 08:02 8132360                    /home/headrun/Downloads/marvin_1.5.5.jar
7f7b656f8000-7f7b65786000 rw-p 00000000 00:00 0 
7f7b65786000-7f7b65b19000 r--s 03191000 08:02 8128837                    /home/headrun/Downloads/tika-app-1.17.jar
7f7b65b19000-7f7b65b2f000 r--s 0023f000 08:02 8139468                    /home/headrun/Downloads/pdfbox-2.0.3.jar
7f7b65b2f000-7f7b65b35000 r--s 00163000 08:02 8139467                    /home/headrun/Downloads/fontbox-2.0.3.jar
7f7b65b35000-7f7b65b43000 r--s 00083000 08:02 8141858                    /home/headrun/Downloads/opencv-3.0.0-1.0.jar
7f7b65b43000-7f7b65b46000 r--s 031c7000 08:02 12847991                   /home/headrun/Downloads/asprise-ocr-java-15.3.1-trial-linux/aocr.jar
7f7b65b46000-7f7b65b50000 r--s 00081000 08:02 13108978                   /home/headrun/Downloads/jar_files (1)/xmlgraphics-commons-1.4.jar
7f7b65b50000-7f7b65b52000 r--s 02050000 08:02 13110944                   /home/headrun/Downloads/jar_files (1)/tess4j-3.2.1.jar
7f7b65b52000-7f7b65b56000 r--s 00015000 08:02 13110932                   /home/headrun/Downloads/jar_files (1)/rococoa-core-0.5.jar
7f7b65b56000-7f7b65b60000 r--s 00069000 08:02 13110945                   /home/headrun/Downloads/jar_files (1)/logback-core-1.1.7.jar
7f7b65b60000-7f7b65b67000 r--s 00044000 08:02 13110925                   /home/headrun/Downloads/jar_files (1)/logback-classic-1.1.7.jar
7f7b65b67000-7f7b65b69000 r--s 00004000 08:02 13109142                   /home/headrun/Downloads/jar_files (1)/log4j-over-slf4j-1.7.21.jar
7f7b65b69000-7f7b65b72000 r--s 0006f000 08:02 13108979                   /home/headrun/Downloads/jar_files (1)/log4j-1.2.17.jar
7f7b65b72000-7f7b65b77000 r--s 00229000 08:02 13110922                   /home/headrun/Downloads/jar_files (1)/lept4j-1.2.3.jar
7f7b65b77000-7f7b65b82000 r--s 00088000 08:02 13109141                   /home/headrun/Downloads/jar_files (1)/jai-imageio-core-1.3.1.jar
7f7b65b82000-7f7b65b8e000 r--s 00108000 08:02 13108977                   /home/headrun/Downloads/jar_files (1)/itext-2.1.7.jar
7f7b65b8e000-7f7b65b9c000 r--s 0007f000 08:02 13110929                   /home/headrun/Downloads/jar_files (1)/commons-collections-3.2.1.jar
7f7b65b9c000-7f7b65b9d000 ---p 00000000 00:00 0 
7f7b65b9d000-7f7b65c9d000 rw-p 00000000 00:00 0 
7f7b65c9d000-7f7b65ca0000 ---p 00000000 00:00 0 
7f7b65ca0000-7f7b65d9e000 rw-p 00000000 00:00 0 
7f7b65d9e000-7f7b65da1000 ---p 00000000 00:00 0 
7f7b65da1000-7f7b65e9f000 rw-p 00000000 00:00 0 
7f7b65e9f000-7f7b65ea2000 ---p 00000000 00:00 0 
7f7b65ea2000-7f7b68000000 rw-p 00000000 00:00 0 
7f7b68000000-7f7b68021000 rw-p 00000000 00:00 0 
7f7b68021000-7f7b6c000000 ---p 00000000 00:00 0 
7f7b6c000000-7f7b6c002000 r--s 00000000 08:02 13110924                   /home/headrun/Downloads/jar_files (1)/jul-to-slf4j-1.7.21.jar
7f7b6c002000-7f7b6c006000 r--s 000dc000 08:02 13109139                   /home/headrun/Downloads/jar_files (1)/jna-4.1.0.jar
7f7b6c006000-7f7b6c008000 r--s 00003000 08:02 13110923                   /home/headrun/Downloads/jar_files (1)/jcl-over-slf4j-1.7.21.jar
7f7b6c008000-7f7b6c00d000 r--s 00028000 08:02 13109140                   /home/headrun/Downloads/jar_files (1)/ghost4j-1.0.1.jar
7f7b6c00d000-7f7b6c01b000 r--s 00374000 08:02 13901063                   /home/headrun/Downloads/PDFxStream.Java-3.5.0/lib/PDFxStream.jar
7f7b6c01b000-7f7b6c01e000 ---p 00000000 00:00 0 
7f7b6c01e000-7f7b6c11c000 rw-p 00000000 00:00 0 
7f7b6c11c000-7f7b6c3f4000 r--p 00000000 08:02 12058653                   /usr/lib/locale/locale-archive
7f7b6c3f4000-7f7b6c3f7000 ---p 00000000 00:00 0 
7f7b6c3f7000-7f7b6c4f5000 rw-p 00000000 00:00 0 
7f7b6c4f5000-7f7b6c4f8000 ---p 00000000 00:00 0 
7f7b6c4f8000-7f7b6c5f6000 rw-p 00000000 00:00 0 
7f7b6c5f6000-7f7b6c5f7000 ---p 00000000 00:00 0 
7f7b6c5f7000-7f7b6d000000 rw-p 00000000 00:00 0 
7f7b6d000000-7f7b6d270000 rwxp 00000000 00:00 0 
7f7b6d270000-7f7b71298000 rw-p 00000000 00:00 0 
7f7b71298000-7f7b74000000 ---p 00000000 00:00 0 
7f7b74001000-7f7b74006000 r--s 00035000 08:02 13110930                   /home/headrun/Downloads/jar_files (1)/commons-beanutils-1.9.2.jar
7f7b74006000-7f7b74015000 r--s 0017c000 08:02 13646600                   /home/headrun/Downloads/itextpdf-5.1.0.jar
7f7b74015000-7f7b7470b000 rw-p 00000000 00:00 0 
7f7b7470b000-7f7b748cb000 r--s 039fb000 08:02 13647374                   /usr/lib/jvm/jdk1.7.0_80/jre/lib/rt.jar
7f7b748cb000-7f7b74bca000 rw-p 00000000 00:00 0 
7f7b74bca000-7f7b74bcb000 ---p 00000000 00:00 0 
7f7b74bcb000-7f7b74ccb000 rw-p 00000000 00:00 0 
7f7b74ccb000-7f7b74ccc000 ---p 00000000 00:00 0 
7f7b74ccc000-7f7b74dcc000 rw-p 00000000 00:00 0 
7f7b74dcc000-7f7b74dcd000 ---p 00000000 00:00 0 
7f7b74dcd000-7f7b74ecd000 rw-p 00000000 00:00 0 
7f7b74ecd000-7f7b74ece000 ---p 00000000 00:00 0 
7f7b74ece000-7f7b74fd9000 rw-p 00000000 00:00 0 
7f7b74fd9000-7f7b74ff7000 rw-p 00000000 00:00 0 
7f7b74ff7000-7f7b7500b000 rw-p 00000000 00:00 0 
7f7b7500b000-7f7b75135000 rw-p 00000000 00:00 0 
7f7b75135000-7f7b75140000 rw-p 00000000 00:00 0 
7f7b75140000-7f7b7515e000 rw-p 00000000 00:00 0 
7f7b7515e000-7f7b75172000 rw-p 00000000 00:00 0 
7f7b75172000-7f7b7529c000 rw-p 00000000 00:00 0 
7f7b7529c000-7f7b752a6000 rw-p 00000000 00:00 0 
7f7b752a6000-7f7b7533b000 rw-p 00000000 00:00 0 
7f7b7533b000-7f7b7533c000 rw-p 00000000 00:00 0 
7f7b7533c000-7f7b75353000 r-xp 00000000 08:02 13646721                   /usr/lib/jvm/jdk1.7.0_80/jre/lib/amd64/libzip.so
7f7b75353000-7f7b75553000 ---p 00017000 08:02 13646721                   /usr/lib/jvm/jdk1.7.0_80/jre/lib/amd64/libzip.so
7f7b75553000-7f7b75554000 rw-p 00017000 08:02 13646721                   /usr/lib/jvm/jdk1.7.0_80/jre/lib/amd64/libzip.so
7f7b75554000-7f7b7555f000 r-xp 00000000 08:02 24909811                   /lib/x86_64-linux-gnu/libnss_files-2.23.so
7f7b7555f000-7f7b7575e000 ---p 0000b000 08:02 24909811                   /lib/x86_64-linux-gnu/libnss_files-2.23.so
7f7b7575e000-7f7b7575f000 r--p 0000a000 08:02 24909811                   /lib/x86_64-linux-gnu/libnss_files-2.23.so
7f7b7575f000-7f7b75760000 rw-p 0000b000 08:02 24909811                   /lib/x86_64-linux-gnu/libnss_files-2.23.so
7f7b75760000-7f7b75766000 rw-p 00000000 00:00 0 
7f7b75766000-7f7b75771000 r-xp 00000000 08:02 24909815                   /lib/x86_64-linux-gnu/libnss_nis-2.23.so
7f7b75771000-7f7b75970000 ---p 0000b000 08:02 24909815                   /lib/x86_64-linux-gnu/libnss_nis-2.23.so
7f7b75970000-7f7b75971000 r--p 0000a000 08:02 24909815                   /lib/x86_64-linux-gnu/libnss_nis-2.23.so
7f7b75971000-7f7b75972000 rw-p 0000b000 08:02 24909815                   /lib/x86_64-linux-gnu/libnss_nis-2.23.so
7f7b75972000-7f7b75988000 r-xp 00000000 08:02 24909795                   /lib/x86_64-linux-gnu/libnsl-2.23.so
7f7b75988000-7f7b75b87000 ---p 00016000 08:02 24909795                   /lib/x86_64-linux-gnu/libnsl-2.23.so
7f7b75b87000-7f7b75b88000 r--p 00015000 08:02 24909795                   /lib/x86_64-linux-gnu/libnsl-2.23.so
7f7b75b88000-7f7b75b89000 rw-p 00016000 08:02 24909795                   /lib/x86_64-linux-gnu/libnsl-2.23.so
7f7b75b89000-7f7b75b8b000 rw-p 00000000 00:00 0 
7f7b75b8b000-7f7b75b93000 r-xp 00000000 08:02 24909806                   /lib/x86_64-linux-gnu/libnss_compat-2.23.so
7f7b75b93000-7f7b75d92000 ---p 00008000 08:02 24909806                   /lib/x86_64-linux-gnu/libnss_compat-2.23.so
7f7b75d92000-7f7b75d93000 r--p 00007000 08:02 24909806                   /lib/x86_64-linux-gnu/libnss_compat-2.23.so
7f7b75d93000-7f7b75d94000 rw-p 00008000 08:02 24909806                   /lib/x86_64-linux-gnu/libnss_compat-2.23.so
7f7b75d94000-7f7b75dbd000 r-xp 00000000 08:02 13646687                   /usr/lib/jvm/jdk1.7.0_80/jre/lib/amd64/libjava.so
7f7b75dbd000-7f7b75fbd000 ---p 00029000 08:02 13646687                   /usr/lib/jvm/jdk1.7.0_80/jre/lib/amd64/libjava.so
7f7b75fbd000-7f7b75fbf000 rw-p 00029000 08:02 13646687                   /usr/lib/jvm/jdk1.7.0_80/jre/lib/amd64/libjava.so
7f7b75fbf000-7f7b75fcc000 r-xp 00000000 08:02 13646714                   /usr/lib/jvm/jdk1.7.0_80/jre/lib/amd64/libverify.so
7f7b75fcc000-7f7b761cb000 ---p 0000d000 08:02 13646714                   /usr/lib/jvm/jdk1.7.0_80/jre/lib/amd64/libverify.so
7f7b761cb000-7f7b761cd000 rw-p 0000c000 08:02 13646714                   /usr/lib/jvm/jdk1.7.0_80/jre/lib/amd64/libverify.so
7f7b761cd000-7f7b761d4000 r-xp 00000000 08:02 24909816                   /lib/x86_64-linux-gnu/librt-2.23.so
7f7b761d4000-7f7b763d3000 ---p 00007000 08:02 24909816                   /lib/x86_64-linux-gnu/librt-2.23.so
7f7b763d3000-7f7b763d4000 r--p 00006000 08:02 24909816                   /lib/x86_64-linux-gnu/librt-2.23.so
7f7b763d4000-7f7b763d5000 rw-p 00007000 08:02 24909816                   /lib/x86_64-linux-gnu/librt-2.23.so
7f7b763d5000-7f7b764dd000 r-xp 00000000 08:02 24909793                   /lib/x86_64-linux-gnu/libm-2.23.so
7f7b764dd000-7f7b766dc000 ---p 00108000 08:02 24909793                   /lib/x86_64-linux-gnu/libm-2.23.so
7f7b766dc000-7f7b766dd000 r--p 00107000 08:02 24909793                   /lib/x86_64-linux-gnu/libm-2.23.so
7f7b766dd000-7f7b766de000 rw-p 00108000 08:02 24909793                   /lib/x86_64-linux-gnu/libm-2.23.so
7f7b766de000-7f7b77254000 r-xp 00000000 08:02 13646741                   /usr/lib/jvm/jdk1.7.0_80/jre/lib/amd64/server/libjvm.so
7f7b77254000-7f7b77453000 ---p 00b76000 08:02 13646741                   /usr/lib/jvm/jdk1.7.0_80/jre/lib/amd64/server/libjvm.so
7f7b77453000-7f7b77517000 rw-p 00b75000 08:02 13646741                   /usr/lib/jvm/jdk1.7.0_80/jre/lib/amd64/server/libjvm.so
7f7b77517000-7f7b77558000 rw-p 00000000 00:00 0 
7f7b77558000-7f7b77718000 r-xp 00000000 08:02 24909798                   /lib/x86_64-linux-gnu/libc-2.23.so
7f7b77718000-7f7b77918000 ---p 001c0000 08:02 24909798                   /lib/x86_64-linux-gnu/libc-2.23.so
7f7b77918000-7f7b7791c000 r--p 001c0000 08:02 24909798                   /lib/x86_64-linux-gnu/libc-2.23.so
7f7b7791c000-7f7b7791e000 rw-p 001c4000 08:02 24909798                   /lib/x86_64-linux-gnu/libc-2.23.so
7f7b7791e000-7f7b77922000 rw-p 00000000 00:00 0 
7f7b77922000-7f7b77925000 r-xp 00000000 08:02 24909800                   /lib/x86_64-linux-gnu/libdl-2.23.so
7f7b77925000-7f7b77b24000 ---p 00003000 08:02 24909800                   /lib/x86_64-linux-gnu/libdl-2.23.so
7f7b77b24000-7f7b77b25000 r--p 00002000 08:02 24909800                   /lib/x86_64-linux-gnu/libdl-2.23.so
7f7b77b25000-7f7b77b26000 rw-p 00003000 08:02 24909800                   /lib/x86_64-linux-gnu/libdl-2.23.so
7f7b77b26000-7f7b77b3b000 r-xp 00000000 08:02 13647422                   /usr/lib/jvm/jdk1.7.0_80/lib/amd64/jli/libjli.so
7f7b77b3b000-7f7b77d3a000 ---p 00015000 08:02 13647422                   /usr/lib/jvm/jdk1.7.0_80/lib/amd64/jli/libjli.so
7f7b77d3a000-7f7b77d3b000 rw-p 00014000 08:02 13647422                   /usr/lib/jvm/jdk1.7.0_80/lib/amd64/jli/libjli.so
7f7b77d3b000-7f7b77d53000 r-xp 00000000 08:02 24909797                   /lib/x86_64-linux-gnu/libpthread-2.23.so
7f7b77d53000-7f7b77f52000 ---p 00018000 08:02 24909797                   /lib/x86_64-linux-gnu/libpthread-2.23.so
7f7b77f52000-7f7b77f53000 r--p 00017000 08:02 24909797                   /lib/x86_64-linux-gnu/libpthread-2.23.so
7f7b77f53000-7f7b77f54000 rw-p 00018000 08:02 24909797                   /lib/x86_64-linux-gnu/libpthread-2.23.so
7f7b77f54000-7f7b77f58000 rw-p 00000000 00:00 0 
7f7b77f58000-7f7b77f7e000 r-xp 00000000 08:02 24909796                   /lib/x86_64-linux-gnu/ld-2.23.so
7f7b77f7e000-7f7b77f7f000 r--s 00009000 08:02 13110928                   /home/headrun/Downloads/jar_files (1)/slf4j-api-1.7.20.jar
7f7b77f7f000-7f7b77f81000 r--s 0000d000 08:02 13108980                   /home/headrun/Downloads/jar_files (1)/commons-logging-1.1.1.jar
7f7b77f81000-7f7b77f88000 r--s 00040000 08:02 13110927                   /home/headrun/Downloads/jar_files (1)/cglib-2.2.2.jar
7f7b77f88000-7f7b77fa7000 rw-p 00000000 00:00 0 
7f7b77fa7000-7f7b7805d000 rw-p 00000000 00:00 0 
7f7b7805d000-7f7b78060000 ---p 00000000 00:00 0 
7f7b78060000-7f7b78163000 rw-p 00000000 00:00 0 
7f7b78163000-7f7b78167000 r--s 0002f000 08:02 13110931                   /home/headrun/Downloads/jar_files (1)/commons-io-2.5.jar
7f7b78167000-7f7b78168000 r--s 0000a000 08:02 13110926                   /home/headrun/Downloads/jar_files (1)/asm-3.3.1.jar
7f7b78168000-7f7b78173000 r--s 0037c000 08:02 13647395                   /usr/lib/jvm/jdk1.7.0_80/jre/lib/charsets.jar
7f7b78173000-7f7b7817b000 rw-s 00000000 08:02 19139717                   /tmp/hsperfdata_headrun/24395
7f7b7817b000-7f7b7817c000 rw-p 00000000 00:00 0 
7f7b7817c000-7f7b7817d000 r--p 00000000 00:00 0 
7f7b7817d000-7f7b7817e000 r--p 00025000 08:02 24909796                   /lib/x86_64-linux-gnu/ld-2.23.so
7f7b7817e000-7f7b7817f000 rw-p 00026000 08:02 24909796                   /lib/x86_64-linux-gnu/ld-2.23.so
7f7b7817f000-7f7b78180000 rw-p 00000000 00:00 0 
7ffe32384000-7ffe323a6000 rw-p 00000000 00:00 0                          [stack]
7ffe323e7000-7ffe323ea000 r--p 00000000 00:00 0                          [vvar]
7ffe323ea000-7ffe323ec000 r-xp 00000000 00:00 0                          [vdso]
ffffffffff600000-ffffffffff601000 r-xp 00000000 00:00 0                  [vsyscall]

VM Arguments:
jvm_args: -Dfile.encoding=UTF-8 
java_command: ReadTextfrImage
Launcher Type: SUN_STANDARD

Environment Variables:
JAVA_HOME=/usr/lib/jvm/java-8-oracle
CLASSPATH=/usr/lib/jvm/jdk1.7.0_80/lib/tools.jar:/usr/lib/jvm/jdk1.7.0_80/jre/rt.jar
PATH=/home/headrun/bin:/home/headrun/.local/bin:/usr/lib/jvm/jdk1.7.0_80/bin:/usr/local/sbin:/usr/local/bin:/usr/sbin:/usr/bin:/sbin:/bin:/usr/games:/usr/local/games:/snap/bin:/usr/lib/jvm/java-8-oracle/bin:/usr/lib/jvm/java-8-oracle/db/bin:/usr/lib/jvm/java-8-oracle/jre/bin
SHELL=/bin/bash
DISPLAY=:0

Signal Handlers:
SIGSEGV: [libjvm.so+0x9a3b20], sa_mask[0]=0x7ffbfeff, sa_flags=0x10000004
SIGBUS: [libjvm.so+0x9a3b20], sa_mask[0]=0x7ffbfeff, sa_flags=0x10000004
SIGFPE: [libjvm.so+0x81e740], sa_mask[0]=0x7ffbfeff, sa_flags=0x10000004
SIGPIPE: [libjvm.so+0x81e740], sa_mask[0]=0x7ffbfeff, sa_flags=0x10000004
SIGXFSZ: [libjvm.so+0x81e740], sa_mask[0]=0x7ffbfeff, sa_flags=0x10000004
SIGILL: [libjvm.so+0x81e740], sa_mask[0]=0x7ffbfeff, sa_flags=0x10000004
SIGUSR1: SIG_DFL, sa_mask[0]=0x00000000, sa_flags=0x00000000
SIGUSR2: [libjvm.so+0x81ffb0], sa_mask[0]=0x00000004, sa_flags=0x10000004
SIGHUP: [libjvm.so+0x8210d0], sa_mask[0]=0x7ffbfeff, sa_flags=0x10000004
SIGINT: [libjvm.so+0x8210d0], sa_mask[0]=0x7ffbfeff, sa_flags=0x10000004
SIGTERM: [libjvm.so+0x8210d0], sa_mask[0]=0x7ffbfeff, sa_flags=0x10000004
SIGQUIT: [libjvm.so+0x8210d0], sa_mask[0]=0x7ffbfeff, sa_flags=0x10000004


---------------  S Y S T E M  ---------------

OS:stretch/sid

uname:Linux 4.13.0-32-generic #35~16.04.1-Ubuntu SMP Thu Jan 25 10:13:43 UTC 2018 x86_64
libc:glibc 2.23 NPTL 2.23 
rlimit: STACK 8192k, CORE 0k, NPROC 14968, NOFILE 1048576, AS infinity
load average:1.23 0.95 0.91

/proc/meminfo:
MemTotal:        3900928 kB
MemFree:          466404 kB
MemAvailable:     798184 kB
Buffers:           21148 kB
Cached:           854932 kB
SwapCached:       105908 kB
Active:          2450072 kB
Inactive:         751096 kB
Active(anon):    2080968 kB
Inactive(anon):   607096 kB
Active(file):     369104 kB
Inactive(file):   144000 kB
Unevictable:         352 kB
Mlocked:             352 kB
SwapTotal:       4055036 kB
SwapFree:        3295740 kB
Dirty:               788 kB
Writeback:             0 kB
AnonPages:       2256692 kB
Mapped:           385092 kB
Shmem:            362976 kB
Slab:              97704 kB
SReclaimable:      42420 kB
SUnreclaim:        55284 kB
KernelStack:       20848 kB
PageTables:        59232 kB
NFS_Unstable:          0 kB
Bounce:                0 kB
WritebackTmp:          0 kB
CommitLimit:     6005500 kB
Committed_AS:   12757104 kB
VmallocTotal:   34359738367 kB
VmallocUsed:           0 kB
VmallocChunk:          0 kB
HardwareCorrupted:     0 kB
AnonHugePages:         0 kB
ShmemHugePages:        0 kB
ShmemPmdMapped:        0 kB
CmaTotal:              0 kB
CmaFree:               0 kB
HugePages_Total:       0
HugePages_Free:        0
HugePages_Rsvd:        0
HugePages_Surp:        0
Hugepagesize:       2048 kB
DirectMap4k:      224752 kB
DirectMap2M:     3831808 kB


CPU:total 4 (2 cores per cpu, 2 threads per core) family 6 model 58 stepping 9, cmov, cx8, fxsr, mmx, sse, sse2, sse3, ssse3, sse4.1, sse4.2, popcnt, avx, erms, ht, tsc, tscinvbit, tscinv

/proc/cpuinfo:
processor	: 0
vendor_id	: GenuineIntel
cpu family	: 6
model		: 58
model name	: Intel(R) Core(TM) i3-3110M CPU @ 2.40GHz
stepping	: 9
microcode	: 0x15
cpu MHz		: 2394.374
cache size	: 3072 KB
physical id	: 0
siblings	: 4
core id		: 0
cpu cores	: 2
apicid		: 0
initial apicid	: 0
fpu		: yes
fpu_exception	: yes
cpuid level	: 13
wp		: yes
flags		: fpu vme de pse tsc msr pae mce cx8 apic sep mtrr pge mca cmov pat pse36 clflush dts acpi mmx fxsr sse sse2 ss ht tm pbe syscall nx rdtscp lm constant_tsc arch_perfmon pebs bts rep_good nopl xtopology nonstop_tsc cpuid aperfmperf pni pclmulqdq dtes64 monitor ds_cpl vmx est tm2 ssse3 cx16 xtpr pdcm pcid sse4_1 sse4_2 x2apic popcnt tsc_deadline_timer xsave avx f16c lahf_lm cpuid_fault epb pti tpr_shadow vnmi flexpriority ept vpid fsgsbase smep erms xsaveopt dtherm arat pln pts
bugs		: cpu_meltdown spectre_v1 spectre_v2
bogomips	: 4788.74
clflush size	: 64
cache_alignment	: 64
address sizes	: 36 bits physical, 48 bits virtual
power management:

processor	: 1
vendor_id	: GenuineIntel
cpu family	: 6
model		: 58
model name	: Intel(R) Core(TM) i3-3110M CPU @ 2.40GHz
stepping	: 9
microcode	: 0x15
cpu MHz		: 2394.374
cache size	: 3072 KB
physical id	: 0
siblings	: 4
core id		: 1
cpu cores	: 2
apicid		: 2
initial apicid	: 2
fpu		: yes
fpu_exception	: yes
cpuid level	: 13
wp		: yes
flags		: fpu vme de pse tsc msr pae mce cx8 apic sep mtrr pge mca cmov pat pse36 clflush dts acpi mmx fxsr sse sse2 ss ht tm pbe syscall nx rdtscp lm constant_tsc arch_perfmon pebs bts rep_good nopl xtopology nonstop_tsc cpuid aperfmperf pni pclmulqdq dtes64 monitor ds_cpl vmx est tm2 ssse3 cx16 xtpr pdcm pcid sse4_1 sse4_2 x2apic popcnt tsc_deadline_timer xsave avx f16c lahf_lm cpuid_fault epb pti tpr_shadow vnmi flexpriority ept vpid fsgsbase smep erms xsaveopt dtherm arat pln pts
bugs		: cpu_meltdown spectre_v1 spectre_v2
bogomips	: 4788.74
clflush size	: 64
cache_alignment	: 64
address sizes	: 36 bits physical, 48 bits virtual
power management:

processor	: 2
vendor_id	: GenuineIntel
cpu family	: 6
model		: 58
model name	: Intel(R) Core(TM) i3-3110M CPU @ 2.40GHz
stepping	: 9
microcode	: 0x15
cpu MHz		: 2394.374
cache size	: 3072 KB
physical id	: 0
siblings	: 4
core id		: 0
cpu cores	: 2
apicid		: 1
initial apicid	: 1
fpu		: yes
fpu_exception	: yes
cpuid level	: 13
wp		: yes
flags		: fpu vme de pse tsc msr pae mce cx8 apic sep mtrr pge mca cmov pat pse36 clflush dts acpi mmx fxsr sse sse2 ss ht tm pbe syscall nx rdtscp lm constant_tsc arch_perfmon pebs bts rep_good nopl xtopology nonstop_tsc cpuid aperfmperf pni pclmulqdq dtes64 monitor ds_cpl vmx est tm2 ssse3 cx16 xtpr pdcm pcid sse4_1 sse4_2 x2apic popcnt tsc_deadline_timer xsave avx f16c lahf_lm cpuid_fault epb pti tpr_shadow vnmi flexpriority ept vpid fsgsbase smep erms xsaveopt dtherm arat pln pts
bugs		: cpu_meltdown spectre_v1 spectre_v2
bogomips	: 4788.74
clflush size	: 64
cache_alignment	: 64
address sizes	: 36 bits physical, 48 bits virtual
power management:

processor	: 3
vendor_id	: GenuineIntel
cpu family	: 6
model		: 58
model name	: Intel(R) Core(TM) i3-3110M CPU @ 2.40GHz
stepping	: 9
microcode	: 0x15
cpu MHz		: 2394.374
cache size	: 3072 KB
physical id	: 0
siblings	: 4
core id		: 1
cpu cores	: 2
apicid		: 3
initial apicid	: 3
fpu		: yes
fpu_exception	: yes
cpuid level	: 13
wp		: yes
flags		: fpu vme de pse tsc msr pae mce cx8 apic sep mtrr pge mca cmov pat pse36 clflush dts acpi mmx fxsr sse sse2 ss ht tm pbe syscall nx rdtscp lm constant_tsc arch_perfmon pebs bts rep_good nopl xtopology nonstop_tsc cpuid aperfmperf pni pclmulqdq dtes64 monitor ds_cpl vmx est tm2 ssse3 cx16 xtpr pdcm pcid sse4_1 sse4_2 x2apic popcnt tsc_deadline_timer xsave avx f16c lahf_lm cpuid_fault epb pti tpr_shadow vnmi flexpriority ept vpid fsgsbase smep erms xsaveopt dtherm arat pln pts
bugs		: cpu_meltdown spectre_v1 spectre_v2
bogomips	: 4788.74
clflush size	: 64
cache_alignment	: 64
address sizes	: 36 bits physical, 48 bits virtual
power management:



Memory: 4k page, physical 3900928k(466404k free), swap 4055036k(3295740k free)

vm_info: Java HotSpot(TM) 64-Bit Server VM (24.80-b11) for linux-amd64 JRE (1.7.0_80-b15), built on Apr 10 2015 19:53:14 by "java_re" with gcc 4.3.0 20080428 (Red Hat 4.3.0-8)

time: Sat Feb 10 19:04:38 2018
elapsed time: 1 seconds

