#
# A fatal error has been detected by the Java Runtime Environment:
#
#  SIGSEGV (0xb) at pc=0x00007f3d7341813d, pid=24311, tid=139903044101888
#
# JRE version: Java(TM) SE Runtime Environment (7.0_80-b15) (build 1.7.0_80-b15)
# Java VM: Java HotSpot(TM) 64-Bit Server VM (24.80-b11 mixed mode linux-amd64 compressed oops)
# Problematic frame:
# C  [libtesseract.so.3.0.4+0x1f413d]  tesseract::HistogramRect(Pix*, int, int, int, int, int, int*)+0xfd
#
# Failed to write core dump. Core dumps have been disabled. To enable core dumping, try "ulimit -c unlimited" before starting Java again
#
# If you would like to submit a bug report, please visit:
#   http://bugreport.java.com/bugreport/crash.jsp
# The crash happened outside the Java Virtual Machine in native code.
# See problematic frame for where to report the bug.
#

---------------  T H R E A D  ---------------

Current thread (0x00007f3db000a800):  JavaThread "main" [_thread_in_native, id=24316, stack(0x00007f3db72f2000,0x00007f3db73f3000)]

siginfo:si_signo=SIGSEGV: si_errno=0, si_code=2 (SEGV_ACCERR), si_addr=0x00007f3db14ee003

Registers:
RAX=0x0000000000000096, RBX=0x00007f3db73efc40, RCX=0x00007f3db14ee003, RDX=0x00007f3db14ee004
RSP=0x00007f3db73efb80, RBP=0x00000000000000a5, RSI=0x0000000000000004, RDI=0x00007f3db14eddac
R8 =0x000000000000012c, R9 =0x00000000000006b4, R10=0x00007f3db0000078, R11=0x00007f3db0000078
R12=0x0000000000000004, R13=0x0000000000000116, R14=0x0000000000000044, R15=0x00007f3db124d570
RIP=0x00007f3d7341813d, EFLAGS=0x0000000000010206, CSGSFS=0x002b000000000033, ERR=0x0000000000000004
  TRAPNO=0x000000000000000e

Top of Stack: (sp=0x00007f3db73efb80)
0x00007f3db73efb80:   000001ad00000000 000000000000012c
0x00007f3db73efb90:   00007f3db73f00a8 0000000000000000
0x00007f3db73efba0:   00007f3db73efc40 00007f3db73f00b0
0x00007f3db73efbb0:   0000000000000000 00007f3db73f00a8
0x00007f3db73efbc0:   0000000000000000 00007f3d734183d9
0x00007f3db73efbd0:   00007f3db73efc40 00007f3d73418314
0x00007f3db73efbe0:   00007f3db000b0e0 00007f3db124d570
0x00007f3db73efbf0:   0000001100000004 000000a5000000e1
0x00007f3db73efc00:   00007f3db73efc38 00007f3db73efc3c
0x00007f3db73efc10:   000000000000004b 0000000000000000
0x00007f3db73efc20:   00007f3db138cf50 0000000000000001
0x00007f3db73efc30:   00000000bf444259 00007f3db73efc88
0x00007f3db73efc40:   000000000000013a 0000000000000000
0x00007f3db73efc50:   0000000000000000 0000000000000000
0x00007f3db73efc60:   0000000000000000 0000000000000000
0x00007f3db73efc70:   0000000000000000 0000000000000000
0x00007f3db73efc80:   0000000000000000 0000000000000000
0x00007f3db73efc90:   0000000000000000 0000000000000000
0x00007f3db73efca0:   0000000000000000 0000000000000000
0x00007f3db73efcb0:   0000000000000000 0000000000000000
0x00007f3db73efcc0:   0000000000000000 0000000000000000
0x00007f3db73efcd0:   0000000000000000 0000000000000000
0x00007f3db73efce0:   0000000000000000 0000000000000000
0x00007f3db73efcf0:   0000000000000000 0000000000000000
0x00007f3db73efd00:   0000000000000000 0000000000000000
0x00007f3db73efd10:   0000000000000000 0000000000000000
0x00007f3db73efd20:   0000000000000000 0000000000000000
0x00007f3db73efd30:   0000000000000000 0000000000000000
0x00007f3db73efd40:   0000000000000000 0000000000000000
0x00007f3db73efd50:   0000000000000000 0000000000000000
0x00007f3db73efd60:   0000000000000000 0000000000000000
0x00007f3db73efd70:   0000000000000000 0000000000000000 

Instructions: (pc=0x00007f3d7341813d)
0x00007f3d7341811d:   1f 40 00 31 c0 85 ed 48 89 fa 7e 1f 0f 1f 80 00
0x00007f3d7341812d:   00 00 00 48 89 d1 83 c0 01 48 01 f2 48 83 f1 03
0x00007f3d7341813d:   0f b6 09 83 04 8b 01 39 c5 75 e8 41 83 c5 01 4c
0x00007f3d7341814d:   01 cf 45 39 e8 75 cc 48 83 c4 18 5b 5d 41 5c 41 

Register to memory mapping:

RAX=0x0000000000000096 is an unknown value
RBX=0x00007f3db73efc40 is pointing into the stack for thread: 0x00007f3db000a800
RCX=0x00007f3db14ee003 is an unknown value
RDX=0x00007f3db14ee004 is an unknown value
RSP=0x00007f3db73efb80 is pointing into the stack for thread: 0x00007f3db000a800
RBP=0x00000000000000a5 is an unknown value
RSI=0x0000000000000004 is an unknown value
RDI=0x00007f3db14eddac is an unknown value
R8 =0x000000000000012c is an unknown value
R9 =0x00000000000006b4 is an unknown value
R10=0x00007f3db0000078 is an unknown value
R11=0x00007f3db0000078 is an unknown value
R12=0x0000000000000004 is an unknown value
R13=0x0000000000000116 is an unknown value
R14=0x0000000000000044 is an unknown value
R15=0x00007f3db124d570 is an unknown value


Stack: [0x00007f3db72f2000,0x00007f3db73f3000],  sp=0x00007f3db73efb80,  free space=1014k
Native frames: (J=compiled Java code, j=interpreted, Vv=VM code, C=native code)
C  [libtesseract.so.3.0.4+0x1f413d]  tesseract::HistogramRect(Pix*, int, int, int, int, int, int*)+0xfd

Java frames: (J=compiled Java code, j=interpreted, Vv=VM code)
j  com.sun.jna.Native.invokePointer(JI[Ljava/lang/Object;)J+0
j  com.sun.jna.Function.invokePointer(I[Ljava/lang/Object;)Lcom/sun/jna/Pointer;+6
j  com.sun.jna.Function.invoke([Ljava/lang/Object;Ljava/lang/Class;Z)Ljava/lang/Object;+426
j  com.sun.jna.Function.invoke(Ljava/lang/Class;[Ljava/lang/Object;Ljava/util/Map;)Ljava/lang/Object;+262
j  com.sun.jna.Library$Handler.invoke(Ljava/lang/Object;Ljava/lang/reflect/Method;[Ljava/lang/Object;)Ljava/lang/Object;+316
j  com.sun.proxy.$Proxy0.TessBaseAPIGetUTF8Text(Lnet/sourceforge/tess4j/ITessAPI$TessBaseAPI;)Lcom/sun/jna/Pointer;+16
j  net.sourceforge.tess4j.Tesseract.getOCRText(Ljava/lang/String;I)Ljava/lang/String;+62
j  net.sourceforge.tess4j.Tesseract.doOCR(Ljava/util/List;Ljava/lang/String;Ljava/awt/Rectangle;)Ljava/lang/String;+69
j  net.sourceforge.tess4j.Tesseract.doOCR(Ljava/util/List;Ljava/awt/Rectangle;)Ljava/lang/String;+4
j  net.sourceforge.tess4j.Tesseract.doOCR(Ljava/awt/image/BufferedImage;Ljava/awt/Rectangle;)Ljava/lang/String;+6
j  TesseractExample.main([Ljava/lang/String;)V+62
v  ~StubRoutines::call_stub

---------------  P R O C E S S  ---------------

Java Threads: ( => current thread )
  0x00007f3db0346800 JavaThread "Java2D Disposer" daemon [_thread_blocked, id=24329, stack(0x00007f3d73cf9000,0x00007f3d73dfa000)]
  0x00007f3db0099000 JavaThread "Service Thread" daemon [_thread_blocked, id=24327, stack(0x00007f3d98eba000,0x00007f3d98fbb000)]
  0x00007f3db0096800 JavaThread "C2 CompilerThread1" daemon [_thread_in_native, id=24326, stack(0x00007f3d98fbb000,0x00007f3d990bc000)]
  0x00007f3db0093800 JavaThread "C2 CompilerThread0" daemon [_thread_blocked, id=24325, stack(0x00007f3d990bc000,0x00007f3d991bd000)]
  0x00007f3db0091800 JavaThread "Signal Dispatcher" daemon [_thread_blocked, id=24324, stack(0x00007f3d991bd000,0x00007f3d992be000)]
  0x00007f3db0070800 JavaThread "Finalizer" daemon [_thread_blocked, id=24323, stack(0x00007f3d99596000,0x00007f3d99697000)]
  0x00007f3db006e800 JavaThread "Reference Handler" daemon [_thread_blocked, id=24322, stack(0x00007f3d99697000,0x00007f3d99798000)]
=>0x00007f3db000a800 JavaThread "main" [_thread_in_native, id=24316, stack(0x00007f3db72f2000,0x00007f3db73f3000)]

Other Threads:
  0x00007f3db006a000 VMThread [stack: 0x00007f3d99798000,0x00007f3d99899000] [id=24321]
  0x00007f3db00a3800 WatcherThread [stack: 0x00007f3d98db9000,0x00007f3d98eba000] [id=24328]

VM state:not at safepoint (normal execution)

VM Mutex/Monitor currently owned by a thread: None

Heap
 PSYoungGen      total 17920K, used 9961K [0x00000000ec200000, 0x00000000ed600000, 0x0000000100000000)
  eden space 15360K, 48% used [0x00000000ec200000,0x00000000ec941a28,0x00000000ed100000)
  from space 2560K, 98% used [0x00000000ed100000,0x00000000ed378c30,0x00000000ed380000)
  to   space 2560K, 0% used [0x00000000ed380000,0x00000000ed380000,0x00000000ed600000)
 ParOldGen       total 40448K, used 764K [0x00000000c4600000, 0x00000000c6d80000, 0x00000000ec200000)
  object space 40448K, 1% used [0x00000000c4600000,0x00000000c46bf068,0x00000000c6d80000)
 PSPermGen       total 21504K, used 9908K [0x00000000bf400000, 0x00000000c0900000, 0x00000000c4600000)
  object space 21504K, 46% used [0x00000000bf400000,0x00000000bfdad320,0x00000000c0900000)

Card table byte_map: [0x00007f3db43ca000,0x00007f3db45d1000] byte_map_base: 0x00007f3db3dd0000

Polling page: 0x00007f3db7411000

Code Cache  [0x00007f3dad000000, 0x00007f3dad270000, 0x00007f3db0000000)
 total_blobs=361 nmethods=57 adapters=257 free_code_cache=48572Kb largest_free_block=49705728

Compilation events (10 events):
Event: 0.825 Thread 0x00007f3db0096800   54             java.util.Arrays::copyOf (19 bytes)
Event: 0.828 Thread 0x00007f3db0096800 nmethod 54 0x00007f3dad0851d0 code [0x00007f3dad085320, 0x00007f3dad085518]
Event: 0.828 Thread 0x00007f3db0096800   55             com.github.jaiimageio.impl.plugins.tiff.TIFFImageWriter::writeTile (3310 bytes)
Event: 0.870 Thread 0x00007f3db0093800 nmethod 52 0x00007f3dad092790 code [0x00007f3dad092d00, 0x00007f3dad095578]
Event: 0.870 Thread 0x00007f3db0093800   56             sun.awt.image.ByteInterleavedRaster::getByteData (851 bytes)
Event: 0.888 Thread 0x00007f3db0093800 nmethod 56 0x00007f3dad089dd0 code [0x00007f3dad089f60, 0x00007f3dad08a938]
Event: 0.888 Thread 0x00007f3db0093800   57             java.lang.ref.Reference::get (5 bytes)
Event: 0.888 Thread 0x00007f3db0093800 nmethod 57 0x00007f3dad086f90 code [0x00007f3dad0870c0, 0x00007f3dad087118]
Event: 0.888 Thread 0x00007f3db0093800   58             java.lang.AbstractStringBuilder::<init> (12 bytes)
Event: 0.889 Thread 0x00007f3db0093800 nmethod 58 0x00007f3dad08ec90 code [0x00007f3dad08ede0, 0x00007f3dad08eef8]

GC Heap History (2 events):
Event: 0.582 GC heap before
{Heap before GC invocations=1 (full 0):
 PSYoungGen      total 17920K, used 15360K [0x00000000ec200000, 0x00000000ed600000, 0x0000000100000000)
  eden space 15360K, 100% used [0x00000000ec200000,0x00000000ed100000,0x00000000ed100000)
  from space 2560K, 0% used [0x00000000ed380000,0x00000000ed380000,0x00000000ed600000)
  to   space 2560K, 0% used [0x00000000ed100000,0x00000000ed100000,0x00000000ed380000)
 ParOldGen       total 40448K, used 0K [0x00000000c4600000, 0x00000000c6d80000, 0x00000000ec200000)
  object space 40448K, 0% used [0x00000000c4600000,0x00000000c4600000,0x00000000c6d80000)
 PSPermGen       total 21504K, used 8944K [0x00000000bf400000, 0x00000000c0900000, 0x00000000c4600000)
  object space 21504K, 41% used [0x00000000bf400000,0x00000000bfcbc040,0x00000000c0900000)
Event: 0.588 GC heap after
Heap after GC invocations=1 (full 0):
 PSYoungGen      total 17920K, used 2531K [0x00000000ec200000, 0x00000000ed600000, 0x0000000100000000)
  eden space 15360K, 0% used [0x00000000ec200000,0x00000000ec200000,0x00000000ed100000)
  from space 2560K, 98% used [0x00000000ed100000,0x00000000ed378c30,0x00000000ed380000)
  to   space 2560K, 0% used [0x00000000ed380000,0x00000000ed380000,0x00000000ed600000)
 ParOldGen       total 40448K, used 764K [0x00000000c4600000, 0x00000000c6d80000, 0x00000000ec200000)
  object space 40448K, 1% used [0x00000000c4600000,0x00000000c46bf068,0x00000000c6d80000)
 PSPermGen       total 21504K, used 8944K [0x00000000bf400000, 0x00000000c0900000, 0x00000000c4600000)
  object space 21504K, 41% used [0x00000000bf400000,0x00000000bfcbc040,0x00000000c0900000)
}

Deoptimization events (1 events):
Event: 0.125 Thread 0x00007f3db000a800 Uncommon trap: reason=unstable_if action=reinterpret pc=0x00007f3dad061104 method=java.lang.String.indexOf([CII[CIII)I @ 134

Internal exceptions (10 events):
Event: 0.875 Thread 0x00007f3db000a800 Threw 0x00000000ec76af50 at /HUDSON/workspace/7u-2-build-linux-amd64/jdk7u80/2329/hotspot/src/share/vm/prims/jvm.cpp:1319
Event: 0.875 Thread 0x00007f3db000a800 Threw 0x00000000ec76f5b8 at /HUDSON/workspace/7u-2-build-linux-amd64/jdk7u80/2329/hotspot/src/share/vm/prims/jvm.cpp:1319
Event: 0.876 Thread 0x00007f3db000a800 Threw 0x00000000ec773900 at /HUDSON/workspace/7u-2-build-linux-amd64/jdk7u80/2329/hotspot/src/share/vm/prims/jvm.cpp:1319
Event: 0.877 Thread 0x00007f3db000a800 Threw 0x00000000ec778fc0 at /HUDSON/workspace/7u-2-build-linux-amd64/jdk7u80/2329/hotspot/src/share/vm/prims/jvm.cpp:1319
Event: 0.877 Thread 0x00007f3db000a800 Threw 0x00000000ec77d4d0 at /HUDSON/workspace/7u-2-build-linux-amd64/jdk7u80/2329/hotspot/src/share/vm/prims/jvm.cpp:1319
Event: 0.877 Thread 0x00007f3db000a800 Threw 0x00000000ec781b88 at /HUDSON/workspace/7u-2-build-linux-amd64/jdk7u80/2329/hotspot/src/share/vm/prims/jvm.cpp:1319
Event: 0.878 Thread 0x00007f3db000a800 Threw 0x00000000ec785f38 at /HUDSON/workspace/7u-2-build-linux-amd64/jdk7u80/2329/hotspot/src/share/vm/prims/jvm.cpp:1319
Event: 0.878 Thread 0x00007f3db000a800 Threw 0x00000000ec78a3e0 at /HUDSON/workspace/7u-2-build-linux-amd64/jdk7u80/2329/hotspot/src/share/vm/prims/jvm.cpp:1319
Event: 0.878 Thread 0x00007f3db000a800 Threw 0x00000000ec78e888 at /HUDSON/workspace/7u-2-build-linux-amd64/jdk7u80/2329/hotspot/src/share/vm/prims/jvm.cpp:1319
Event: 0.888 Thread 0x00007f3db000a800 Threw 0x00000000ec7dc3d8 at /HUDSON/workspace/7u-2-build-linux-amd64/jdk7u80/2329/hotspot/src/share/vm/prims/jvm.cpp:1319

Events (10 events):
Event: 0.891 loading class 0x00007f3db132d9e0
Event: 0.891 loading class 0x00007f3db132d9e0 done
Event: 0.891 loading class 0x00007f3db132ed80
Event: 0.891 loading class 0x00007f3db132ed80 done
Event: 0.891 loading class 0x00007f3db132da00
Event: 0.891 loading class 0x00007f3db132da00 done
Event: 0.891 loading class 0x00007f3db132edf0
Event: 0.891 loading class 0x00007f3db132edf0 done
Event: 0.891 loading class 0x00007f3db132ef90
Event: 0.891 loading class 0x00007f3db132ef90 done


Dynamic libraries:
00400000-00401000 r-xp 00000000 08:02 13769971                           /usr/lib/jvm/jdk1.7.0_80/bin/java
00600000-00601000 rw-p 00000000 08:02 13769971                           /usr/lib/jvm/jdk1.7.0_80/bin/java
0159a000-015bb000 rw-p 00000000 00:00 0                                  [heap]
bf400000-c0900000 rw-p 00000000 00:00 0 
c0900000-c4600000 rw-p 00000000 00:00 0 
c4600000-c6d80000 rw-p 00000000 00:00 0 
c6d80000-ec200000 rw-p 00000000 00:00 0 
ec200000-ed600000 rw-p 00000000 00:00 0 
ed600000-100000000 rw-p 00000000 00:00 0 
7f3d6c000000-7f3d6c021000 rw-p 00000000 00:00 0 
7f3d6c021000-7f3d70000000 ---p 00000000 00:00 0 
7f3d70613000-7f3d7167a000 rw-p 00000000 00:00 0 
7f3d7167a000-7f3d71685000 r-xp 00000000 08:02 12067290                   /usr/lib/x86_64-linux-gnu/libjbig.so.0
7f3d71685000-7f3d71884000 ---p 0000b000 08:02 12067290                   /usr/lib/x86_64-linux-gnu/libjbig.so.0
7f3d71884000-7f3d71885000 r--p 0000a000 08:02 12067290                   /usr/lib/x86_64-linux-gnu/libjbig.so.0
7f3d71885000-7f3d71888000 rw-p 0000b000 08:02 12067290                   /usr/lib/x86_64-linux-gnu/libjbig.so.0
7f3d71888000-7f3d718a9000 r-xp 00000000 08:02 24908250                   /lib/x86_64-linux-gnu/liblzma.so.5.0.0
7f3d718a9000-7f3d71aa8000 ---p 00021000 08:02 24908250                   /lib/x86_64-linux-gnu/liblzma.so.5.0.0
7f3d71aa8000-7f3d71aa9000 r--p 00020000 08:02 24908250                   /lib/x86_64-linux-gnu/liblzma.so.5.0.0
7f3d71aa9000-7f3d71aaa000 rw-p 00021000 08:02 24908250                   /lib/x86_64-linux-gnu/liblzma.so.5.0.0
7f3d71aaa000-7f3d71ae0000 r-xp 00000000 08:02 12064354                   /usr/lib/x86_64-linux-gnu/libopenjp2.so.2.1.0
7f3d71ae0000-7f3d71cdf000 ---p 00036000 08:02 12064354                   /usr/lib/x86_64-linux-gnu/libopenjp2.so.2.1.0
7f3d71cdf000-7f3d71ce0000 r--p 00035000 08:02 12064354                   /usr/lib/x86_64-linux-gnu/libopenjp2.so.2.1.0
7f3d71ce0000-7f3d71ce1000 rw-p 00036000 08:02 12064354                   /usr/lib/x86_64-linux-gnu/libopenjp2.so.2.1.0
7f3d71ce1000-7f3d71d3a000 r-xp 00000000 08:02 12067858                   /usr/lib/x86_64-linux-gnu/libwebp.so.5.0.4
7f3d71d3a000-7f3d71f3a000 ---p 00059000 08:02 12067858                   /usr/lib/x86_64-linux-gnu/libwebp.so.5.0.4
7f3d71f3a000-7f3d71f3b000 r--p 00059000 08:02 12067858                   /usr/lib/x86_64-linux-gnu/libwebp.so.5.0.4
7f3d71f3b000-7f3d71f3d000 rw-p 0005a000 08:02 12067858                   /usr/lib/x86_64-linux-gnu/libwebp.so.5.0.4
7f3d71f3d000-7f3d71fad000 r-xp 00000000 08:02 12059053                   /usr/lib/x86_64-linux-gnu/libtiff.so.5.2.4
7f3d71fad000-7f3d721ad000 ---p 00070000 08:02 12059053                   /usr/lib/x86_64-linux-gnu/libtiff.so.5.2.4
7f3d721ad000-7f3d721ae000 r--p 00070000 08:02 12059053                   /usr/lib/x86_64-linux-gnu/libtiff.so.5.2.4
7f3d721ae000-7f3d721b1000 rw-p 00071000 08:02 12059053                   /usr/lib/x86_64-linux-gnu/libtiff.so.5.2.4
7f3d721b1000-7f3d72208000 r-xp 00000000 08:02 12067294                   /usr/lib/x86_64-linux-gnu/libjpeg.so.8.0.2
7f3d72208000-7f3d72408000 ---p 00057000 08:02 12067294                   /usr/lib/x86_64-linux-gnu/libjpeg.so.8.0.2
7f3d72408000-7f3d72409000 r--p 00057000 08:02 12067294                   /usr/lib/x86_64-linux-gnu/libjpeg.so.8.0.2
7f3d72409000-7f3d7240a000 rw-p 00058000 08:02 12067294                   /usr/lib/x86_64-linux-gnu/libjpeg.so.8.0.2
7f3d7240a000-7f3d7242e000 r-xp 00000000 08:02 24908324                   /lib/x86_64-linux-gnu/libpng12.so.0.54.0
7f3d7242e000-7f3d7262d000 ---p 00024000 08:02 24908324                   /lib/x86_64-linux-gnu/libpng12.so.0.54.0
7f3d7262d000-7f3d7262e000 r--p 00023000 08:02 24908324                   /lib/x86_64-linux-gnu/libpng12.so.0.54.0
7f3d7262e000-7f3d7262f000 rw-p 00024000 08:02 24908324                   /lib/x86_64-linux-gnu/libpng12.so.0.54.0
7f3d7262f000-7f3d72648000 r-xp 00000000 08:02 24905186                   /lib/x86_64-linux-gnu/libz.so.1.2.8
7f3d72648000-7f3d72847000 ---p 00019000 08:02 24905186                   /lib/x86_64-linux-gnu/libz.so.1.2.8
7f3d72847000-7f3d72848000 r--p 00018000 08:02 24905186                   /lib/x86_64-linux-gnu/libz.so.1.2.8
7f3d72848000-7f3d72849000 rw-p 00019000 08:02 24905186                   /lib/x86_64-linux-gnu/libz.so.1.2.8
7f3d72849000-7f3d7285f000 r-xp 00000000 08:02 24908221                   /lib/x86_64-linux-gnu/libgcc_s.so.1
7f3d7285f000-7f3d72a5e000 ---p 00016000 08:02 24908221                   /lib/x86_64-linux-gnu/libgcc_s.so.1
7f3d72a5e000-7f3d72a5f000 rw-p 00015000 08:02 24908221                   /lib/x86_64-linux-gnu/libgcc_s.so.1
7f3d72a5f000-7f3d72bd1000 r-xp 00000000 08:02 12067707                   /usr/lib/x86_64-linux-gnu/libstdc++.so.6.0.21
7f3d72bd1000-7f3d72dd1000 ---p 00172000 08:02 12067707                   /usr/lib/x86_64-linux-gnu/libstdc++.so.6.0.21
7f3d72dd1000-7f3d72ddb000 r--p 00172000 08:02 12067707                   /usr/lib/x86_64-linux-gnu/libstdc++.so.6.0.21
7f3d72ddb000-7f3d72ddd000 rw-p 0017c000 08:02 12067707                   /usr/lib/x86_64-linux-gnu/libstdc++.so.6.0.21
7f3d72ddd000-7f3d72de1000 rw-p 00000000 00:00 0 
7f3d72de1000-7f3d7301e000 r-xp 00000000 08:02 12066280                   /usr/lib/liblept.so.5.0.0
7f3d7301e000-7f3d7321d000 ---p 0023d000 08:02 12066280                   /usr/lib/liblept.so.5.0.0
7f3d7321d000-7f3d7321e000 r--p 0023c000 08:02 12066280                   /usr/lib/liblept.so.5.0.0
7f3d7321e000-7f3d73224000 rw-p 0023d000 08:02 12066280                   /usr/lib/liblept.so.5.0.0
7f3d73224000-7f3d7350d000 r-xp 00000000 08:02 12066283                   /usr/lib/libtesseract.so.3.0.4
7f3d7350d000-7f3d7370d000 ---p 002e9000 08:02 12066283                   /usr/lib/libtesseract.so.3.0.4
7f3d7370d000-7f3d73711000 r--p 002e9000 08:02 12066283                   /usr/lib/libtesseract.so.3.0.4
7f3d73711000-7f3d73712000 rw-p 002ed000 08:02 12066283                   /usr/lib/libtesseract.so.3.0.4
7f3d73712000-7f3d739a6000 rw-p 00000000 00:00 0 
7f3d739a6000-7f3d739bd000 r-xp 00000000 08:02 19139066                   /tmp/jna-795320491/jna573460657513795133.tmp (deleted)
7f3d739bd000-7f3d73abc000 ---p 00017000 08:02 19139066                   /tmp/jna-795320491/jna573460657513795133.tmp (deleted)
7f3d73abc000-7f3d73abe000 rw-p 00016000 08:02 19139066                   /tmp/jna-795320491/jna573460657513795133.tmp (deleted)
7f3d73abe000-7f3d73af8000 r-xp 00000000 08:02 13646715                   /usr/lib/jvm/jdk1.7.0_80/jre/lib/amd64/libjpeg.so
7f3d73af8000-7f3d73cf8000 ---p 0003a000 08:02 13646715                   /usr/lib/jvm/jdk1.7.0_80/jre/lib/amd64/libjpeg.so
7f3d73cf8000-7f3d73cf9000 rw-p 0003a000 08:02 13646715                   /usr/lib/jvm/jdk1.7.0_80/jre/lib/amd64/libjpeg.so
7f3d73cf9000-7f3d73cfc000 ---p 00000000 00:00 0 
7f3d73cfc000-7f3d73dfa000 rw-p 00000000 00:00 0 
7f3d73dfa000-7f3d73dff000 r-xp 00000000 08:02 12066558                   /usr/lib/x86_64-linux-gnu/libXdmcp.so.6.0.0
7f3d73dff000-7f3d73ffe000 ---p 00005000 08:02 12066558                   /usr/lib/x86_64-linux-gnu/libXdmcp.so.6.0.0
7f3d73ffe000-7f3d73fff000 r--p 00004000 08:02 12066558                   /usr/lib/x86_64-linux-gnu/libXdmcp.so.6.0.0
7f3d73fff000-7f3d74000000 rw-p 00005000 08:02 12066558                   /usr/lib/x86_64-linux-gnu/libXdmcp.so.6.0.0
7f3d74000000-7f3d74021000 rw-p 00000000 00:00 0 
7f3d74021000-7f3d78000000 ---p 00000000 00:00 0 
7f3d7806d000-7f3d7806f000 r-xp 00000000 08:02 12066547                   /usr/lib/x86_64-linux-gnu/libXau.so.6.0.0
7f3d7806f000-7f3d7826f000 ---p 00002000 08:02 12066547                   /usr/lib/x86_64-linux-gnu/libXau.so.6.0.0
7f3d7826f000-7f3d78270000 r--p 00002000 08:02 12066547                   /usr/lib/x86_64-linux-gnu/libXau.so.6.0.0
7f3d78270000-7f3d78271000 rw-p 00003000 08:02 12066547                   /usr/lib/x86_64-linux-gnu/libXau.so.6.0.0
7f3d78271000-7f3d78292000 r-xp 00000000 08:02 12067956                   /usr/lib/x86_64-linux-gnu/libxcb.so.1.1.0
7f3d78292000-7f3d78491000 ---p 00021000 08:02 12067956                   /usr/lib/x86_64-linux-gnu/libxcb.so.1.1.0
7f3d78491000-7f3d78492000 r--p 00020000 08:02 12067956                   /usr/lib/x86_64-linux-gnu/libxcb.so.1.1.0
7f3d78492000-7f3d78493000 rw-p 00021000 08:02 12067956                   /usr/lib/x86_64-linux-gnu/libxcb.so.1.1.0
7f3d78493000-7f3d784a2000 r-xp 00000000 08:02 12066568                   /usr/lib/x86_64-linux-gnu/libXi.so.6.1.0
7f3d784a2000-7f3d786a1000 ---p 0000f000 08:02 12066568                   /usr/lib/x86_64-linux-gnu/libXi.so.6.1.0
7f3d786a1000-7f3d786a2000 r--p 0000e000 08:02 12066568                   /usr/lib/x86_64-linux-gnu/libXi.so.6.1.0
7f3d786a2000-7f3d786a3000 rw-p 0000f000 08:02 12066568                   /usr/lib/x86_64-linux-gnu/libXi.so.6.1.0
7f3d786a3000-7f3d786a8000 r-xp 00000000 08:02 12066586                   /usr/lib/x86_64-linux-gnu/libXtst.so.6.1.0
7f3d786a8000-7f3d788a7000 ---p 00005000 08:02 12066586                   /usr/lib/x86_64-linux-gnu/libXtst.so.6.1.0
7f3d788a7000-7f3d788a8000 r--p 00004000 08:02 12066586                   /usr/lib/x86_64-linux-gnu/libXtst.so.6.1.0
7f3d788a8000-7f3d788a9000 rw-p 00005000 08:02 12066586                   /usr/lib/x86_64-linux-gnu/libXtst.so.6.1.0
7f3d788a9000-7f3d788b2000 r-xp 00000000 08:02 12066580                   /usr/lib/x86_64-linux-gnu/libXrender.so.1.3.0
7f3d788b2000-7f3d78ab1000 ---p 00009000 08:02 12066580                   /usr/lib/x86_64-linux-gnu/libXrender.so.1.3.0
7f3d78ab1000-7f3d78ab2000 r--p 00008000 08:02 12066580                   /usr/lib/x86_64-linux-gnu/libXrender.so.1.3.0
7f3d78ab2000-7f3d78ab3000 rw-p 00009000 08:02 12066580                   /usr/lib/x86_64-linux-gnu/libXrender.so.1.3.0
7f3d78ab3000-7f3d78be8000 r-xp 00000000 08:02 12066543                   /usr/lib/x86_64-linux-gnu/libX11.so.6.3.0
7f3d78be8000-7f3d78de8000 ---p 00135000 08:02 12066543                   /usr/lib/x86_64-linux-gnu/libX11.so.6.3.0
7f3d78de8000-7f3d78de9000 r--p 00135000 08:02 12066543                   /usr/lib/x86_64-linux-gnu/libX11.so.6.3.0
7f3d78de9000-7f3d78ded000 rw-p 00136000 08:02 12066543                   /usr/lib/x86_64-linux-gnu/libX11.so.6.3.0
7f3d78ded000-7f3d78dfe000 r-xp 00000000 08:02 12066560                   /usr/lib/x86_64-linux-gnu/libXext.so.6.4.0
7f3d78dfe000-7f3d78ffd000 ---p 00011000 08:02 12066560                   /usr/lib/x86_64-linux-gnu/libXext.so.6.4.0
7f3d78ffd000-7f3d78ffe000 r--p 00010000 08:02 12066560                   /usr/lib/x86_64-linux-gnu/libXext.so.6.4.0
7f3d78ffe000-7f3d78fff000 rw-p 00011000 08:02 12066560                   /usr/lib/x86_64-linux-gnu/libXext.so.6.4.0
7f3d78fff000-7f3d7c000000 rw-p 00000000 00:00 0 
7f3d7c000000-7f3d7c80f000 rw-p 00000000 00:00 0 
7f3d7c80f000-7f3d80000000 ---p 00000000 00:00 0 
7f3d80000000-7f3d80021000 rw-p 00000000 00:00 0 
7f3d80021000-7f3d84000000 ---p 00000000 00:00 0 
7f3d84000000-7f3d84021000 rw-p 00000000 00:00 0 
7f3d84021000-7f3d88000000 ---p 00000000 00:00 0 
7f3d88000000-7f3d884ce000 rw-p 00000000 00:00 0 
7f3d884ce000-7f3d8c000000 ---p 00000000 00:00 0 
7f3d8c000000-7f3d8c021000 rw-p 00000000 00:00 0 
7f3d8c021000-7f3d90000000 ---p 00000000 00:00 0 
7f3d90000000-7f3d90021000 rw-p 00000000 00:00 0 
7f3d90021000-7f3d94000000 ---p 00000000 00:00 0 
7f3d94000000-7f3d94021000 rw-p 00000000 00:00 0 
7f3d94021000-7f3d98000000 ---p 00000000 00:00 0 
7f3d98026000-7f3d9802a000 r--s 0008b000 08:02 13647318                   /usr/lib/jvm/jdk1.7.0_80/jre/lib/jsse.jar
7f3d9802a000-7f3d9807a000 r-xp 00000000 08:02 13646705                   /usr/lib/jvm/jdk1.7.0_80/jre/lib/amd64/xawt/libmawt.so
7f3d9807a000-7f3d9827a000 ---p 00050000 08:02 13646705                   /usr/lib/jvm/jdk1.7.0_80/jre/lib/amd64/xawt/libmawt.so
7f3d9827a000-7f3d9827e000 rw-p 00050000 08:02 13646705                   /usr/lib/jvm/jdk1.7.0_80/jre/lib/amd64/xawt/libmawt.so
7f3d9827e000-7f3d9827f000 rw-p 00000000 00:00 0 
7f3d9827f000-7f3d98321000 r-xp 00000000 08:02 13646725                   /usr/lib/jvm/jdk1.7.0_80/jre/lib/amd64/libawt.so
7f3d98321000-7f3d98521000 ---p 000a2000 08:02 13646725                   /usr/lib/jvm/jdk1.7.0_80/jre/lib/amd64/libawt.so
7f3d98521000-7f3d9852d000 rw-p 000a2000 08:02 13646725                   /usr/lib/jvm/jdk1.7.0_80/jre/lib/amd64/libawt.so
7f3d9852d000-7f3d98551000 rw-p 00000000 00:00 0 
7f3d98551000-7f3d9855c000 r--s 0037c000 08:02 13647395                   /usr/lib/jvm/jdk1.7.0_80/jre/lib/charsets.jar
7f3d9855c000-7f3d98560000 r--s 000f7000 08:02 13647329                   /usr/lib/jvm/jdk1.7.0_80/jre/lib/ext/localedata.jar
7f3d98560000-7f3d98570000 r-xp 00000000 08:02 13646692                   /usr/lib/jvm/jdk1.7.0_80/jre/lib/amd64/libnio.so
7f3d98570000-7f3d98770000 ---p 00010000 08:02 13646692                   /usr/lib/jvm/jdk1.7.0_80/jre/lib/amd64/libnio.so
7f3d98770000-7f3d98771000 rw-p 00010000 08:02 13646692                   /usr/lib/jvm/jdk1.7.0_80/jre/lib/amd64/libnio.so
7f3d98771000-7f3d9877b000 r--s 00253000 08:02 13646769                   /usr/lib/jvm/jdk1.7.0_80/jre/lib/resources.jar
7f3d9877b000-7f3d98792000 r-xp 00000000 08:02 13646726                   /usr/lib/jvm/jdk1.7.0_80/jre/lib/amd64/libnet.so
7f3d98792000-7f3d98991000 ---p 00017000 08:02 13646726                   /usr/lib/jvm/jdk1.7.0_80/jre/lib/amd64/libnet.so
7f3d98991000-7f3d98992000 rw-p 00016000 08:02 13646726                   /usr/lib/jvm/jdk1.7.0_80/jre/lib/amd64/libnet.so
7f3d98992000-7f3d98995000 r--s 07cb5000 08:02 8136923                    /home/headrun/Downloads/java-ocr-api-15.3.0.3.jar
7f3d98995000-7f3d98998000 r--s 00017000 08:02 8132360                    /home/headrun/Downloads/marvin_1.5.5.jar
7f3d98998000-7f3d98a26000 rw-p 00000000 00:00 0 
7f3d98a26000-7f3d98db9000 r--s 03191000 08:02 8128837                    /home/headrun/Downloads/tika-app-1.17.jar
7f3d98db9000-7f3d98dba000 ---p 00000000 00:00 0 
7f3d98dba000-7f3d98eba000 rw-p 00000000 00:00 0 
7f3d98eba000-7f3d98ebd000 ---p 00000000 00:00 0 
7f3d98ebd000-7f3d98fbb000 rw-p 00000000 00:00 0 
7f3d98fbb000-7f3d98fbe000 ---p 00000000 00:00 0 
7f3d98fbe000-7f3d990bc000 rw-p 00000000 00:00 0 
7f3d990bc000-7f3d990bf000 ---p 00000000 00:00 0 
7f3d990bf000-7f3d991bd000 rw-p 00000000 00:00 0 
7f3d991bd000-7f3d991c0000 ---p 00000000 00:00 0 
7f3d991c0000-7f3d992be000 rw-p 00000000 00:00 0 
7f3d992be000-7f3d99596000 r--p 00000000 08:02 12058653                   /usr/lib/locale/locale-archive
7f3d99596000-7f3d99599000 ---p 00000000 00:00 0 
7f3d99599000-7f3d99697000 rw-p 00000000 00:00 0 
7f3d99697000-7f3d9969a000 ---p 00000000 00:00 0 
7f3d9969a000-7f3d99798000 rw-p 00000000 00:00 0 
7f3d99798000-7f3d99799000 ---p 00000000 00:00 0 
7f3d99799000-7f3d9c000000 rw-p 00000000 00:00 0 
7f3d9c000000-7f3d9c021000 rw-p 00000000 00:00 0 
7f3d9c021000-7f3da0000000 ---p 00000000 00:00 0 
7f3da0000000-7f3da0021000 rw-p 00000000 00:00 0 
7f3da0021000-7f3da4000000 ---p 00000000 00:00 0 
7f3da4000000-7f3da4021000 rw-p 00000000 00:00 0 
7f3da4021000-7f3da8000000 ---p 00000000 00:00 0 
7f3da8000000-7f3da8021000 rw-p 00000000 00:00 0 
7f3da8021000-7f3dac000000 ---p 00000000 00:00 0 
7f3dac000000-7f3dac016000 r--s 0023f000 08:02 8139468                    /home/headrun/Downloads/pdfbox-2.0.3.jar
7f3dac016000-7f3dac01c000 r--s 00163000 08:02 8139467                    /home/headrun/Downloads/fontbox-2.0.3.jar
7f3dac01c000-7f3dac02a000 r--s 00083000 08:02 8141858                    /home/headrun/Downloads/opencv-3.0.0-1.0.jar
7f3dac02a000-7f3dac02d000 r--s 031c7000 08:02 12847991                   /home/headrun/Downloads/asprise-ocr-java-15.3.1-trial-linux/aocr.jar
7f3dac02d000-7f3dac037000 r--s 00081000 08:02 13108978                   /home/headrun/Downloads/jar_files (1)/xmlgraphics-commons-1.4.jar
7f3dac037000-7f3dac039000 r--s 02050000 08:02 13110944                   /home/headrun/Downloads/jar_files (1)/tess4j-3.2.1.jar
7f3dac039000-7f3dac03d000 r--s 00015000 08:02 13110932                   /home/headrun/Downloads/jar_files (1)/rococoa-core-0.5.jar
7f3dac03d000-7f3dac047000 r--s 00069000 08:02 13110945                   /home/headrun/Downloads/jar_files (1)/logback-core-1.1.7.jar
7f3dac047000-7f3dac04e000 r--s 00044000 08:02 13110925                   /home/headrun/Downloads/jar_files (1)/logback-classic-1.1.7.jar
7f3dac04e000-7f3dac050000 r--s 00004000 08:02 13109142                   /home/headrun/Downloads/jar_files (1)/log4j-over-slf4j-1.7.21.jar
7f3dac050000-7f3dac059000 r--s 0006f000 08:02 13108979                   /home/headrun/Downloads/jar_files (1)/log4j-1.2.17.jar
7f3dac059000-7f3dac05e000 r--s 00229000 08:02 13110922                   /home/headrun/Downloads/jar_files (1)/lept4j-1.2.3.jar
7f3dac05e000-7f3dac060000 r--s 00000000 08:02 13110924                   /home/headrun/Downloads/jar_files (1)/jul-to-slf4j-1.7.21.jar
7f3dac060000-7f3dac064000 r--s 000dc000 08:02 13109139                   /home/headrun/Downloads/jar_files (1)/jna-4.1.0.jar
7f3dac064000-7f3dac066000 r--s 00003000 08:02 13110923                   /home/headrun/Downloads/jar_files (1)/jcl-over-slf4j-1.7.21.jar
7f3dac066000-7f3dac071000 r--s 00088000 08:02 13109141                   /home/headrun/Downloads/jar_files (1)/jai-imageio-core-1.3.1.jar
7f3dac071000-7f3dac07d000 r--s 00108000 08:02 13108977                   /home/headrun/Downloads/jar_files (1)/itext-2.1.7.jar
7f3dac07d000-7f3dac082000 r--s 00028000 08:02 13109140                   /home/headrun/Downloads/jar_files (1)/ghost4j-1.0.1.jar
7f3dac082000-7f3dac090000 r--s 0007f000 08:02 13110929                   /home/headrun/Downloads/jar_files (1)/commons-collections-3.2.1.jar
7f3dac090000-7f3dac967000 rw-p 00000000 00:00 0 
7f3dac967000-7f3dacb27000 r--s 039fb000 08:02 13647374                   /usr/lib/jvm/jdk1.7.0_80/jre/lib/rt.jar
7f3dacb27000-7f3dacdfe000 rw-p 00000000 00:00 0 
7f3dacdfe000-7f3dacdff000 ---p 00000000 00:00 0 
7f3dacdff000-7f3daceff000 rw-p 00000000 00:00 0 
7f3daceff000-7f3dacf00000 ---p 00000000 00:00 0 
7f3dacf00000-7f3dad000000 rw-p 00000000 00:00 0 
7f3dad000000-7f3dad270000 rwxp 00000000 00:00 0 
7f3dad270000-7f3db14ee000 rw-p 00000000 00:00 0 
7f3db14ee000-7f3db4000000 ---p 00000000 00:00 0 
7f3db4001000-7f3db4005000 r--s 0002f000 08:02 13110931                   /home/headrun/Downloads/jar_files (1)/commons-io-2.5.jar
7f3db4005000-7f3db400a000 r--s 00035000 08:02 13110930                   /home/headrun/Downloads/jar_files (1)/commons-beanutils-1.9.2.jar
7f3db400a000-7f3db4018000 r--s 00374000 08:02 13901063                   /home/headrun/Downloads/PDFxStream.Java-3.5.0/lib/PDFxStream.jar
7f3db4018000-7f3db4061000 rw-p 00000000 00:00 0 
7f3db4061000-7f3db4062000 ---p 00000000 00:00 0 
7f3db4062000-7f3db4162000 rw-p 00000000 00:00 0 
7f3db4162000-7f3db4163000 ---p 00000000 00:00 0 
7f3db4163000-7f3db426e000 rw-p 00000000 00:00 0 
7f3db426e000-7f3db428c000 rw-p 00000000 00:00 0 
7f3db428c000-7f3db42a0000 rw-p 00000000 00:00 0 
7f3db42a0000-7f3db43ca000 rw-p 00000000 00:00 0 
7f3db43ca000-7f3db43d5000 rw-p 00000000 00:00 0 
7f3db43d5000-7f3db43f3000 rw-p 00000000 00:00 0 
7f3db43f3000-7f3db4407000 rw-p 00000000 00:00 0 
7f3db4407000-7f3db4531000 rw-p 00000000 00:00 0 
7f3db4531000-7f3db453b000 rw-p 00000000 00:00 0 
7f3db453b000-7f3db45d0000 rw-p 00000000 00:00 0 
7f3db45d0000-7f3db45d1000 rw-p 00000000 00:00 0 
7f3db45d1000-7f3db45e8000 r-xp 00000000 08:02 13646721                   /usr/lib/jvm/jdk1.7.0_80/jre/lib/amd64/libzip.so
7f3db45e8000-7f3db47e8000 ---p 00017000 08:02 13646721                   /usr/lib/jvm/jdk1.7.0_80/jre/lib/amd64/libzip.so
7f3db47e8000-7f3db47e9000 rw-p 00017000 08:02 13646721                   /usr/lib/jvm/jdk1.7.0_80/jre/lib/amd64/libzip.so
7f3db47e9000-7f3db47f4000 r-xp 00000000 08:02 24909811                   /lib/x86_64-linux-gnu/libnss_files-2.23.so
7f3db47f4000-7f3db49f3000 ---p 0000b000 08:02 24909811                   /lib/x86_64-linux-gnu/libnss_files-2.23.so
7f3db49f3000-7f3db49f4000 r--p 0000a000 08:02 24909811                   /lib/x86_64-linux-gnu/libnss_files-2.23.so
7f3db49f4000-7f3db49f5000 rw-p 0000b000 08:02 24909811                   /lib/x86_64-linux-gnu/libnss_files-2.23.so
7f3db49f5000-7f3db49fb000 rw-p 00000000 00:00 0 
7f3db49fb000-7f3db4a06000 r-xp 00000000 08:02 24909815                   /lib/x86_64-linux-gnu/libnss_nis-2.23.so
7f3db4a06000-7f3db4c05000 ---p 0000b000 08:02 24909815                   /lib/x86_64-linux-gnu/libnss_nis-2.23.so
7f3db4c05000-7f3db4c06000 r--p 0000a000 08:02 24909815                   /lib/x86_64-linux-gnu/libnss_nis-2.23.so
7f3db4c06000-7f3db4c07000 rw-p 0000b000 08:02 24909815                   /lib/x86_64-linux-gnu/libnss_nis-2.23.so
7f3db4c07000-7f3db4c1d000 r-xp 00000000 08:02 24909795                   /lib/x86_64-linux-gnu/libnsl-2.23.so
7f3db4c1d000-7f3db4e1c000 ---p 00016000 08:02 24909795                   /lib/x86_64-linux-gnu/libnsl-2.23.so
7f3db4e1c000-7f3db4e1d000 r--p 00015000 08:02 24909795                   /lib/x86_64-linux-gnu/libnsl-2.23.so
7f3db4e1d000-7f3db4e1e000 rw-p 00016000 08:02 24909795                   /lib/x86_64-linux-gnu/libnsl-2.23.so
7f3db4e1e000-7f3db4e20000 rw-p 00000000 00:00 0 
7f3db4e20000-7f3db4e28000 r-xp 00000000 08:02 24909806                   /lib/x86_64-linux-gnu/libnss_compat-2.23.so
7f3db4e28000-7f3db5027000 ---p 00008000 08:02 24909806                   /lib/x86_64-linux-gnu/libnss_compat-2.23.so
7f3db5027000-7f3db5028000 r--p 00007000 08:02 24909806                   /lib/x86_64-linux-gnu/libnss_compat-2.23.so
7f3db5028000-7f3db5029000 rw-p 00008000 08:02 24909806                   /lib/x86_64-linux-gnu/libnss_compat-2.23.so
7f3db5029000-7f3db5052000 r-xp 00000000 08:02 13646687                   /usr/lib/jvm/jdk1.7.0_80/jre/lib/amd64/libjava.so
7f3db5052000-7f3db5252000 ---p 00029000 08:02 13646687                   /usr/lib/jvm/jdk1.7.0_80/jre/lib/amd64/libjava.so
7f3db5252000-7f3db5254000 rw-p 00029000 08:02 13646687                   /usr/lib/jvm/jdk1.7.0_80/jre/lib/amd64/libjava.so
7f3db5254000-7f3db5261000 r-xp 00000000 08:02 13646714                   /usr/lib/jvm/jdk1.7.0_80/jre/lib/amd64/libverify.so
7f3db5261000-7f3db5460000 ---p 0000d000 08:02 13646714                   /usr/lib/jvm/jdk1.7.0_80/jre/lib/amd64/libverify.so
7f3db5460000-7f3db5462000 rw-p 0000c000 08:02 13646714                   /usr/lib/jvm/jdk1.7.0_80/jre/lib/amd64/libverify.so
7f3db5462000-7f3db5469000 r-xp 00000000 08:02 24909816                   /lib/x86_64-linux-gnu/librt-2.23.so
7f3db5469000-7f3db5668000 ---p 00007000 08:02 24909816                   /lib/x86_64-linux-gnu/librt-2.23.so
7f3db5668000-7f3db5669000 r--p 00006000 08:02 24909816                   /lib/x86_64-linux-gnu/librt-2.23.so
7f3db5669000-7f3db566a000 rw-p 00007000 08:02 24909816                   /lib/x86_64-linux-gnu/librt-2.23.so
7f3db566a000-7f3db5772000 r-xp 00000000 08:02 24909793                   /lib/x86_64-linux-gnu/libm-2.23.so
7f3db5772000-7f3db5971000 ---p 00108000 08:02 24909793                   /lib/x86_64-linux-gnu/libm-2.23.so
7f3db5971000-7f3db5972000 r--p 00107000 08:02 24909793                   /lib/x86_64-linux-gnu/libm-2.23.so
7f3db5972000-7f3db5973000 rw-p 00108000 08:02 24909793                   /lib/x86_64-linux-gnu/libm-2.23.so
7f3db5973000-7f3db64e9000 r-xp 00000000 08:02 13646741                   /usr/lib/jvm/jdk1.7.0_80/jre/lib/amd64/server/libjvm.so
7f3db64e9000-7f3db66e8000 ---p 00b76000 08:02 13646741                   /usr/lib/jvm/jdk1.7.0_80/jre/lib/amd64/server/libjvm.so
7f3db66e8000-7f3db67ac000 rw-p 00b75000 08:02 13646741                   /usr/lib/jvm/jdk1.7.0_80/jre/lib/amd64/server/libjvm.so
7f3db67ac000-7f3db67ed000 rw-p 00000000 00:00 0 
7f3db67ed000-7f3db69ad000 r-xp 00000000 08:02 24909798                   /lib/x86_64-linux-gnu/libc-2.23.so
7f3db69ad000-7f3db6bad000 ---p 001c0000 08:02 24909798                   /lib/x86_64-linux-gnu/libc-2.23.so
7f3db6bad000-7f3db6bb1000 r--p 001c0000 08:02 24909798                   /lib/x86_64-linux-gnu/libc-2.23.so
7f3db6bb1000-7f3db6bb3000 rw-p 001c4000 08:02 24909798                   /lib/x86_64-linux-gnu/libc-2.23.so
7f3db6bb3000-7f3db6bb7000 rw-p 00000000 00:00 0 
7f3db6bb7000-7f3db6bba000 r-xp 00000000 08:02 24909800                   /lib/x86_64-linux-gnu/libdl-2.23.so
7f3db6bba000-7f3db6db9000 ---p 00003000 08:02 24909800                   /lib/x86_64-linux-gnu/libdl-2.23.so
7f3db6db9000-7f3db6dba000 r--p 00002000 08:02 24909800                   /lib/x86_64-linux-gnu/libdl-2.23.so
7f3db6dba000-7f3db6dbb000 rw-p 00003000 08:02 24909800                   /lib/x86_64-linux-gnu/libdl-2.23.so
7f3db6dbb000-7f3db6dd0000 r-xp 00000000 08:02 13647422                   /usr/lib/jvm/jdk1.7.0_80/lib/amd64/jli/libjli.so
7f3db6dd0000-7f3db6fcf000 ---p 00015000 08:02 13647422                   /usr/lib/jvm/jdk1.7.0_80/lib/amd64/jli/libjli.so
7f3db6fcf000-7f3db6fd0000 rw-p 00014000 08:02 13647422                   /usr/lib/jvm/jdk1.7.0_80/lib/amd64/jli/libjli.so
7f3db6fd0000-7f3db6fe8000 r-xp 00000000 08:02 24909797                   /lib/x86_64-linux-gnu/libpthread-2.23.so
7f3db6fe8000-7f3db71e7000 ---p 00018000 08:02 24909797                   /lib/x86_64-linux-gnu/libpthread-2.23.so
7f3db71e7000-7f3db71e8000 r--p 00017000 08:02 24909797                   /lib/x86_64-linux-gnu/libpthread-2.23.so
7f3db71e8000-7f3db71e9000 rw-p 00018000 08:02 24909797                   /lib/x86_64-linux-gnu/libpthread-2.23.so
7f3db71e9000-7f3db71ed000 rw-p 00000000 00:00 0 
7f3db71ed000-7f3db7213000 r-xp 00000000 08:02 24909796                   /lib/x86_64-linux-gnu/ld-2.23.so
7f3db7213000-7f3db7214000 r--s 00009000 08:02 13110928                   /home/headrun/Downloads/jar_files (1)/slf4j-api-1.7.20.jar
7f3db7214000-7f3db7216000 r--s 0000d000 08:02 13108980                   /home/headrun/Downloads/jar_files (1)/commons-logging-1.1.1.jar
7f3db7216000-7f3db721d000 r--s 00040000 08:02 13110927                   /home/headrun/Downloads/jar_files (1)/cglib-2.2.2.jar
7f3db721d000-7f3db723c000 rw-p 00000000 00:00 0 
7f3db723c000-7f3db72f2000 rw-p 00000000 00:00 0 
7f3db72f2000-7f3db72f5000 ---p 00000000 00:00 0 
7f3db72f5000-7f3db73f8000 rw-p 00000000 00:00 0 
7f3db73f8000-7f3db73f9000 r--s 0000a000 08:02 13110926                   /home/headrun/Downloads/jar_files (1)/asm-3.3.1.jar
7f3db73f9000-7f3db7408000 r--s 0017c000 08:02 13646600                   /home/headrun/Downloads/itextpdf-5.1.0.jar
7f3db7408000-7f3db7410000 rw-s 00000000 08:02 19139065                   /tmp/hsperfdata_headrun/24311
7f3db7410000-7f3db7411000 rw-p 00000000 00:00 0 
7f3db7411000-7f3db7412000 r--p 00000000 00:00 0 
7f3db7412000-7f3db7413000 r--p 00025000 08:02 24909796                   /lib/x86_64-linux-gnu/ld-2.23.so
7f3db7413000-7f3db7414000 rw-p 00026000 08:02 24909796                   /lib/x86_64-linux-gnu/ld-2.23.so
7f3db7414000-7f3db7415000 rw-p 00000000 00:00 0 
7ffd762fb000-7ffd7631d000 rw-p 00000000 00:00 0                          [stack]
7ffd76388000-7ffd7638b000 r--p 00000000 00:00 0                          [vvar]
7ffd7638b000-7ffd7638d000 r-xp 00000000 00:00 0                          [vdso]
ffffffffff600000-ffffffffff601000 r-xp 00000000 00:00 0                  [vsyscall]

VM Arguments:
jvm_args: -Dfile.encoding=UTF-8 
java_command: TesseractExample
Launcher Type: SUN_STANDARD

Environment Variables:
JAVA_HOME=/usr/lib/jvm/java-8-oracle
CLASSPATH=/usr/lib/jvm/jdk1.7.0_80/lib/tools.jar:/usr/lib/jvm/jdk1.7.0_80/jre/rt.jar
PATH=/home/headrun/bin:/home/headrun/.local/bin:/usr/lib/jvm/jdk1.7.0_80/bin:/usr/local/sbin:/usr/local/bin:/usr/sbin:/usr/bin:/sbin:/bin:/usr/games:/usr/local/games:/snap/bin:/usr/lib/jvm/java-8-oracle/bin:/usr/lib/jvm/java-8-oracle/db/bin:/usr/lib/jvm/java-8-oracle/jre/bin
SHELL=/bin/bash
DISPLAY=:0

Signal Handlers:
SIGSEGV: [libjvm.so+0x9a3b20], sa_mask[0]=0x7ffbfeff, sa_flags=0x10000004
SIGBUS: [libjvm.so+0x9a3b20], sa_mask[0]=0x7ffbfeff, sa_flags=0x10000004
SIGFPE: [libjvm.so+0x81e740], sa_mask[0]=0x7ffbfeff, sa_flags=0x10000004
SIGPIPE: [libjvm.so+0x81e740], sa_mask[0]=0x7ffbfeff, sa_flags=0x10000004
SIGXFSZ: [libjvm.so+0x81e740], sa_mask[0]=0x7ffbfeff, sa_flags=0x10000004
SIGILL: [libjvm.so+0x81e740], sa_mask[0]=0x7ffbfeff, sa_flags=0x10000004
SIGUSR1: SIG_DFL, sa_mask[0]=0x00000000, sa_flags=0x00000000
SIGUSR2: [libjvm.so+0x81ffb0], sa_mask[0]=0x00000004, sa_flags=0x10000004
SIGHUP: [libjvm.so+0x8210d0], sa_mask[0]=0x7ffbfeff, sa_flags=0x10000004
SIGINT: [libjvm.so+0x8210d0], sa_mask[0]=0x7ffbfeff, sa_flags=0x10000004
SIGTERM: [libjvm.so+0x8210d0], sa_mask[0]=0x7ffbfeff, sa_flags=0x10000004
SIGQUIT: [libjvm.so+0x8210d0], sa_mask[0]=0x7ffbfeff, sa_flags=0x10000004


---------------  S Y S T E M  ---------------

OS:stretch/sid

uname:Linux 4.13.0-32-generic #35~16.04.1-Ubuntu SMP Thu Jan 25 10:13:43 UTC 2018 x86_64
libc:glibc 2.23 NPTL 2.23 
rlimit: STACK 8192k, CORE 0k, NPROC 14234, NOFILE 1048576, AS infinity
load average:0.58 0.76 0.69

/proc/meminfo:
MemTotal:        3900916 kB
MemFree:         1945432 kB
MemAvailable:    2429844 kB
Buffers:           42760 kB
Cached:           768328 kB
SwapCached:        52792 kB
Active:          1296732 kB
Inactive:         479308 kB
Active(anon):     940104 kB
Inactive(anon):   172200 kB
Active(file):     356628 kB
Inactive(file):   307108 kB
Unevictable:         456 kB
Mlocked:             456 kB
SwapTotal:       4055036 kB
SwapFree:        3603708 kB
Dirty:               240 kB
Writeback:             0 kB
AnonPages:        918744 kB
Mapped:           293156 kB
Shmem:            147328 kB
Slab:              87044 kB
SReclaimable:      46404 kB
SUnreclaim:        40640 kB
KernelStack:        9104 kB
PageTables:        36772 kB
NFS_Unstable:          0 kB
Bounce:                0 kB
WritebackTmp:          0 kB
CommitLimit:     6005492 kB
Committed_AS:    5495452 kB
VmallocTotal:   34359738367 kB
VmallocUsed:           0 kB
VmallocChunk:          0 kB
HardwareCorrupted:     0 kB
AnonHugePages:         0 kB
ShmemHugePages:        0 kB
ShmemPmdMapped:        0 kB
CmaTotal:              0 kB
CmaFree:               0 kB
HugePages_Total:       0
HugePages_Free:        0
HugePages_Rsvd:        0
HugePages_Surp:        0
Hugepagesize:       2048 kB
DirectMap4k:      189936 kB
DirectMap2M:     3866624 kB


CPU:total 4 (2 cores per cpu, 2 threads per core) family 6 model 58 stepping 9, cmov, cx8, fxsr, mmx, sse, sse2, sse3, ssse3, sse4.1, sse4.2, popcnt, avx, erms, ht, tsc, tscinvbit, tscinv

/proc/cpuinfo:
processor	: 0
vendor_id	: GenuineIntel
cpu family	: 6
model		: 58
model name	: Intel(R) Core(TM) i3-3110M CPU @ 2.40GHz
stepping	: 9
microcode	: 0x15
cpu MHz		: 2394.627
cache size	: 3072 KB
physical id	: 0
siblings	: 4
core id		: 0
cpu cores	: 2
apicid		: 0
initial apicid	: 0
fpu		: yes
fpu_exception	: yes
cpuid level	: 13
wp		: yes
flags		: fpu vme de pse tsc msr pae mce cx8 apic sep mtrr pge mca cmov pat pse36 clflush dts acpi mmx fxsr sse sse2 ss ht tm pbe syscall nx rdtscp lm constant_tsc arch_perfmon pebs bts rep_good nopl xtopology nonstop_tsc cpuid aperfmperf pni pclmulqdq dtes64 monitor ds_cpl vmx est tm2 ssse3 cx16 xtpr pdcm pcid sse4_1 sse4_2 x2apic popcnt tsc_deadline_timer xsave avx f16c lahf_lm cpuid_fault epb pti tpr_shadow vnmi flexpriority ept vpid fsgsbase smep erms xsaveopt dtherm arat pln pts
bugs		: cpu_meltdown spectre_v1 spectre_v2
bogomips	: 4789.25
clflush size	: 64
cache_alignment	: 64
address sizes	: 36 bits physical, 48 bits virtual
power management:

processor	: 1
vendor_id	: GenuineIntel
cpu family	: 6
model		: 58
model name	: Intel(R) Core(TM) i3-3110M CPU @ 2.40GHz
stepping	: 9
microcode	: 0x15
cpu MHz		: 2394.627
cache size	: 3072 KB
physical id	: 0
siblings	: 4
core id		: 1
cpu cores	: 2
apicid		: 2
initial apicid	: 2
fpu		: yes
fpu_exception	: yes
cpuid level	: 13
wp		: yes
flags		: fpu vme de pse tsc msr pae mce cx8 apic sep mtrr pge mca cmov pat pse36 clflush dts acpi mmx fxsr sse sse2 ss ht tm pbe syscall nx rdtscp lm constant_tsc arch_perfmon pebs bts rep_good nopl xtopology nonstop_tsc cpuid aperfmperf pni pclmulqdq dtes64 monitor ds_cpl vmx est tm2 ssse3 cx16 xtpr pdcm pcid sse4_1 sse4_2 x2apic popcnt tsc_deadline_timer xsave avx f16c lahf_lm cpuid_fault epb pti tpr_shadow vnmi flexpriority ept vpid fsgsbase smep erms xsaveopt dtherm arat pln pts
bugs		: cpu_meltdown spectre_v1 spectre_v2
bogomips	: 4789.25
clflush size	: 64
cache_alignment	: 64
address sizes	: 36 bits physical, 48 bits virtual
power management:

processor	: 2
vendor_id	: GenuineIntel
cpu family	: 6
model		: 58
model name	: Intel(R) Core(TM) i3-3110M CPU @ 2.40GHz
stepping	: 9
microcode	: 0x15
cpu MHz		: 2394.627
cache size	: 3072 KB
physical id	: 0
siblings	: 4
core id		: 0
cpu cores	: 2
apicid		: 1
initial apicid	: 1
fpu		: yes
fpu_exception	: yes
cpuid level	: 13
wp		: yes
flags		: fpu vme de pse tsc msr pae mce cx8 apic sep mtrr pge mca cmov pat pse36 clflush dts acpi mmx fxsr sse sse2 ss ht tm pbe syscall nx rdtscp lm constant_tsc arch_perfmon pebs bts rep_good nopl xtopology nonstop_tsc cpuid aperfmperf pni pclmulqdq dtes64 monitor ds_cpl vmx est tm2 ssse3 cx16 xtpr pdcm pcid sse4_1 sse4_2 x2apic popcnt tsc_deadline_timer xsave avx f16c lahf_lm cpuid_fault epb pti tpr_shadow vnmi flexpriority ept vpid fsgsbase smep erms xsaveopt dtherm arat pln pts
bugs		: cpu_meltdown spectre_v1 spectre_v2
bogomips	: 4789.25
clflush size	: 64
cache_alignment	: 64
address sizes	: 36 bits physical, 48 bits virtual
power management:

processor	: 3
vendor_id	: GenuineIntel
cpu family	: 6
model		: 58
model name	: Intel(R) Core(TM) i3-3110M CPU @ 2.40GHz
stepping	: 9
microcode	: 0x15
cpu MHz		: 2394.627
cache size	: 3072 KB
physical id	: 0
siblings	: 4
core id		: 1
cpu cores	: 2
apicid		: 3
initial apicid	: 3
fpu		: yes
fpu_exception	: yes
cpuid level	: 13
wp		: yes
flags		: fpu vme de pse tsc msr pae mce cx8 apic sep mtrr pge mca cmov pat pse36 clflush dts acpi mmx fxsr sse sse2 ss ht tm pbe syscall nx rdtscp lm constant_tsc arch_perfmon pebs bts rep_good nopl xtopology nonstop_tsc cpuid aperfmperf pni pclmulqdq dtes64 monitor ds_cpl vmx est tm2 ssse3 cx16 xtpr pdcm pcid sse4_1 sse4_2 x2apic popcnt tsc_deadline_timer xsave avx f16c lahf_lm cpuid_fault epb pti tpr_shadow vnmi flexpriority ept vpid fsgsbase smep erms xsaveopt dtherm arat pln pts
bugs		: cpu_meltdown spectre_v1 spectre_v2
bogomips	: 4789.25
clflush size	: 64
cache_alignment	: 64
address sizes	: 36 bits physical, 48 bits virtual
power management:



Memory: 4k page, physical 3900916k(1945432k free), swap 4055036k(3603708k free)

vm_info: Java HotSpot(TM) 64-Bit Server VM (24.80-b11) for linux-amd64 JRE (1.7.0_80-b15), built on Apr 10 2015 19:53:14 by "java_re" with gcc 4.3.0 20080428 (Red Hat 4.3.0-8)

time: Mon Feb 12 13:04:54 2018
elapsed time: 0 seconds

