#
# A fatal error has been detected by the Java Runtime Environment:
#
#  SIGSEGV (0xb) at pc=0x00007f6143a7213d, pid=29367, tid=140056938350336
#
# JRE version: Java(TM) SE Runtime Environment (7.0_80-b15) (build 1.7.0_80-b15)
# Java VM: Java HotSpot(TM) 64-Bit Server VM (24.80-b11 mixed mode linux-amd64 compressed oops)
# Problematic frame:
# C  [libtesseract.so.3.0.4+0x1f413d]  tesseract::HistogramRect(Pix*, int, int, int, int, int, int*)+0xfd
#
# Failed to write core dump. Core dumps have been disabled. To enable core dumping, try "ulimit -c unlimited" before starting Java again
#
# If you would like to submit a bug report, please visit:
#   http://bugreport.java.com/bugreport/crash.jsp
# The crash happened outside the Java Virtual Machine in native code.
# See problematic frame for where to report the bug.
#

---------------  T H R E A D  ---------------

Current thread (0x00007f618400a800):  JavaThread "main" [_thread_in_native, id=29372, stack(0x00007f618bff0000,0x00007f618c0f1000)]

siginfo:si_signo=SIGSEGV: si_errno=0, si_code=2 (SEGV_ACCERR), si_addr=0x00007f61853f4123

Registers:
RAX=0x0000000000000001, RBX=0x00007f618c0edc40, RCX=0x00007f61853f4123, RDX=0x00007f61853f4124
RSP=0x00007f618c0edb80, RBP=0x0000000000000122, RSI=0x0000000000000004, RDI=0x00007f61853f4120
R8 =0x0000000000000118, R9 =0x00000000000006b4, R10=0x00007f6184000078, R11=0x00007f6184000078
R12=0x0000000000000004, R13=0x0000000000000117, R14=0x0000000000000044, R15=0x00007f6185321af0
RIP=0x00007f6143a7213d, EFLAGS=0x0000000000010202, CSGSFS=0x002b000000000033, ERR=0x0000000000000004
  TRAPNO=0x000000000000000e

Top of Stack: (sp=0x00007f618c0edb80)
0x00007f618c0edb80:   000001ad00000000 0000000000000118
0x00007f618c0edb90:   00007f618c0ee0a8 0000000000000000
0x00007f618c0edba0:   00007f618c0edc40 00007f618c0ee0b0
0x00007f618c0edbb0:   0000000000000000 00007f618c0ee0a8
0x00007f618c0edbc0:   0000000000000000 00007f6143a723d9
0x00007f618c0edbd0:   00007f618c0edc40 00007f6143a72314
0x00007f618c0edbe0:   00007f618400b0e0 00007f6185321af0
0x00007f618c0edbf0:   0000001100000004 00000122000000a5
0x00007f618c0edc00:   00007f618c0edc38 00007f618c0edc3c
0x00007f618c0edc10:   0000000000000073 0000000000000000
0x00007f618c0edc20:   00007f61852ffeb0 0000000000000001
0x00007f618c0edc30:   00000000bf444259 00007f618c0edc88
0x00007f618c0edc40:   0000000000000244 0000000000000000
0x00007f618c0edc50:   0000000000000000 0000000000000000
0x00007f618c0edc60:   0000000000000000 0000000000000000
0x00007f618c0edc70:   0000000000000000 0000000000000000
0x00007f618c0edc80:   0000000000000000 0000000000000000
0x00007f618c0edc90:   0000000000000000 0000000000000000
0x00007f618c0edca0:   0000000100000000 0000000000000001
0x00007f618c0edcb0:   0000000000000000 0000000200000000
0x00007f618c0edcc0:   0000000300000000 0000000100000005
0x00007f618c0edcd0:   0000000100000001 0000000400000002
0x00007f618c0edce0:   0000000300000003 0000000400000004
0x00007f618c0edcf0:   0000000500000003 000000070000000d
0x00007f618c0edd00:   0000000a00000005 0000000c00000009
0x00007f618c0edd10:   0000000700000009 0000000a00000010
0x00007f618c0edd20:   0000000f00000005 000000090000000c
0x00007f618c0edd30:   0000000700000009 000000070000000a
0x00007f618c0edd40:   000000090000000b 0000000700000005
0x00007f618c0edd50:   0000000600000009 0000000300000008
0x00007f618c0edd60:   0000000900000008 0000000800000008
0x00007f618c0edd70:   0000000600000008 0000000700000005 

Instructions: (pc=0x00007f6143a7213d)
0x00007f6143a7211d:   1f 40 00 31 c0 85 ed 48 89 fa 7e 1f 0f 1f 80 00
0x00007f6143a7212d:   00 00 00 48 89 d1 83 c0 01 48 01 f2 48 83 f1 03
0x00007f6143a7213d:   0f b6 09 83 04 8b 01 39 c5 75 e8 41 83 c5 01 4c
0x00007f6143a7214d:   01 cf 45 39 e8 75 cc 48 83 c4 18 5b 5d 41 5c 41 

Register to memory mapping:

RAX=0x0000000000000001 is an unknown value
RBX=0x00007f618c0edc40 is pointing into the stack for thread: 0x00007f618400a800
RCX=0x00007f61853f4123 is an unknown value
RDX=0x00007f61853f4124 is an unknown value
RSP=0x00007f618c0edb80 is pointing into the stack for thread: 0x00007f618400a800
RBP=0x0000000000000122 is an unknown value
RSI=0x0000000000000004 is an unknown value
RDI=0x00007f61853f4120 is an unknown value
R8 =0x0000000000000118 is an unknown value
R9 =0x00000000000006b4 is an unknown value
R10=0x00007f6184000078 is an unknown value
R11=0x00007f6184000078 is an unknown value
R12=0x0000000000000004 is an unknown value
R13=0x0000000000000117 is an unknown value
R14=0x0000000000000044 is an unknown value
R15=0x00007f6185321af0 is an unknown value


Stack: [0x00007f618bff0000,0x00007f618c0f1000],  sp=0x00007f618c0edb80,  free space=1014k
Native frames: (J=compiled Java code, j=interpreted, Vv=VM code, C=native code)
C  [libtesseract.so.3.0.4+0x1f413d]  tesseract::HistogramRect(Pix*, int, int, int, int, int, int*)+0xfd

Java frames: (J=compiled Java code, j=interpreted, Vv=VM code)
j  com.sun.jna.Native.invokePointer(JI[Ljava/lang/Object;)J+0
j  com.sun.jna.Function.invokePointer(I[Ljava/lang/Object;)Lcom/sun/jna/Pointer;+6
j  com.sun.jna.Function.invoke([Ljava/lang/Object;Ljava/lang/Class;Z)Ljava/lang/Object;+426
j  com.sun.jna.Function.invoke(Ljava/lang/Class;[Ljava/lang/Object;Ljava/util/Map;)Ljava/lang/Object;+262
j  com.sun.jna.Library$Handler.invoke(Ljava/lang/Object;Ljava/lang/reflect/Method;[Ljava/lang/Object;)Ljava/lang/Object;+316
j  com.sun.proxy.$Proxy0.TessBaseAPIGetUTF8Text(Lnet/sourceforge/tess4j/ITessAPI$TessBaseAPI;)Lcom/sun/jna/Pointer;+16
j  net.sourceforge.tess4j.Tesseract.getOCRText(Ljava/lang/String;I)Ljava/lang/String;+62
j  net.sourceforge.tess4j.Tesseract.doOCR(Ljava/util/List;Ljava/lang/String;Ljava/awt/Rectangle;)Ljava/lang/String;+69
j  net.sourceforge.tess4j.Tesseract.doOCR(Ljava/util/List;Ljava/awt/Rectangle;)Ljava/lang/String;+4
j  net.sourceforge.tess4j.Tesseract.doOCR(Ljava/awt/image/BufferedImage;Ljava/awt/Rectangle;)Ljava/lang/String;+6
j  TesseractExample.main([Ljava/lang/String;)V+62
v  ~StubRoutines::call_stub

---------------  P R O C E S S  ---------------

Java Threads: ( => current thread )
  0x00007f618433c000 JavaThread "Java2D Disposer" daemon [_thread_blocked, id=29385, stack(0x00007f6178099000,0x00007f617819a000)]
  0x00007f6184099000 JavaThread "Service Thread" daemon [_thread_blocked, id=29383, stack(0x00007f6179b9c000,0x00007f6179c9d000)]
  0x00007f6184096800 JavaThread "C2 CompilerThread1" daemon [_thread_blocked, id=29382, stack(0x00007f6179c9d000,0x00007f6179d9e000)]
  0x00007f6184093800 JavaThread "C2 CompilerThread0" daemon [_thread_in_native, id=29381, stack(0x00007f6179d9e000,0x00007f6179e9f000)]
  0x00007f6184091800 JavaThread "Signal Dispatcher" daemon [_thread_blocked, id=29380, stack(0x00007f6179e9f000,0x00007f6179fa0000)]
  0x00007f6184070800 JavaThread "Finalizer" daemon [_thread_blocked, id=29379, stack(0x00007f6180391000,0x00007f6180492000)]
  0x00007f618406e800 JavaThread "Reference Handler" daemon [_thread_blocked, id=29378, stack(0x00007f6180492000,0x00007f6180593000)]
=>0x00007f618400a800 JavaThread "main" [_thread_in_native, id=29372, stack(0x00007f618bff0000,0x00007f618c0f1000)]

Other Threads:
  0x00007f618406a000 VMThread [stack: 0x00007f6180593000,0x00007f6180694000] [id=29377]
  0x00007f61840a3800 WatcherThread [stack: 0x00007f6179a9b000,0x00007f6179b9c000] [id=29384]

VM state:not at safepoint (normal execution)

VM Mutex/Monitor currently owned by a thread: None

Heap
 PSYoungGen      total 17920K, used 9738K [0x00000000ec200000, 0x00000000ed600000, 0x0000000100000000)
  eden space 15360K, 46% used [0x00000000ec200000,0x00000000ec906a20,0x00000000ed100000)
  from space 2560K, 99% used [0x00000000ed100000,0x00000000ed37c100,0x00000000ed380000)
  to   space 2560K, 0% used [0x00000000ed380000,0x00000000ed380000,0x00000000ed600000)
 ParOldGen       total 40448K, used 757K [0x00000000c4600000, 0x00000000c6d80000, 0x00000000ec200000)
  object space 40448K, 1% used [0x00000000c4600000,0x00000000c46bd570,0x00000000c6d80000)
 PSPermGen       total 21504K, used 9908K [0x00000000bf400000, 0x00000000c0900000, 0x00000000c4600000)
  object space 21504K, 46% used [0x00000000bf400000,0x00000000bfdad320,0x00000000c0900000)

Card table byte_map: [0x00007f61890c8000,0x00007f61892cf000] byte_map_base: 0x00007f6188ace000

Polling page: 0x00007f618c10f000

Code Cache  [0x00007f6181000000, 0x00007f6181270000, 0x00007f6184000000)
 total_blobs=359 nmethods=55 adapters=257 free_code_cache=48573Kb largest_free_block=49711936

Compilation events (10 events):
Event: 0.797 Thread 0x00007f6184093800   52   !         sun.misc.URLClassPath$JarLoader::getResource (91 bytes)
Event: 0.834 Thread 0x00007f6184093800 nmethod 52 0x00007f61810895d0 code [0x00007f6181089940, 0x00007f618108b130]
Event: 0.834 Thread 0x00007f6184093800   53             java.util.Arrays::copyOf (19 bytes)
Event: 0.836 Thread 0x00007f6184093800 nmethod 53 0x00007f6181087890 code [0x00007f61810879e0, 0x00007f6181087bd8]
Event: 0.849 Thread 0x00007f6184093800   54             com.github.jaiimageio.impl.plugins.tiff.TIFFImageWriter::writeTile (3310 bytes)
Event: 0.894 Thread 0x00007f6184096800 nmethod 51 0x00007f6181090f50 code [0x00007f61810914c0, 0x00007f6181093d38]
Event: 0.894 Thread 0x00007f6184096800   55             sun.awt.image.ByteInterleavedRaster::getByteData (851 bytes)
Event: 0.912 Thread 0x00007f6184096800 nmethod 55 0x00007f6181088590 code [0x00007f6181088720, 0x00007f61810890f8]
Event: 0.933 Thread 0x00007f6184096800   56             java.lang.AbstractStringBuilder::<init> (12 bytes)
Event: 0.934 Thread 0x00007f6184096800 nmethod 56 0x00007f6181088290 code [0x00007f61810883e0, 0x00007f61810884f8]

GC Heap History (2 events):
Event: 0.614 GC heap before
{Heap before GC invocations=1 (full 0):
 PSYoungGen      total 17920K, used 15360K [0x00000000ec200000, 0x00000000ed600000, 0x0000000100000000)
  eden space 15360K, 100% used [0x00000000ec200000,0x00000000ed100000,0x00000000ed100000)
  from space 2560K, 0% used [0x00000000ed380000,0x00000000ed380000,0x00000000ed600000)
  to   space 2560K, 0% used [0x00000000ed100000,0x00000000ed100000,0x00000000ed380000)
 ParOldGen       total 40448K, used 0K [0x00000000c4600000, 0x00000000c6d80000, 0x00000000ec200000)
  object space 40448K, 0% used [0x00000000c4600000,0x00000000c4600000,0x00000000c6d80000)
 PSPermGen       total 21504K, used 8944K [0x00000000bf400000, 0x00000000c0900000, 0x00000000c4600000)
  object space 21504K, 41% used [0x00000000bf400000,0x00000000bfcbc040,0x00000000c0900000)
Event: 0.620 GC heap after
Heap after GC invocations=1 (full 0):
 PSYoungGen      total 17920K, used 2544K [0x00000000ec200000, 0x00000000ed600000, 0x0000000100000000)
  eden space 15360K, 0% used [0x00000000ec200000,0x00000000ec200000,0x00000000ed100000)
  from space 2560K, 99% used [0x00000000ed100000,0x00000000ed37c100,0x00000000ed380000)
  to   space 2560K, 0% used [0x00000000ed380000,0x00000000ed380000,0x00000000ed600000)
 ParOldGen       total 40448K, used 757K [0x00000000c4600000, 0x00000000c6d80000, 0x00000000ec200000)
  object space 40448K, 1% used [0x00000000c4600000,0x00000000c46bd570,0x00000000c6d80000)
 PSPermGen       total 21504K, used 8944K [0x00000000bf400000, 0x00000000c0900000, 0x00000000c4600000)
  object space 21504K, 41% used [0x00000000bf400000,0x00000000bfcbc040,0x00000000c0900000)
}

Deoptimization events (1 events):
Event: 0.129 Thread 0x00007f618400a800 Uncommon trap: reason=unstable_if action=reinterpret pc=0x00007f61810638c4 method=java.lang.String.indexOf([CII[CIII)I @ 134

Internal exceptions (10 events):
Event: 0.941 Thread 0x00007f618400a800 Threw 0x00000000ec768a10 at /HUDSON/workspace/7u-2-build-linux-amd64/jdk7u80/2329/hotspot/src/share/vm/prims/jvm.cpp:1319
Event: 0.942 Thread 0x00007f618400a800 Threw 0x00000000ec76d078 at /HUDSON/workspace/7u-2-build-linux-amd64/jdk7u80/2329/hotspot/src/share/vm/prims/jvm.cpp:1319
Event: 0.942 Thread 0x00007f618400a800 Threw 0x00000000ec7713c0 at /HUDSON/workspace/7u-2-build-linux-amd64/jdk7u80/2329/hotspot/src/share/vm/prims/jvm.cpp:1319
Event: 0.943 Thread 0x00007f618400a800 Threw 0x00000000ec776a80 at /HUDSON/workspace/7u-2-build-linux-amd64/jdk7u80/2329/hotspot/src/share/vm/prims/jvm.cpp:1319
Event: 0.943 Thread 0x00007f618400a800 Threw 0x00000000ec77af90 at /HUDSON/workspace/7u-2-build-linux-amd64/jdk7u80/2329/hotspot/src/share/vm/prims/jvm.cpp:1319
Event: 0.943 Thread 0x00007f618400a800 Threw 0x00000000ec77f648 at /HUDSON/workspace/7u-2-build-linux-amd64/jdk7u80/2329/hotspot/src/share/vm/prims/jvm.cpp:1319
Event: 0.944 Thread 0x00007f618400a800 Threw 0x00000000ec7839f8 at /HUDSON/workspace/7u-2-build-linux-amd64/jdk7u80/2329/hotspot/src/share/vm/prims/jvm.cpp:1319
Event: 0.944 Thread 0x00007f618400a800 Threw 0x00000000ec787f08 at /HUDSON/workspace/7u-2-build-linux-amd64/jdk7u80/2329/hotspot/src/share/vm/prims/jvm.cpp:1319
Event: 0.944 Thread 0x00007f618400a800 Threw 0x00000000ec78c3b0 at /HUDSON/workspace/7u-2-build-linux-amd64/jdk7u80/2329/hotspot/src/share/vm/prims/jvm.cpp:1319
Event: 0.953 Thread 0x00007f618400a800 Threw 0x00000000ec7b9ee0 at /HUDSON/workspace/7u-2-build-linux-amd64/jdk7u80/2329/hotspot/src/share/vm/prims/jvm.cpp:1319

Events (10 events):
Event: 0.956 loading class 0x00007f61540ade50
Event: 0.956 loading class 0x00007f61540ade50 done
Event: 0.956 loading class 0x00007f61540af1f0
Event: 0.956 loading class 0x00007f61540af1f0 done
Event: 0.956 loading class 0x00007f61540ade70
Event: 0.956 loading class 0x00007f61540ade70 done
Event: 0.956 loading class 0x00007f61540af260
Event: 0.956 loading class 0x00007f61540af260 done
Event: 0.956 loading class 0x00007f61540af400
Event: 0.956 loading class 0x00007f61540af400 done


Dynamic libraries:
00400000-00401000 r-xp 00000000 08:02 13769971                           /usr/lib/jvm/jdk1.7.0_80/bin/java
00600000-00601000 rw-p 00000000 08:02 13769971                           /usr/lib/jvm/jdk1.7.0_80/bin/java
01477000-01498000 rw-p 00000000 00:00 0                                  [heap]
bf400000-c0900000 rw-p 00000000 00:00 0 
c0900000-c4600000 rw-p 00000000 00:00 0 
c4600000-c6d80000 rw-p 00000000 00:00 0 
c6d80000-ec200000 rw-p 00000000 00:00 0 
ec200000-ed600000 rw-p 00000000 00:00 0 
ed600000-100000000 rw-p 00000000 00:00 0 
7f61412c6000-7f614232d000 rw-p 00000000 00:00 0 
7f614232d000-7f6142338000 r-xp 00000000 08:02 12067290                   /usr/lib/x86_64-linux-gnu/libjbig.so.0
7f6142338000-7f6142537000 ---p 0000b000 08:02 12067290                   /usr/lib/x86_64-linux-gnu/libjbig.so.0
7f6142537000-7f6142538000 r--p 0000a000 08:02 12067290                   /usr/lib/x86_64-linux-gnu/libjbig.so.0
7f6142538000-7f614253b000 rw-p 0000b000 08:02 12067290                   /usr/lib/x86_64-linux-gnu/libjbig.so.0
7f614253b000-7f614255c000 r-xp 00000000 08:02 24908250                   /lib/x86_64-linux-gnu/liblzma.so.5.0.0
7f614255c000-7f614275b000 ---p 00021000 08:02 24908250                   /lib/x86_64-linux-gnu/liblzma.so.5.0.0
7f614275b000-7f614275c000 r--p 00020000 08:02 24908250                   /lib/x86_64-linux-gnu/liblzma.so.5.0.0
7f614275c000-7f614275d000 rw-p 00021000 08:02 24908250                   /lib/x86_64-linux-gnu/liblzma.so.5.0.0
7f614275d000-7f6142793000 r-xp 00000000 08:02 12064354                   /usr/lib/x86_64-linux-gnu/libopenjp2.so.2.1.0
7f6142793000-7f6142992000 ---p 00036000 08:02 12064354                   /usr/lib/x86_64-linux-gnu/libopenjp2.so.2.1.0
7f6142992000-7f6142993000 r--p 00035000 08:02 12064354                   /usr/lib/x86_64-linux-gnu/libopenjp2.so.2.1.0
7f6142993000-7f6142994000 rw-p 00036000 08:02 12064354                   /usr/lib/x86_64-linux-gnu/libopenjp2.so.2.1.0
7f6142994000-7f61429ed000 r-xp 00000000 08:02 12067858                   /usr/lib/x86_64-linux-gnu/libwebp.so.5.0.4
7f61429ed000-7f6142bed000 ---p 00059000 08:02 12067858                   /usr/lib/x86_64-linux-gnu/libwebp.so.5.0.4
7f6142bed000-7f6142bee000 r--p 00059000 08:02 12067858                   /usr/lib/x86_64-linux-gnu/libwebp.so.5.0.4
7f6142bee000-7f6142bf0000 rw-p 0005a000 08:02 12067858                   /usr/lib/x86_64-linux-gnu/libwebp.so.5.0.4
7f6142bf0000-7f6142c60000 r-xp 00000000 08:02 12059053                   /usr/lib/x86_64-linux-gnu/libtiff.so.5.2.4
7f6142c60000-7f6142e60000 ---p 00070000 08:02 12059053                   /usr/lib/x86_64-linux-gnu/libtiff.so.5.2.4
7f6142e60000-7f6142e61000 r--p 00070000 08:02 12059053                   /usr/lib/x86_64-linux-gnu/libtiff.so.5.2.4
7f6142e61000-7f6142e64000 rw-p 00071000 08:02 12059053                   /usr/lib/x86_64-linux-gnu/libtiff.so.5.2.4
7f6142e64000-7f6142ebb000 r-xp 00000000 08:02 12067294                   /usr/lib/x86_64-linux-gnu/libjpeg.so.8.0.2
7f6142ebb000-7f61430bb000 ---p 00057000 08:02 12067294                   /usr/lib/x86_64-linux-gnu/libjpeg.so.8.0.2
7f61430bb000-7f61430bc000 r--p 00057000 08:02 12067294                   /usr/lib/x86_64-linux-gnu/libjpeg.so.8.0.2
7f61430bc000-7f61430bd000 rw-p 00058000 08:02 12067294                   /usr/lib/x86_64-linux-gnu/libjpeg.so.8.0.2
7f61430bd000-7f61430e1000 r-xp 00000000 08:02 24908324                   /lib/x86_64-linux-gnu/libpng12.so.0.54.0
7f61430e1000-7f61432e0000 ---p 00024000 08:02 24908324                   /lib/x86_64-linux-gnu/libpng12.so.0.54.0
7f61432e0000-7f61432e1000 r--p 00023000 08:02 24908324                   /lib/x86_64-linux-gnu/libpng12.so.0.54.0
7f61432e1000-7f61432e2000 rw-p 00024000 08:02 24908324                   /lib/x86_64-linux-gnu/libpng12.so.0.54.0
7f61432e2000-7f61432fb000 r-xp 00000000 08:02 24905186                   /lib/x86_64-linux-gnu/libz.so.1.2.8
7f61432fb000-7f61434fa000 ---p 00019000 08:02 24905186                   /lib/x86_64-linux-gnu/libz.so.1.2.8
7f61434fa000-7f61434fb000 r--p 00018000 08:02 24905186                   /lib/x86_64-linux-gnu/libz.so.1.2.8
7f61434fb000-7f61434fc000 rw-p 00019000 08:02 24905186                   /lib/x86_64-linux-gnu/libz.so.1.2.8
7f61434fc000-7f614366e000 r-xp 00000000 08:02 12067707                   /usr/lib/x86_64-linux-gnu/libstdc++.so.6.0.21
7f614366e000-7f614386e000 ---p 00172000 08:02 12067707                   /usr/lib/x86_64-linux-gnu/libstdc++.so.6.0.21
7f614386e000-7f6143878000 r--p 00172000 08:02 12067707                   /usr/lib/x86_64-linux-gnu/libstdc++.so.6.0.21
7f6143878000-7f614387a000 rw-p 0017c000 08:02 12067707                   /usr/lib/x86_64-linux-gnu/libstdc++.so.6.0.21
7f614387a000-7f614387e000 rw-p 00000000 00:00 0 
7f614387e000-7f6143b67000 r-xp 00000000 08:02 12066283                   /usr/lib/libtesseract.so.3.0.4
7f6143b67000-7f6143d67000 ---p 002e9000 08:02 12066283                   /usr/lib/libtesseract.so.3.0.4
7f6143d67000-7f6143d6b000 r--p 002e9000 08:02 12066283                   /usr/lib/libtesseract.so.3.0.4
7f6143d6b000-7f6143d6c000 rw-p 002ed000 08:02 12066283                   /usr/lib/libtesseract.so.3.0.4
7f6143d6c000-7f6144000000 rw-p 00000000 00:00 0 
7f6144000000-7f6144021000 rw-p 00000000 00:00 0 
7f6144021000-7f6148000000 ---p 00000000 00:00 0 
7f6148027000-7f614803d000 r-xp 00000000 08:02 24908221                   /lib/x86_64-linux-gnu/libgcc_s.so.1
7f614803d000-7f614823c000 ---p 00016000 08:02 24908221                   /lib/x86_64-linux-gnu/libgcc_s.so.1
7f614823c000-7f614823d000 rw-p 00015000 08:02 24908221                   /lib/x86_64-linux-gnu/libgcc_s.so.1
7f614823d000-7f614847a000 r-xp 00000000 08:02 12066280                   /usr/lib/liblept.so.5.0.0
7f614847a000-7f6148679000 ---p 0023d000 08:02 12066280                   /usr/lib/liblept.so.5.0.0
7f6148679000-7f614867a000 r--p 0023c000 08:02 12066280                   /usr/lib/liblept.so.5.0.0
7f614867a000-7f6148680000 rw-p 0023d000 08:02 12066280                   /usr/lib/liblept.so.5.0.0
7f6148680000-7f6148697000 r-xp 00000000 08:02 19139066                   /tmp/jna-795320491/jna7837712246918087879.tmp (deleted)
7f6148697000-7f6148796000 ---p 00017000 08:02 19139066                   /tmp/jna-795320491/jna7837712246918087879.tmp (deleted)
7f6148796000-7f6148798000 rw-p 00016000 08:02 19139066                   /tmp/jna-795320491/jna7837712246918087879.tmp (deleted)
7f6148798000-7f61487d2000 r-xp 00000000 08:02 13646715                   /usr/lib/jvm/jdk1.7.0_80/jre/lib/amd64/libjpeg.so
7f61487d2000-7f61489d2000 ---p 0003a000 08:02 13646715                   /usr/lib/jvm/jdk1.7.0_80/jre/lib/amd64/libjpeg.so
7f61489d2000-7f61489d3000 rw-p 0003a000 08:02 13646715                   /usr/lib/jvm/jdk1.7.0_80/jre/lib/amd64/libjpeg.so
7f61489d3000-7f61489d8000 r-xp 00000000 08:02 12066558                   /usr/lib/x86_64-linux-gnu/libXdmcp.so.6.0.0
7f61489d8000-7f6148bd7000 ---p 00005000 08:02 12066558                   /usr/lib/x86_64-linux-gnu/libXdmcp.so.6.0.0
7f6148bd7000-7f6148bd8000 r--p 00004000 08:02 12066558                   /usr/lib/x86_64-linux-gnu/libXdmcp.so.6.0.0
7f6148bd8000-7f6148bd9000 rw-p 00005000 08:02 12066558                   /usr/lib/x86_64-linux-gnu/libXdmcp.so.6.0.0
7f6148bd9000-7f6148bdb000 r-xp 00000000 08:02 12066547                   /usr/lib/x86_64-linux-gnu/libXau.so.6.0.0
7f6148bdb000-7f6148ddb000 ---p 00002000 08:02 12066547                   /usr/lib/x86_64-linux-gnu/libXau.so.6.0.0
7f6148ddb000-7f6148ddc000 r--p 00002000 08:02 12066547                   /usr/lib/x86_64-linux-gnu/libXau.so.6.0.0
7f6148ddc000-7f6148ddd000 rw-p 00003000 08:02 12066547                   /usr/lib/x86_64-linux-gnu/libXau.so.6.0.0
7f6148ddd000-7f6148dfe000 r-xp 00000000 08:02 12067956                   /usr/lib/x86_64-linux-gnu/libxcb.so.1.1.0
7f6148dfe000-7f6148ffd000 ---p 00021000 08:02 12067956                   /usr/lib/x86_64-linux-gnu/libxcb.so.1.1.0
7f6148ffd000-7f6148ffe000 r--p 00020000 08:02 12067956                   /usr/lib/x86_64-linux-gnu/libxcb.so.1.1.0
7f6148ffe000-7f6148fff000 rw-p 00021000 08:02 12067956                   /usr/lib/x86_64-linux-gnu/libxcb.so.1.1.0
7f6148fff000-7f614c000000 rw-p 00000000 00:00 0 
7f614c000000-7f614c021000 rw-p 00000000 00:00 0 
7f614c021000-7f6150000000 ---p 00000000 00:00 0 
7f6150000000-7f6150021000 rw-p 00000000 00:00 0 
7f6150021000-7f6154000000 ---p 00000000 00:00 0 
7f6154000000-7f6154bbf000 rw-p 00000000 00:00 0 
7f6154bbf000-7f6158000000 ---p 00000000 00:00 0 
7f6158000000-7f6158520000 rw-p 00000000 00:00 0 
7f6158520000-7f615c000000 ---p 00000000 00:00 0 
7f615c000000-7f615c021000 rw-p 00000000 00:00 0 
7f615c021000-7f6160000000 ---p 00000000 00:00 0 
7f6160000000-7f6160021000 rw-p 00000000 00:00 0 
7f6160021000-7f6164000000 ---p 00000000 00:00 0 
7f6164000000-7f6164021000 rw-p 00000000 00:00 0 
7f6164021000-7f6168000000 ---p 00000000 00:00 0 
7f6168000000-7f6168021000 rw-p 00000000 00:00 0 
7f6168021000-7f616c000000 ---p 00000000 00:00 0 
7f616c000000-7f616c021000 rw-p 00000000 00:00 0 
7f616c021000-7f6170000000 ---p 00000000 00:00 0 
7f6170000000-7f6170021000 rw-p 00000000 00:00 0 
7f6170021000-7f6174000000 ---p 00000000 00:00 0 
7f6174000000-7f6174021000 rw-p 00000000 00:00 0 
7f6174021000-7f6178000000 ---p 00000000 00:00 0 
7f6178099000-7f617809c000 ---p 00000000 00:00 0 
7f617809c000-7f617819a000 rw-p 00000000 00:00 0 
7f617819a000-7f61781a9000 r-xp 00000000 08:02 12066568                   /usr/lib/x86_64-linux-gnu/libXi.so.6.1.0
7f61781a9000-7f61783a8000 ---p 0000f000 08:02 12066568                   /usr/lib/x86_64-linux-gnu/libXi.so.6.1.0
7f61783a8000-7f61783a9000 r--p 0000e000 08:02 12066568                   /usr/lib/x86_64-linux-gnu/libXi.so.6.1.0
7f61783a9000-7f61783aa000 rw-p 0000f000 08:02 12066568                   /usr/lib/x86_64-linux-gnu/libXi.so.6.1.0
7f61783aa000-7f61783af000 r-xp 00000000 08:02 12066586                   /usr/lib/x86_64-linux-gnu/libXtst.so.6.1.0
7f61783af000-7f61785ae000 ---p 00005000 08:02 12066586                   /usr/lib/x86_64-linux-gnu/libXtst.so.6.1.0
7f61785ae000-7f61785af000 r--p 00004000 08:02 12066586                   /usr/lib/x86_64-linux-gnu/libXtst.so.6.1.0
7f61785af000-7f61785b0000 rw-p 00005000 08:02 12066586                   /usr/lib/x86_64-linux-gnu/libXtst.so.6.1.0
7f61785b0000-7f61785b9000 r-xp 00000000 08:02 12066580                   /usr/lib/x86_64-linux-gnu/libXrender.so.1.3.0
7f61785b9000-7f61787b8000 ---p 00009000 08:02 12066580                   /usr/lib/x86_64-linux-gnu/libXrender.so.1.3.0
7f61787b8000-7f61787b9000 r--p 00008000 08:02 12066580                   /usr/lib/x86_64-linux-gnu/libXrender.so.1.3.0
7f61787b9000-7f61787ba000 rw-p 00009000 08:02 12066580                   /usr/lib/x86_64-linux-gnu/libXrender.so.1.3.0
7f61787ba000-7f61788ef000 r-xp 00000000 08:02 12066543                   /usr/lib/x86_64-linux-gnu/libX11.so.6.3.0
7f61788ef000-7f6178aef000 ---p 00135000 08:02 12066543                   /usr/lib/x86_64-linux-gnu/libX11.so.6.3.0
7f6178aef000-7f6178af0000 r--p 00135000 08:02 12066543                   /usr/lib/x86_64-linux-gnu/libX11.so.6.3.0
7f6178af0000-7f6178af4000 rw-p 00136000 08:02 12066543                   /usr/lib/x86_64-linux-gnu/libX11.so.6.3.0
7f6178af4000-7f6178b05000 r-xp 00000000 08:02 12066560                   /usr/lib/x86_64-linux-gnu/libXext.so.6.4.0
7f6178b05000-7f6178d04000 ---p 00011000 08:02 12066560                   /usr/lib/x86_64-linux-gnu/libXext.so.6.4.0
7f6178d04000-7f6178d05000 r--p 00010000 08:02 12066560                   /usr/lib/x86_64-linux-gnu/libXext.so.6.4.0
7f6178d05000-7f6178d06000 rw-p 00011000 08:02 12066560                   /usr/lib/x86_64-linux-gnu/libXext.so.6.4.0
7f6178d20000-7f6178d70000 r-xp 00000000 08:02 13646705                   /usr/lib/jvm/jdk1.7.0_80/jre/lib/amd64/xawt/libmawt.so
7f6178d70000-7f6178f70000 ---p 00050000 08:02 13646705                   /usr/lib/jvm/jdk1.7.0_80/jre/lib/amd64/xawt/libmawt.so
7f6178f70000-7f6178f74000 rw-p 00050000 08:02 13646705                   /usr/lib/jvm/jdk1.7.0_80/jre/lib/amd64/xawt/libmawt.so
7f6178f74000-7f6178f75000 rw-p 00000000 00:00 0 
7f6178f75000-7f6179017000 r-xp 00000000 08:02 13646725                   /usr/lib/jvm/jdk1.7.0_80/jre/lib/amd64/libawt.so
7f6179017000-7f6179217000 ---p 000a2000 08:02 13646725                   /usr/lib/jvm/jdk1.7.0_80/jre/lib/amd64/libawt.so
7f6179217000-7f6179223000 rw-p 000a2000 08:02 13646725                   /usr/lib/jvm/jdk1.7.0_80/jre/lib/amd64/libawt.so
7f6179223000-7f6179247000 rw-p 00000000 00:00 0 
7f6179247000-7f6179252000 r--s 0037c000 08:02 13647395                   /usr/lib/jvm/jdk1.7.0_80/jre/lib/charsets.jar
7f6179252000-7f6179262000 r-xp 00000000 08:02 13646692                   /usr/lib/jvm/jdk1.7.0_80/jre/lib/amd64/libnio.so
7f6179262000-7f6179462000 ---p 00010000 08:02 13646692                   /usr/lib/jvm/jdk1.7.0_80/jre/lib/amd64/libnio.so
7f6179462000-7f6179463000 rw-p 00010000 08:02 13646692                   /usr/lib/jvm/jdk1.7.0_80/jre/lib/amd64/libnio.so
7f6179463000-7f617947a000 r-xp 00000000 08:02 13646726                   /usr/lib/jvm/jdk1.7.0_80/jre/lib/amd64/libnet.so
7f617947a000-7f6179679000 ---p 00017000 08:02 13646726                   /usr/lib/jvm/jdk1.7.0_80/jre/lib/amd64/libnet.so
7f6179679000-7f617967a000 rw-p 00016000 08:02 13646726                   /usr/lib/jvm/jdk1.7.0_80/jre/lib/amd64/libnet.so
7f617967a000-7f6179708000 rw-p 00000000 00:00 0 
7f6179708000-7f6179a9b000 r--s 03191000 08:02 8128837                    /home/headrun/Downloads/tika-app-1.17.jar
7f6179a9b000-7f6179a9c000 ---p 00000000 00:00 0 
7f6179a9c000-7f6179b9c000 rw-p 00000000 00:00 0 
7f6179b9c000-7f6179b9f000 ---p 00000000 00:00 0 
7f6179b9f000-7f6179c9d000 rw-p 00000000 00:00 0 
7f6179c9d000-7f6179ca0000 ---p 00000000 00:00 0 
7f6179ca0000-7f6179d9e000 rw-p 00000000 00:00 0 
7f6179d9e000-7f6179da1000 ---p 00000000 00:00 0 
7f6179da1000-7f6179e9f000 rw-p 00000000 00:00 0 
7f6179e9f000-7f6179ea2000 ---p 00000000 00:00 0 
7f6179ea2000-7f617c000000 rw-p 00000000 00:00 0 
7f617c000000-7f617c021000 rw-p 00000000 00:00 0 
7f617c021000-7f6180000000 ---p 00000000 00:00 0 
7f6180005000-7f6180009000 r--s 0008b000 08:02 13647318                   /usr/lib/jvm/jdk1.7.0_80/jre/lib/jsse.jar
7f6180009000-7f618000d000 r--s 000f7000 08:02 13647329                   /usr/lib/jvm/jdk1.7.0_80/jre/lib/ext/localedata.jar
7f618000d000-7f6180017000 r--s 00253000 08:02 13646769                   /usr/lib/jvm/jdk1.7.0_80/jre/lib/resources.jar
7f6180017000-7f618001a000 r--s 07cb5000 08:02 8136923                    /home/headrun/Downloads/java-ocr-api-15.3.0.3.jar
7f618001a000-7f618001d000 r--s 00017000 08:02 8132360                    /home/headrun/Downloads/marvin_1.5.5.jar
7f618001d000-7f6180033000 r--s 0023f000 08:02 8139468                    /home/headrun/Downloads/pdfbox-2.0.3.jar
7f6180033000-7f6180039000 r--s 00163000 08:02 8139467                    /home/headrun/Downloads/fontbox-2.0.3.jar
7f6180039000-7f6180047000 r--s 00083000 08:02 8141858                    /home/headrun/Downloads/opencv-3.0.0-1.0.jar
7f6180047000-7f618004a000 r--s 031c7000 08:02 12847991                   /home/headrun/Downloads/asprise-ocr-java-15.3.1-trial-linux/aocr.jar
7f618004a000-7f6180054000 r--s 00081000 08:02 13108978                   /home/headrun/Downloads/jar_files (1)/xmlgraphics-commons-1.4.jar
7f6180054000-7f6180056000 r--s 02050000 08:02 13110944                   /home/headrun/Downloads/jar_files (1)/tess4j-3.2.1.jar
7f6180056000-7f618005a000 r--s 00015000 08:02 13110932                   /home/headrun/Downloads/jar_files (1)/rococoa-core-0.5.jar
7f618005a000-7f6180064000 r--s 00069000 08:02 13110945                   /home/headrun/Downloads/jar_files (1)/logback-core-1.1.7.jar
7f6180064000-7f618006b000 r--s 00044000 08:02 13110925                   /home/headrun/Downloads/jar_files (1)/logback-classic-1.1.7.jar
7f618006b000-7f618006d000 r--s 00004000 08:02 13109142                   /home/headrun/Downloads/jar_files (1)/log4j-over-slf4j-1.7.21.jar
7f618006d000-7f6180076000 r--s 0006f000 08:02 13108979                   /home/headrun/Downloads/jar_files (1)/log4j-1.2.17.jar
7f6180076000-7f618007b000 r--s 00229000 08:02 13110922                   /home/headrun/Downloads/jar_files (1)/lept4j-1.2.3.jar
7f618007b000-7f618007d000 r--s 00000000 08:02 13110924                   /home/headrun/Downloads/jar_files (1)/jul-to-slf4j-1.7.21.jar
7f618007d000-7f6180081000 r--s 000dc000 08:02 13109139                   /home/headrun/Downloads/jar_files (1)/jna-4.1.0.jar
7f6180081000-7f618008c000 r--s 00088000 08:02 13109141                   /home/headrun/Downloads/jar_files (1)/jai-imageio-core-1.3.1.jar
7f618008c000-7f6180098000 r--s 00108000 08:02 13108977                   /home/headrun/Downloads/jar_files (1)/itext-2.1.7.jar
7f6180098000-7f618009d000 r--s 00028000 08:02 13109140                   /home/headrun/Downloads/jar_files (1)/ghost4j-1.0.1.jar
7f618009d000-7f61800ab000 r--s 0007f000 08:02 13110929                   /home/headrun/Downloads/jar_files (1)/commons-collections-3.2.1.jar
7f61800ab000-7f61800b9000 r--s 00374000 08:02 13901063                   /home/headrun/Downloads/PDFxStream.Java-3.5.0/lib/PDFxStream.jar
7f61800b9000-7f6180391000 r--p 00000000 08:02 12058653                   /usr/lib/locale/locale-archive
7f6180391000-7f6180394000 ---p 00000000 00:00 0 
7f6180394000-7f6180492000 rw-p 00000000 00:00 0 
7f6180492000-7f6180495000 ---p 00000000 00:00 0 
7f6180495000-7f6180593000 rw-p 00000000 00:00 0 
7f6180593000-7f6180594000 ---p 00000000 00:00 0 
7f6180594000-7f6181000000 rw-p 00000000 00:00 0 
7f6181000000-7f6181270000 rwxp 00000000 00:00 0 
7f6181270000-7f61853f4000 rw-p 00000000 00:00 0 
7f61853f4000-7f6188000000 ---p 00000000 00:00 0 
7f6188000000-7f6188002000 r--s 00003000 08:02 13110923                   /home/headrun/Downloads/jar_files (1)/jcl-over-slf4j-1.7.21.jar
7f6188002000-7f6188006000 r--s 0002f000 08:02 13110931                   /home/headrun/Downloads/jar_files (1)/commons-io-2.5.jar
7f6188006000-7f618800b000 r--s 00035000 08:02 13110930                   /home/headrun/Downloads/jar_files (1)/commons-beanutils-1.9.2.jar
7f618800b000-7f618869e000 rw-p 00000000 00:00 0 
7f618869e000-7f618885e000 r--s 039fb000 08:02 13647374                   /usr/lib/jvm/jdk1.7.0_80/jre/lib/rt.jar
7f618885e000-7f6188b5d000 rw-p 00000000 00:00 0 
7f6188b5d000-7f6188b5e000 ---p 00000000 00:00 0 
7f6188b5e000-7f6188c5e000 rw-p 00000000 00:00 0 
7f6188c5e000-7f6188c5f000 ---p 00000000 00:00 0 
7f6188c5f000-7f6188d5f000 rw-p 00000000 00:00 0 
7f6188d5f000-7f6188d60000 ---p 00000000 00:00 0 
7f6188d60000-7f6188e60000 rw-p 00000000 00:00 0 
7f6188e60000-7f6188e61000 ---p 00000000 00:00 0 
7f6188e61000-7f6188f6c000 rw-p 00000000 00:00 0 
7f6188f6c000-7f6188f8a000 rw-p 00000000 00:00 0 
7f6188f8a000-7f6188f9e000 rw-p 00000000 00:00 0 
7f6188f9e000-7f61890c8000 rw-p 00000000 00:00 0 
7f61890c8000-7f61890d3000 rw-p 00000000 00:00 0 
7f61890d3000-7f61890f1000 rw-p 00000000 00:00 0 
7f61890f1000-7f6189105000 rw-p 00000000 00:00 0 
7f6189105000-7f618922f000 rw-p 00000000 00:00 0 
7f618922f000-7f6189239000 rw-p 00000000 00:00 0 
7f6189239000-7f61892ce000 rw-p 00000000 00:00 0 
7f61892ce000-7f61892cf000 rw-p 00000000 00:00 0 
7f61892cf000-7f61892e6000 r-xp 00000000 08:02 13646721                   /usr/lib/jvm/jdk1.7.0_80/jre/lib/amd64/libzip.so
7f61892e6000-7f61894e6000 ---p 00017000 08:02 13646721                   /usr/lib/jvm/jdk1.7.0_80/jre/lib/amd64/libzip.so
7f61894e6000-7f61894e7000 rw-p 00017000 08:02 13646721                   /usr/lib/jvm/jdk1.7.0_80/jre/lib/amd64/libzip.so
7f61894e7000-7f61894f2000 r-xp 00000000 08:02 24909811                   /lib/x86_64-linux-gnu/libnss_files-2.23.so
7f61894f2000-7f61896f1000 ---p 0000b000 08:02 24909811                   /lib/x86_64-linux-gnu/libnss_files-2.23.so
7f61896f1000-7f61896f2000 r--p 0000a000 08:02 24909811                   /lib/x86_64-linux-gnu/libnss_files-2.23.so
7f61896f2000-7f61896f3000 rw-p 0000b000 08:02 24909811                   /lib/x86_64-linux-gnu/libnss_files-2.23.so
7f61896f3000-7f61896f9000 rw-p 00000000 00:00 0 
7f61896f9000-7f6189704000 r-xp 00000000 08:02 24909815                   /lib/x86_64-linux-gnu/libnss_nis-2.23.so
7f6189704000-7f6189903000 ---p 0000b000 08:02 24909815                   /lib/x86_64-linux-gnu/libnss_nis-2.23.so
7f6189903000-7f6189904000 r--p 0000a000 08:02 24909815                   /lib/x86_64-linux-gnu/libnss_nis-2.23.so
7f6189904000-7f6189905000 rw-p 0000b000 08:02 24909815                   /lib/x86_64-linux-gnu/libnss_nis-2.23.so
7f6189905000-7f618991b000 r-xp 00000000 08:02 24909795                   /lib/x86_64-linux-gnu/libnsl-2.23.so
7f618991b000-7f6189b1a000 ---p 00016000 08:02 24909795                   /lib/x86_64-linux-gnu/libnsl-2.23.so
7f6189b1a000-7f6189b1b000 r--p 00015000 08:02 24909795                   /lib/x86_64-linux-gnu/libnsl-2.23.so
7f6189b1b000-7f6189b1c000 rw-p 00016000 08:02 24909795                   /lib/x86_64-linux-gnu/libnsl-2.23.so
7f6189b1c000-7f6189b1e000 rw-p 00000000 00:00 0 
7f6189b1e000-7f6189b26000 r-xp 00000000 08:02 24909806                   /lib/x86_64-linux-gnu/libnss_compat-2.23.so
7f6189b26000-7f6189d25000 ---p 00008000 08:02 24909806                   /lib/x86_64-linux-gnu/libnss_compat-2.23.so
7f6189d25000-7f6189d26000 r--p 00007000 08:02 24909806                   /lib/x86_64-linux-gnu/libnss_compat-2.23.so
7f6189d26000-7f6189d27000 rw-p 00008000 08:02 24909806                   /lib/x86_64-linux-gnu/libnss_compat-2.23.so
7f6189d27000-7f6189d50000 r-xp 00000000 08:02 13646687                   /usr/lib/jvm/jdk1.7.0_80/jre/lib/amd64/libjava.so
7f6189d50000-7f6189f50000 ---p 00029000 08:02 13646687                   /usr/lib/jvm/jdk1.7.0_80/jre/lib/amd64/libjava.so
7f6189f50000-7f6189f52000 rw-p 00029000 08:02 13646687                   /usr/lib/jvm/jdk1.7.0_80/jre/lib/amd64/libjava.so
7f6189f52000-7f6189f5f000 r-xp 00000000 08:02 13646714                   /usr/lib/jvm/jdk1.7.0_80/jre/lib/amd64/libverify.so
7f6189f5f000-7f618a15e000 ---p 0000d000 08:02 13646714                   /usr/lib/jvm/jdk1.7.0_80/jre/lib/amd64/libverify.so
7f618a15e000-7f618a160000 rw-p 0000c000 08:02 13646714                   /usr/lib/jvm/jdk1.7.0_80/jre/lib/amd64/libverify.so
7f618a160000-7f618a167000 r-xp 00000000 08:02 24909816                   /lib/x86_64-linux-gnu/librt-2.23.so
7f618a167000-7f618a366000 ---p 00007000 08:02 24909816                   /lib/x86_64-linux-gnu/librt-2.23.so
7f618a366000-7f618a367000 r--p 00006000 08:02 24909816                   /lib/x86_64-linux-gnu/librt-2.23.so
7f618a367000-7f618a368000 rw-p 00007000 08:02 24909816                   /lib/x86_64-linux-gnu/librt-2.23.so
7f618a368000-7f618a470000 r-xp 00000000 08:02 24909793                   /lib/x86_64-linux-gnu/libm-2.23.so
7f618a470000-7f618a66f000 ---p 00108000 08:02 24909793                   /lib/x86_64-linux-gnu/libm-2.23.so
7f618a66f000-7f618a670000 r--p 00107000 08:02 24909793                   /lib/x86_64-linux-gnu/libm-2.23.so
7f618a670000-7f618a671000 rw-p 00108000 08:02 24909793                   /lib/x86_64-linux-gnu/libm-2.23.so
7f618a671000-7f618b1e7000 r-xp 00000000 08:02 13646741                   /usr/lib/jvm/jdk1.7.0_80/jre/lib/amd64/server/libjvm.so
7f618b1e7000-7f618b3e6000 ---p 00b76000 08:02 13646741                   /usr/lib/jvm/jdk1.7.0_80/jre/lib/amd64/server/libjvm.so
7f618b3e6000-7f618b4aa000 rw-p 00b75000 08:02 13646741                   /usr/lib/jvm/jdk1.7.0_80/jre/lib/amd64/server/libjvm.so
7f618b4aa000-7f618b4eb000 rw-p 00000000 00:00 0 
7f618b4eb000-7f618b6ab000 r-xp 00000000 08:02 24909798                   /lib/x86_64-linux-gnu/libc-2.23.so
7f618b6ab000-7f618b8ab000 ---p 001c0000 08:02 24909798                   /lib/x86_64-linux-gnu/libc-2.23.so
7f618b8ab000-7f618b8af000 r--p 001c0000 08:02 24909798                   /lib/x86_64-linux-gnu/libc-2.23.so
7f618b8af000-7f618b8b1000 rw-p 001c4000 08:02 24909798                   /lib/x86_64-linux-gnu/libc-2.23.so
7f618b8b1000-7f618b8b5000 rw-p 00000000 00:00 0 
7f618b8b5000-7f618b8b8000 r-xp 00000000 08:02 24909800                   /lib/x86_64-linux-gnu/libdl-2.23.so
7f618b8b8000-7f618bab7000 ---p 00003000 08:02 24909800                   /lib/x86_64-linux-gnu/libdl-2.23.so
7f618bab7000-7f618bab8000 r--p 00002000 08:02 24909800                   /lib/x86_64-linux-gnu/libdl-2.23.so
7f618bab8000-7f618bab9000 rw-p 00003000 08:02 24909800                   /lib/x86_64-linux-gnu/libdl-2.23.so
7f618bab9000-7f618bace000 r-xp 00000000 08:02 13647422                   /usr/lib/jvm/jdk1.7.0_80/lib/amd64/jli/libjli.so
7f618bace000-7f618bccd000 ---p 00015000 08:02 13647422                   /usr/lib/jvm/jdk1.7.0_80/lib/amd64/jli/libjli.so
7f618bccd000-7f618bcce000 rw-p 00014000 08:02 13647422                   /usr/lib/jvm/jdk1.7.0_80/lib/amd64/jli/libjli.so
7f618bcce000-7f618bce6000 r-xp 00000000 08:02 24909797                   /lib/x86_64-linux-gnu/libpthread-2.23.so
7f618bce6000-7f618bee5000 ---p 00018000 08:02 24909797                   /lib/x86_64-linux-gnu/libpthread-2.23.so
7f618bee5000-7f618bee6000 r--p 00017000 08:02 24909797                   /lib/x86_64-linux-gnu/libpthread-2.23.so
7f618bee6000-7f618bee7000 rw-p 00018000 08:02 24909797                   /lib/x86_64-linux-gnu/libpthread-2.23.so
7f618bee7000-7f618beeb000 rw-p 00000000 00:00 0 
7f618beeb000-7f618bf11000 r-xp 00000000 08:02 24909796                   /lib/x86_64-linux-gnu/ld-2.23.so
7f618bf11000-7f618bf12000 r--s 00009000 08:02 13110928                   /home/headrun/Downloads/jar_files (1)/slf4j-api-1.7.20.jar
7f618bf12000-7f618bf14000 r--s 0000d000 08:02 13108980                   /home/headrun/Downloads/jar_files (1)/commons-logging-1.1.1.jar
7f618bf14000-7f618bf1b000 r--s 00040000 08:02 13110927                   /home/headrun/Downloads/jar_files (1)/cglib-2.2.2.jar
7f618bf1b000-7f618bf3a000 rw-p 00000000 00:00 0 
7f618bf3a000-7f618bff0000 rw-p 00000000 00:00 0 
7f618bff0000-7f618bff3000 ---p 00000000 00:00 0 
7f618bff3000-7f618c0f6000 rw-p 00000000 00:00 0 
7f618c0f6000-7f618c0f7000 r--s 0000a000 08:02 13110926                   /home/headrun/Downloads/jar_files (1)/asm-3.3.1.jar
7f618c0f7000-7f618c106000 r--s 0017c000 08:02 13646600                   /home/headrun/Downloads/itextpdf-5.1.0.jar
7f618c106000-7f618c10e000 rw-s 00000000 08:02 19139065                   /tmp/hsperfdata_headrun/29367
7f618c10e000-7f618c10f000 rw-p 00000000 00:00 0 
7f618c10f000-7f618c110000 r--p 00000000 00:00 0 
7f618c110000-7f618c111000 r--p 00025000 08:02 24909796                   /lib/x86_64-linux-gnu/ld-2.23.so
7f618c111000-7f618c112000 rw-p 00026000 08:02 24909796                   /lib/x86_64-linux-gnu/ld-2.23.so
7f618c112000-7f618c113000 rw-p 00000000 00:00 0 
7ffd4a93b000-7ffd4a95d000 rw-p 00000000 00:00 0                          [stack]
7ffd4a987000-7ffd4a98a000 r--p 00000000 00:00 0                          [vvar]
7ffd4a98a000-7ffd4a98c000 r-xp 00000000 00:00 0                          [vdso]
ffffffffff600000-ffffffffff601000 r-xp 00000000 00:00 0                  [vsyscall]

VM Arguments:
jvm_args: -Dfile.encoding=UTF-8 
java_command: TesseractExample
Launcher Type: SUN_STANDARD

Environment Variables:
JAVA_HOME=/usr/lib/jvm/java-8-oracle
CLASSPATH=/usr/lib/jvm/jdk1.7.0_80/lib/tools.jar:/usr/lib/jvm/jdk1.7.0_80/jre/rt.jar
PATH=/home/headrun/bin:/home/headrun/.local/bin:/usr/lib/jvm/jdk1.7.0_80/bin:/usr/local/sbin:/usr/local/bin:/usr/sbin:/usr/bin:/sbin:/bin:/usr/games:/usr/local/games:/snap/bin:/usr/lib/jvm/java-8-oracle/bin:/usr/lib/jvm/java-8-oracle/db/bin:/usr/lib/jvm/java-8-oracle/jre/bin
SHELL=/bin/bash
DISPLAY=:0

Signal Handlers:
SIGSEGV: [libjvm.so+0x9a3b20], sa_mask[0]=0x7ffbfeff, sa_flags=0x10000004
SIGBUS: [libjvm.so+0x9a3b20], sa_mask[0]=0x7ffbfeff, sa_flags=0x10000004
SIGFPE: [libjvm.so+0x81e740], sa_mask[0]=0x7ffbfeff, sa_flags=0x10000004
SIGPIPE: [libjvm.so+0x81e740], sa_mask[0]=0x7ffbfeff, sa_flags=0x10000004
SIGXFSZ: [libjvm.so+0x81e740], sa_mask[0]=0x7ffbfeff, sa_flags=0x10000004
SIGILL: [libjvm.so+0x81e740], sa_mask[0]=0x7ffbfeff, sa_flags=0x10000004
SIGUSR1: SIG_DFL, sa_mask[0]=0x00000000, sa_flags=0x00000000
SIGUSR2: [libjvm.so+0x81ffb0], sa_mask[0]=0x00000004, sa_flags=0x10000004
SIGHUP: [libjvm.so+0x8210d0], sa_mask[0]=0x7ffbfeff, sa_flags=0x10000004
SIGINT: [libjvm.so+0x8210d0], sa_mask[0]=0x7ffbfeff, sa_flags=0x10000004
SIGTERM: [libjvm.so+0x8210d0], sa_mask[0]=0x7ffbfeff, sa_flags=0x10000004
SIGQUIT: [libjvm.so+0x8210d0], sa_mask[0]=0x7ffbfeff, sa_flags=0x10000004


---------------  S Y S T E M  ---------------

OS:stretch/sid

uname:Linux 4.13.0-32-generic #35~16.04.1-Ubuntu SMP Thu Jan 25 10:13:43 UTC 2018 x86_64
libc:glibc 2.23 NPTL 2.23 
rlimit: STACK 8192k, CORE 0k, NPROC 14234, NOFILE 1048576, AS infinity
load average:0.40 0.59 0.55

/proc/meminfo:
MemTotal:        3900916 kB
MemFree:         1830780 kB
MemAvailable:    2333708 kB
Buffers:           49132 kB
Cached:           819048 kB
SwapCached:        52868 kB
Active:          1439504 kB
Inactive:         445484 kB
Active(anon):     992060 kB
Inactive(anon):   211008 kB
Active(file):     447444 kB
Inactive(file):   234476 kB
Unevictable:         456 kB
Mlocked:             456 kB
SwapTotal:       4055036 kB
SwapFree:        3604220 kB
Dirty:               116 kB
Writeback:             0 kB
AnonPages:        970568 kB
Mapped:           322588 kB
Shmem:            186240 kB
Slab:              88956 kB
SReclaimable:      47072 kB
SUnreclaim:        41884 kB
KernelStack:        9424 kB
PageTables:        38292 kB
NFS_Unstable:          0 kB
Bounce:                0 kB
WritebackTmp:          0 kB
CommitLimit:     6005492 kB
Committed_AS:    5790920 kB
VmallocTotal:   34359738367 kB
VmallocUsed:           0 kB
VmallocChunk:          0 kB
HardwareCorrupted:     0 kB
AnonHugePages:         0 kB
ShmemHugePages:        0 kB
ShmemPmdMapped:        0 kB
CmaTotal:              0 kB
CmaFree:               0 kB
HugePages_Total:       0
HugePages_Free:        0
HugePages_Rsvd:        0
HugePages_Surp:        0
Hugepagesize:       2048 kB
DirectMap4k:      189936 kB
DirectMap2M:     3866624 kB


CPU:total 4 (2 cores per cpu, 2 threads per core) family 6 model 58 stepping 9, cmov, cx8, fxsr, mmx, sse, sse2, sse3, ssse3, sse4.1, sse4.2, popcnt, avx, erms, ht, tsc, tscinvbit, tscinv

/proc/cpuinfo:
processor	: 0
vendor_id	: GenuineIntel
cpu family	: 6
model		: 58
model name	: Intel(R) Core(TM) i3-3110M CPU @ 2.40GHz
stepping	: 9
microcode	: 0x15
cpu MHz		: 2394.627
cache size	: 3072 KB
physical id	: 0
siblings	: 4
core id		: 0
cpu cores	: 2
apicid		: 0
initial apicid	: 0
fpu		: yes
fpu_exception	: yes
cpuid level	: 13
wp		: yes
flags		: fpu vme de pse tsc msr pae mce cx8 apic sep mtrr pge mca cmov pat pse36 clflush dts acpi mmx fxsr sse sse2 ss ht tm pbe syscall nx rdtscp lm constant_tsc arch_perfmon pebs bts rep_good nopl xtopology nonstop_tsc cpuid aperfmperf pni pclmulqdq dtes64 monitor ds_cpl vmx est tm2 ssse3 cx16 xtpr pdcm pcid sse4_1 sse4_2 x2apic popcnt tsc_deadline_timer xsave avx f16c lahf_lm cpuid_fault epb pti tpr_shadow vnmi flexpriority ept vpid fsgsbase smep erms xsaveopt dtherm arat pln pts
bugs		: cpu_meltdown spectre_v1 spectre_v2
bogomips	: 4789.25
clflush size	: 64
cache_alignment	: 64
address sizes	: 36 bits physical, 48 bits virtual
power management:

processor	: 1
vendor_id	: GenuineIntel
cpu family	: 6
model		: 58
model name	: Intel(R) Core(TM) i3-3110M CPU @ 2.40GHz
stepping	: 9
microcode	: 0x15
cpu MHz		: 2394.627
cache size	: 3072 KB
physical id	: 0
siblings	: 4
core id		: 1
cpu cores	: 2
apicid		: 2
initial apicid	: 2
fpu		: yes
fpu_exception	: yes
cpuid level	: 13
wp		: yes
flags		: fpu vme de pse tsc msr pae mce cx8 apic sep mtrr pge mca cmov pat pse36 clflush dts acpi mmx fxsr sse sse2 ss ht tm pbe syscall nx rdtscp lm constant_tsc arch_perfmon pebs bts rep_good nopl xtopology nonstop_tsc cpuid aperfmperf pni pclmulqdq dtes64 monitor ds_cpl vmx est tm2 ssse3 cx16 xtpr pdcm pcid sse4_1 sse4_2 x2apic popcnt tsc_deadline_timer xsave avx f16c lahf_lm cpuid_fault epb pti tpr_shadow vnmi flexpriority ept vpid fsgsbase smep erms xsaveopt dtherm arat pln pts
bugs		: cpu_meltdown spectre_v1 spectre_v2
bogomips	: 4789.25
clflush size	: 64
cache_alignment	: 64
address sizes	: 36 bits physical, 48 bits virtual
power management:

processor	: 2
vendor_id	: GenuineIntel
cpu family	: 6
model		: 58
model name	: Intel(R) Core(TM) i3-3110M CPU @ 2.40GHz
stepping	: 9
microcode	: 0x15
cpu MHz		: 2394.627
cache size	: 3072 KB
physical id	: 0
siblings	: 4
core id		: 0
cpu cores	: 2
apicid		: 1
initial apicid	: 1
fpu		: yes
fpu_exception	: yes
cpuid level	: 13
wp		: yes
flags		: fpu vme de pse tsc msr pae mce cx8 apic sep mtrr pge mca cmov pat pse36 clflush dts acpi mmx fxsr sse sse2 ss ht tm pbe syscall nx rdtscp lm constant_tsc arch_perfmon pebs bts rep_good nopl xtopology nonstop_tsc cpuid aperfmperf pni pclmulqdq dtes64 monitor ds_cpl vmx est tm2 ssse3 cx16 xtpr pdcm pcid sse4_1 sse4_2 x2apic popcnt tsc_deadline_timer xsave avx f16c lahf_lm cpuid_fault epb pti tpr_shadow vnmi flexpriority ept vpid fsgsbase smep erms xsaveopt dtherm arat pln pts
bugs		: cpu_meltdown spectre_v1 spectre_v2
bogomips	: 4789.25
clflush size	: 64
cache_alignment	: 64
address sizes	: 36 bits physical, 48 bits virtual
power management:

processor	: 3
vendor_id	: GenuineIntel
cpu family	: 6
model		: 58
model name	: Intel(R) Core(TM) i3-3110M CPU @ 2.40GHz
stepping	: 9
microcode	: 0x15
cpu MHz		: 2394.627
cache size	: 3072 KB
physical id	: 0
siblings	: 4
core id		: 1
cpu cores	: 2
apicid		: 3
initial apicid	: 3
fpu		: yes
fpu_exception	: yes
cpuid level	: 13
wp		: yes
flags		: fpu vme de pse tsc msr pae mce cx8 apic sep mtrr pge mca cmov pat pse36 clflush dts acpi mmx fxsr sse sse2 ss ht tm pbe syscall nx rdtscp lm constant_tsc arch_perfmon pebs bts rep_good nopl xtopology nonstop_tsc cpuid aperfmperf pni pclmulqdq dtes64 monitor ds_cpl vmx est tm2 ssse3 cx16 xtpr pdcm pcid sse4_1 sse4_2 x2apic popcnt tsc_deadline_timer xsave avx f16c lahf_lm cpuid_fault epb pti tpr_shadow vnmi flexpriority ept vpid fsgsbase smep erms xsaveopt dtherm arat pln pts
bugs		: cpu_meltdown spectre_v1 spectre_v2
bogomips	: 4789.25
clflush size	: 64
cache_alignment	: 64
address sizes	: 36 bits physical, 48 bits virtual
power management:



Memory: 4k page, physical 3900916k(1830780k free), swap 4055036k(3604220k free)

vm_info: Java HotSpot(TM) 64-Bit Server VM (24.80-b11) for linux-amd64 JRE (1.7.0_80-b15), built on Apr 10 2015 19:53:14 by "java_re" with gcc 4.3.0 20080428 (Red Hat 4.3.0-8)

time: Mon Feb 12 13:43:26 2018
elapsed time: 0 seconds

