#
# A fatal error has been detected by the Java Runtime Environment:
#
#  SIGSEGV (0xb) at pc=0x00007f8a0de49704, pid=31140, tid=140232049690368
#
# JRE version: Java(TM) SE Runtime Environment (7.0_80-b15) (build 1.7.0_80-b15)
# Java VM: Java HotSpot(TM) 64-Bit Server VM (24.80-b11 mixed mode linux-amd64 compressed oops)
# Problematic frame:
# C  [libaocr_x64.so+0xa5704]  Java_com_asprise_ocr_Ocr_doGetBuildInfo+0x18f3a
#
# Failed to write core dump. Core dumps have been disabled. To enable core dumping, try "ulimit -c unlimited" before starting Java again
#
# If you would like to submit a bug report, please visit:
#   http://bugreport.java.com/bugreport/crash.jsp
# The crash happened outside the Java Virtual Machine in native code.
# See problematic frame for where to report the bug.
#

---------------  T H R E A D  ---------------

Current thread (0x00007f8a4800a800):  JavaThread "main" [_thread_in_native, id=31146, stack(0x00007f8a51720000,0x00007f8a51821000)]

siginfo:si_signo=SIGSEGV: si_errno=0, si_code=1 (SEGV_MAPERR), si_addr=0x0000000000000000

Registers:
RAX=0x0000000000000000, RBX=0x00007f8a485a5470, RCX=0x0000000000000000, RDX=0x0000000000000000
RSP=0x00007f8a5181e970, RBP=0x00007f8a5181eb20, RSI=0x00007f8a50fe1770, RDI=0x00007f8a50fe0540
R8 =0x00007f8a50fe1770, R9 =0x00007f8a51820700, R10=0x0000000000000001, R11=0x0000000000000000
R12=0x00000000000000a0, R13=0x000000000000005a, R14=0x0000000000000000, R15=0x00007f8a4834f9b0
RIP=0x00007f8a0de49704, EFLAGS=0x0000000000010213, CSGSFS=0x002b000000000033, ERR=0x0000000000000004
  TRAPNO=0x000000000000000e

Top of Stack: (sp=0x00007f8a5181e970)
0x00007f8a5181e970:   0000000000000000 0000003000000020
0x00007f8a5181e980:   00007f8a5181f228 00007f8a5181ec10
0x00007f8a5181e990:   0000000000000000 0000001fffffff00
0x00007f8a5181e9a0:   0000000000000000 00007f8a5181ee60
0x00007f8a5181e9b0:   0000000000000000 00007f8a4834f9b0
0x00007f8a5181e9c0:   00007f8a5181eb20 00007f8a50c707f7
0x00007f8a5181e9d0:   00007f8a5181ee30 0000003000000018
0x00007f8a5181e9e0:   00007f8a5181eab0 00007f8a5181e9f0
0x00007f8a5181e9f0:   0000000000000000 0000000000000000
0x00007f8a5181ea00:   0000000000000000 0000000000000000
0x00007f8a5181ea10:   0000000000000000 0000000000000033
0x00007f8a5181ea20:   0000000000000000 00007f8a491adee0
0x00007f8a5181ea30:   00007f8a485a5470 00007f8a48325bf0
0x00007f8a5181ea40:   00000000000000e6 00007f8a0e0e8bba
0x00007f8a5181ea50:   00007f8a5181eaa0 0000000000000000
0x00007f8a5181ea60:   00007f8a0e3dcf10 00007f8a0e3dcc32
0x00007f8a5181ea70:   00007f8a5181eaa0 00000000ffffff00
0x00007f8a5181ea80:   00007f8a5181eb20 00000000000000a0
0x00007f8a5181ea90:   000000000000005a 0000000000000000
0x00007f8a5181eaa0:   00007f8a4834f9b0 00007f8a50c9f53c
0x00007f8a5181eab0:   00007f8a49229490 0000000000000000
0x00007f8a5181eac0:   00007f8a4834f9b0 00007f8a50c9fdca
0x00007f8a5181ead0:   00007f8a5181ee20 00000000ffffff00
0x00007f8a5181eae0:   00007f8a485a5470 00007f8a491adee0
0x00007f8a5181eaf0:   0000001f00000000 00007f8a5181ec70
0x00007f8a5181eb00:   000000a00000005a 000000005181ebe8
0x00007f8a5181eb10:   00000000ffffff00 00000000000000a0
0x00007f8a5181eb20:   00007f8a5181ef80 00007f8a0de2c641
0x00007f8a5181eb30:   00007f8a5181ec44 00007f8a491ff910
0x00007f8a5181eb40:   00007f8a5181edb0 00007f8a00000000
0x00007f8a5181eb50:   00007f8a5181ec70 00007f8a5181f228
0x00007f8a5181eb60:   0000000000000014 00007f8a4834f9b0 

Instructions: (pc=0x00007f8a0de49704)
0x00007f8a0de496e4:   c7 e8 a6 9d fe ff 48 8d 85 98 fe ff ff 48 89 c7
0x00007f8a0de496f4:   e8 48 5b 1b 00 83 45 ec 01 48 8b 85 d0 fe ff ff
0x00007f8a0de49704:   8b 00 3b 45 ec 0f 9f c0 84 c0 0f 85 11 ff ff ff
0x00007f8a0de49714:   48 8d 85 d0 fe ff ff 48 89 c7 e8 0d 62 1b 00 48 

Register to memory mapping:

RAX=0x0000000000000000 is an unknown value
RBX=0x00007f8a485a5470 is an unknown value
RCX=0x0000000000000000 is an unknown value
RDX=0x0000000000000000 is an unknown value
RSP=0x00007f8a5181e970 is pointing into the stack for thread: 0x00007f8a4800a800
RBP=0x00007f8a5181eb20 is pointing into the stack for thread: 0x00007f8a4800a800
RSI=0x00007f8a50fe1770: <offset 0x3c6770> in /lib/x86_64-linux-gnu/libc.so.6 at 0x00007f8a50c1b000
RDI=0x00007f8a50fe0540: _IO_2_1_stderr_+0 in /lib/x86_64-linux-gnu/libc.so.6 at 0x00007f8a50c1b000
R8 =0x00007f8a50fe1770: <offset 0x3c6770> in /lib/x86_64-linux-gnu/libc.so.6 at 0x00007f8a50c1b000
R9 =0x00007f8a51820700 is pointing into the stack for thread: 0x00007f8a4800a800
R10=0x0000000000000001 is an unknown value
R11=0x0000000000000000 is an unknown value
R12=0x00000000000000a0 is an unknown value
R13=0x000000000000005a is an unknown value
R14=0x0000000000000000 is an unknown value
R15=0x00007f8a4834f9b0 is an unknown value


Stack: [0x00007f8a51720000,0x00007f8a51821000],  sp=0x00007f8a5181e970,  free space=1018k
Native frames: (J=compiled Java code, j=interpreted, Vv=VM code, C=native code)
C  [libaocr_x64.so+0xa5704]  Java_com_asprise_ocr_Ocr_doGetBuildInfo+0x18f3a
C  [libaocr_x64.so+0x88641]  Java_com_asprise_ocr_Ocr_doStart+0x3cc0
C  [libaocr_x64.so+0x8b7bf]  com_asprise_ocr_recognize+0x2451
C  [libaocr_x64.so+0x8c5b8]  Java_com_asprise_ocr_Ocr_doRecognize+0x150
j  com.asprise.ocr.Ocr.doRecognize(Ljava/lang/String;IIIIILjava/lang/String;Ljava/lang/String;Ljava/lang/String;Ljava/lang/String;Ljava/lang/String;)Ljava/lang/String;+0
j  com.asprise.ocr.Ocr.recognize(Ljava/lang/String;IIIIILjava/lang/String;Ljava/lang/String;[Ljava/lang/Object;)Ljava/lang/String;+135
j  ReadTextfrImage.main([Ljava/lang/String;)V+290
v  ~StubRoutines::call_stub
V  [libjvm.so+0x6020a5]  JavaCalls::call_helper(JavaValue*, methodHandle*, JavaCallArguments*, Thread*)+0x365
V  [libjvm.so+0x600b08]  JavaCalls::call(JavaValue*, methodHandle, JavaCallArguments*, Thread*)+0x28
V  [libjvm.so+0x63abb9]  jni_invoke_static(JNIEnv_*, JavaValue*, _jobject*, JNICallType, _jmethodID*, JNI_ArgumentPusher*, Thread*)+0x219
V  [libjvm.so+0x6437d2]  jni_CallStaticVoidMethod+0x162
C  [libjli.so+0x36d9]  JavaMain+0x7e9

Java frames: (J=compiled Java code, j=interpreted, Vv=VM code)
j  com.asprise.ocr.Ocr.doRecognize(Ljava/lang/String;IIIIILjava/lang/String;Ljava/lang/String;Ljava/lang/String;Ljava/lang/String;Ljava/lang/String;)Ljava/lang/String;+0
j  com.asprise.ocr.Ocr.recognize(Ljava/lang/String;IIIIILjava/lang/String;Ljava/lang/String;[Ljava/lang/Object;)Ljava/lang/String;+135
j  ReadTextfrImage.main([Ljava/lang/String;)V+290
v  ~StubRoutines::call_stub

---------------  P R O C E S S  ---------------

Java Threads: ( => current thread )
  0x00007f8a482b1000 JavaThread "Java2D Disposer" daemon [_thread_blocked, id=31160, stack(0x00007f8a3d5db000,0x00007f8a3d6dc000)]
  0x00007f8a48099000 JavaThread "Service Thread" daemon [_thread_blocked, id=31158, stack(0x00007f8a3f31e000,0x00007f8a3f41f000)]
  0x00007f8a48096800 JavaThread "C2 CompilerThread1" daemon [_thread_blocked, id=31157, stack(0x00007f8a3f41f000,0x00007f8a3f520000)]
  0x00007f8a48093800 JavaThread "C2 CompilerThread0" daemon [_thread_blocked, id=31156, stack(0x00007f8a3f520000,0x00007f8a3f621000)]
  0x00007f8a48091800 JavaThread "Signal Dispatcher" daemon [_thread_blocked, id=31155, stack(0x00007f8a3f621000,0x00007f8a3f722000)]
  0x00007f8a48070800 JavaThread "Finalizer" daemon [_thread_blocked, id=31154, stack(0x00007f8a3f9fa000,0x00007f8a3fafb000)]
  0x00007f8a4806e800 JavaThread "Reference Handler" daemon [_thread_blocked, id=31153, stack(0x00007f8a3fafb000,0x00007f8a3fbfc000)]
=>0x00007f8a4800a800 JavaThread "main" [_thread_in_native, id=31146, stack(0x00007f8a51720000,0x00007f8a51821000)]

Other Threads:
  0x00007f8a4806a000 VMThread [stack: 0x00007f8a3fbfc000,0x00007f8a3fcfd000] [id=31152]
  0x00007f8a480a3800 WatcherThread [stack: 0x00007f8a3f21d000,0x00007f8a3f31e000] [id=31159]

VM state:not at safepoint (normal execution)

VM Mutex/Monitor currently owned by a thread: None

Heap
 PSYoungGen      total 17920K, used 5038K [0x00000000ec200000, 0x00000000ed600000, 0x0000000100000000)
  eden space 15360K, 32% used [0x00000000ec200000,0x00000000ec6eba68,0x00000000ed100000)
  from space 2560K, 0% used [0x00000000ed380000,0x00000000ed380000,0x00000000ed600000)
  to   space 2560K, 0% used [0x00000000ed100000,0x00000000ed100000,0x00000000ed380000)
 ParOldGen       total 40448K, used 0K [0x00000000c4600000, 0x00000000c6d80000, 0x00000000ec200000)
  object space 40448K, 0% used [0x00000000c4600000,0x00000000c4600000,0x00000000c6d80000)
 PSPermGen       total 21504K, used 6056K [0x00000000bf400000, 0x00000000c0900000, 0x00000000c4600000)
  object space 21504K, 28% used [0x00000000bf400000,0x00000000bf9ea3d8,0x00000000c0900000)

Card table byte_map: [0x00007f8a4e7f8000,0x00007f8a4e9ff000] byte_map_base: 0x00007f8a4e1fe000

Polling page: 0x00007f8a5183f000

Code Cache  [0x00007f8a45000000, 0x00007f8a45270000, 0x00007f8a48000000)
 total_blobs=380 nmethods=31 adapters=303 free_code_cache=48615Kb largest_free_block=49763392

Compilation events (10 events):
Event: 0.797 Thread 0x00007f8a48093800 nmethod 26 0x00007f8a4507cad0 code [0x00007f8a4507cc20, 0x00007f8a4507ce58]
Event: 0.815 Thread 0x00007f8a48096800 nmethod 25 0x00007f8a45088210 code [0x00007f8a45088360, 0x00007f8a45088fa8]
Event: 1.203 Thread 0x00007f8a48093800   28 %           sun.security.provider.DigestBase::engineUpdate @ 136 (188 bytes)
Event: 1.207 Thread 0x00007f8a48093800 nmethod 28% 0x00007f8a450813d0 code [0x00007f8a45081540, 0x00007f8a45081768]
Event: 1.207 Thread 0x00007f8a48096800   29             sun.security.provider.DigestBase::engineUpdate (188 bytes)
Event: 1.212 Thread 0x00007f8a48096800 nmethod 29 0x00007f8a45080bd0 code [0x00007f8a45080d40, 0x00007f8a450810f8]
Event: 1.250 Thread 0x00007f8a48093800   30             sun.security.provider.DigestBase::engineUpdate (188 bytes)
Event: 1.257 Thread 0x00007f8a48093800 nmethod 30 0x00007f8a45083d90 code [0x00007f8a45083f00, 0x00007f8a45084278]
Event: 1.401 Thread 0x00007f8a48096800   31             java.util.zip.ZStreamRef::address (5 bytes)
Event: 1.401 Thread 0x00007f8a48096800 nmethod 31 0x00007f8a45089290 code [0x00007f8a450893c0, 0x00007f8a45089418]

GC Heap History (0 events):
No events

Deoptimization events (3 events):
Event: 0.685 Thread 0x00007f8a4800a800 Uncommon trap: reason=unstable_if action=reinterpret pc=0x00007f8a4506196c method=java.lang.String.indexOf([CII[CIII)I @ 3
Event: 1.172 Thread 0x00007f8a4800a800 Uncommon trap: reason=unstable_if action=reinterpret pc=0x00007f8a4507d1dc method=sun.security.provider.DigestBase.engineUpdate([BII)V @ 168
Event: 1.243 Thread 0x00007f8a4800a800 Uncommon trap: reason=unstable_if action=reinterpret pc=0x00007f8a45081044 method=sun.security.provider.DigestBase.engineUpdate([BII)V @ 119

Internal exceptions (10 events):
Event: 0.154 Thread 0x00007f8a4800a800 Threw 0x00000000ec4e93a8 at /HUDSON/workspace/7u-2-build-linux-amd64/jdk7u80/2329/hotspot/src/share/vm/prims/jvm.cpp:1319
Event: 0.155 Thread 0x00007f8a4800a800 Threw 0x00000000ec4ee8c0 at /HUDSON/workspace/7u-2-build-linux-amd64/jdk7u80/2329/hotspot/src/share/vm/prims/jvm.cpp:1319
Event: 0.156 Thread 0x00007f8a4800a800 Threw 0x00000000ec4f6f48 at /HUDSON/workspace/7u-2-build-linux-amd64/jdk7u80/2329/hotspot/src/share/vm/prims/jvm.cpp:1319
Event: 0.156 Thread 0x00007f8a4800a800 Threw 0x00000000ec4fd688 at /HUDSON/workspace/7u-2-build-linux-amd64/jdk7u80/2329/hotspot/src/share/vm/prims/jvm.cpp:1319
Event: 0.162 Thread 0x00007f8a4800a800 Threw 0x00000000ec5213a0 at /HUDSON/workspace/7u-2-build-linux-amd64/jdk7u80/2329/hotspot/src/share/vm/prims/jvm.cpp:1319
Event: 0.657 Thread 0x00007f8a4800a800 Threw 0x00000000ec672b70 at /HUDSON/workspace/7u-2-build-linux-amd64/jdk7u80/2329/hotspot/src/share/vm/prims/jvm.cpp:1319
Event: 0.660 Thread 0x00007f8a4800a800 Threw 0x00000000ec68a948 at /HUDSON/workspace/7u-2-build-linux-amd64/jdk7u80/2329/hotspot/src/share/vm/prims/jvm.cpp:1319
Event: 0.662 Thread 0x00007f8a4800a800 Threw 0x00000000ec68f080 at /HUDSON/workspace/7u-2-build-linux-amd64/jdk7u80/2329/hotspot/src/share/vm/prims/jvm.cpp:1319
Event: 0.673 Thread 0x00007f8a4800a800 Threw 0x00000000ec69d728 at /HUDSON/workspace/7u-2-build-linux-amd64/jdk7u80/2329/hotspot/src/share/vm/prims/jvm.cpp:1319
Event: 0.675 Thread 0x00007f8a4800a800 Threw 0x00000000ec6abb10 at /HUDSON/workspace/7u-2-build-linux-amd64/jdk7u80/2329/hotspot/src/share/vm/prims/jvm.cpp:1319

Events (10 events):
Event: 1.187 loading class 0x00007f8a44fc7ae0 done
Event: 1.188 loading class 0x00007f8a1c084f80
Event: 1.190 loading class 0x00007f8a1c084f80 done
Event: 1.243 Thread 0x00007f8a4800a800 Uncommon trap: trap_request=0xffffff75 fr.pc=0x00007f8a45081044
Event: 1.243 Thread 0x00007f8a4800a800 DEOPT PACKING pc=0x00007f8a45081044 sp=0x00007f8a5181ee00
Event: 1.243 Thread 0x00007f8a4800a800 DEOPT UNPACKING pc=0x00007f8a45039445 sp=0x00007f8a5181edd8 mode 2
Event: 1.665 loading class 0x00007f8a44f91be0
Event: 1.703 loading class 0x00007f8a44f91be0 done
Event: 1.703 loading class 0x00007f8a44facf80
Event: 1.704 loading class 0x00007f8a44facf80 done


Dynamic libraries:
00400000-00401000 r-xp 00000000 08:02 13769971                           /usr/lib/jvm/jdk1.7.0_80/bin/java
00600000-00601000 rw-p 00000000 08:02 13769971                           /usr/lib/jvm/jdk1.7.0_80/bin/java
0142a000-0144b000 rw-p 00000000 00:00 0                                  [heap]
bf400000-c0900000 rw-p 00000000 00:00 0 
c0900000-c4600000 rw-p 00000000 00:00 0 
c4600000-c6d80000 rw-p 00000000 00:00 0 
c6d80000-ec200000 rw-p 00000000 00:00 0 
ec200000-ed600000 rw-p 00000000 00:00 0 
ed600000-100000000 rw-p 00000000 00:00 0 
7f8a08000000-7f8a08021000 rw-p 00000000 00:00 0 
7f8a08021000-7f8a0c000000 ---p 00000000 00:00 0 
7f8a0cbde000-7f8a0dda4000 rw-p 00000000 00:00 0 
7f8a0dda4000-7f8a0e4e8000 r-xp 00000000 08:02 16646150                   /tmp/libaocr_x64.so
7f8a0e4e8000-7f8a0e6e7000 ---p 00744000 08:02 16646150                   /tmp/libaocr_x64.so
7f8a0e6e7000-7f8a0fd69000 rw-p 00743000 08:02 16646150                   /tmp/libaocr_x64.so
7f8a0fd69000-7f8a10000000 rw-p 00000000 00:00 0 
7f8a10000000-7f8a10021000 rw-p 00000000 00:00 0 
7f8a10021000-7f8a14000000 ---p 00000000 00:00 0 
7f8a14000000-7f8a14021000 rw-p 00000000 00:00 0 
7f8a14021000-7f8a18000000 ---p 00000000 00:00 0 
7f8a18000000-7f8a182d8000 rw-p 00000000 00:00 0 
7f8a182d8000-7f8a1c000000 ---p 00000000 00:00 0 
7f8a1c000000-7f8a1c232000 rw-p 00000000 00:00 0 
7f8a1c232000-7f8a20000000 ---p 00000000 00:00 0 
7f8a20000000-7f8a20021000 rw-p 00000000 00:00 0 
7f8a20021000-7f8a24000000 ---p 00000000 00:00 0 
7f8a24000000-7f8a24021000 rw-p 00000000 00:00 0 
7f8a24021000-7f8a28000000 ---p 00000000 00:00 0 
7f8a28000000-7f8a28021000 rw-p 00000000 00:00 0 
7f8a28021000-7f8a2c000000 ---p 00000000 00:00 0 
7f8a2c000000-7f8a2c021000 rw-p 00000000 00:00 0 
7f8a2c021000-7f8a30000000 ---p 00000000 00:00 0 
7f8a30000000-7f8a30021000 rw-p 00000000 00:00 0 
7f8a30021000-7f8a34000000 ---p 00000000 00:00 0 
7f8a34000000-7f8a34021000 rw-p 00000000 00:00 0 
7f8a34021000-7f8a38000000 ---p 00000000 00:00 0 
7f8a38000000-7f8a38021000 rw-p 00000000 00:00 0 
7f8a38021000-7f8a3c000000 ---p 00000000 00:00 0 
7f8a3cb78000-7f8a3cdee000 rw-p 00000000 00:00 0 
7f8a3cdee000-7f8a3ce04000 r-xp 00000000 08:02 24908221                   /lib/x86_64-linux-gnu/libgcc_s.so.1
7f8a3ce04000-7f8a3d003000 ---p 00016000 08:02 24908221                   /lib/x86_64-linux-gnu/libgcc_s.so.1
7f8a3d003000-7f8a3d004000 rw-p 00015000 08:02 24908221                   /lib/x86_64-linux-gnu/libgcc_s.so.1
7f8a3d004000-7f8a3d176000 r-xp 00000000 08:02 12067707                   /usr/lib/x86_64-linux-gnu/libstdc++.so.6.0.21
7f8a3d176000-7f8a3d376000 ---p 00172000 08:02 12067707                   /usr/lib/x86_64-linux-gnu/libstdc++.so.6.0.21
7f8a3d376000-7f8a3d380000 r--p 00172000 08:02 12067707                   /usr/lib/x86_64-linux-gnu/libstdc++.so.6.0.21
7f8a3d380000-7f8a3d382000 rw-p 0017c000 08:02 12067707                   /usr/lib/x86_64-linux-gnu/libstdc++.so.6.0.21
7f8a3d382000-7f8a3d386000 rw-p 00000000 00:00 0 
7f8a3d3a0000-7f8a3d3da000 r-xp 00000000 08:02 13646715                   /usr/lib/jvm/jdk1.7.0_80/jre/lib/amd64/libjpeg.so
7f8a3d3da000-7f8a3d5da000 ---p 0003a000 08:02 13646715                   /usr/lib/jvm/jdk1.7.0_80/jre/lib/amd64/libjpeg.so
7f8a3d5da000-7f8a3d5db000 rw-p 0003a000 08:02 13646715                   /usr/lib/jvm/jdk1.7.0_80/jre/lib/amd64/libjpeg.so
7f8a3d5db000-7f8a3d5de000 ---p 00000000 00:00 0 
7f8a3d5de000-7f8a3d6dc000 rw-p 00000000 00:00 0 
7f8a3d6dc000-7f8a3d6e1000 r-xp 00000000 08:02 12066558                   /usr/lib/x86_64-linux-gnu/libXdmcp.so.6.0.0
7f8a3d6e1000-7f8a3d8e0000 ---p 00005000 08:02 12066558                   /usr/lib/x86_64-linux-gnu/libXdmcp.so.6.0.0
7f8a3d8e0000-7f8a3d8e1000 r--p 00004000 08:02 12066558                   /usr/lib/x86_64-linux-gnu/libXdmcp.so.6.0.0
7f8a3d8e1000-7f8a3d8e2000 rw-p 00005000 08:02 12066558                   /usr/lib/x86_64-linux-gnu/libXdmcp.so.6.0.0
7f8a3d8e2000-7f8a3d8e4000 r-xp 00000000 08:02 12066547                   /usr/lib/x86_64-linux-gnu/libXau.so.6.0.0
7f8a3d8e4000-7f8a3dae4000 ---p 00002000 08:02 12066547                   /usr/lib/x86_64-linux-gnu/libXau.so.6.0.0
7f8a3dae4000-7f8a3dae5000 r--p 00002000 08:02 12066547                   /usr/lib/x86_64-linux-gnu/libXau.so.6.0.0
7f8a3dae5000-7f8a3dae6000 rw-p 00003000 08:02 12066547                   /usr/lib/x86_64-linux-gnu/libXau.so.6.0.0
7f8a3dae6000-7f8a3db07000 r-xp 00000000 08:02 12067956                   /usr/lib/x86_64-linux-gnu/libxcb.so.1.1.0
7f8a3db07000-7f8a3dd06000 ---p 00021000 08:02 12067956                   /usr/lib/x86_64-linux-gnu/libxcb.so.1.1.0
7f8a3dd06000-7f8a3dd07000 r--p 00020000 08:02 12067956                   /usr/lib/x86_64-linux-gnu/libxcb.so.1.1.0
7f8a3dd07000-7f8a3dd08000 rw-p 00021000 08:02 12067956                   /usr/lib/x86_64-linux-gnu/libxcb.so.1.1.0
7f8a3dd08000-7f8a3dd17000 r-xp 00000000 08:02 12066568                   /usr/lib/x86_64-linux-gnu/libXi.so.6.1.0
7f8a3dd17000-7f8a3df16000 ---p 0000f000 08:02 12066568                   /usr/lib/x86_64-linux-gnu/libXi.so.6.1.0
7f8a3df16000-7f8a3df17000 r--p 0000e000 08:02 12066568                   /usr/lib/x86_64-linux-gnu/libXi.so.6.1.0
7f8a3df17000-7f8a3df18000 rw-p 0000f000 08:02 12066568                   /usr/lib/x86_64-linux-gnu/libXi.so.6.1.0
7f8a3df18000-7f8a3df1d000 r-xp 00000000 08:02 12066586                   /usr/lib/x86_64-linux-gnu/libXtst.so.6.1.0
7f8a3df1d000-7f8a3e11c000 ---p 00005000 08:02 12066586                   /usr/lib/x86_64-linux-gnu/libXtst.so.6.1.0
7f8a3e11c000-7f8a3e11d000 r--p 00004000 08:02 12066586                   /usr/lib/x86_64-linux-gnu/libXtst.so.6.1.0
7f8a3e11d000-7f8a3e11e000 rw-p 00005000 08:02 12066586                   /usr/lib/x86_64-linux-gnu/libXtst.so.6.1.0
7f8a3e11e000-7f8a3e127000 r-xp 00000000 08:02 12066580                   /usr/lib/x86_64-linux-gnu/libXrender.so.1.3.0
7f8a3e127000-7f8a3e326000 ---p 00009000 08:02 12066580                   /usr/lib/x86_64-linux-gnu/libXrender.so.1.3.0
7f8a3e326000-7f8a3e327000 r--p 00008000 08:02 12066580                   /usr/lib/x86_64-linux-gnu/libXrender.so.1.3.0
7f8a3e327000-7f8a3e328000 rw-p 00009000 08:02 12066580                   /usr/lib/x86_64-linux-gnu/libXrender.so.1.3.0
7f8a3e328000-7f8a3e45d000 r-xp 00000000 08:02 12066543                   /usr/lib/x86_64-linux-gnu/libX11.so.6.3.0
7f8a3e45d000-7f8a3e65d000 ---p 00135000 08:02 12066543                   /usr/lib/x86_64-linux-gnu/libX11.so.6.3.0
7f8a3e65d000-7f8a3e65e000 r--p 00135000 08:02 12066543                   /usr/lib/x86_64-linux-gnu/libX11.so.6.3.0
7f8a3e65e000-7f8a3e662000 rw-p 00136000 08:02 12066543                   /usr/lib/x86_64-linux-gnu/libX11.so.6.3.0
7f8a3e662000-7f8a3e673000 r-xp 00000000 08:02 12066560                   /usr/lib/x86_64-linux-gnu/libXext.so.6.4.0
7f8a3e673000-7f8a3e872000 ---p 00011000 08:02 12066560                   /usr/lib/x86_64-linux-gnu/libXext.so.6.4.0
7f8a3e872000-7f8a3e873000 r--p 00010000 08:02 12066560                   /usr/lib/x86_64-linux-gnu/libXext.so.6.4.0
7f8a3e873000-7f8a3e874000 rw-p 00011000 08:02 12066560                   /usr/lib/x86_64-linux-gnu/libXext.so.6.4.0
7f8a3e88a000-7f8a3e88e000 r--s 0008b000 08:02 13647318                   /usr/lib/jvm/jdk1.7.0_80/jre/lib/jsse.jar
7f8a3e88e000-7f8a3e8de000 r-xp 00000000 08:02 13646705                   /usr/lib/jvm/jdk1.7.0_80/jre/lib/amd64/xawt/libmawt.so
7f8a3e8de000-7f8a3eade000 ---p 00050000 08:02 13646705                   /usr/lib/jvm/jdk1.7.0_80/jre/lib/amd64/xawt/libmawt.so
7f8a3eade000-7f8a3eae2000 rw-p 00050000 08:02 13646705                   /usr/lib/jvm/jdk1.7.0_80/jre/lib/amd64/xawt/libmawt.so
7f8a3eae2000-7f8a3eae3000 rw-p 00000000 00:00 0 
7f8a3eae3000-7f8a3eb85000 r-xp 00000000 08:02 13646725                   /usr/lib/jvm/jdk1.7.0_80/jre/lib/amd64/libawt.so
7f8a3eb85000-7f8a3ed85000 ---p 000a2000 08:02 13646725                   /usr/lib/jvm/jdk1.7.0_80/jre/lib/amd64/libawt.so
7f8a3ed85000-7f8a3ed91000 rw-p 000a2000 08:02 13646725                   /usr/lib/jvm/jdk1.7.0_80/jre/lib/amd64/libawt.so
7f8a3ed91000-7f8a3edb5000 rw-p 00000000 00:00 0 
7f8a3edb5000-7f8a3edb8000 r--s 07cb5000 08:02 8136923                    /home/headrun/Downloads/java-ocr-api-15.3.0.3.jar
7f8a3edb8000-7f8a3edbb000 r--s 00017000 08:02 8132360                    /home/headrun/Downloads/marvin_1.5.5.jar
7f8a3edbb000-7f8a3ee49000 rw-p 00000000 00:00 0 
7f8a3ee49000-7f8a3f1dc000 r--s 03191000 08:02 8128837                    /home/headrun/Downloads/tika-app-1.17.jar
7f8a3f1dc000-7f8a3f1f2000 r--s 0023f000 08:02 8139468                    /home/headrun/Downloads/pdfbox-2.0.3.jar
7f8a3f1f2000-7f8a3f1f8000 r--s 00163000 08:02 8139467                    /home/headrun/Downloads/fontbox-2.0.3.jar
7f8a3f1f8000-7f8a3f206000 r--s 00083000 08:02 8141858                    /home/headrun/Downloads/opencv-3.0.0-1.0.jar
7f8a3f206000-7f8a3f209000 r--s 031c7000 08:02 12847991                   /home/headrun/Downloads/asprise-ocr-java-15.3.1-trial-linux/aocr.jar
7f8a3f209000-7f8a3f213000 r--s 00081000 08:02 13108978                   /home/headrun/Downloads/jar_files (1)/xmlgraphics-commons-1.4.jar
7f8a3f213000-7f8a3f21d000 r--s 00069000 08:02 13110945                   /home/headrun/Downloads/jar_files (1)/logback-core-1.1.7.jar
7f8a3f21d000-7f8a3f21e000 ---p 00000000 00:00 0 
7f8a3f21e000-7f8a3f31e000 rw-p 00000000 00:00 0 
7f8a3f31e000-7f8a3f321000 ---p 00000000 00:00 0 
7f8a3f321000-7f8a3f41f000 rw-p 00000000 00:00 0 
7f8a3f41f000-7f8a3f422000 ---p 00000000 00:00 0 
7f8a3f422000-7f8a3f520000 rw-p 00000000 00:00 0 
7f8a3f520000-7f8a3f523000 ---p 00000000 00:00 0 
7f8a3f523000-7f8a3f621000 rw-p 00000000 00:00 0 
7f8a3f621000-7f8a3f624000 ---p 00000000 00:00 0 
7f8a3f624000-7f8a3f722000 rw-p 00000000 00:00 0 
7f8a3f722000-7f8a3f9fa000 r--p 00000000 08:02 12058653                   /usr/lib/locale/locale-archive
7f8a3f9fa000-7f8a3f9fd000 ---p 00000000 00:00 0 
7f8a3f9fd000-7f8a3fafb000 rw-p 00000000 00:00 0 
7f8a3fafb000-7f8a3fafe000 ---p 00000000 00:00 0 
7f8a3fafe000-7f8a3fbfc000 rw-p 00000000 00:00 0 
7f8a3fbfc000-7f8a3fbfd000 ---p 00000000 00:00 0 
7f8a3fbfd000-7f8a40000000 rw-p 00000000 00:00 0 
7f8a40000000-7f8a40021000 rw-p 00000000 00:00 0 
7f8a40021000-7f8a44000000 ---p 00000000 00:00 0 
7f8a44000000-7f8a44002000 r--s 02050000 08:02 13110944                   /home/headrun/Downloads/jar_files (1)/tess4j-3.2.1.jar
7f8a44002000-7f8a44006000 r--s 00015000 08:02 13110932                   /home/headrun/Downloads/jar_files (1)/rococoa-core-0.5.jar
7f8a44006000-7f8a4400d000 r--s 00044000 08:02 13110925                   /home/headrun/Downloads/jar_files (1)/logback-classic-1.1.7.jar
7f8a4400d000-7f8a4400f000 r--s 00004000 08:02 13109142                   /home/headrun/Downloads/jar_files (1)/log4j-over-slf4j-1.7.21.jar
7f8a4400f000-7f8a44018000 r--s 0006f000 08:02 13108979                   /home/headrun/Downloads/jar_files (1)/log4j-1.2.17.jar
7f8a44018000-7f8a4401d000 r--s 00229000 08:02 13110922                   /home/headrun/Downloads/jar_files (1)/lept4j-1.2.3.jar
7f8a4401d000-7f8a4401f000 r--s 00000000 08:02 13110924                   /home/headrun/Downloads/jar_files (1)/jul-to-slf4j-1.7.21.jar
7f8a4401f000-7f8a44023000 r--s 000dc000 08:02 13109139                   /home/headrun/Downloads/jar_files (1)/jna-4.1.0.jar
7f8a44023000-7f8a44025000 r--s 00003000 08:02 13110923                   /home/headrun/Downloads/jar_files (1)/jcl-over-slf4j-1.7.21.jar
7f8a44025000-7f8a44030000 r--s 00088000 08:02 13109141                   /home/headrun/Downloads/jar_files (1)/jai-imageio-core-1.3.1.jar
7f8a44030000-7f8a4403c000 r--s 00108000 08:02 13108977                   /home/headrun/Downloads/jar_files (1)/itext-2.1.7.jar
7f8a4403c000-7f8a44041000 r--s 00028000 08:02 13109140                   /home/headrun/Downloads/jar_files (1)/ghost4j-1.0.1.jar
7f8a44041000-7f8a4404f000 r--s 0007f000 08:02 13110929                   /home/headrun/Downloads/jar_files (1)/commons-collections-3.2.1.jar
7f8a4404f000-7f8a4405d000 r--s 00374000 08:02 13901063                   /home/headrun/Downloads/PDFxStream.Java-3.5.0/lib/PDFxStream.jar
7f8a4405d000-7f8a4406c000 r--s 0017c000 08:02 13646600                   /home/headrun/Downloads/itextpdf-5.1.0.jar
7f8a4406c000-7f8a44d47000 rw-p 00000000 00:00 0 
7f8a44d47000-7f8a44f07000 r--s 039fb000 08:02 13647374                   /usr/lib/jvm/jdk1.7.0_80/jre/lib/rt.jar
7f8a44f07000-7f8a45000000 rw-p 00000000 00:00 0 
7f8a45000000-7f8a45270000 rwxp 00000000 00:00 0 
7f8a45270000-7f8a49305000 rw-p 00000000 00:00 0 
7f8a49305000-7f8a4c000000 ---p 00000000 00:00 0 
7f8a4c001000-7f8a4c006000 r--s 00035000 08:02 13110930                   /home/headrun/Downloads/jar_files (1)/commons-beanutils-1.9.2.jar
7f8a4c006000-7f8a4e28d000 rw-p 00000000 00:00 0 
7f8a4e28d000-7f8a4e28e000 ---p 00000000 00:00 0 
7f8a4e28e000-7f8a4e38e000 rw-p 00000000 00:00 0 
7f8a4e38e000-7f8a4e38f000 ---p 00000000 00:00 0 
7f8a4e38f000-7f8a4e48f000 rw-p 00000000 00:00 0 
7f8a4e48f000-7f8a4e490000 ---p 00000000 00:00 0 
7f8a4e490000-7f8a4e590000 rw-p 00000000 00:00 0 
7f8a4e590000-7f8a4e591000 ---p 00000000 00:00 0 
7f8a4e591000-7f8a4e69c000 rw-p 00000000 00:00 0 
7f8a4e69c000-7f8a4e6ba000 rw-p 00000000 00:00 0 
7f8a4e6ba000-7f8a4e6ce000 rw-p 00000000 00:00 0 
7f8a4e6ce000-7f8a4e7f8000 rw-p 00000000 00:00 0 
7f8a4e7f8000-7f8a4e803000 rw-p 00000000 00:00 0 
7f8a4e803000-7f8a4e821000 rw-p 00000000 00:00 0 
7f8a4e821000-7f8a4e835000 rw-p 00000000 00:00 0 
7f8a4e835000-7f8a4e95f000 rw-p 00000000 00:00 0 
7f8a4e95f000-7f8a4e969000 rw-p 00000000 00:00 0 
7f8a4e969000-7f8a4e9fe000 rw-p 00000000 00:00 0 
7f8a4e9fe000-7f8a4e9ff000 rw-p 00000000 00:00 0 
7f8a4e9ff000-7f8a4ea16000 r-xp 00000000 08:02 13646721                   /usr/lib/jvm/jdk1.7.0_80/jre/lib/amd64/libzip.so
7f8a4ea16000-7f8a4ec16000 ---p 00017000 08:02 13646721                   /usr/lib/jvm/jdk1.7.0_80/jre/lib/amd64/libzip.so
7f8a4ec16000-7f8a4ec17000 rw-p 00017000 08:02 13646721                   /usr/lib/jvm/jdk1.7.0_80/jre/lib/amd64/libzip.so
7f8a4ec17000-7f8a4ec22000 r-xp 00000000 08:02 24909811                   /lib/x86_64-linux-gnu/libnss_files-2.23.so
7f8a4ec22000-7f8a4ee21000 ---p 0000b000 08:02 24909811                   /lib/x86_64-linux-gnu/libnss_files-2.23.so
7f8a4ee21000-7f8a4ee22000 r--p 0000a000 08:02 24909811                   /lib/x86_64-linux-gnu/libnss_files-2.23.so
7f8a4ee22000-7f8a4ee23000 rw-p 0000b000 08:02 24909811                   /lib/x86_64-linux-gnu/libnss_files-2.23.so
7f8a4ee23000-7f8a4ee29000 rw-p 00000000 00:00 0 
7f8a4ee29000-7f8a4ee34000 r-xp 00000000 08:02 24909815                   /lib/x86_64-linux-gnu/libnss_nis-2.23.so
7f8a4ee34000-7f8a4f033000 ---p 0000b000 08:02 24909815                   /lib/x86_64-linux-gnu/libnss_nis-2.23.so
7f8a4f033000-7f8a4f034000 r--p 0000a000 08:02 24909815                   /lib/x86_64-linux-gnu/libnss_nis-2.23.so
7f8a4f034000-7f8a4f035000 rw-p 0000b000 08:02 24909815                   /lib/x86_64-linux-gnu/libnss_nis-2.23.so
7f8a4f035000-7f8a4f04b000 r-xp 00000000 08:02 24909795                   /lib/x86_64-linux-gnu/libnsl-2.23.so
7f8a4f04b000-7f8a4f24a000 ---p 00016000 08:02 24909795                   /lib/x86_64-linux-gnu/libnsl-2.23.so
7f8a4f24a000-7f8a4f24b000 r--p 00015000 08:02 24909795                   /lib/x86_64-linux-gnu/libnsl-2.23.so
7f8a4f24b000-7f8a4f24c000 rw-p 00016000 08:02 24909795                   /lib/x86_64-linux-gnu/libnsl-2.23.so
7f8a4f24c000-7f8a4f24e000 rw-p 00000000 00:00 0 
7f8a4f24e000-7f8a4f256000 r-xp 00000000 08:02 24909806                   /lib/x86_64-linux-gnu/libnss_compat-2.23.so
7f8a4f256000-7f8a4f455000 ---p 00008000 08:02 24909806                   /lib/x86_64-linux-gnu/libnss_compat-2.23.so
7f8a4f455000-7f8a4f456000 r--p 00007000 08:02 24909806                   /lib/x86_64-linux-gnu/libnss_compat-2.23.so
7f8a4f456000-7f8a4f457000 rw-p 00008000 08:02 24909806                   /lib/x86_64-linux-gnu/libnss_compat-2.23.so
7f8a4f457000-7f8a4f480000 r-xp 00000000 08:02 13646687                   /usr/lib/jvm/jdk1.7.0_80/jre/lib/amd64/libjava.so
7f8a4f480000-7f8a4f680000 ---p 00029000 08:02 13646687                   /usr/lib/jvm/jdk1.7.0_80/jre/lib/amd64/libjava.so
7f8a4f680000-7f8a4f682000 rw-p 00029000 08:02 13646687                   /usr/lib/jvm/jdk1.7.0_80/jre/lib/amd64/libjava.so
7f8a4f682000-7f8a4f68f000 r-xp 00000000 08:02 13646714                   /usr/lib/jvm/jdk1.7.0_80/jre/lib/amd64/libverify.so
7f8a4f68f000-7f8a4f88e000 ---p 0000d000 08:02 13646714                   /usr/lib/jvm/jdk1.7.0_80/jre/lib/amd64/libverify.so
7f8a4f88e000-7f8a4f890000 rw-p 0000c000 08:02 13646714                   /usr/lib/jvm/jdk1.7.0_80/jre/lib/amd64/libverify.so
7f8a4f890000-7f8a4f897000 r-xp 00000000 08:02 24909816                   /lib/x86_64-linux-gnu/librt-2.23.so
7f8a4f897000-7f8a4fa96000 ---p 00007000 08:02 24909816                   /lib/x86_64-linux-gnu/librt-2.23.so
7f8a4fa96000-7f8a4fa97000 r--p 00006000 08:02 24909816                   /lib/x86_64-linux-gnu/librt-2.23.so
7f8a4fa97000-7f8a4fa98000 rw-p 00007000 08:02 24909816                   /lib/x86_64-linux-gnu/librt-2.23.so
7f8a4fa98000-7f8a4fba0000 r-xp 00000000 08:02 24909793                   /lib/x86_64-linux-gnu/libm-2.23.so
7f8a4fba0000-7f8a4fd9f000 ---p 00108000 08:02 24909793                   /lib/x86_64-linux-gnu/libm-2.23.so
7f8a4fd9f000-7f8a4fda0000 r--p 00107000 08:02 24909793                   /lib/x86_64-linux-gnu/libm-2.23.so
7f8a4fda0000-7f8a4fda1000 rw-p 00108000 08:02 24909793                   /lib/x86_64-linux-gnu/libm-2.23.so
7f8a4fda1000-7f8a50917000 r-xp 00000000 08:02 13646741                   /usr/lib/jvm/jdk1.7.0_80/jre/lib/amd64/server/libjvm.so
7f8a50917000-7f8a50b16000 ---p 00b76000 08:02 13646741                   /usr/lib/jvm/jdk1.7.0_80/jre/lib/amd64/server/libjvm.so
7f8a50b16000-7f8a50bda000 rw-p 00b75000 08:02 13646741                   /usr/lib/jvm/jdk1.7.0_80/jre/lib/amd64/server/libjvm.so
7f8a50bda000-7f8a50c1b000 rw-p 00000000 00:00 0 
7f8a50c1b000-7f8a50ddb000 r-xp 00000000 08:02 24909798                   /lib/x86_64-linux-gnu/libc-2.23.so
7f8a50ddb000-7f8a50fdb000 ---p 001c0000 08:02 24909798                   /lib/x86_64-linux-gnu/libc-2.23.so
7f8a50fdb000-7f8a50fdf000 r--p 001c0000 08:02 24909798                   /lib/x86_64-linux-gnu/libc-2.23.so
7f8a50fdf000-7f8a50fe1000 rw-p 001c4000 08:02 24909798                   /lib/x86_64-linux-gnu/libc-2.23.so
7f8a50fe1000-7f8a50fe5000 rw-p 00000000 00:00 0 
7f8a50fe5000-7f8a50fe8000 r-xp 00000000 08:02 24909800                   /lib/x86_64-linux-gnu/libdl-2.23.so
7f8a50fe8000-7f8a511e7000 ---p 00003000 08:02 24909800                   /lib/x86_64-linux-gnu/libdl-2.23.so
7f8a511e7000-7f8a511e8000 r--p 00002000 08:02 24909800                   /lib/x86_64-linux-gnu/libdl-2.23.so
7f8a511e8000-7f8a511e9000 rw-p 00003000 08:02 24909800                   /lib/x86_64-linux-gnu/libdl-2.23.so
7f8a511e9000-7f8a511fe000 r-xp 00000000 08:02 13647422                   /usr/lib/jvm/jdk1.7.0_80/lib/amd64/jli/libjli.so
7f8a511fe000-7f8a513fd000 ---p 00015000 08:02 13647422                   /usr/lib/jvm/jdk1.7.0_80/lib/amd64/jli/libjli.so
7f8a513fd000-7f8a513fe000 rw-p 00014000 08:02 13647422                   /usr/lib/jvm/jdk1.7.0_80/lib/amd64/jli/libjli.so
7f8a513fe000-7f8a51416000 r-xp 00000000 08:02 24909797                   /lib/x86_64-linux-gnu/libpthread-2.23.so
7f8a51416000-7f8a51615000 ---p 00018000 08:02 24909797                   /lib/x86_64-linux-gnu/libpthread-2.23.so
7f8a51615000-7f8a51616000 r--p 00017000 08:02 24909797                   /lib/x86_64-linux-gnu/libpthread-2.23.so
7f8a51616000-7f8a51617000 rw-p 00018000 08:02 24909797                   /lib/x86_64-linux-gnu/libpthread-2.23.so
7f8a51617000-7f8a5161b000 rw-p 00000000 00:00 0 
7f8a5161b000-7f8a51641000 r-xp 00000000 08:02 24909796                   /lib/x86_64-linux-gnu/ld-2.23.so
7f8a51641000-7f8a51642000 r--s 00009000 08:02 13110928                   /home/headrun/Downloads/jar_files (1)/slf4j-api-1.7.20.jar
7f8a51642000-7f8a51644000 r--s 0000d000 08:02 13108980                   /home/headrun/Downloads/jar_files (1)/commons-logging-1.1.1.jar
7f8a51644000-7f8a5164b000 r--s 00040000 08:02 13110927                   /home/headrun/Downloads/jar_files (1)/cglib-2.2.2.jar
7f8a5164b000-7f8a5166a000 rw-p 00000000 00:00 0 
7f8a5166a000-7f8a51720000 rw-p 00000000 00:00 0 
7f8a51720000-7f8a51723000 ---p 00000000 00:00 0 
7f8a51723000-7f8a51826000 rw-p 00000000 00:00 0 
7f8a51826000-7f8a5182a000 r--s 0002f000 08:02 13110931                   /home/headrun/Downloads/jar_files (1)/commons-io-2.5.jar
7f8a5182a000-7f8a5182b000 r--s 0000a000 08:02 13110926                   /home/headrun/Downloads/jar_files (1)/asm-3.3.1.jar
7f8a5182b000-7f8a51836000 r--s 0037c000 08:02 13647395                   /usr/lib/jvm/jdk1.7.0_80/jre/lib/charsets.jar
7f8a51836000-7f8a5183e000 rw-s 00000000 08:02 19139732                   /tmp/hsperfdata_headrun/31140
7f8a5183e000-7f8a5183f000 rw-p 00000000 00:00 0 
7f8a5183f000-7f8a51840000 r--p 00000000 00:00 0 
7f8a51840000-7f8a51841000 r--p 00025000 08:02 24909796                   /lib/x86_64-linux-gnu/ld-2.23.so
7f8a51841000-7f8a51842000 rw-p 00026000 08:02 24909796                   /lib/x86_64-linux-gnu/ld-2.23.so
7f8a51842000-7f8a51843000 rw-p 00000000 00:00 0 
7ffde5ca3000-7ffde5cc5000 rw-p 00000000 00:00 0                          [stack]
7ffde5d5d000-7ffde5d60000 r--p 00000000 00:00 0                          [vvar]
7ffde5d60000-7ffde5d62000 r-xp 00000000 00:00 0                          [vdso]
ffffffffff600000-ffffffffff601000 r-xp 00000000 00:00 0                  [vsyscall]

VM Arguments:
jvm_args: -Dfile.encoding=UTF-8 
java_command: ReadTextfrImage
Launcher Type: SUN_STANDARD

Environment Variables:
JAVA_HOME=/usr/lib/jvm/java-8-oracle
CLASSPATH=/usr/lib/jvm/jdk1.7.0_80/lib/tools.jar:/usr/lib/jvm/jdk1.7.0_80/jre/rt.jar
PATH=/home/headrun/bin:/home/headrun/.local/bin:/usr/lib/jvm/jdk1.7.0_80/bin:/usr/local/sbin:/usr/local/bin:/usr/sbin:/usr/bin:/sbin:/bin:/usr/games:/usr/local/games:/snap/bin:/usr/lib/jvm/java-8-oracle/bin:/usr/lib/jvm/java-8-oracle/db/bin:/usr/lib/jvm/java-8-oracle/jre/bin
SHELL=/bin/bash
DISPLAY=:0

Signal Handlers:
SIGSEGV: [libjvm.so+0x9a3b20], sa_mask[0]=0x7ffbfeff, sa_flags=0x10000004
SIGBUS: [libjvm.so+0x9a3b20], sa_mask[0]=0x7ffbfeff, sa_flags=0x10000004
SIGFPE: [libjvm.so+0x81e740], sa_mask[0]=0x7ffbfeff, sa_flags=0x10000004
SIGPIPE: [libjvm.so+0x81e740], sa_mask[0]=0x7ffbfeff, sa_flags=0x10000004
SIGXFSZ: [libjvm.so+0x81e740], sa_mask[0]=0x7ffbfeff, sa_flags=0x10000004
SIGILL: [libjvm.so+0x81e740], sa_mask[0]=0x7ffbfeff, sa_flags=0x10000004
SIGUSR1: SIG_DFL, sa_mask[0]=0x00000000, sa_flags=0x00000000
SIGUSR2: [libjvm.so+0x81ffb0], sa_mask[0]=0x00000004, sa_flags=0x10000004
SIGHUP: [libjvm.so+0x8210d0], sa_mask[0]=0x7ffbfeff, sa_flags=0x10000004
SIGINT: [libjvm.so+0x8210d0], sa_mask[0]=0x7ffbfeff, sa_flags=0x10000004
SIGTERM: [libjvm.so+0x8210d0], sa_mask[0]=0x7ffbfeff, sa_flags=0x10000004
SIGQUIT: [libjvm.so+0x8210d0], sa_mask[0]=0x7ffbfeff, sa_flags=0x10000004


---------------  S Y S T E M  ---------------

OS:stretch/sid

uname:Linux 4.13.0-32-generic #35~16.04.1-Ubuntu SMP Thu Jan 25 10:13:43 UTC 2018 x86_64
libc:glibc 2.23 NPTL 2.23 
rlimit: STACK 8192k, CORE 0k, NPROC 14968, NOFILE 1048576, AS infinity
load average:0.50 0.29 0.16

/proc/meminfo:
MemTotal:        3900928 kB
MemFree:          781060 kB
MemAvailable:    1000304 kB
Buffers:           29040 kB
Cached:           654748 kB
SwapCached:        69324 kB
Active:          2248140 kB
Inactive:         640392 kB
Active(anon):    2038076 kB
Inactive(anon):   454924 kB
Active(file):     210064 kB
Inactive(file):   185468 kB
Unevictable:         368 kB
Mlocked:             368 kB
SwapTotal:       4055036 kB
SwapFree:        3371516 kB
Dirty:               528 kB
Writeback:             0 kB
AnonPages:       2191460 kB
Mapped:           296048 kB
Shmem:            288208 kB
Slab:             107216 kB
SReclaimable:      52496 kB
SUnreclaim:        54720 kB
KernelStack:       19872 kB
PageTables:        53540 kB
NFS_Unstable:          0 kB
Bounce:                0 kB
WritebackTmp:          0 kB
CommitLimit:     6005500 kB
Committed_AS:   11290984 kB
VmallocTotal:   34359738367 kB
VmallocUsed:           0 kB
VmallocChunk:          0 kB
HardwareCorrupted:     0 kB
AnonHugePages:         0 kB
ShmemHugePages:        0 kB
ShmemPmdMapped:        0 kB
CmaTotal:              0 kB
CmaFree:               0 kB
HugePages_Total:       0
HugePages_Free:        0
HugePages_Rsvd:        0
HugePages_Surp:        0
Hugepagesize:       2048 kB
DirectMap4k:      237040 kB
DirectMap2M:     3819520 kB


CPU:total 4 (2 cores per cpu, 2 threads per core) family 6 model 58 stepping 9, cmov, cx8, fxsr, mmx, sse, sse2, sse3, ssse3, sse4.1, sse4.2, popcnt, avx, erms, ht, tsc, tscinvbit, tscinv

/proc/cpuinfo:
processor	: 0
vendor_id	: GenuineIntel
cpu family	: 6
model		: 58
model name	: Intel(R) Core(TM) i3-3110M CPU @ 2.40GHz
stepping	: 9
microcode	: 0x15
cpu MHz		: 2394.374
cache size	: 3072 KB
physical id	: 0
siblings	: 4
core id		: 0
cpu cores	: 2
apicid		: 0
initial apicid	: 0
fpu		: yes
fpu_exception	: yes
cpuid level	: 13
wp		: yes
flags		: fpu vme de pse tsc msr pae mce cx8 apic sep mtrr pge mca cmov pat pse36 clflush dts acpi mmx fxsr sse sse2 ss ht tm pbe syscall nx rdtscp lm constant_tsc arch_perfmon pebs bts rep_good nopl xtopology nonstop_tsc cpuid aperfmperf pni pclmulqdq dtes64 monitor ds_cpl vmx est tm2 ssse3 cx16 xtpr pdcm pcid sse4_1 sse4_2 x2apic popcnt tsc_deadline_timer xsave avx f16c lahf_lm cpuid_fault epb pti tpr_shadow vnmi flexpriority ept vpid fsgsbase smep erms xsaveopt dtherm arat pln pts
bugs		: cpu_meltdown spectre_v1 spectre_v2
bogomips	: 4788.74
clflush size	: 64
cache_alignment	: 64
address sizes	: 36 bits physical, 48 bits virtual
power management:

processor	: 1
vendor_id	: GenuineIntel
cpu family	: 6
model		: 58
model name	: Intel(R) Core(TM) i3-3110M CPU @ 2.40GHz
stepping	: 9
microcode	: 0x15
cpu MHz		: 2394.374
cache size	: 3072 KB
physical id	: 0
siblings	: 4
core id		: 1
cpu cores	: 2
apicid		: 2
initial apicid	: 2
fpu		: yes
fpu_exception	: yes
cpuid level	: 13
wp		: yes
flags		: fpu vme de pse tsc msr pae mce cx8 apic sep mtrr pge mca cmov pat pse36 clflush dts acpi mmx fxsr sse sse2 ss ht tm pbe syscall nx rdtscp lm constant_tsc arch_perfmon pebs bts rep_good nopl xtopology nonstop_tsc cpuid aperfmperf pni pclmulqdq dtes64 monitor ds_cpl vmx est tm2 ssse3 cx16 xtpr pdcm pcid sse4_1 sse4_2 x2apic popcnt tsc_deadline_timer xsave avx f16c lahf_lm cpuid_fault epb pti tpr_shadow vnmi flexpriority ept vpid fsgsbase smep erms xsaveopt dtherm arat pln pts
bugs		: cpu_meltdown spectre_v1 spectre_v2
bogomips	: 4788.74
clflush size	: 64
cache_alignment	: 64
address sizes	: 36 bits physical, 48 bits virtual
power management:

processor	: 2
vendor_id	: GenuineIntel
cpu family	: 6
model		: 58
model name	: Intel(R) Core(TM) i3-3110M CPU @ 2.40GHz
stepping	: 9
microcode	: 0x15
cpu MHz		: 2394.374
cache size	: 3072 KB
physical id	: 0
siblings	: 4
core id		: 0
cpu cores	: 2
apicid		: 1
initial apicid	: 1
fpu		: yes
fpu_exception	: yes
cpuid level	: 13
wp		: yes
flags		: fpu vme de pse tsc msr pae mce cx8 apic sep mtrr pge mca cmov pat pse36 clflush dts acpi mmx fxsr sse sse2 ss ht tm pbe syscall nx rdtscp lm constant_tsc arch_perfmon pebs bts rep_good nopl xtopology nonstop_tsc cpuid aperfmperf pni pclmulqdq dtes64 monitor ds_cpl vmx est tm2 ssse3 cx16 xtpr pdcm pcid sse4_1 sse4_2 x2apic popcnt tsc_deadline_timer xsave avx f16c lahf_lm cpuid_fault epb pti tpr_shadow vnmi flexpriority ept vpid fsgsbase smep erms xsaveopt dtherm arat pln pts
bugs		: cpu_meltdown spectre_v1 spectre_v2
bogomips	: 4788.74
clflush size	: 64
cache_alignment	: 64
address sizes	: 36 bits physical, 48 bits virtual
power management:

processor	: 3
vendor_id	: GenuineIntel
cpu family	: 6
model		: 58
model name	: Intel(R) Core(TM) i3-3110M CPU @ 2.40GHz
stepping	: 9
microcode	: 0x15
cpu MHz		: 2394.374
cache size	: 3072 KB
physical id	: 0
siblings	: 4
core id		: 1
cpu cores	: 2
apicid		: 3
initial apicid	: 3
fpu		: yes
fpu_exception	: yes
cpuid level	: 13
wp		: yes
flags		: fpu vme de pse tsc msr pae mce cx8 apic sep mtrr pge mca cmov pat pse36 clflush dts acpi mmx fxsr sse sse2 ss ht tm pbe syscall nx rdtscp lm constant_tsc arch_perfmon pebs bts rep_good nopl xtopology nonstop_tsc cpuid aperfmperf pni pclmulqdq dtes64 monitor ds_cpl vmx est tm2 ssse3 cx16 xtpr pdcm pcid sse4_1 sse4_2 x2apic popcnt tsc_deadline_timer xsave avx f16c lahf_lm cpuid_fault epb pti tpr_shadow vnmi flexpriority ept vpid fsgsbase smep erms xsaveopt dtherm arat pln pts
bugs		: cpu_meltdown spectre_v1 spectre_v2
bogomips	: 4788.74
clflush size	: 64
cache_alignment	: 64
address sizes	: 36 bits physical, 48 bits virtual
power management:



Memory: 4k page, physical 3900928k(781060k free), swap 4055036k(3371516k free)

vm_info: Java HotSpot(TM) 64-Bit Server VM (24.80-b11) for linux-amd64 JRE (1.7.0_80-b15), built on Apr 10 2015 19:53:14 by "java_re" with gcc 4.3.0 20080428 (Red Hat 4.3.0-8)

time: Sat Feb 10 23:58:32 2018
elapsed time: 2 seconds

