#
# A fatal error has been detected by the Java Runtime Environment:
#
#  SIGSEGV (0xb) at pc=0x00007fc524ae313d, pid=9590, tid=140485186537216
#
# JRE version: Java(TM) SE Runtime Environment (7.0_80-b15) (build 1.7.0_80-b15)
# Java VM: Java HotSpot(TM) 64-Bit Server VM (24.80-b11 mixed mode linux-amd64 compressed oops)
# Problematic frame:
# C  [libtesseract.so.3.0.4+0x1f413d]  tesseract::HistogramRect(Pix*, int, int, int, int, int, int*)+0xfd
#
# Failed to write core dump. Core dumps have been disabled. To enable core dumping, try "ulimit -c unlimited" before starting Java again
#
# If you would like to submit a bug report, please visit:
#   http://bugreport.java.com/bugreport/crash.jsp
# The crash happened outside the Java Virtual Machine in native code.
# See problematic frame for where to report the bug.
#

---------------  T H R E A D  ---------------

Current thread (0x00007fc53800a800):  JavaThread "main" [_thread_in_native, id=9592, stack(0x00007fc54193c000,0x00007fc541a3d000)]

siginfo:si_signo=SIGSEGV: si_errno=0, si_code=2 (SEGV_ACCERR), si_addr=0x00007fc5393c9003

Registers:
RAX=0x0000000000000139, RBX=0x00007fc541a39c40, RCX=0x00007fc5393c9003, RDX=0x00007fc5393c9004
RSP=0x00007fc541a39b80, RBP=0x0000000000000190, RSI=0x0000000000000004, RDI=0x00007fc5393c8b20
R8 =0x000000000000012c, R9 =0x0000000000000448, R10=0x00007fc538000078, R11=0x00007fc538000078
R12=0x0000000000000004, R13=0x00000000000000b8, R14=0x0000000000000190, R15=0x00007fc53925c850
RIP=0x00007fc524ae313d, EFLAGS=0x0000000000010206, CSGSFS=0x002b000000000033, ERR=0x0000000000000004
  TRAPNO=0x000000000000000e

Top of Stack: (sp=0x00007fc541a39b80)
0x00007fc541a39b80:   0000011200000000 000000000000012c
0x00007fc541a39b90:   00007fc541a3a0a8 0000000000000000
0x00007fc541a39ba0:   00007fc541a39c40 00007fc541a3a0b0
0x00007fc541a39bb0:   0000000000000000 00007fc541a3a0a8
0x00007fc541a39bc0:   0000000000000000 00007fc524ae33d9
0x00007fc541a39bd0:   00007fc541a39c40 00007fc524ae3314
0x00007fc541a39be0:   00007fc53800b080 00007fc53925c850
0x00007fc541a39bf0:   0000006400000004 0000019000000064
0x00007fc541a39c00:   00007fc541a39c38 00007fc541a39c3c
0x00007fc541a39c10:   00000000000000c8 0000000000000000
0x00007fc541a39c20:   00007fc539363e10 0000000000000001
0x00007fc541a39c30:   00000000bf444259 00007fc541a39c88
0x00007fc541a39c40:   0000004c000002b0 0000005b00000044
0x00007fc541a39c50:   0000004900000057 0000003a00000055
0x00007fc541a39c60:   000000250000002c 0000001a0000002d
0x00007fc541a39c70:   0000001700000019 000000130000002a
0x00007fc541a39c80:   0000000d00000018 0000000d0000001b
0x00007fc541a39c90:   0000002100000010 0000001100000012
0x00007fc541a39ca0:   0000001000000013 0000000c00000016
0x00007fc541a39cb0:   0000001300000016 0000000b00000018
0x00007fc541a39cc0:   000000140000000e 0000001200000011
0x00007fc541a39cd0:   000000220000001c 0000001f0000001d
0x00007fc541a39ce0:   0000002c00000019 0000001b0000001c
0x00007fc541a39cf0:   0000001600000018 0000001e00000016
0x00007fc541a39d00:   0000001700000016 000000160000000f
0x00007fc541a39d10:   0000001a00000017 000000240000001a
0x00007fc541a39d20:   0000001e00000022 0000001100000026
0x00007fc541a39d30:   000000220000001f 0000001e00000024
0x00007fc541a39d40:   000000360000002b 000000210000002e
0x00007fc541a39d50:   0000001a00000039 0000002e00000026
0x00007fc541a39d60:   0000003a00000029 0000004a0000002f
0x00007fc541a39d70:   0000003600000033 0000004c0000004a 

Instructions: (pc=0x00007fc524ae313d)
0x00007fc524ae311d:   1f 40 00 31 c0 85 ed 48 89 fa 7e 1f 0f 1f 80 00
0x00007fc524ae312d:   00 00 00 48 89 d1 83 c0 01 48 01 f2 48 83 f1 03
0x00007fc524ae313d:   0f b6 09 83 04 8b 01 39 c5 75 e8 41 83 c5 01 4c
0x00007fc524ae314d:   01 cf 45 39 e8 75 cc 48 83 c4 18 5b 5d 41 5c 41 

Register to memory mapping:

RAX=0x0000000000000139 is an unknown value
RBX=0x00007fc541a39c40 is pointing into the stack for thread: 0x00007fc53800a800
RCX=0x00007fc5393c9003 is an unknown value
RDX=0x00007fc5393c9004 is an unknown value
RSP=0x00007fc541a39b80 is pointing into the stack for thread: 0x00007fc53800a800
RBP=0x0000000000000190 is an unknown value
RSI=0x0000000000000004 is an unknown value
RDI=0x00007fc5393c8b20 is an unknown value
R8 =0x000000000000012c is an unknown value
R9 =0x0000000000000448 is an unknown value
R10=0x00007fc538000078 is an unknown value
R11=0x00007fc538000078 is an unknown value
R12=0x0000000000000004 is an unknown value
R13=0x00000000000000b8 is an unknown value
R14=0x0000000000000190 is an unknown value
R15=0x00007fc53925c850 is an unknown value


Stack: [0x00007fc54193c000,0x00007fc541a3d000],  sp=0x00007fc541a39b80,  free space=1014k
Native frames: (J=compiled Java code, j=interpreted, Vv=VM code, C=native code)
C  [libtesseract.so.3.0.4+0x1f413d]  tesseract::HistogramRect(Pix*, int, int, int, int, int, int*)+0xfd

[error occurred during error reporting (printing native stack), id 0xb]

Java frames: (J=compiled Java code, j=interpreted, Vv=VM code)
j  com.sun.jna.Native.invokePointer(JI[Ljava/lang/Object;)J+0
j  com.sun.jna.Function.invokePointer(I[Ljava/lang/Object;)Lcom/sun/jna/Pointer;+6
j  com.sun.jna.Function.invoke([Ljava/lang/Object;Ljava/lang/Class;Z)Ljava/lang/Object;+426
j  com.sun.jna.Function.invoke(Ljava/lang/Class;[Ljava/lang/Object;Ljava/util/Map;)Ljava/lang/Object;+262
j  com.sun.jna.Library$Handler.invoke(Ljava/lang/Object;Ljava/lang/reflect/Method;[Ljava/lang/Object;)Ljava/lang/Object;+316
j  com.sun.proxy.$Proxy0.TessBaseAPIGetUTF8Text(Lnet/sourceforge/tess4j/ITessAPI$TessBaseAPI;)Lcom/sun/jna/Pointer;+16
j  net.sourceforge.tess4j.Tesseract.getOCRText(Ljava/lang/String;I)Ljava/lang/String;+62
j  net.sourceforge.tess4j.Tesseract.doOCR(Ljava/util/List;Ljava/lang/String;Ljava/awt/Rectangle;)Ljava/lang/String;+69
j  net.sourceforge.tess4j.Tesseract.doOCR(Ljava/util/List;Ljava/awt/Rectangle;)Ljava/lang/String;+4
j  net.sourceforge.tess4j.Tesseract.doOCR(Ljava/awt/image/BufferedImage;Ljava/awt/Rectangle;)Ljava/lang/String;+6
j  TesseractExample.main([Ljava/lang/String;)V+69
v  ~StubRoutines::call_stub

---------------  P R O C E S S  ---------------

Java Threads: ( => current thread )
  0x00007fc538341800 JavaThread "Java2D Disposer" daemon [_thread_blocked, id=9609, stack(0x00007fc5253c4000,0x00007fc5254c5000)]
  0x00007fc538099000 JavaThread "Service Thread" daemon [_thread_blocked, id=9607, stack(0x00007fc527520000,0x00007fc527621000)]
  0x00007fc538096800 JavaThread "C2 CompilerThread1" daemon [_thread_blocked, id=9606, stack(0x00007fc527621000,0x00007fc527722000)]
  0x00007fc538093800 JavaThread "C2 CompilerThread0" daemon [_thread_blocked, id=9605, stack(0x00007fc527722000,0x00007fc527823000)]
  0x00007fc538091800 JavaThread "Signal Dispatcher" daemon [_thread_blocked, id=9604, stack(0x00007fc527823000,0x00007fc527924000)]
  0x00007fc538070800 JavaThread "Finalizer" daemon [_thread_blocked, id=9603, stack(0x00007fc527bfc000,0x00007fc527cfd000)]
  0x00007fc53806e800 JavaThread "Reference Handler" daemon [_thread_blocked, id=9602, stack(0x00007fc527cfd000,0x00007fc527dfe000)]
=>0x00007fc53800a800 JavaThread "main" [_thread_in_native, id=9592, stack(0x00007fc54193c000,0x00007fc541a3d000)]

Other Threads:
  0x00007fc53806a000 VMThread [stack: 0x00007fc527dfe000,0x00007fc527eff000] [id=9601]
  0x00007fc5380a3800 WatcherThread [stack: 0x00007fc52741f000,0x00007fc527520000] [id=9608]

VM state:not at safepoint (normal execution)

VM Mutex/Monitor currently owned by a thread: None

Heap
 PSYoungGen      total 17920K, used 7874K [0x00000000ec200000, 0x00000000ed600000, 0x0000000100000000)
  eden space 15360K, 34% used [0x00000000ec200000,0x00000000ec736750,0x00000000ed100000)
  from space 2560K, 99% used [0x00000000ed100000,0x00000000ed37a118,0x00000000ed380000)
  to   space 2560K, 0% used [0x00000000ed380000,0x00000000ed380000,0x00000000ed600000)
 ParOldGen       total 40448K, used 728K [0x00000000c4600000, 0x00000000c6d80000, 0x00000000ec200000)
  object space 40448K, 1% used [0x00000000c4600000,0x00000000c46b6058,0x00000000c6d80000)
 PSPermGen       total 21504K, used 9908K [0x00000000bf400000, 0x00000000c0900000, 0x00000000c4600000)
  object space 21504K, 46% used [0x00000000bf400000,0x00000000bfdad230,0x00000000c0900000)

Card table byte_map: [0x00007fc53ea14000,0x00007fc53ec1b000] byte_map_base: 0x00007fc53e41a000

Polling page: 0x00007fc541a5b000

Code Cache  [0x00007fc535000000, 0x00007fc535270000, 0x00007fc538000000)
 total_blobs=358 nmethods=54 adapters=257 free_code_cache=48572Kb largest_free_block=49716096

Compilation events (10 events):
Event: 1.190 Thread 0x00007fc538096800 nmethod 50 0x00007fc5350884d0 code [0x00007fc535088840, 0x00007fc53508a030]
Event: 1.190 Thread 0x00007fc538096800   51             java.util.Arrays::copyOf (19 bytes)
Event: 1.193 Thread 0x00007fc538096800 nmethod 51 0x00007fc535086790 code [0x00007fc5350868e0, 0x00007fc535086ad8]
Event: 1.196 Thread 0x00007fc538096800   52 %           com.github.jaiimageio.impl.plugins.tiff.TIFFImageWriter::writeTile @ 869 (3310 bytes)
Event: 1.235 Thread 0x00007fc538096800 nmethod 52% 0x00007fc535087110 code [0x00007fc5350872c0, 0x00007fc535087b78]
Event: 1.235 Thread 0x00007fc538096800   53             sun.awt.image.ByteInterleavedRaster::getByteData (851 bytes)
Event: 1.255 Thread 0x00007fc538096800 nmethod 53 0x00007fc535085750 code [0x00007fc5350858e0, 0x00007fc5350862b8]
Event: 1.265 Thread 0x00007fc538093800 nmethod 49 0x00007fc53508fed0 code [0x00007fc535090440, 0x00007fc535092cd8]
Event: 1.279 Thread 0x00007fc538096800   54             java.lang.AbstractStringBuilder::<init> (12 bytes)
Event: 1.281 Thread 0x00007fc538096800 nmethod 54 0x00007fc535086e10 code [0x00007fc535086f60, 0x00007fc535087078]

GC Heap History (2 events):
Event: 1.092 GC heap before
{Heap before GC invocations=1 (full 0):
 PSYoungGen      total 17920K, used 15360K [0x00000000ec200000, 0x00000000ed600000, 0x0000000100000000)
  eden space 15360K, 100% used [0x00000000ec200000,0x00000000ed100000,0x00000000ed100000)
  from space 2560K, 0% used [0x00000000ed380000,0x00000000ed380000,0x00000000ed600000)
  to   space 2560K, 0% used [0x00000000ed100000,0x00000000ed100000,0x00000000ed380000)
 ParOldGen       total 40448K, used 0K [0x00000000c4600000, 0x00000000c6d80000, 0x00000000ec200000)
  object space 40448K, 0% used [0x00000000c4600000,0x00000000c4600000,0x00000000c6d80000)
 PSPermGen       total 21504K, used 9085K [0x00000000bf400000, 0x00000000c0900000, 0x00000000c4600000)
  object space 21504K, 42% used [0x00000000bf400000,0x00000000bfcdf5c8,0x00000000c0900000)
Event: 1.099 GC heap after
Heap after GC invocations=1 (full 0):
 PSYoungGen      total 17920K, used 2536K [0x00000000ec200000, 0x00000000ed600000, 0x0000000100000000)
  eden space 15360K, 0% used [0x00000000ec200000,0x00000000ec200000,0x00000000ed100000)
  from space 2560K, 99% used [0x00000000ed100000,0x00000000ed37a118,0x00000000ed380000)
  to   space 2560K, 0% used [0x00000000ed380000,0x00000000ed380000,0x00000000ed600000)
 ParOldGen       total 40448K, used 728K [0x00000000c4600000, 0x00000000c6d80000, 0x00000000ec200000)
  object space 40448K, 1% used [0x00000000c4600000,0x00000000c46b6058,0x00000000c6d80000)
 PSPermGen       total 21504K, used 9085K [0x00000000bf400000, 0x00000000c0900000, 0x00000000c4600000)
  object space 21504K, 42% used [0x00000000bf400000,0x00000000bfcdf5c8,0x00000000c0900000)
}

Deoptimization events (0 events):
No events

Internal exceptions (10 events):
Event: 1.290 Thread 0x00007fc53800a800 Threw 0x00000000ec656c40 at /HUDSON/workspace/7u-2-build-linux-amd64/jdk7u80/2329/hotspot/src/share/vm/prims/jvm.cpp:1319
Event: 1.291 Thread 0x00007fc53800a800 Threw 0x00000000ec65b2a8 at /HUDSON/workspace/7u-2-build-linux-amd64/jdk7u80/2329/hotspot/src/share/vm/prims/jvm.cpp:1319
Event: 1.291 Thread 0x00007fc53800a800 Threw 0x00000000ec65f5f0 at /HUDSON/workspace/7u-2-build-linux-amd64/jdk7u80/2329/hotspot/src/share/vm/prims/jvm.cpp:1319
Event: 1.292 Thread 0x00007fc53800a800 Threw 0x00000000ec664cb0 at /HUDSON/workspace/7u-2-build-linux-amd64/jdk7u80/2329/hotspot/src/share/vm/prims/jvm.cpp:1319
Event: 1.293 Thread 0x00007fc53800a800 Threw 0x00000000ec6691c0 at /HUDSON/workspace/7u-2-build-linux-amd64/jdk7u80/2329/hotspot/src/share/vm/prims/jvm.cpp:1319
Event: 1.293 Thread 0x00007fc53800a800 Threw 0x00000000ec66d878 at /HUDSON/workspace/7u-2-build-linux-amd64/jdk7u80/2329/hotspot/src/share/vm/prims/jvm.cpp:1319
Event: 1.294 Thread 0x00007fc53800a800 Threw 0x00000000ec671c28 at /HUDSON/workspace/7u-2-build-linux-amd64/jdk7u80/2329/hotspot/src/share/vm/prims/jvm.cpp:1319
Event: 1.294 Thread 0x00007fc53800a800 Threw 0x00000000ec6760d0 at /HUDSON/workspace/7u-2-build-linux-amd64/jdk7u80/2329/hotspot/src/share/vm/prims/jvm.cpp:1319
Event: 1.295 Thread 0x00007fc53800a800 Threw 0x00000000ec67a578 at /HUDSON/workspace/7u-2-build-linux-amd64/jdk7u80/2329/hotspot/src/share/vm/prims/jvm.cpp:1319
Event: 1.305 Thread 0x00007fc53800a800 Threw 0x00000000ec6eaa70 at /HUDSON/workspace/7u-2-build-linux-amd64/jdk7u80/2329/hotspot/src/share/vm/prims/jvm.cpp:1319

Events (10 events):
Event: 1.308 loading class 0x00007fc50415a9a0
Event: 1.308 loading class 0x00007fc50415a9a0 done
Event: 1.308 loading class 0x00007fc50415bd40
Event: 1.308 loading class 0x00007fc50415bd40 done
Event: 1.308 loading class 0x00007fc50415a9c0
Event: 1.308 loading class 0x00007fc50415a9c0 done
Event: 1.308 loading class 0x00007fc50415bdb0
Event: 1.308 loading class 0x00007fc50415bdb0 done
Event: 1.308 loading class 0x00007fc50415bf50
Event: 1.308 loading class 0x00007fc50415bf50 done


Dynamic libraries:
00400000-00401000 r-xp 00000000 08:02 13769971                           /usr/lib/jvm/jdk1.7.0_80/bin/java
00600000-00601000 rw-p 00000000 08:02 13769971                           /usr/lib/jvm/jdk1.7.0_80/bin/java
00c44000-00c65000 rw-p 00000000 00:00 0                                  [heap]
bf400000-c0900000 rw-p 00000000 00:00 0 
c0900000-c4600000 rw-p 00000000 00:00 0 
c4600000-c6d80000 rw-p 00000000 00:00 0 
c6d80000-ec200000 rw-p 00000000 00:00 0 
ec200000-ed600000 rw-p 00000000 00:00 0 
ed600000-100000000 rw-p 00000000 00:00 0 
7fc4f6c72000-7fc4f7bd0000 rw-p 00000000 00:00 0 
7fc4f7bd0000-7fc4f7bdb000 r-xp 00000000 08:02 12067290                   /usr/lib/x86_64-linux-gnu/libjbig.so.0
7fc4f7bdb000-7fc4f7dda000 ---p 0000b000 08:02 12067290                   /usr/lib/x86_64-linux-gnu/libjbig.so.0
7fc4f7dda000-7fc4f7ddb000 r--p 0000a000 08:02 12067290                   /usr/lib/x86_64-linux-gnu/libjbig.so.0
7fc4f7ddb000-7fc4f7dde000 rw-p 0000b000 08:02 12067290                   /usr/lib/x86_64-linux-gnu/libjbig.so.0
7fc4f7dde000-7fc4f7dff000 r-xp 00000000 08:02 24908250                   /lib/x86_64-linux-gnu/liblzma.so.5.0.0
7fc4f7dff000-7fc4f7ffe000 ---p 00021000 08:02 24908250                   /lib/x86_64-linux-gnu/liblzma.so.5.0.0
7fc4f7ffe000-7fc4f7fff000 r--p 00020000 08:02 24908250                   /lib/x86_64-linux-gnu/liblzma.so.5.0.0
7fc4f7fff000-7fc4f8000000 rw-p 00021000 08:02 24908250                   /lib/x86_64-linux-gnu/liblzma.so.5.0.0
7fc4f8000000-7fc4f8021000 rw-p 00000000 00:00 0 
7fc4f8021000-7fc4fc000000 ---p 00000000 00:00 0 
7fc4fc000000-7fc4fc021000 rw-p 00000000 00:00 0 
7fc4fc021000-7fc500000000 ---p 00000000 00:00 0 
7fc50004a000-7fc500080000 r-xp 00000000 08:02 12064354                   /usr/lib/x86_64-linux-gnu/libopenjp2.so.2.1.0
7fc500080000-7fc50027f000 ---p 00036000 08:02 12064354                   /usr/lib/x86_64-linux-gnu/libopenjp2.so.2.1.0
7fc50027f000-7fc500280000 r--p 00035000 08:02 12064354                   /usr/lib/x86_64-linux-gnu/libopenjp2.so.2.1.0
7fc500280000-7fc500281000 rw-p 00036000 08:02 12064354                   /usr/lib/x86_64-linux-gnu/libopenjp2.so.2.1.0
7fc500281000-7fc5002da000 r-xp 00000000 08:02 12067858                   /usr/lib/x86_64-linux-gnu/libwebp.so.5.0.4
7fc5002da000-7fc5004da000 ---p 00059000 08:02 12067858                   /usr/lib/x86_64-linux-gnu/libwebp.so.5.0.4
7fc5004da000-7fc5004db000 r--p 00059000 08:02 12067858                   /usr/lib/x86_64-linux-gnu/libwebp.so.5.0.4
7fc5004db000-7fc5004dd000 rw-p 0005a000 08:02 12067858                   /usr/lib/x86_64-linux-gnu/libwebp.so.5.0.4
7fc5004dd000-7fc50054d000 r-xp 00000000 08:02 12059053                   /usr/lib/x86_64-linux-gnu/libtiff.so.5.2.4
7fc50054d000-7fc50074d000 ---p 00070000 08:02 12059053                   /usr/lib/x86_64-linux-gnu/libtiff.so.5.2.4
7fc50074d000-7fc50074e000 r--p 00070000 08:02 12059053                   /usr/lib/x86_64-linux-gnu/libtiff.so.5.2.4
7fc50074e000-7fc500751000 rw-p 00071000 08:02 12059053                   /usr/lib/x86_64-linux-gnu/libtiff.so.5.2.4
7fc500751000-7fc5007a8000 r-xp 00000000 08:02 12067294                   /usr/lib/x86_64-linux-gnu/libjpeg.so.8.0.2
7fc5007a8000-7fc5009a8000 ---p 00057000 08:02 12067294                   /usr/lib/x86_64-linux-gnu/libjpeg.so.8.0.2
7fc5009a8000-7fc5009a9000 r--p 00057000 08:02 12067294                   /usr/lib/x86_64-linux-gnu/libjpeg.so.8.0.2
7fc5009a9000-7fc5009aa000 rw-p 00058000 08:02 12067294                   /usr/lib/x86_64-linux-gnu/libjpeg.so.8.0.2
7fc5009aa000-7fc5009ce000 r-xp 00000000 08:02 24908324                   /lib/x86_64-linux-gnu/libpng12.so.0.54.0
7fc5009ce000-7fc500bcd000 ---p 00024000 08:02 24908324                   /lib/x86_64-linux-gnu/libpng12.so.0.54.0
7fc500bcd000-7fc500bce000 r--p 00023000 08:02 24908324                   /lib/x86_64-linux-gnu/libpng12.so.0.54.0
7fc500bce000-7fc500bcf000 rw-p 00024000 08:02 24908324                   /lib/x86_64-linux-gnu/libpng12.so.0.54.0
7fc500bcf000-7fc500be8000 r-xp 00000000 08:02 24905186                   /lib/x86_64-linux-gnu/libz.so.1.2.8
7fc500be8000-7fc500de7000 ---p 00019000 08:02 24905186                   /lib/x86_64-linux-gnu/libz.so.1.2.8
7fc500de7000-7fc500de8000 r--p 00018000 08:02 24905186                   /lib/x86_64-linux-gnu/libz.so.1.2.8
7fc500de8000-7fc500de9000 rw-p 00019000 08:02 24905186                   /lib/x86_64-linux-gnu/libz.so.1.2.8
7fc500de9000-7fc500dff000 r-xp 00000000 08:02 24908221                   /lib/x86_64-linux-gnu/libgcc_s.so.1
7fc500dff000-7fc500ffe000 ---p 00016000 08:02 24908221                   /lib/x86_64-linux-gnu/libgcc_s.so.1
7fc500ffe000-7fc500fff000 rw-p 00015000 08:02 24908221                   /lib/x86_64-linux-gnu/libgcc_s.so.1
7fc500fff000-7fc504000000 rw-p 00000000 00:00 0 
7fc504000000-7fc5043d8000 rw-p 00000000 00:00 0 
7fc5043d8000-7fc508000000 ---p 00000000 00:00 0 
7fc508000000-7fc508021000 rw-p 00000000 00:00 0 
7fc508021000-7fc50c000000 ---p 00000000 00:00 0 
7fc50c000000-7fc50c021000 rw-p 00000000 00:00 0 
7fc50c021000-7fc510000000 ---p 00000000 00:00 0 
7fc510000000-7fc5104b4000 rw-p 00000000 00:00 0 
7fc5104b4000-7fc514000000 ---p 00000000 00:00 0 
7fc514000000-7fc514021000 rw-p 00000000 00:00 0 
7fc514021000-7fc518000000 ---p 00000000 00:00 0 
7fc518000000-7fc518021000 rw-p 00000000 00:00 0 
7fc518021000-7fc51c000000 ---p 00000000 00:00 0 
7fc51c000000-7fc51c021000 rw-p 00000000 00:00 0 
7fc51c021000-7fc520000000 ---p 00000000 00:00 0 
7fc520000000-7fc520021000 rw-p 00000000 00:00 0 
7fc520021000-7fc524000000 ---p 00000000 00:00 0 
7fc524007000-7fc524110000 rw-p 00000000 00:00 0 
7fc524110000-7fc524282000 r-xp 00000000 08:02 12067707                   /usr/lib/x86_64-linux-gnu/libstdc++.so.6.0.21
7fc524282000-7fc524482000 ---p 00172000 08:02 12067707                   /usr/lib/x86_64-linux-gnu/libstdc++.so.6.0.21
7fc524482000-7fc52448c000 r--p 00172000 08:02 12067707                   /usr/lib/x86_64-linux-gnu/libstdc++.so.6.0.21
7fc52448c000-7fc52448e000 rw-p 0017c000 08:02 12067707                   /usr/lib/x86_64-linux-gnu/libstdc++.so.6.0.21
7fc52448e000-7fc524492000 rw-p 00000000 00:00 0 
7fc524492000-7fc5246cf000 r-xp 00000000 08:02 12066280                   /usr/lib/liblept.so.5.0.0
7fc5246cf000-7fc5248ce000 ---p 0023d000 08:02 12066280                   /usr/lib/liblept.so.5.0.0
7fc5248ce000-7fc5248cf000 r--p 0023c000 08:02 12066280                   /usr/lib/liblept.so.5.0.0
7fc5248cf000-7fc5248d5000 rw-p 0023d000 08:02 12066280                   /usr/lib/liblept.so.5.0.0
7fc5248ef000-7fc524bd8000 r-xp 00000000 08:02 12066283                   /usr/lib/libtesseract.so.3.0.4
7fc524bd8000-7fc524dd8000 ---p 002e9000 08:02 12066283                   /usr/lib/libtesseract.so.3.0.4
7fc524dd8000-7fc524ddc000 r--p 002e9000 08:02 12066283                   /usr/lib/libtesseract.so.3.0.4
7fc524ddc000-7fc524ddd000 rw-p 002ed000 08:02 12066283                   /usr/lib/libtesseract.so.3.0.4
7fc524ddd000-7fc525071000 rw-p 00000000 00:00 0 
7fc525071000-7fc525088000 r-xp 00000000 08:02 19139145                   /tmp/jna-795320491/jna4916137288422588699.tmp (deleted)
7fc525088000-7fc525187000 ---p 00017000 08:02 19139145                   /tmp/jna-795320491/jna4916137288422588699.tmp (deleted)
7fc525187000-7fc525189000 rw-p 00016000 08:02 19139145                   /tmp/jna-795320491/jna4916137288422588699.tmp (deleted)
7fc525189000-7fc5251c3000 r-xp 00000000 08:02 13646715                   /usr/lib/jvm/jdk1.7.0_80/jre/lib/amd64/libjpeg.so
7fc5251c3000-7fc5253c3000 ---p 0003a000 08:02 13646715                   /usr/lib/jvm/jdk1.7.0_80/jre/lib/amd64/libjpeg.so
7fc5253c3000-7fc5253c4000 rw-p 0003a000 08:02 13646715                   /usr/lib/jvm/jdk1.7.0_80/jre/lib/amd64/libjpeg.so
7fc5253c4000-7fc5253c7000 ---p 00000000 00:00 0 
7fc5253c7000-7fc5254c5000 rw-p 00000000 00:00 0 
7fc5254c5000-7fc5254ca000 r-xp 00000000 08:02 12066558                   /usr/lib/x86_64-linux-gnu/libXdmcp.so.6.0.0
7fc5254ca000-7fc5256c9000 ---p 00005000 08:02 12066558                   /usr/lib/x86_64-linux-gnu/libXdmcp.so.6.0.0
7fc5256c9000-7fc5256ca000 r--p 00004000 08:02 12066558                   /usr/lib/x86_64-linux-gnu/libXdmcp.so.6.0.0
7fc5256ca000-7fc5256cb000 rw-p 00005000 08:02 12066558                   /usr/lib/x86_64-linux-gnu/libXdmcp.so.6.0.0
7fc5256cb000-7fc5256cd000 r-xp 00000000 08:02 12066547                   /usr/lib/x86_64-linux-gnu/libXau.so.6.0.0
7fc5256cd000-7fc5258cd000 ---p 00002000 08:02 12066547                   /usr/lib/x86_64-linux-gnu/libXau.so.6.0.0
7fc5258cd000-7fc5258ce000 r--p 00002000 08:02 12066547                   /usr/lib/x86_64-linux-gnu/libXau.so.6.0.0
7fc5258ce000-7fc5258cf000 rw-p 00003000 08:02 12066547                   /usr/lib/x86_64-linux-gnu/libXau.so.6.0.0
7fc5258cf000-7fc5258f0000 r-xp 00000000 08:02 12067956                   /usr/lib/x86_64-linux-gnu/libxcb.so.1.1.0
7fc5258f0000-7fc525aef000 ---p 00021000 08:02 12067956                   /usr/lib/x86_64-linux-gnu/libxcb.so.1.1.0
7fc525aef000-7fc525af0000 r--p 00020000 08:02 12067956                   /usr/lib/x86_64-linux-gnu/libxcb.so.1.1.0
7fc525af0000-7fc525af1000 rw-p 00021000 08:02 12067956                   /usr/lib/x86_64-linux-gnu/libxcb.so.1.1.0
7fc525af1000-7fc525b00000 r-xp 00000000 08:02 12066568                   /usr/lib/x86_64-linux-gnu/libXi.so.6.1.0
7fc525b00000-7fc525cff000 ---p 0000f000 08:02 12066568                   /usr/lib/x86_64-linux-gnu/libXi.so.6.1.0
7fc525cff000-7fc525d00000 r--p 0000e000 08:02 12066568                   /usr/lib/x86_64-linux-gnu/libXi.so.6.1.0
7fc525d00000-7fc525d01000 rw-p 0000f000 08:02 12066568                   /usr/lib/x86_64-linux-gnu/libXi.so.6.1.0
7fc525d01000-7fc525d06000 r-xp 00000000 08:02 12066586                   /usr/lib/x86_64-linux-gnu/libXtst.so.6.1.0
7fc525d06000-7fc525f05000 ---p 00005000 08:02 12066586                   /usr/lib/x86_64-linux-gnu/libXtst.so.6.1.0
7fc525f05000-7fc525f06000 r--p 00004000 08:02 12066586                   /usr/lib/x86_64-linux-gnu/libXtst.so.6.1.0
7fc525f06000-7fc525f07000 rw-p 00005000 08:02 12066586                   /usr/lib/x86_64-linux-gnu/libXtst.so.6.1.0
7fc525f07000-7fc525f10000 r-xp 00000000 08:02 12066580                   /usr/lib/x86_64-linux-gnu/libXrender.so.1.3.0
7fc525f10000-7fc52610f000 ---p 00009000 08:02 12066580                   /usr/lib/x86_64-linux-gnu/libXrender.so.1.3.0
7fc52610f000-7fc526110000 r--p 00008000 08:02 12066580                   /usr/lib/x86_64-linux-gnu/libXrender.so.1.3.0
7fc526110000-7fc526111000 rw-p 00009000 08:02 12066580                   /usr/lib/x86_64-linux-gnu/libXrender.so.1.3.0
7fc526111000-7fc526246000 r-xp 00000000 08:02 12066543                   /usr/lib/x86_64-linux-gnu/libX11.so.6.3.0
7fc526246000-7fc526446000 ---p 00135000 08:02 12066543                   /usr/lib/x86_64-linux-gnu/libX11.so.6.3.0
7fc526446000-7fc526447000 r--p 00135000 08:02 12066543                   /usr/lib/x86_64-linux-gnu/libX11.so.6.3.0
7fc526447000-7fc52644b000 rw-p 00136000 08:02 12066543                   /usr/lib/x86_64-linux-gnu/libX11.so.6.3.0
7fc52644b000-7fc52645c000 r-xp 00000000 08:02 12066560                   /usr/lib/x86_64-linux-gnu/libXext.so.6.4.0
7fc52645c000-7fc52665b000 ---p 00011000 08:02 12066560                   /usr/lib/x86_64-linux-gnu/libXext.so.6.4.0
7fc52665b000-7fc52665c000 r--p 00010000 08:02 12066560                   /usr/lib/x86_64-linux-gnu/libXext.so.6.4.0
7fc52665c000-7fc52665d000 rw-p 00011000 08:02 12066560                   /usr/lib/x86_64-linux-gnu/libXext.so.6.4.0
7fc526673000-7fc526677000 r--s 0008b000 08:02 13647318                   /usr/lib/jvm/jdk1.7.0_80/jre/lib/jsse.jar
7fc526677000-7fc5266c7000 r-xp 00000000 08:02 13646705                   /usr/lib/jvm/jdk1.7.0_80/jre/lib/amd64/xawt/libmawt.so
7fc5266c7000-7fc5268c7000 ---p 00050000 08:02 13646705                   /usr/lib/jvm/jdk1.7.0_80/jre/lib/amd64/xawt/libmawt.so
7fc5268c7000-7fc5268cb000 rw-p 00050000 08:02 13646705                   /usr/lib/jvm/jdk1.7.0_80/jre/lib/amd64/xawt/libmawt.so
7fc5268cb000-7fc5268cc000 rw-p 00000000 00:00 0 
7fc5268cc000-7fc52696e000 r-xp 00000000 08:02 13646725                   /usr/lib/jvm/jdk1.7.0_80/jre/lib/amd64/libawt.so
7fc52696e000-7fc526b6e000 ---p 000a2000 08:02 13646725                   /usr/lib/jvm/jdk1.7.0_80/jre/lib/amd64/libawt.so
7fc526b6e000-7fc526b7a000 rw-p 000a2000 08:02 13646725                   /usr/lib/jvm/jdk1.7.0_80/jre/lib/amd64/libawt.so
7fc526b7a000-7fc526b9e000 rw-p 00000000 00:00 0 
7fc526b9e000-7fc526ba9000 r--s 0037c000 08:02 13647395                   /usr/lib/jvm/jdk1.7.0_80/jre/lib/charsets.jar
7fc526ba9000-7fc526bad000 r--s 000f7000 08:02 13647329                   /usr/lib/jvm/jdk1.7.0_80/jre/lib/ext/localedata.jar
7fc526bad000-7fc526bbd000 r-xp 00000000 08:02 13646692                   /usr/lib/jvm/jdk1.7.0_80/jre/lib/amd64/libnio.so
7fc526bbd000-7fc526dbd000 ---p 00010000 08:02 13646692                   /usr/lib/jvm/jdk1.7.0_80/jre/lib/amd64/libnio.so
7fc526dbd000-7fc526dbe000 rw-p 00010000 08:02 13646692                   /usr/lib/jvm/jdk1.7.0_80/jre/lib/amd64/libnio.so
7fc526dbe000-7fc526dc8000 r--s 00253000 08:02 13646769                   /usr/lib/jvm/jdk1.7.0_80/jre/lib/resources.jar
7fc526dc8000-7fc526ddf000 r-xp 00000000 08:02 13646726                   /usr/lib/jvm/jdk1.7.0_80/jre/lib/amd64/libnet.so
7fc526ddf000-7fc526fde000 ---p 00017000 08:02 13646726                   /usr/lib/jvm/jdk1.7.0_80/jre/lib/amd64/libnet.so
7fc526fde000-7fc526fdf000 rw-p 00016000 08:02 13646726                   /usr/lib/jvm/jdk1.7.0_80/jre/lib/amd64/libnet.so
7fc526fdf000-7fc526fe2000 r--s 00017000 08:02 8132360                    /home/headrun/Downloads/marvin_1.5.5.jar
7fc526fe2000-7fc527070000 rw-p 00000000 00:00 0 
7fc527070000-7fc527403000 r--s 03191000 08:02 8128837                    /home/headrun/Downloads/tika-app-1.17.jar
7fc527403000-7fc527419000 r--s 0023f000 08:02 8139468                    /home/headrun/Downloads/pdfbox-2.0.3.jar
7fc527419000-7fc52741f000 r--s 00163000 08:02 8139467                    /home/headrun/Downloads/fontbox-2.0.3.jar
7fc52741f000-7fc527420000 ---p 00000000 00:00 0 
7fc527420000-7fc527520000 rw-p 00000000 00:00 0 
7fc527520000-7fc527523000 ---p 00000000 00:00 0 
7fc527523000-7fc527621000 rw-p 00000000 00:00 0 
7fc527621000-7fc527624000 ---p 00000000 00:00 0 
7fc527624000-7fc527722000 rw-p 00000000 00:00 0 
7fc527722000-7fc527725000 ---p 00000000 00:00 0 
7fc527725000-7fc527823000 rw-p 00000000 00:00 0 
7fc527823000-7fc527826000 ---p 00000000 00:00 0 
7fc527826000-7fc527924000 rw-p 00000000 00:00 0 
7fc527924000-7fc527bfc000 r--p 00000000 08:02 12058653                   /usr/lib/locale/locale-archive
7fc527bfc000-7fc527bff000 ---p 00000000 00:00 0 
7fc527bff000-7fc527cfd000 rw-p 00000000 00:00 0 
7fc527cfd000-7fc527d00000 ---p 00000000 00:00 0 
7fc527d00000-7fc527dfe000 rw-p 00000000 00:00 0 
7fc527dfe000-7fc527dff000 ---p 00000000 00:00 0 
7fc527dff000-7fc528000000 rw-p 00000000 00:00 0 
7fc528000000-7fc528021000 rw-p 00000000 00:00 0 
7fc528021000-7fc52c000000 ---p 00000000 00:00 0 
7fc52c000000-7fc52c021000 rw-p 00000000 00:00 0 
7fc52c021000-7fc530000000 ---p 00000000 00:00 0 
7fc530000000-7fc530021000 rw-p 00000000 00:00 0 
7fc530021000-7fc534000000 ---p 00000000 00:00 0 
7fc534000000-7fc53400e000 r--s 00083000 08:02 8141858                    /home/headrun/Downloads/opencv-3.0.0-1.0.jar
7fc53400e000-7fc534011000 r--s 031c7000 08:02 12847991                   /home/headrun/Downloads/asprise-ocr-java-15.3.1-trial-linux/aocr.jar
7fc534011000-7fc53401b000 r--s 00081000 08:02 13108978                   /home/headrun/Downloads/jar_files (1)/xmlgraphics-commons-1.4.jar
7fc53401b000-7fc53401d000 r--s 02050000 08:02 13110944                   /home/headrun/Downloads/jar_files (1)/tess4j-3.2.1.jar
7fc53401d000-7fc534021000 r--s 00015000 08:02 13110932                   /home/headrun/Downloads/jar_files (1)/rococoa-core-0.5.jar
7fc534021000-7fc53402b000 r--s 00069000 08:02 13110945                   /home/headrun/Downloads/jar_files (1)/logback-core-1.1.7.jar
7fc53402b000-7fc534032000 r--s 00044000 08:02 13110925                   /home/headrun/Downloads/jar_files (1)/logback-classic-1.1.7.jar
7fc534032000-7fc534e40000 rw-p 00000000 00:00 0 
7fc534e40000-7fc535000000 r--s 039fb000 08:02 13647374                   /usr/lib/jvm/jdk1.7.0_80/jre/lib/rt.jar
7fc535000000-7fc535270000 rwxp 00000000 00:00 0 
7fc535270000-7fc5393c9000 rw-p 00000000 00:00 0 
7fc5393c9000-7fc53c000000 ---p 00000000 00:00 0 
7fc53c001000-7fc53c003000 r--s 00004000 08:02 13109142                   /home/headrun/Downloads/jar_files (1)/log4j-over-slf4j-1.7.21.jar
7fc53c003000-7fc53c00c000 r--s 0006f000 08:02 13108979                   /home/headrun/Downloads/jar_files (1)/log4j-1.2.17.jar
7fc53c00c000-7fc53c011000 r--s 00229000 08:02 13110922                   /home/headrun/Downloads/jar_files (1)/lept4j-1.2.3.jar
7fc53c011000-7fc53c013000 r--s 00000000 08:02 13110924                   /home/headrun/Downloads/jar_files (1)/jul-to-slf4j-1.7.21.jar
7fc53c013000-7fc53c017000 r--s 000dc000 08:02 13109139                   /home/headrun/Downloads/jar_files (1)/jna-4.1.0.jar
7fc53c017000-7fc53c019000 r--s 00003000 08:02 13110923                   /home/headrun/Downloads/jar_files (1)/jcl-over-slf4j-1.7.21.jar
7fc53c019000-7fc53c024000 r--s 00088000 08:02 13109141                   /home/headrun/Downloads/jar_files (1)/jai-imageio-core-1.3.1.jar
7fc53c024000-7fc53c030000 r--s 00108000 08:02 13108977                   /home/headrun/Downloads/jar_files (1)/itext-2.1.7.jar
7fc53c030000-7fc53c035000 r--s 00028000 08:02 13109140                   /home/headrun/Downloads/jar_files (1)/ghost4j-1.0.1.jar
7fc53c035000-7fc53c039000 r--s 0002f000 08:02 13110931                   /home/headrun/Downloads/jar_files (1)/commons-io-2.5.jar
7fc53c039000-7fc53c047000 r--s 0007f000 08:02 13110929                   /home/headrun/Downloads/jar_files (1)/commons-collections-3.2.1.jar
7fc53c047000-7fc53c04c000 r--s 00035000 08:02 13110930                   /home/headrun/Downloads/jar_files (1)/commons-beanutils-1.9.2.jar
7fc53c04c000-7fc53c05a000 r--s 00374000 08:02 13901063                   /home/headrun/Downloads/PDFxStream.Java-3.5.0/lib/PDFxStream.jar
7fc53c05a000-7fc53e4a9000 rw-p 00000000 00:00 0 
7fc53e4a9000-7fc53e4aa000 ---p 00000000 00:00 0 
7fc53e4aa000-7fc53e5aa000 rw-p 00000000 00:00 0 
7fc53e5aa000-7fc53e5ab000 ---p 00000000 00:00 0 
7fc53e5ab000-7fc53e6ab000 rw-p 00000000 00:00 0 
7fc53e6ab000-7fc53e6ac000 ---p 00000000 00:00 0 
7fc53e6ac000-7fc53e7ac000 rw-p 00000000 00:00 0 
7fc53e7ac000-7fc53e7ad000 ---p 00000000 00:00 0 
7fc53e7ad000-7fc53e8b8000 rw-p 00000000 00:00 0 
7fc53e8b8000-7fc53e8d6000 rw-p 00000000 00:00 0 
7fc53e8d6000-7fc53e8ea000 rw-p 00000000 00:00 0 
7fc53e8ea000-7fc53ea14000 rw-p 00000000 00:00 0 
7fc53ea14000-7fc53ea1f000 rw-p 00000000 00:00 0 
7fc53ea1f000-7fc53ea3d000 rw-p 00000000 00:00 0 
7fc53ea3d000-7fc53ea51000 rw-p 00000000 00:00 0 
7fc53ea51000-7fc53eb7b000 rw-p 00000000 00:00 0 
7fc53eb7b000-7fc53eb85000 rw-p 00000000 00:00 0 
7fc53eb85000-7fc53ec1a000 rw-p 00000000 00:00 0 
7fc53ec1a000-7fc53ec1b000 rw-p 00000000 00:00 0 
7fc53ec1b000-7fc53ec32000 r-xp 00000000 08:02 13646721                   /usr/lib/jvm/jdk1.7.0_80/jre/lib/amd64/libzip.so
7fc53ec32000-7fc53ee32000 ---p 00017000 08:02 13646721                   /usr/lib/jvm/jdk1.7.0_80/jre/lib/amd64/libzip.so
7fc53ee32000-7fc53ee33000 rw-p 00017000 08:02 13646721                   /usr/lib/jvm/jdk1.7.0_80/jre/lib/amd64/libzip.so
7fc53ee33000-7fc53ee3e000 r-xp 00000000 08:02 24909811                   /lib/x86_64-linux-gnu/libnss_files-2.23.so
7fc53ee3e000-7fc53f03d000 ---p 0000b000 08:02 24909811                   /lib/x86_64-linux-gnu/libnss_files-2.23.so
7fc53f03d000-7fc53f03e000 r--p 0000a000 08:02 24909811                   /lib/x86_64-linux-gnu/libnss_files-2.23.so
7fc53f03e000-7fc53f03f000 rw-p 0000b000 08:02 24909811                   /lib/x86_64-linux-gnu/libnss_files-2.23.so
7fc53f03f000-7fc53f045000 rw-p 00000000 00:00 0 
7fc53f045000-7fc53f050000 r-xp 00000000 08:02 24909815                   /lib/x86_64-linux-gnu/libnss_nis-2.23.so
7fc53f050000-7fc53f24f000 ---p 0000b000 08:02 24909815                   /lib/x86_64-linux-gnu/libnss_nis-2.23.so
7fc53f24f000-7fc53f250000 r--p 0000a000 08:02 24909815                   /lib/x86_64-linux-gnu/libnss_nis-2.23.so
7fc53f250000-7fc53f251000 rw-p 0000b000 08:02 24909815                   /lib/x86_64-linux-gnu/libnss_nis-2.23.so
7fc53f251000-7fc53f267000 r-xp 00000000 08:02 24909795                   /lib/x86_64-linux-gnu/libnsl-2.23.so
7fc53f267000-7fc53f466000 ---p 00016000 08:02 24909795                   /lib/x86_64-linux-gnu/libnsl-2.23.so
7fc53f466000-7fc53f467000 r--p 00015000 08:02 24909795                   /lib/x86_64-linux-gnu/libnsl-2.23.so
7fc53f467000-7fc53f468000 rw-p 00016000 08:02 24909795                   /lib/x86_64-linux-gnu/libnsl-2.23.so
7fc53f468000-7fc53f46a000 rw-p 00000000 00:00 0 
7fc53f46a000-7fc53f472000 r-xp 00000000 08:02 24909806                   /lib/x86_64-linux-gnu/libnss_compat-2.23.so
7fc53f472000-7fc53f671000 ---p 00008000 08:02 24909806                   /lib/x86_64-linux-gnu/libnss_compat-2.23.so
7fc53f671000-7fc53f672000 r--p 00007000 08:02 24909806                   /lib/x86_64-linux-gnu/libnss_compat-2.23.so
7fc53f672000-7fc53f673000 rw-p 00008000 08:02 24909806                   /lib/x86_64-linux-gnu/libnss_compat-2.23.so
7fc53f673000-7fc53f69c000 r-xp 00000000 08:02 13646687                   /usr/lib/jvm/jdk1.7.0_80/jre/lib/amd64/libjava.so
7fc53f69c000-7fc53f89c000 ---p 00029000 08:02 13646687                   /usr/lib/jvm/jdk1.7.0_80/jre/lib/amd64/libjava.so
7fc53f89c000-7fc53f89e000 rw-p 00029000 08:02 13646687                   /usr/lib/jvm/jdk1.7.0_80/jre/lib/amd64/libjava.so
7fc53f89e000-7fc53f8ab000 r-xp 00000000 08:02 13646714                   /usr/lib/jvm/jdk1.7.0_80/jre/lib/amd64/libverify.so
7fc53f8ab000-7fc53faaa000 ---p 0000d000 08:02 13646714                   /usr/lib/jvm/jdk1.7.0_80/jre/lib/amd64/libverify.so
7fc53faaa000-7fc53faac000 rw-p 0000c000 08:02 13646714                   /usr/lib/jvm/jdk1.7.0_80/jre/lib/amd64/libverify.so
7fc53faac000-7fc53fab3000 r-xp 00000000 08:02 24909816                   /lib/x86_64-linux-gnu/librt-2.23.so
7fc53fab3000-7fc53fcb2000 ---p 00007000 08:02 24909816                   /lib/x86_64-linux-gnu/librt-2.23.so
7fc53fcb2000-7fc53fcb3000 r--p 00006000 08:02 24909816                   /lib/x86_64-linux-gnu/librt-2.23.so
7fc53fcb3000-7fc53fcb4000 rw-p 00007000 08:02 24909816                   /lib/x86_64-linux-gnu/librt-2.23.so
7fc53fcb4000-7fc53fdbc000 r-xp 00000000 08:02 24909793                   /lib/x86_64-linux-gnu/libm-2.23.so
7fc53fdbc000-7fc53ffbb000 ---p 00108000 08:02 24909793                   /lib/x86_64-linux-gnu/libm-2.23.so
7fc53ffbb000-7fc53ffbc000 r--p 00107000 08:02 24909793                   /lib/x86_64-linux-gnu/libm-2.23.so
7fc53ffbc000-7fc53ffbd000 rw-p 00108000 08:02 24909793                   /lib/x86_64-linux-gnu/libm-2.23.so
7fc53ffbd000-7fc540b33000 r-xp 00000000 08:02 13646741                   /usr/lib/jvm/jdk1.7.0_80/jre/lib/amd64/server/libjvm.so
7fc540b33000-7fc540d32000 ---p 00b76000 08:02 13646741                   /usr/lib/jvm/jdk1.7.0_80/jre/lib/amd64/server/libjvm.so
7fc540d32000-7fc540df6000 rw-p 00b75000 08:02 13646741                   /usr/lib/jvm/jdk1.7.0_80/jre/lib/amd64/server/libjvm.so
7fc540df6000-7fc540e37000 rw-p 00000000 00:00 0 
7fc540e37000-7fc540ff7000 r-xp 00000000 08:02 24909798                   /lib/x86_64-linux-gnu/libc-2.23.so
7fc540ff7000-7fc5411f7000 ---p 001c0000 08:02 24909798                   /lib/x86_64-linux-gnu/libc-2.23.so
7fc5411f7000-7fc5411fb000 r--p 001c0000 08:02 24909798                   /lib/x86_64-linux-gnu/libc-2.23.so
7fc5411fb000-7fc5411fd000 rw-p 001c4000 08:02 24909798                   /lib/x86_64-linux-gnu/libc-2.23.so
7fc5411fd000-7fc541201000 rw-p 00000000 00:00 0 
7fc541201000-7fc541204000 r-xp 00000000 08:02 24909800                   /lib/x86_64-linux-gnu/libdl-2.23.so
7fc541204000-7fc541403000 ---p 00003000 08:02 24909800                   /lib/x86_64-linux-gnu/libdl-2.23.so
7fc541403000-7fc541404000 r--p 00002000 08:02 24909800                   /lib/x86_64-linux-gnu/libdl-2.23.so
7fc541404000-7fc541405000 rw-p 00003000 08:02 24909800                   /lib/x86_64-linux-gnu/libdl-2.23.so
7fc541405000-7fc54141a000 r-xp 00000000 08:02 13647422                   /usr/lib/jvm/jdk1.7.0_80/lib/amd64/jli/libjli.so
7fc54141a000-7fc541619000 ---p 00015000 08:02 13647422                   /usr/lib/jvm/jdk1.7.0_80/lib/amd64/jli/libjli.so
7fc541619000-7fc54161a000 rw-p 00014000 08:02 13647422                   /usr/lib/jvm/jdk1.7.0_80/lib/amd64/jli/libjli.so
7fc54161a000-7fc541632000 r-xp 00000000 08:02 24909797                   /lib/x86_64-linux-gnu/libpthread-2.23.so
7fc541632000-7fc541831000 ---p 00018000 08:02 24909797                   /lib/x86_64-linux-gnu/libpthread-2.23.so
7fc541831000-7fc541832000 r--p 00017000 08:02 24909797                   /lib/x86_64-linux-gnu/libpthread-2.23.so
7fc541832000-7fc541833000 rw-p 00018000 08:02 24909797                   /lib/x86_64-linux-gnu/libpthread-2.23.so
7fc541833000-7fc541837000 rw-p 00000000 00:00 0 
7fc541837000-7fc54185d000 r-xp 00000000 08:02 24909796                   /lib/x86_64-linux-gnu/ld-2.23.so
7fc54185d000-7fc54185e000 r--s 00009000 08:02 13110928                   /home/headrun/Downloads/jar_files (1)/slf4j-api-1.7.20.jar
7fc54185e000-7fc541860000 r--s 0000d000 08:02 13108980                   /home/headrun/Downloads/jar_files (1)/commons-logging-1.1.1.jar
7fc541860000-7fc541867000 r--s 00040000 08:02 13110927                   /home/headrun/Downloads/jar_files (1)/cglib-2.2.2.jar
7fc541867000-7fc541886000 rw-p 00000000 00:00 0 
7fc541886000-7fc54193c000 rw-p 00000000 00:00 0 
7fc54193c000-7fc54193f000 ---p 00000000 00:00 0 
7fc54193f000-7fc541a42000 rw-p 00000000 00:00 0 
7fc541a42000-7fc541a43000 r--s 0000a000 08:02 13110926                   /home/headrun/Downloads/jar_files (1)/asm-3.3.1.jar
7fc541a43000-7fc541a52000 r--s 0017c000 08:02 13646600                   /home/headrun/Downloads/itextpdf-5.1.0.jar
7fc541a52000-7fc541a5a000 rw-s 00000000 08:02 19139143                   /tmp/hsperfdata_headrun/9590
7fc541a5a000-7fc541a5b000 rw-p 00000000 00:00 0 
7fc541a5b000-7fc541a5c000 r--p 00000000 00:00 0 
7fc541a5c000-7fc541a5d000 r--p 00025000 08:02 24909796                   /lib/x86_64-linux-gnu/ld-2.23.so
7fc541a5d000-7fc541a5e000 rw-p 00026000 08:02 24909796                   /lib/x86_64-linux-gnu/ld-2.23.so
7fc541a5e000-7fc541a5f000 rw-p 00000000 00:00 0 
7fff3f0f9000-7fff3f11b000 rw-p 00000000 00:00 0                          [stack]
7fff3f1ce000-7fff3f1d1000 r--p 00000000 00:00 0                          [vvar]
7fff3f1d1000-7fff3f1d3000 r-xp 00000000 00:00 0                          [vdso]
ffffffffff600000-ffffffffff601000 r-xp 00000000 00:00 0                  [vsyscall]

VM Arguments:
jvm_args: -Dfile.encoding=UTF-8 
java_command: TesseractExample
Launcher Type: SUN_STANDARD

Environment Variables:
JAVA_HOME=/usr/lib/jvm/java-8-oracle
CLASSPATH=/usr/lib/jvm/jdk1.7.0_80/lib/tools.jar:/usr/lib/jvm/jdk1.7.0_80/jre/rt.jar
PATH=/home/headrun/bin:/home/headrun/.local/bin:/usr/lib/jvm/jdk1.7.0_80/bin:/usr/local/sbin:/usr/local/bin:/usr/sbin:/usr/bin:/sbin:/bin:/usr/games:/usr/local/games:/snap/bin:/usr/lib/jvm/java-8-oracle/bin:/usr/lib/jvm/java-8-oracle/db/bin:/usr/lib/jvm/java-8-oracle/jre/bin
SHELL=/bin/bash
DISPLAY=:0

Signal Handlers:
SIGSEGV: [libjvm.so+0x9a3b20], sa_mask[0]=0x7ffbfeff, sa_flags=0x10000004
SIGBUS: [libjvm.so+0x9a3b20], sa_mask[0]=0x7ffbfeff, sa_flags=0x10000004
SIGFPE: [libjvm.so+0x81e740], sa_mask[0]=0x7ffbfeff, sa_flags=0x10000004
SIGPIPE: [libjvm.so+0x81e740], sa_mask[0]=0x7ffbfeff, sa_flags=0x10000004
SIGXFSZ: [libjvm.so+0x81e740], sa_mask[0]=0x7ffbfeff, sa_flags=0x10000004
SIGILL: [libjvm.so+0x81e740], sa_mask[0]=0x7ffbfeff, sa_flags=0x10000004
SIGUSR1: SIG_DFL, sa_mask[0]=0x00000000, sa_flags=0x00000000
SIGUSR2: [libjvm.so+0x81ffb0], sa_mask[0]=0x00000004, sa_flags=0x10000004
SIGHUP: [libjvm.so+0x8210d0], sa_mask[0]=0x7ffbfeff, sa_flags=0x10000004
SIGINT: [libjvm.so+0x8210d0], sa_mask[0]=0x7ffbfeff, sa_flags=0x10000004
SIGTERM: [libjvm.so+0x8210d0], sa_mask[0]=0x7ffbfeff, sa_flags=0x10000004
SIGQUIT: [libjvm.so+0x8210d0], sa_mask[0]=0x7ffbfeff, sa_flags=0x10000004


---------------  S Y S T E M  ---------------

OS:stretch/sid

uname:Linux 4.13.0-32-generic #35~16.04.1-Ubuntu SMP Thu Jan 25 10:13:43 UTC 2018 x86_64
libc:glibc 2.23 NPTL 2.23 
rlimit: STACK 8192k, CORE 0k, NPROC 14968, NOFILE 1048576, AS infinity
load average:2.77 1.66 1.36

/proc/meminfo:
MemTotal:        3900928 kB
MemFree:          109412 kB
MemAvailable:     697848 kB
Buffers:           40128 kB
Cached:          1131956 kB
SwapCached:        39788 kB
Active:          2536328 kB
Inactive:        1040944 kB
Active(anon):    2326052 kB
Inactive(anon):   486000 kB
Active(file):     210276 kB
Inactive(file):   554944 kB
Unevictable:         336 kB
Mlocked:             336 kB
SwapTotal:       4055036 kB
SwapFree:        3903216 kB
Dirty:               744 kB
Writeback:         28068 kB
AnonPages:       2365916 kB
Mapped:           505972 kB
Shmem:            406860 kB
Slab:              96336 kB
SReclaimable:      51500 kB
SUnreclaim:        44836 kB
KernelStack:       12032 kB
PageTables:        52320 kB
NFS_Unstable:          0 kB
Bounce:                0 kB
WritebackTmp:          0 kB
CommitLimit:     6005500 kB
Committed_AS:    9083320 kB
VmallocTotal:   34359738367 kB
VmallocUsed:           0 kB
VmallocChunk:          0 kB
HardwareCorrupted:     0 kB
AnonHugePages:         0 kB
ShmemHugePages:        0 kB
ShmemPmdMapped:        0 kB
CmaTotal:              0 kB
CmaFree:               0 kB
HugePages_Total:       0
HugePages_Free:        0
HugePages_Rsvd:        0
HugePages_Surp:        0
Hugepagesize:       2048 kB
DirectMap4k:      196080 kB
DirectMap2M:     3860480 kB


CPU:total 4 (2 cores per cpu, 2 threads per core) family 6 model 58 stepping 9, cmov, cx8, fxsr, mmx, sse, sse2, sse3, ssse3, sse4.1, sse4.2, popcnt, avx, erms, ht, tsc, tscinvbit, tscinv

/proc/cpuinfo:
processor	: 0
vendor_id	: GenuineIntel
cpu family	: 6
model		: 58
model name	: Intel(R) Core(TM) i3-3110M CPU @ 2.40GHz
stepping	: 9
microcode	: 0x15
cpu MHz		: 2394.374
cache size	: 3072 KB
physical id	: 0
siblings	: 4
core id		: 0
cpu cores	: 2
apicid		: 0
initial apicid	: 0
fpu		: yes
fpu_exception	: yes
cpuid level	: 13
wp		: yes
flags		: fpu vme de pse tsc msr pae mce cx8 apic sep mtrr pge mca cmov pat pse36 clflush dts acpi mmx fxsr sse sse2 ss ht tm pbe syscall nx rdtscp lm constant_tsc arch_perfmon pebs bts rep_good nopl xtopology nonstop_tsc cpuid aperfmperf pni pclmulqdq dtes64 monitor ds_cpl vmx est tm2 ssse3 cx16 xtpr pdcm pcid sse4_1 sse4_2 x2apic popcnt tsc_deadline_timer xsave avx f16c lahf_lm cpuid_fault epb pti tpr_shadow vnmi flexpriority ept vpid fsgsbase smep erms xsaveopt dtherm arat pln pts
bugs		: cpu_meltdown spectre_v1 spectre_v2
bogomips	: 4788.74
clflush size	: 64
cache_alignment	: 64
address sizes	: 36 bits physical, 48 bits virtual
power management:

processor	: 1
vendor_id	: GenuineIntel
cpu family	: 6
model		: 58
model name	: Intel(R) Core(TM) i3-3110M CPU @ 2.40GHz
stepping	: 9
microcode	: 0x15
cpu MHz		: 2394.374
cache size	: 3072 KB
physical id	: 0
siblings	: 4
core id		: 1
cpu cores	: 2
apicid		: 2
initial apicid	: 2
fpu		: yes
fpu_exception	: yes
cpuid level	: 13
wp		: yes
flags		: fpu vme de pse tsc msr pae mce cx8 apic sep mtrr pge mca cmov pat pse36 clflush dts acpi mmx fxsr sse sse2 ss ht tm pbe syscall nx rdtscp lm constant_tsc arch_perfmon pebs bts rep_good nopl xtopology nonstop_tsc cpuid aperfmperf pni pclmulqdq dtes64 monitor ds_cpl vmx est tm2 ssse3 cx16 xtpr pdcm pcid sse4_1 sse4_2 x2apic popcnt tsc_deadline_timer xsave avx f16c lahf_lm cpuid_fault epb pti tpr_shadow vnmi flexpriority ept vpid fsgsbase smep erms xsaveopt dtherm arat pln pts
bugs		: cpu_meltdown spectre_v1 spectre_v2
bogomips	: 4788.74
clflush size	: 64
cache_alignment	: 64
address sizes	: 36 bits physical, 48 bits virtual
power management:

processor	: 2
vendor_id	: GenuineIntel
cpu family	: 6
model		: 58
model name	: Intel(R) Core(TM) i3-3110M CPU @ 2.40GHz
stepping	: 9
microcode	: 0x15
cpu MHz		: 2394.374
cache size	: 3072 KB
physical id	: 0
siblings	: 4
core id		: 0
cpu cores	: 2
apicid		: 1
initial apicid	: 1
fpu		: yes
fpu_exception	: yes
cpuid level	: 13
wp		: yes
flags		: fpu vme de pse tsc msr pae mce cx8 apic sep mtrr pge mca cmov pat pse36 clflush dts acpi mmx fxsr sse sse2 ss ht tm pbe syscall nx rdtscp lm constant_tsc arch_perfmon pebs bts rep_good nopl xtopology nonstop_tsc cpuid aperfmperf pni pclmulqdq dtes64 monitor ds_cpl vmx est tm2 ssse3 cx16 xtpr pdcm pcid sse4_1 sse4_2 x2apic popcnt tsc_deadline_timer xsave avx f16c lahf_lm cpuid_fault epb pti tpr_shadow vnmi flexpriority ept vpid fsgsbase smep erms xsaveopt dtherm arat pln pts
bugs		: cpu_meltdown spectre_v1 spectre_v2
bogomips	: 4788.74
clflush size	: 64
cache_alignment	: 64
address sizes	: 36 bits physical, 48 bits virtual
power management:

processor	: 3
vendor_id	: GenuineIntel
cpu family	: 6
model		: 58
model name	: Intel(R) Core(TM) i3-3110M CPU @ 2.40GHz
stepping	: 9
microcode	: 0x15
cpu MHz		: 2394.374
cache size	: 3072 KB
physical id	: 0
siblings	: 4
core id		: 1
cpu cores	: 2
apicid		: 3
initial apicid	: 3
fpu		: yes
fpu_exception	: yes
cpuid level	: 13
wp		: yes
flags		: fpu vme de pse tsc msr pae mce cx8 apic sep mtrr pge mca cmov pat pse36 clflush dts acpi mmx fxsr sse sse2 ss ht tm pbe syscall nx rdtscp lm constant_tsc arch_perfmon pebs bts rep_good nopl xtopology nonstop_tsc cpuid aperfmperf pni pclmulqdq dtes64 monitor ds_cpl vmx est tm2 ssse3 cx16 xtpr pdcm pcid sse4_1 sse4_2 x2apic popcnt tsc_deadline_timer xsave avx f16c lahf_lm cpuid_fault epb pti tpr_shadow vnmi flexpriority ept vpid fsgsbase smep erms xsaveopt dtherm arat pln pts
bugs		: cpu_meltdown spectre_v1 spectre_v2
bogomips	: 4788.74
clflush size	: 64
cache_alignment	: 64
address sizes	: 36 bits physical, 48 bits virtual
power management:



Memory: 4k page, physical 3900928k(109412k free), swap 4055036k(3903216k free)

vm_info: Java HotSpot(TM) 64-Bit Server VM (24.80-b11) for linux-amd64 JRE (1.7.0_80-b15), built on Apr 10 2015 19:53:14 by "java_re" with gcc 4.3.0 20080428 (Red Hat 4.3.0-8)

time: Sat Feb 10 14:09:01 2018
elapsed time: 1 seconds

