#
# A fatal error has been detected by the Java Runtime Environment:
#
#  SIGSEGV (0xb) at pc=0x00007fce2de49704, pid=23780, tid=140524653901568
#
# JRE version: Java(TM) SE Runtime Environment (7.0_80-b15) (build 1.7.0_80-b15)
# Java VM: Java HotSpot(TM) 64-Bit Server VM (24.80-b11 mixed mode linux-amd64 compressed oops)
# Problematic frame:
# C  [libaocr_x64.so+0xa5704]  Java_com_asprise_ocr_Ocr_doGetBuildInfo+0x18f3a
#
# Failed to write core dump. Core dumps have been disabled. To enable core dumping, try "ulimit -c unlimited" before starting Java again
#
# If you would like to submit a bug report, please visit:
#   http://bugreport.java.com/bugreport/crash.jsp
# The crash happened outside the Java Virtual Machine in native code.
# See problematic frame for where to report the bug.
#

---------------  T H R E A D  ---------------

Current thread (0x00007fce6c00a800):  JavaThread "main" [_thread_in_native, id=23786, stack(0x00007fce7203f000,0x00007fce72140000)]

siginfo:si_signo=SIGSEGV: si_errno=0, si_code=1 (SEGV_MAPERR), si_addr=0x0000000000000000

Registers:
RAX=0x0000000000000000, RBX=0x00007fce6d1b73d0, RCX=0x0000000000000000, RDX=0x0000000000000000
RSP=0x00007fce7213d970, RBP=0x00007fce7213db20, RSI=0x00007fce71900770, RDI=0x00007fce718ff540
R8 =0x00007fce71900770, R9 =0x00007fce7213f700, R10=0x0000000000000001, R11=0x0000000000000000
R12=0x00000000000000a0, R13=0x000000000000005a, R14=0x0000000000000000, R15=0x00007fce6d17b420
RIP=0x00007fce2de49704, EFLAGS=0x0000000000010213, CSGSFS=0x002b000000000033, ERR=0x0000000000000004
  TRAPNO=0x000000000000000e

Top of Stack: (sp=0x00007fce7213d970)
0x00007fce7213d970:   0000000000000000 0000003000000020
0x00007fce7213d980:   00007fce7213e228 00007fce7213dc10
0x00007fce7213d990:   0000000000000000 0000001fffffff00
0x00007fce7213d9a0:   0000000000000000 00007fce7213de60
0x00007fce7213d9b0:   0000000000000000 00007fce6d17b420
0x00007fce7213d9c0:   00007fce7213db20 00007fce7158f7f7
0x00007fce7213d9d0:   00007fce7213de30 0000003000000018
0x00007fce7213d9e0:   00007fce7213dab0 00007fce7213d9f0
0x00007fce7213d9f0:   0000000000000000 0000000000000000
0x00007fce7213da00:   0000000000000000 0000000000000000
0x00007fce7213da10:   0000000000000000 0000000000000033
0x00007fce7213da20:   0000000000000000 00007fce6d17b8b0
0x00007fce7213da30:   00007fce6d1b73d0 00007fce6c316ed0
0x00007fce7213da40:   00000000000000e6 00007fce2e0e8bba
0x00007fce7213da50:   00007fce7213daa0 0000000000000000
0x00007fce7213da60:   00007fce2e3dcf10 00007fce2e3dcc32
0x00007fce7213da70:   00007fce7213daa0 00000000ffffff00
0x00007fce7213da80:   00007fce7213db20 00000000000000a0
0x00007fce7213da90:   000000000000005a 0000000000000000
0x00007fce7213daa0:   00007fce6d17b420 00007fce715be53c
0x00007fce7213dab0:   00007fce6d1e7300 0000000000000000
0x00007fce7213dac0:   00007fce6d17b420 00007fce715bedca
0x00007fce7213dad0:   00007fce7213de20 00000000ffffff00
0x00007fce7213dae0:   00007fce6d1b73d0 00007fce6d17b8b0
0x00007fce7213daf0:   0000001f00000000 00007fce7213dc70
0x00007fce7213db00:   000000a00000005a 000000007213dbe8
0x00007fce7213db10:   00000000ffffff00 00000000000000a0
0x00007fce7213db20:   00007fce7213df80 00007fce2de2c641
0x00007fce7213db30:   00007fce7213dc44 00007fce6c327410
0x00007fce7213db40:   00007fce7213ddb0 0000000000000000
0x00007fce7213db50:   00007fce7213dc70 00007fce7213e228
0x00007fce7213db60:   0000000000000014 00007fce6d17b420 

Instructions: (pc=0x00007fce2de49704)
0x00007fce2de496e4:   c7 e8 a6 9d fe ff 48 8d 85 98 fe ff ff 48 89 c7
0x00007fce2de496f4:   e8 48 5b 1b 00 83 45 ec 01 48 8b 85 d0 fe ff ff
0x00007fce2de49704:   8b 00 3b 45 ec 0f 9f c0 84 c0 0f 85 11 ff ff ff
0x00007fce2de49714:   48 8d 85 d0 fe ff ff 48 89 c7 e8 0d 62 1b 00 48 

Register to memory mapping:

RAX=0x0000000000000000 is an unknown value
RBX=0x00007fce6d1b73d0 is an unknown value
RCX=0x0000000000000000 is an unknown value
RDX=0x0000000000000000 is an unknown value
RSP=0x00007fce7213d970 is pointing into the stack for thread: 0x00007fce6c00a800
RBP=0x00007fce7213db20 is pointing into the stack for thread: 0x00007fce6c00a800
RSI=0x00007fce71900770: <offset 0x3c6770> in /lib/x86_64-linux-gnu/libc.so.6 at 0x00007fce7153a000
RDI=0x00007fce718ff540: _IO_2_1_stderr_+0 in /lib/x86_64-linux-gnu/libc.so.6 at 0x00007fce7153a000
R8 =0x00007fce71900770: <offset 0x3c6770> in /lib/x86_64-linux-gnu/libc.so.6 at 0x00007fce7153a000
R9 =0x00007fce7213f700 is pointing into the stack for thread: 0x00007fce6c00a800
R10=0x0000000000000001 is an unknown value
R11=0x0000000000000000 is an unknown value
R12=0x00000000000000a0 is an unknown value
R13=0x000000000000005a is an unknown value
R14=0x0000000000000000 is an unknown value
R15=0x00007fce6d17b420 is an unknown value


Stack: [0x00007fce7203f000,0x00007fce72140000],  sp=0x00007fce7213d970,  free space=1018k
Native frames: (J=compiled Java code, j=interpreted, Vv=VM code, C=native code)
C  [libaocr_x64.so+0xa5704]  Java_com_asprise_ocr_Ocr_doGetBuildInfo+0x18f3a
C  [libaocr_x64.so+0x88641]  Java_com_asprise_ocr_Ocr_doStart+0x3cc0
C  [libaocr_x64.so+0x8b7bf]  com_asprise_ocr_recognize+0x2451
C  [libaocr_x64.so+0x8c5b8]  Java_com_asprise_ocr_Ocr_doRecognize+0x150
j  com.asprise.ocr.Ocr.doRecognize(Ljava/lang/String;IIIIILjava/lang/String;Ljava/lang/String;Ljava/lang/String;Ljava/lang/String;Ljava/lang/String;)Ljava/lang/String;+0
j  com.asprise.ocr.Ocr.recognize(Ljava/lang/String;IIIIILjava/lang/String;Ljava/lang/String;[Ljava/lang/Object;)Ljava/lang/String;+135
j  ReadTextfrImage.main([Ljava/lang/String;)V+290
v  ~StubRoutines::call_stub
V  [libjvm.so+0x6020a5]  JavaCalls::call_helper(JavaValue*, methodHandle*, JavaCallArguments*, Thread*)+0x365
V  [libjvm.so+0x600b08]  JavaCalls::call(JavaValue*, methodHandle, JavaCallArguments*, Thread*)+0x28
V  [libjvm.so+0x63abb9]  jni_invoke_static(JNIEnv_*, JavaValue*, _jobject*, JNICallType, _jmethodID*, JNI_ArgumentPusher*, Thread*)+0x219
V  [libjvm.so+0x6437d2]  jni_CallStaticVoidMethod+0x162
C  [libjli.so+0x36d9]  JavaMain+0x7e9

Java frames: (J=compiled Java code, j=interpreted, Vv=VM code)
j  com.asprise.ocr.Ocr.doRecognize(Ljava/lang/String;IIIIILjava/lang/String;Ljava/lang/String;Ljava/lang/String;Ljava/lang/String;Ljava/lang/String;)Ljava/lang/String;+0
j  com.asprise.ocr.Ocr.recognize(Ljava/lang/String;IIIIILjava/lang/String;Ljava/lang/String;[Ljava/lang/Object;)Ljava/lang/String;+135
j  ReadTextfrImage.main([Ljava/lang/String;)V+290
v  ~StubRoutines::call_stub

---------------  P R O C E S S  ---------------

Java Threads: ( => current thread )
  0x00007fce6c269000 JavaThread "Java2D Disposer" daemon [_thread_blocked, id=23800, stack(0x00007fce5defa000,0x00007fce5dffb000)]
  0x00007fce6c099000 JavaThread "Service Thread" daemon [_thread_blocked, id=23798, stack(0x00007fce5fbfc000,0x00007fce5fcfd000)]
  0x00007fce6c096800 JavaThread "C2 CompilerThread1" daemon [_thread_blocked, id=23797, stack(0x00007fce5fcfd000,0x00007fce5fdfe000)]
  0x00007fce6c093800 JavaThread "C2 CompilerThread0" daemon [_thread_blocked, id=23796, stack(0x00007fce5fdfe000,0x00007fce5feff000)]
  0x00007fce6c091800 JavaThread "Signal Dispatcher" daemon [_thread_blocked, id=23795, stack(0x00007fce5feff000,0x00007fce60000000)]
  0x00007fce6c070800 JavaThread "Finalizer" daemon [_thread_blocked, id=23794, stack(0x00007fce6436b000,0x00007fce6446c000)]
  0x00007fce6c06e800 JavaThread "Reference Handler" daemon [_thread_blocked, id=23793, stack(0x00007fce6446c000,0x00007fce6456d000)]
=>0x00007fce6c00a800 JavaThread "main" [_thread_in_native, id=23786, stack(0x00007fce7203f000,0x00007fce72140000)]

Other Threads:
  0x00007fce6c06a000 VMThread [stack: 0x00007fce6456d000,0x00007fce6466e000] [id=23792]
  0x00007fce6c0ab800 WatcherThread [stack: 0x00007fce5fafb000,0x00007fce5fbfc000] [id=23799]

VM state:not at safepoint (normal execution)

VM Mutex/Monitor currently owned by a thread: None

Heap
 PSYoungGen      total 17920K, used 5036K [0x00000000ec200000, 0x00000000ed600000, 0x0000000100000000)
  eden space 15360K, 32% used [0x00000000ec200000,0x00000000ec6eb138,0x00000000ed100000)
  from space 2560K, 0% used [0x00000000ed380000,0x00000000ed380000,0x00000000ed600000)
  to   space 2560K, 0% used [0x00000000ed100000,0x00000000ed100000,0x00000000ed380000)
 ParOldGen       total 40448K, used 0K [0x00000000c4600000, 0x00000000c6d80000, 0x00000000ec200000)
  object space 40448K, 0% used [0x00000000c4600000,0x00000000c4600000,0x00000000c6d80000)
 PSPermGen       total 21504K, used 5982K [0x00000000bf400000, 0x00000000c0900000, 0x00000000c4600000)
  object space 21504K, 27% used [0x00000000bf400000,0x00000000bf9d79d0,0x00000000c0900000)

Card table byte_map: [0x00007fce67f68000,0x00007fce6816f000] byte_map_base: 0x00007fce6796e000

Polling page: 0x00007fce7215e000

Code Cache  [0x00007fce6816f000, 0x00007fce683df000, 0x00007fce6b16f000)
 total_blobs=380 nmethods=31 adapters=303 free_code_cache=48605Kb largest_free_block=49749440

Compilation events (10 events):
Event: 0.459 Thread 0x00007fce6c093800 nmethod 27 0x00007fce681f1090 code [0x00007fce681f11e0, 0x00007fce681f1418]
Event: 0.469 Thread 0x00007fce6c096800 nmethod 26 0x00007fce681f3b90 code [0x00007fce681f3ce0, 0x00007fce681f4928]
Event: 0.607 Thread 0x00007fce6c093800   28 %           sun.security.provider.DigestBase::engineUpdate @ 136 (188 bytes)
Event: 0.610 Thread 0x00007fce6c093800 nmethod 28% 0x00007fce681f4f50 code [0x00007fce681f50c0, 0x00007fce681f52e8]
Event: 0.610 Thread 0x00007fce6c096800   29             sun.security.provider.DigestBase::engineUpdate (188 bytes)
Event: 0.615 Thread 0x00007fce6c096800 nmethod 29 0x00007fce681f33d0 code [0x00007fce681f3540, 0x00007fce681f38b8]
Event: 0.653 Thread 0x00007fce6c093800   30             sun.security.provider.DigestBase::engineUpdate (188 bytes)
Event: 0.658 Thread 0x00007fce6c093800 nmethod 30 0x00007fce681f2c10 code [0x00007fce681f2d80, 0x00007fce681f30f8]
Event: 0.774 Thread 0x00007fce6c096800   31             java.util.zip.ZStreamRef::address (5 bytes)
Event: 0.775 Thread 0x00007fce6c096800 nmethod 31 0x00007fce681f5490 code [0x00007fce681f55c0, 0x00007fce681f5618]

GC Heap History (0 events):
No events

Deoptimization events (3 events):
Event: 0.344 Thread 0x00007fce6c00a800 Uncommon trap: reason=unstable_if action=reinterpret pc=0x00007fce681d0a6c method=java.lang.String.indexOf([CII[CIII)I @ 3
Event: 0.603 Thread 0x00007fce6c00a800 Uncommon trap: reason=unstable_if action=reinterpret pc=0x00007fce681f179c method=sun.security.provider.DigestBase.engineUpdate([BII)V @ 168
Event: 0.646 Thread 0x00007fce6c00a800 Uncommon trap: reason=unstable_if action=reinterpret pc=0x00007fce681f3820 method=sun.security.provider.DigestBase.engineUpdate([BII)V @ 119

Internal exceptions (10 events):
Event: 0.227 Thread 0x00007fce6c00a800 Threw 0x00000000ec4ce450 at /HUDSON/workspace/7u-2-build-linux-amd64/jdk7u80/2329/hotspot/src/share/vm/prims/jvm.cpp:1319
Event: 0.228 Thread 0x00007fce6c00a800 Threw 0x00000000ec4d38f8 at /HUDSON/workspace/7u-2-build-linux-amd64/jdk7u80/2329/hotspot/src/share/vm/prims/jvm.cpp:1319
Event: 0.230 Thread 0x00007fce6c00a800 Threw 0x00000000ec4e5a40 at /HUDSON/workspace/7u-2-build-linux-amd64/jdk7u80/2329/hotspot/src/share/vm/prims/jvm.cpp:1319
Event: 0.230 Thread 0x00007fce6c00a800 Threw 0x00000000ec4eb300 at /HUDSON/workspace/7u-2-build-linux-amd64/jdk7u80/2329/hotspot/src/share/vm/prims/jvm.cpp:1319
Event: 0.237 Thread 0x00007fce6c00a800 Threw 0x00000000ec521480 at /HUDSON/workspace/7u-2-build-linux-amd64/jdk7u80/2329/hotspot/src/share/vm/prims/jvm.cpp:1319
Event: 0.331 Thread 0x00007fce6c00a800 Threw 0x00000000ec6373d0 at /HUDSON/workspace/7u-2-build-linux-amd64/jdk7u80/2329/hotspot/src/share/vm/prims/jvm.cpp:1319
Event: 0.333 Thread 0x00007fce6c00a800 Threw 0x00000000ec64a910 at /HUDSON/workspace/7u-2-build-linux-amd64/jdk7u80/2329/hotspot/src/share/vm/prims/jvm.cpp:1319
Event: 0.335 Thread 0x00007fce6c00a800 Threw 0x00000000ec653940 at /HUDSON/workspace/7u-2-build-linux-amd64/jdk7u80/2329/hotspot/src/share/vm/prims/jvm.cpp:1319
Event: 0.336 Thread 0x00007fce6c00a800 Threw 0x00000000ec661fe8 at /HUDSON/workspace/7u-2-build-linux-amd64/jdk7u80/2329/hotspot/src/share/vm/prims/jvm.cpp:1319
Event: 0.338 Thread 0x00007fce6c00a800 Threw 0x00000000ec670388 at /HUDSON/workspace/7u-2-build-linux-amd64/jdk7u80/2329/hotspot/src/share/vm/prims/jvm.cpp:1319

Events (10 events):
Event: 0.603 loading class 0x00007fce658edae0 done
Event: 0.604 loading class 0x00007fce38026fc0
Event: 0.604 loading class 0x00007fce38026fc0 done
Event: 0.646 Thread 0x00007fce6c00a800 Uncommon trap: trap_request=0xffffff75 fr.pc=0x00007fce681f3820
Event: 0.646 Thread 0x00007fce6c00a800 DEOPT PACKING pc=0x00007fce681f3820 sp=0x00007fce7213de10
Event: 0.646 Thread 0x00007fce6c00a800 DEOPT UNPACKING pc=0x00007fce681a8445 sp=0x00007fce7213ddd8 mode 2
Event: 0.949 loading class 0x00007fce658b7be0
Event: 0.949 loading class 0x00007fce658b7be0 done
Event: 0.950 loading class 0x00007fce658d2f80
Event: 0.950 loading class 0x00007fce658d2f80 done


Dynamic libraries:
00400000-00401000 r-xp 00000000 08:02 13769971                           /usr/lib/jvm/jdk1.7.0_80/bin/java
00600000-00601000 rw-p 00000000 08:02 13769971                           /usr/lib/jvm/jdk1.7.0_80/bin/java
00bae000-00bcf000 rw-p 00000000 00:00 0                                  [heap]
bf400000-c0900000 rw-p 00000000 00:00 0 
c0900000-c4600000 rw-p 00000000 00:00 0 
c4600000-c6d80000 rw-p 00000000 00:00 0 
c6d80000-ec200000 rw-p 00000000 00:00 0 
ec200000-ed600000 rw-p 00000000 00:00 0 
ed600000-100000000 rw-p 00000000 00:00 0 
7fce28000000-7fce28021000 rw-p 00000000 00:00 0 
7fce28021000-7fce2c000000 ---p 00000000 00:00 0 
7fce2dda4000-7fce2e4e8000 r-xp 00000000 08:02 16646150                   /tmp/libaocr_x64.so
7fce2e4e8000-7fce2e6e7000 ---p 00744000 08:02 16646150                   /tmp/libaocr_x64.so
7fce2e6e7000-7fce2fd69000 rw-p 00743000 08:02 16646150                   /tmp/libaocr_x64.so
7fce2fd69000-7fce30000000 rw-p 00000000 00:00 0 
7fce30000000-7fce30021000 rw-p 00000000 00:00 0 
7fce30021000-7fce34000000 ---p 00000000 00:00 0 
7fce34000000-7fce34021000 rw-p 00000000 00:00 0 
7fce34021000-7fce38000000 ---p 00000000 00:00 0 
7fce38000000-7fce381fe000 rw-p 00000000 00:00 0 
7fce381fe000-7fce3c000000 ---p 00000000 00:00 0 
7fce3c000000-7fce3c3e3000 rw-p 00000000 00:00 0 
7fce3c3e3000-7fce40000000 ---p 00000000 00:00 0 
7fce40000000-7fce40021000 rw-p 00000000 00:00 0 
7fce40021000-7fce44000000 ---p 00000000 00:00 0 
7fce44000000-7fce44021000 rw-p 00000000 00:00 0 
7fce44021000-7fce48000000 ---p 00000000 00:00 0 
7fce48000000-7fce48021000 rw-p 00000000 00:00 0 
7fce48021000-7fce4c000000 ---p 00000000 00:00 0 
7fce4c000000-7fce4c021000 rw-p 00000000 00:00 0 
7fce4c021000-7fce50000000 ---p 00000000 00:00 0 
7fce50000000-7fce50021000 rw-p 00000000 00:00 0 
7fce50021000-7fce54000000 ---p 00000000 00:00 0 
7fce54000000-7fce54021000 rw-p 00000000 00:00 0 
7fce54021000-7fce58000000 ---p 00000000 00:00 0 
7fce58000000-7fce58021000 rw-p 00000000 00:00 0 
7fce58021000-7fce5c000000 ---p 00000000 00:00 0 
7fce5c1f5000-7fce5d70d000 rw-p 00000000 00:00 0 
7fce5d70d000-7fce5d723000 r-xp 00000000 08:02 24908221                   /lib/x86_64-linux-gnu/libgcc_s.so.1
7fce5d723000-7fce5d922000 ---p 00016000 08:02 24908221                   /lib/x86_64-linux-gnu/libgcc_s.so.1
7fce5d922000-7fce5d923000 rw-p 00015000 08:02 24908221                   /lib/x86_64-linux-gnu/libgcc_s.so.1
7fce5d923000-7fce5da95000 r-xp 00000000 08:02 12067707                   /usr/lib/x86_64-linux-gnu/libstdc++.so.6.0.21
7fce5da95000-7fce5dc95000 ---p 00172000 08:02 12067707                   /usr/lib/x86_64-linux-gnu/libstdc++.so.6.0.21
7fce5dc95000-7fce5dc9f000 r--p 00172000 08:02 12067707                   /usr/lib/x86_64-linux-gnu/libstdc++.so.6.0.21
7fce5dc9f000-7fce5dca1000 rw-p 0017c000 08:02 12067707                   /usr/lib/x86_64-linux-gnu/libstdc++.so.6.0.21
7fce5dca1000-7fce5dca5000 rw-p 00000000 00:00 0 
7fce5dcbf000-7fce5dcf9000 r-xp 00000000 08:02 13646715                   /usr/lib/jvm/jdk1.7.0_80/jre/lib/amd64/libjpeg.so
7fce5dcf9000-7fce5def9000 ---p 0003a000 08:02 13646715                   /usr/lib/jvm/jdk1.7.0_80/jre/lib/amd64/libjpeg.so
7fce5def9000-7fce5defa000 rw-p 0003a000 08:02 13646715                   /usr/lib/jvm/jdk1.7.0_80/jre/lib/amd64/libjpeg.so
7fce5defa000-7fce5defd000 ---p 00000000 00:00 0 
7fce5defd000-7fce5dffb000 rw-p 00000000 00:00 0 
7fce5dffb000-7fce5e000000 r-xp 00000000 08:02 12066558                   /usr/lib/x86_64-linux-gnu/libXdmcp.so.6.0.0
7fce5e000000-7fce5e1ff000 ---p 00005000 08:02 12066558                   /usr/lib/x86_64-linux-gnu/libXdmcp.so.6.0.0
7fce5e1ff000-7fce5e200000 r--p 00004000 08:02 12066558                   /usr/lib/x86_64-linux-gnu/libXdmcp.so.6.0.0
7fce5e200000-7fce5e201000 rw-p 00005000 08:02 12066558                   /usr/lib/x86_64-linux-gnu/libXdmcp.so.6.0.0
7fce5e201000-7fce5e203000 r-xp 00000000 08:02 12066547                   /usr/lib/x86_64-linux-gnu/libXau.so.6.0.0
7fce5e203000-7fce5e403000 ---p 00002000 08:02 12066547                   /usr/lib/x86_64-linux-gnu/libXau.so.6.0.0
7fce5e403000-7fce5e404000 r--p 00002000 08:02 12066547                   /usr/lib/x86_64-linux-gnu/libXau.so.6.0.0
7fce5e404000-7fce5e405000 rw-p 00003000 08:02 12066547                   /usr/lib/x86_64-linux-gnu/libXau.so.6.0.0
7fce5e405000-7fce5e426000 r-xp 00000000 08:02 12067956                   /usr/lib/x86_64-linux-gnu/libxcb.so.1.1.0
7fce5e426000-7fce5e625000 ---p 00021000 08:02 12067956                   /usr/lib/x86_64-linux-gnu/libxcb.so.1.1.0
7fce5e625000-7fce5e626000 r--p 00020000 08:02 12067956                   /usr/lib/x86_64-linux-gnu/libxcb.so.1.1.0
7fce5e626000-7fce5e627000 rw-p 00021000 08:02 12067956                   /usr/lib/x86_64-linux-gnu/libxcb.so.1.1.0
7fce5e627000-7fce5e636000 r-xp 00000000 08:02 12066568                   /usr/lib/x86_64-linux-gnu/libXi.so.6.1.0
7fce5e636000-7fce5e835000 ---p 0000f000 08:02 12066568                   /usr/lib/x86_64-linux-gnu/libXi.so.6.1.0
7fce5e835000-7fce5e836000 r--p 0000e000 08:02 12066568                   /usr/lib/x86_64-linux-gnu/libXi.so.6.1.0
7fce5e836000-7fce5e837000 rw-p 0000f000 08:02 12066568                   /usr/lib/x86_64-linux-gnu/libXi.so.6.1.0
7fce5e837000-7fce5e83c000 r-xp 00000000 08:02 12066586                   /usr/lib/x86_64-linux-gnu/libXtst.so.6.1.0
7fce5e83c000-7fce5ea3b000 ---p 00005000 08:02 12066586                   /usr/lib/x86_64-linux-gnu/libXtst.so.6.1.0
7fce5ea3b000-7fce5ea3c000 r--p 00004000 08:02 12066586                   /usr/lib/x86_64-linux-gnu/libXtst.so.6.1.0
7fce5ea3c000-7fce5ea3d000 rw-p 00005000 08:02 12066586                   /usr/lib/x86_64-linux-gnu/libXtst.so.6.1.0
7fce5ea3d000-7fce5ea46000 r-xp 00000000 08:02 12066580                   /usr/lib/x86_64-linux-gnu/libXrender.so.1.3.0
7fce5ea46000-7fce5ec45000 ---p 00009000 08:02 12066580                   /usr/lib/x86_64-linux-gnu/libXrender.so.1.3.0
7fce5ec45000-7fce5ec46000 r--p 00008000 08:02 12066580                   /usr/lib/x86_64-linux-gnu/libXrender.so.1.3.0
7fce5ec46000-7fce5ec47000 rw-p 00009000 08:02 12066580                   /usr/lib/x86_64-linux-gnu/libXrender.so.1.3.0
7fce5ec47000-7fce5ed7c000 r-xp 00000000 08:02 12066543                   /usr/lib/x86_64-linux-gnu/libX11.so.6.3.0
7fce5ed7c000-7fce5ef7c000 ---p 00135000 08:02 12066543                   /usr/lib/x86_64-linux-gnu/libX11.so.6.3.0
7fce5ef7c000-7fce5ef7d000 r--p 00135000 08:02 12066543                   /usr/lib/x86_64-linux-gnu/libX11.so.6.3.0
7fce5ef7d000-7fce5ef81000 rw-p 00136000 08:02 12066543                   /usr/lib/x86_64-linux-gnu/libX11.so.6.3.0
7fce5ef81000-7fce5ef92000 r-xp 00000000 08:02 12066560                   /usr/lib/x86_64-linux-gnu/libXext.so.6.4.0
7fce5ef92000-7fce5f191000 ---p 00011000 08:02 12066560                   /usr/lib/x86_64-linux-gnu/libXext.so.6.4.0
7fce5f191000-7fce5f192000 r--p 00010000 08:02 12066560                   /usr/lib/x86_64-linux-gnu/libXext.so.6.4.0
7fce5f192000-7fce5f193000 rw-p 00011000 08:02 12066560                   /usr/lib/x86_64-linux-gnu/libXext.so.6.4.0
7fce5f1a9000-7fce5f1ad000 r--s 0008b000 08:02 13647318                   /usr/lib/jvm/jdk1.7.0_80/jre/lib/jsse.jar
7fce5f1ad000-7fce5f1fd000 r-xp 00000000 08:02 13646705                   /usr/lib/jvm/jdk1.7.0_80/jre/lib/amd64/xawt/libmawt.so
7fce5f1fd000-7fce5f3fd000 ---p 00050000 08:02 13646705                   /usr/lib/jvm/jdk1.7.0_80/jre/lib/amd64/xawt/libmawt.so
7fce5f3fd000-7fce5f401000 rw-p 00050000 08:02 13646705                   /usr/lib/jvm/jdk1.7.0_80/jre/lib/amd64/xawt/libmawt.so
7fce5f401000-7fce5f402000 rw-p 00000000 00:00 0 
7fce5f402000-7fce5f4a4000 r-xp 00000000 08:02 13646725                   /usr/lib/jvm/jdk1.7.0_80/jre/lib/amd64/libawt.so
7fce5f4a4000-7fce5f6a4000 ---p 000a2000 08:02 13646725                   /usr/lib/jvm/jdk1.7.0_80/jre/lib/amd64/libawt.so
7fce5f6a4000-7fce5f6b0000 rw-p 000a2000 08:02 13646725                   /usr/lib/jvm/jdk1.7.0_80/jre/lib/amd64/libawt.so
7fce5f6b0000-7fce5f6d4000 rw-p 00000000 00:00 0 
7fce5f6d4000-7fce5f6d7000 r--s 07cb5000 08:02 8136923                    /home/headrun/Downloads/java-ocr-api-15.3.0.3.jar
7fce5f6d7000-7fce5f6da000 r--s 00017000 08:02 8132360                    /home/headrun/Downloads/marvin_1.5.5.jar
7fce5f6da000-7fce5f768000 rw-p 00000000 00:00 0 
7fce5f768000-7fce5fafb000 r--s 03191000 08:02 8128837                    /home/headrun/Downloads/tika-app-1.17.jar
7fce5fafb000-7fce5fafc000 ---p 00000000 00:00 0 
7fce5fafc000-7fce5fbfc000 rw-p 00000000 00:00 0 
7fce5fbfc000-7fce5fbff000 ---p 00000000 00:00 0 
7fce5fbff000-7fce5fcfd000 rw-p 00000000 00:00 0 
7fce5fcfd000-7fce5fd00000 ---p 00000000 00:00 0 
7fce5fd00000-7fce5fdfe000 rw-p 00000000 00:00 0 
7fce5fdfe000-7fce5fe01000 ---p 00000000 00:00 0 
7fce5fe01000-7fce5feff000 rw-p 00000000 00:00 0 
7fce5feff000-7fce5ff02000 ---p 00000000 00:00 0 
7fce5ff02000-7fce60000000 rw-p 00000000 00:00 0 
7fce60000000-7fce60021000 rw-p 00000000 00:00 0 
7fce60021000-7fce64000000 ---p 00000000 00:00 0 
7fce64000000-7fce64016000 r--s 0023f000 08:02 8139468                    /home/headrun/Downloads/pdfbox-2.0.3.jar
7fce64016000-7fce6401c000 r--s 00163000 08:02 8139467                    /home/headrun/Downloads/fontbox-2.0.3.jar
7fce6401c000-7fce6402a000 r--s 00083000 08:02 8141858                    /home/headrun/Downloads/opencv-3.0.0-1.0.jar
7fce6402a000-7fce6402d000 r--s 031c7000 08:02 12847991                   /home/headrun/Downloads/asprise-ocr-java-15.3.1-trial-linux/aocr.jar
7fce6402d000-7fce64037000 r--s 00081000 08:02 13108978                   /home/headrun/Downloads/jar_files (1)/xmlgraphics-commons-1.4.jar
7fce64037000-7fce64039000 r--s 02050000 08:02 13110944                   /home/headrun/Downloads/jar_files (1)/tess4j-3.2.1.jar
7fce64039000-7fce6403d000 r--s 00015000 08:02 13110932                   /home/headrun/Downloads/jar_files (1)/rococoa-core-0.5.jar
7fce6403d000-7fce64047000 r--s 00069000 08:02 13110945                   /home/headrun/Downloads/jar_files (1)/logback-core-1.1.7.jar
7fce64047000-7fce6404e000 r--s 00044000 08:02 13110925                   /home/headrun/Downloads/jar_files (1)/logback-classic-1.1.7.jar
7fce6404e000-7fce64050000 r--s 00004000 08:02 13109142                   /home/headrun/Downloads/jar_files (1)/log4j-over-slf4j-1.7.21.jar
7fce64050000-7fce64059000 r--s 0006f000 08:02 13108979                   /home/headrun/Downloads/jar_files (1)/log4j-1.2.17.jar
7fce64059000-7fce6405e000 r--s 00229000 08:02 13110922                   /home/headrun/Downloads/jar_files (1)/lept4j-1.2.3.jar
7fce6405e000-7fce64060000 r--s 00000000 08:02 13110924                   /home/headrun/Downloads/jar_files (1)/jul-to-slf4j-1.7.21.jar
7fce64060000-7fce64064000 r--s 000dc000 08:02 13109139                   /home/headrun/Downloads/jar_files (1)/jna-4.1.0.jar
7fce64064000-7fce6406f000 r--s 00088000 08:02 13109141                   /home/headrun/Downloads/jar_files (1)/jai-imageio-core-1.3.1.jar
7fce6406f000-7fce6407b000 r--s 00108000 08:02 13108977                   /home/headrun/Downloads/jar_files (1)/itext-2.1.7.jar
7fce6407b000-7fce64080000 r--s 00028000 08:02 13109140                   /home/headrun/Downloads/jar_files (1)/ghost4j-1.0.1.jar
7fce64080000-7fce6408e000 r--s 0007f000 08:02 13110929                   /home/headrun/Downloads/jar_files (1)/commons-collections-3.2.1.jar
7fce6408e000-7fce64093000 r--s 00035000 08:02 13110930                   /home/headrun/Downloads/jar_files (1)/commons-beanutils-1.9.2.jar
7fce64093000-7fce6436b000 r--p 00000000 08:02 12058653                   /usr/lib/locale/locale-archive
7fce6436b000-7fce6436e000 ---p 00000000 00:00 0 
7fce6436e000-7fce6446c000 rw-p 00000000 00:00 0 
7fce6446c000-7fce6446f000 ---p 00000000 00:00 0 
7fce6446f000-7fce6456d000 rw-p 00000000 00:00 0 
7fce6456d000-7fce6456e000 ---p 00000000 00:00 0 
7fce6456e000-7fce6566d000 rw-p 00000000 00:00 0 
7fce6566d000-7fce6582d000 r--s 039fb000 08:02 13647374                   /usr/lib/jvm/jdk1.7.0_80/jre/lib/rt.jar
7fce6582d000-7fce67b64000 rw-p 00000000 00:00 0 
7fce67b64000-7fce67b65000 ---p 00000000 00:00 0 
7fce67b65000-7fce67c65000 rw-p 00000000 00:00 0 
7fce67c65000-7fce67c66000 ---p 00000000 00:00 0 
7fce67c66000-7fce67d66000 rw-p 00000000 00:00 0 
7fce67d66000-7fce67d67000 ---p 00000000 00:00 0 
7fce67d67000-7fce67e67000 rw-p 00000000 00:00 0 
7fce67e67000-7fce67e68000 ---p 00000000 00:00 0 
7fce67e68000-7fce67f73000 rw-p 00000000 00:00 0 
7fce67f73000-7fce67f91000 rw-p 00000000 00:00 0 
7fce67f91000-7fce67fa5000 rw-p 00000000 00:00 0 
7fce67fa5000-7fce680cf000 rw-p 00000000 00:00 0 
7fce680cf000-7fce680d9000 rw-p 00000000 00:00 0 
7fce680d9000-7fce6816e000 rw-p 00000000 00:00 0 
7fce6816e000-7fce6816f000 rw-p 00000000 00:00 0 
7fce6816f000-7fce683df000 rwxp 00000000 00:00 0 
7fce683df000-7fce6b16f000 rw-p 00000000 00:00 0 
7fce6b16f000-7fce6b186000 r-xp 00000000 08:02 13646721                   /usr/lib/jvm/jdk1.7.0_80/jre/lib/amd64/libzip.so
7fce6b186000-7fce6b386000 ---p 00017000 08:02 13646721                   /usr/lib/jvm/jdk1.7.0_80/jre/lib/amd64/libzip.so
7fce6b386000-7fce6b387000 rw-p 00017000 08:02 13646721                   /usr/lib/jvm/jdk1.7.0_80/jre/lib/amd64/libzip.so
7fce6b387000-7fce6b392000 r-xp 00000000 08:02 24909811                   /lib/x86_64-linux-gnu/libnss_files-2.23.so
7fce6b392000-7fce6b591000 ---p 0000b000 08:02 24909811                   /lib/x86_64-linux-gnu/libnss_files-2.23.so
7fce6b591000-7fce6b592000 r--p 0000a000 08:02 24909811                   /lib/x86_64-linux-gnu/libnss_files-2.23.so
7fce6b592000-7fce6b593000 rw-p 0000b000 08:02 24909811                   /lib/x86_64-linux-gnu/libnss_files-2.23.so
7fce6b593000-7fce6b599000 rw-p 00000000 00:00 0 
7fce6b599000-7fce6b5a4000 r-xp 00000000 08:02 24909815                   /lib/x86_64-linux-gnu/libnss_nis-2.23.so
7fce6b5a4000-7fce6b7a3000 ---p 0000b000 08:02 24909815                   /lib/x86_64-linux-gnu/libnss_nis-2.23.so
7fce6b7a3000-7fce6b7a4000 r--p 0000a000 08:02 24909815                   /lib/x86_64-linux-gnu/libnss_nis-2.23.so
7fce6b7a4000-7fce6b7a5000 rw-p 0000b000 08:02 24909815                   /lib/x86_64-linux-gnu/libnss_nis-2.23.so
7fce6b7a5000-7fce6b7bb000 r-xp 00000000 08:02 24909795                   /lib/x86_64-linux-gnu/libnsl-2.23.so
7fce6b7bb000-7fce6b9ba000 ---p 00016000 08:02 24909795                   /lib/x86_64-linux-gnu/libnsl-2.23.so
7fce6b9ba000-7fce6b9bb000 r--p 00015000 08:02 24909795                   /lib/x86_64-linux-gnu/libnsl-2.23.so
7fce6b9bb000-7fce6b9bc000 rw-p 00016000 08:02 24909795                   /lib/x86_64-linux-gnu/libnsl-2.23.so
7fce6b9bc000-7fce6b9be000 rw-p 00000000 00:00 0 
7fce6b9be000-7fce6b9c6000 r-xp 00000000 08:02 24909806                   /lib/x86_64-linux-gnu/libnss_compat-2.23.so
7fce6b9c6000-7fce6bbc5000 ---p 00008000 08:02 24909806                   /lib/x86_64-linux-gnu/libnss_compat-2.23.so
7fce6bbc5000-7fce6bbc6000 r--p 00007000 08:02 24909806                   /lib/x86_64-linux-gnu/libnss_compat-2.23.so
7fce6bbc6000-7fce6bbc7000 rw-p 00008000 08:02 24909806                   /lib/x86_64-linux-gnu/libnss_compat-2.23.so
7fce6bbc7000-7fce6bbf0000 r-xp 00000000 08:02 13646687                   /usr/lib/jvm/jdk1.7.0_80/jre/lib/amd64/libjava.so
7fce6bbf0000-7fce6bdf0000 ---p 00029000 08:02 13646687                   /usr/lib/jvm/jdk1.7.0_80/jre/lib/amd64/libjava.so
7fce6bdf0000-7fce6bdf2000 rw-p 00029000 08:02 13646687                   /usr/lib/jvm/jdk1.7.0_80/jre/lib/amd64/libjava.so
7fce6bdf2000-7fce6bdff000 r-xp 00000000 08:02 13646714                   /usr/lib/jvm/jdk1.7.0_80/jre/lib/amd64/libverify.so
7fce6bdff000-7fce6bffe000 ---p 0000d000 08:02 13646714                   /usr/lib/jvm/jdk1.7.0_80/jre/lib/amd64/libverify.so
7fce6bffe000-7fce6c000000 rw-p 0000c000 08:02 13646714                   /usr/lib/jvm/jdk1.7.0_80/jre/lib/amd64/libverify.so
7fce6c000000-7fce6d25d000 rw-p 00000000 00:00 0 
7fce6d25d000-7fce70000000 ---p 00000000 00:00 0 
7fce70001000-7fce70003000 r--s 00003000 08:02 13110923                   /home/headrun/Downloads/jar_files (1)/jcl-over-slf4j-1.7.21.jar
7fce70003000-7fce70011000 r--s 00374000 08:02 13901063                   /home/headrun/Downloads/PDFxStream.Java-3.5.0/lib/PDFxStream.jar
7fce70011000-7fce70020000 r--s 0017c000 08:02 13646600                   /home/headrun/Downloads/itextpdf-5.1.0.jar
7fce70020000-7fce70053000 rw-p 00000000 00:00 0 
7fce70053000-7fce70071000 rw-p 00000000 00:00 0 
7fce70071000-7fce70085000 rw-p 00000000 00:00 0 
7fce70085000-7fce701af000 rw-p 00000000 00:00 0 
7fce701af000-7fce701b6000 r-xp 00000000 08:02 24909816                   /lib/x86_64-linux-gnu/librt-2.23.so
7fce701b6000-7fce703b5000 ---p 00007000 08:02 24909816                   /lib/x86_64-linux-gnu/librt-2.23.so
7fce703b5000-7fce703b6000 r--p 00006000 08:02 24909816                   /lib/x86_64-linux-gnu/librt-2.23.so
7fce703b6000-7fce703b7000 rw-p 00007000 08:02 24909816                   /lib/x86_64-linux-gnu/librt-2.23.so
7fce703b7000-7fce704bf000 r-xp 00000000 08:02 24909793                   /lib/x86_64-linux-gnu/libm-2.23.so
7fce704bf000-7fce706be000 ---p 00108000 08:02 24909793                   /lib/x86_64-linux-gnu/libm-2.23.so
7fce706be000-7fce706bf000 r--p 00107000 08:02 24909793                   /lib/x86_64-linux-gnu/libm-2.23.so
7fce706bf000-7fce706c0000 rw-p 00108000 08:02 24909793                   /lib/x86_64-linux-gnu/libm-2.23.so
7fce706c0000-7fce71236000 r-xp 00000000 08:02 13646741                   /usr/lib/jvm/jdk1.7.0_80/jre/lib/amd64/server/libjvm.so
7fce71236000-7fce71435000 ---p 00b76000 08:02 13646741                   /usr/lib/jvm/jdk1.7.0_80/jre/lib/amd64/server/libjvm.so
7fce71435000-7fce714f9000 rw-p 00b75000 08:02 13646741                   /usr/lib/jvm/jdk1.7.0_80/jre/lib/amd64/server/libjvm.so
7fce714f9000-7fce7153a000 rw-p 00000000 00:00 0 
7fce7153a000-7fce716fa000 r-xp 00000000 08:02 24909798                   /lib/x86_64-linux-gnu/libc-2.23.so
7fce716fa000-7fce718fa000 ---p 001c0000 08:02 24909798                   /lib/x86_64-linux-gnu/libc-2.23.so
7fce718fa000-7fce718fe000 r--p 001c0000 08:02 24909798                   /lib/x86_64-linux-gnu/libc-2.23.so
7fce718fe000-7fce71900000 rw-p 001c4000 08:02 24909798                   /lib/x86_64-linux-gnu/libc-2.23.so
7fce71900000-7fce71904000 rw-p 00000000 00:00 0 
7fce71904000-7fce71907000 r-xp 00000000 08:02 24909800                   /lib/x86_64-linux-gnu/libdl-2.23.so
7fce71907000-7fce71b06000 ---p 00003000 08:02 24909800                   /lib/x86_64-linux-gnu/libdl-2.23.so
7fce71b06000-7fce71b07000 r--p 00002000 08:02 24909800                   /lib/x86_64-linux-gnu/libdl-2.23.so
7fce71b07000-7fce71b08000 rw-p 00003000 08:02 24909800                   /lib/x86_64-linux-gnu/libdl-2.23.so
7fce71b08000-7fce71b1d000 r-xp 00000000 08:02 13647422                   /usr/lib/jvm/jdk1.7.0_80/lib/amd64/jli/libjli.so
7fce71b1d000-7fce71d1c000 ---p 00015000 08:02 13647422                   /usr/lib/jvm/jdk1.7.0_80/lib/amd64/jli/libjli.so
7fce71d1c000-7fce71d1d000 rw-p 00014000 08:02 13647422                   /usr/lib/jvm/jdk1.7.0_80/lib/amd64/jli/libjli.so
7fce71d1d000-7fce71d35000 r-xp 00000000 08:02 24909797                   /lib/x86_64-linux-gnu/libpthread-2.23.so
7fce71d35000-7fce71f34000 ---p 00018000 08:02 24909797                   /lib/x86_64-linux-gnu/libpthread-2.23.so
7fce71f34000-7fce71f35000 r--p 00017000 08:02 24909797                   /lib/x86_64-linux-gnu/libpthread-2.23.so
7fce71f35000-7fce71f36000 rw-p 00018000 08:02 24909797                   /lib/x86_64-linux-gnu/libpthread-2.23.so
7fce71f36000-7fce71f3a000 rw-p 00000000 00:00 0 
7fce71f3a000-7fce71f60000 r-xp 00000000 08:02 24909796                   /lib/x86_64-linux-gnu/ld-2.23.so
7fce71f60000-7fce71f61000 r--s 00009000 08:02 13110928                   /home/headrun/Downloads/jar_files (1)/slf4j-api-1.7.20.jar
7fce71f61000-7fce71f63000 r--s 0000d000 08:02 13108980                   /home/headrun/Downloads/jar_files (1)/commons-logging-1.1.1.jar
7fce71f63000-7fce71f6a000 r--s 00040000 08:02 13110927                   /home/headrun/Downloads/jar_files (1)/cglib-2.2.2.jar
7fce71f6a000-7fce71f89000 rw-p 00000000 00:00 0 
7fce71f89000-7fce7203f000 rw-p 00000000 00:00 0 
7fce7203f000-7fce72042000 ---p 00000000 00:00 0 
7fce72042000-7fce72145000 rw-p 00000000 00:00 0 
7fce72145000-7fce72149000 r--s 0002f000 08:02 13110931                   /home/headrun/Downloads/jar_files (1)/commons-io-2.5.jar
7fce72149000-7fce7214a000 r--s 0000a000 08:02 13110926                   /home/headrun/Downloads/jar_files (1)/asm-3.3.1.jar
7fce7214a000-7fce72155000 r--s 0037c000 08:02 13647395                   /usr/lib/jvm/jdk1.7.0_80/jre/lib/charsets.jar
7fce72155000-7fce7215d000 rw-s 00000000 08:02 19139717                   /tmp/hsperfdata_headrun/23780
7fce7215d000-7fce7215e000 rw-p 00000000 00:00 0 
7fce7215e000-7fce7215f000 r--p 00000000 00:00 0 
7fce7215f000-7fce72160000 r--p 00025000 08:02 24909796                   /lib/x86_64-linux-gnu/ld-2.23.so
7fce72160000-7fce72161000 rw-p 00026000 08:02 24909796                   /lib/x86_64-linux-gnu/ld-2.23.so
7fce72161000-7fce72162000 rw-p 00000000 00:00 0 
7ffca3dc1000-7ffca3de3000 rw-p 00000000 00:00 0                          [stack]
7ffca3de4000-7ffca3de7000 r--p 00000000 00:00 0                          [vvar]
7ffca3de7000-7ffca3de9000 r-xp 00000000 00:00 0                          [vdso]
ffffffffff600000-ffffffffff601000 r-xp 00000000 00:00 0                  [vsyscall]

VM Arguments:
jvm_args: -Dfile.encoding=UTF-8 
java_command: ReadTextfrImage
Launcher Type: SUN_STANDARD

Environment Variables:
JAVA_HOME=/usr/lib/jvm/java-8-oracle
CLASSPATH=/usr/lib/jvm/jdk1.7.0_80/lib/tools.jar:/usr/lib/jvm/jdk1.7.0_80/jre/rt.jar
PATH=/home/headrun/bin:/home/headrun/.local/bin:/usr/lib/jvm/jdk1.7.0_80/bin:/usr/local/sbin:/usr/local/bin:/usr/sbin:/usr/bin:/sbin:/bin:/usr/games:/usr/local/games:/snap/bin:/usr/lib/jvm/java-8-oracle/bin:/usr/lib/jvm/java-8-oracle/db/bin:/usr/lib/jvm/java-8-oracle/jre/bin
SHELL=/bin/bash
DISPLAY=:0

Signal Handlers:
SIGSEGV: [libjvm.so+0x9a3b20], sa_mask[0]=0x7ffbfeff, sa_flags=0x10000004
SIGBUS: [libjvm.so+0x9a3b20], sa_mask[0]=0x7ffbfeff, sa_flags=0x10000004
SIGFPE: [libjvm.so+0x81e740], sa_mask[0]=0x7ffbfeff, sa_flags=0x10000004
SIGPIPE: [libjvm.so+0x81e740], sa_mask[0]=0x7ffbfeff, sa_flags=0x10000004
SIGXFSZ: [libjvm.so+0x81e740], sa_mask[0]=0x7ffbfeff, sa_flags=0x10000004
SIGILL: [libjvm.so+0x81e740], sa_mask[0]=0x7ffbfeff, sa_flags=0x10000004
SIGUSR1: SIG_DFL, sa_mask[0]=0x00000000, sa_flags=0x00000000
SIGUSR2: [libjvm.so+0x81ffb0], sa_mask[0]=0x00000004, sa_flags=0x10000004
SIGHUP: [libjvm.so+0x8210d0], sa_mask[0]=0x7ffbfeff, sa_flags=0x10000004
SIGINT: [libjvm.so+0x8210d0], sa_mask[0]=0x7ffbfeff, sa_flags=0x10000004
SIGTERM: [libjvm.so+0x8210d0], sa_mask[0]=0x7ffbfeff, sa_flags=0x10000004
SIGQUIT: [libjvm.so+0x8210d0], sa_mask[0]=0x7ffbfeff, sa_flags=0x10000004


---------------  S Y S T E M  ---------------

OS:stretch/sid

uname:Linux 4.13.0-32-generic #35~16.04.1-Ubuntu SMP Thu Jan 25 10:13:43 UTC 2018 x86_64
libc:glibc 2.23 NPTL 2.23 
rlimit: STACK 8192k, CORE 0k, NPROC 14968, NOFILE 1048576, AS infinity
load average:0.43 0.87 0.91

/proc/meminfo:
MemTotal:        3900928 kB
MemFree:          516184 kB
MemAvailable:     797712 kB
Buffers:           19456 kB
Cached:           815880 kB
SwapCached:        96712 kB
Active:          2425984 kB
Inactive:         723556 kB
Active(anon):    2092124 kB
Inactive(anon):   594528 kB
Active(file):     333860 kB
Inactive(file):   129028 kB
Unevictable:         352 kB
Mlocked:             352 kB
SwapTotal:       4055036 kB
SwapFree:        3260156 kB
Dirty:               596 kB
Writeback:             0 kB
AnonPages:       2243820 kB
Mapped:           397412 kB
Shmem:            372444 kB
Slab:              97808 kB
SReclaimable:      42352 kB
SUnreclaim:        55456 kB
KernelStack:       21072 kB
PageTables:        60648 kB
NFS_Unstable:          0 kB
Bounce:                0 kB
WritebackTmp:          0 kB
CommitLimit:     6005500 kB
Committed_AS:   13026560 kB
VmallocTotal:   34359738367 kB
VmallocUsed:           0 kB
VmallocChunk:          0 kB
HardwareCorrupted:     0 kB
AnonHugePages:         0 kB
ShmemHugePages:        0 kB
ShmemPmdMapped:        0 kB
CmaTotal:              0 kB
CmaFree:               0 kB
HugePages_Total:       0
HugePages_Free:        0
HugePages_Rsvd:        0
HugePages_Surp:        0
Hugepagesize:       2048 kB
DirectMap4k:      224752 kB
DirectMap2M:     3831808 kB


CPU:total 4 (2 cores per cpu, 2 threads per core) family 6 model 58 stepping 9, cmov, cx8, fxsr, mmx, sse, sse2, sse3, ssse3, sse4.1, sse4.2, popcnt, avx, erms, ht, tsc, tscinvbit, tscinv

/proc/cpuinfo:
processor	: 0
vendor_id	: GenuineIntel
cpu family	: 6
model		: 58
model name	: Intel(R) Core(TM) i3-3110M CPU @ 2.40GHz
stepping	: 9
microcode	: 0x15
cpu MHz		: 2394.374
cache size	: 3072 KB
physical id	: 0
siblings	: 4
core id		: 0
cpu cores	: 2
apicid		: 0
initial apicid	: 0
fpu		: yes
fpu_exception	: yes
cpuid level	: 13
wp		: yes
flags		: fpu vme de pse tsc msr pae mce cx8 apic sep mtrr pge mca cmov pat pse36 clflush dts acpi mmx fxsr sse sse2 ss ht tm pbe syscall nx rdtscp lm constant_tsc arch_perfmon pebs bts rep_good nopl xtopology nonstop_tsc cpuid aperfmperf pni pclmulqdq dtes64 monitor ds_cpl vmx est tm2 ssse3 cx16 xtpr pdcm pcid sse4_1 sse4_2 x2apic popcnt tsc_deadline_timer xsave avx f16c lahf_lm cpuid_fault epb pti tpr_shadow vnmi flexpriority ept vpid fsgsbase smep erms xsaveopt dtherm arat pln pts
bugs		: cpu_meltdown spectre_v1 spectre_v2
bogomips	: 4788.74
clflush size	: 64
cache_alignment	: 64
address sizes	: 36 bits physical, 48 bits virtual
power management:

processor	: 1
vendor_id	: GenuineIntel
cpu family	: 6
model		: 58
model name	: Intel(R) Core(TM) i3-3110M CPU @ 2.40GHz
stepping	: 9
microcode	: 0x15
cpu MHz		: 2394.374
cache size	: 3072 KB
physical id	: 0
siblings	: 4
core id		: 1
cpu cores	: 2
apicid		: 2
initial apicid	: 2
fpu		: yes
fpu_exception	: yes
cpuid level	: 13
wp		: yes
flags		: fpu vme de pse tsc msr pae mce cx8 apic sep mtrr pge mca cmov pat pse36 clflush dts acpi mmx fxsr sse sse2 ss ht tm pbe syscall nx rdtscp lm constant_tsc arch_perfmon pebs bts rep_good nopl xtopology nonstop_tsc cpuid aperfmperf pni pclmulqdq dtes64 monitor ds_cpl vmx est tm2 ssse3 cx16 xtpr pdcm pcid sse4_1 sse4_2 x2apic popcnt tsc_deadline_timer xsave avx f16c lahf_lm cpuid_fault epb pti tpr_shadow vnmi flexpriority ept vpid fsgsbase smep erms xsaveopt dtherm arat pln pts
bugs		: cpu_meltdown spectre_v1 spectre_v2
bogomips	: 4788.74
clflush size	: 64
cache_alignment	: 64
address sizes	: 36 bits physical, 48 bits virtual
power management:

processor	: 2
vendor_id	: GenuineIntel
cpu family	: 6
model		: 58
model name	: Intel(R) Core(TM) i3-3110M CPU @ 2.40GHz
stepping	: 9
microcode	: 0x15
cpu MHz		: 2394.374
cache size	: 3072 KB
physical id	: 0
siblings	: 4
core id		: 0
cpu cores	: 2
apicid		: 1
initial apicid	: 1
fpu		: yes
fpu_exception	: yes
cpuid level	: 13
wp		: yes
flags		: fpu vme de pse tsc msr pae mce cx8 apic sep mtrr pge mca cmov pat pse36 clflush dts acpi mmx fxsr sse sse2 ss ht tm pbe syscall nx rdtscp lm constant_tsc arch_perfmon pebs bts rep_good nopl xtopology nonstop_tsc cpuid aperfmperf pni pclmulqdq dtes64 monitor ds_cpl vmx est tm2 ssse3 cx16 xtpr pdcm pcid sse4_1 sse4_2 x2apic popcnt tsc_deadline_timer xsave avx f16c lahf_lm cpuid_fault epb pti tpr_shadow vnmi flexpriority ept vpid fsgsbase smep erms xsaveopt dtherm arat pln pts
bugs		: cpu_meltdown spectre_v1 spectre_v2
bogomips	: 4788.74
clflush size	: 64
cache_alignment	: 64
address sizes	: 36 bits physical, 48 bits virtual
power management:

processor	: 3
vendor_id	: GenuineIntel
cpu family	: 6
model		: 58
model name	: Intel(R) Core(TM) i3-3110M CPU @ 2.40GHz
stepping	: 9
microcode	: 0x15
cpu MHz		: 2394.374
cache size	: 3072 KB
physical id	: 0
siblings	: 4
core id		: 1
cpu cores	: 2
apicid		: 3
initial apicid	: 3
fpu		: yes
fpu_exception	: yes
cpuid level	: 13
wp		: yes
flags		: fpu vme de pse tsc msr pae mce cx8 apic sep mtrr pge mca cmov pat pse36 clflush dts acpi mmx fxsr sse sse2 ss ht tm pbe syscall nx rdtscp lm constant_tsc arch_perfmon pebs bts rep_good nopl xtopology nonstop_tsc cpuid aperfmperf pni pclmulqdq dtes64 monitor ds_cpl vmx est tm2 ssse3 cx16 xtpr pdcm pcid sse4_1 sse4_2 x2apic popcnt tsc_deadline_timer xsave avx f16c lahf_lm cpuid_fault epb pti tpr_shadow vnmi flexpriority ept vpid fsgsbase smep erms xsaveopt dtherm arat pln pts
bugs		: cpu_meltdown spectre_v1 spectre_v2
bogomips	: 4788.74
clflush size	: 64
cache_alignment	: 64
address sizes	: 36 bits physical, 48 bits virtual
power management:



Memory: 4k page, physical 3900928k(516184k free), swap 4055036k(3260156k free)

vm_info: Java HotSpot(TM) 64-Bit Server VM (24.80-b11) for linux-amd64 JRE (1.7.0_80-b15), built on Apr 10 2015 19:53:14 by "java_re" with gcc 4.3.0 20080428 (Red Hat 4.3.0-8)

time: Sat Feb 10 18:57:10 2018
elapsed time: 1 seconds

